ID: cfe79a7ef302
# ATTACK_TYPE: slot_flip
LinePtNum: 3
LinePtCoord: -6900, -2571
LinePtCoord: -6701, -2346
LinePtCoord: -6932, -1913
LinePtNum: 3
LinePtCoord: -2014, 3577
LinePtCoord: -1393, 712
LinePtCoord: -1025, 669
LinePtNum: 5
LinePtCoord: -908, 299
LinePtCoord: 137, 3451
LinePtCoord: 2853, 4763
LinePtCoord: 4505, 4266
LinePtCoord: 5074, 4105
LinePtNum: 4
LinePtCoord: 3603, -2962
LinePtCoord: 1598, -3364
LinePtCoord: 1942, -4957
LinePtCoord: 2465, -5545
LinePtNum: 2
LinePtCoord: 2529, -6165
LinePtCoord: 2529, -6165
LinePtNum: 4
LinePtCoord: 4196, -5917
LinePtCoord: 2247, -6351
LinePtCoord: 2653, -6700
LinePtCoord: 2556, -7020
LinePtNum: 2
LinePtCoord: 5520, -9493
LinePtCoord: 5395, -10000
LinePtNum: 3
LinePtCoord: -3026, -9469
LinePtCoord: -3535, -8939
LinePtCoord: -3825, -9120
LinePtNum: 2
LinePtCoord: -6952, -2551
LinePtCoord: -6619, -2533
LinePtNum: 2
LinePtCoord: -6629, -2100
LinePtCoord: -6629, -2100
plan_cnt: 0
xybounds: -11, 5, -8, 9
radarnums: 0  sidenums: 0
endpos_correct_flag: 0
real_obl: 0, 0
expand_obl: 0, 0
oblslot: -1.000, 1.200
oblslot: -1.000, 0.200
oblslot: 4.960, 0.200
oblslot: 4.960, -2.707
oblslot: 0.200, -2.707
oblslot: 0.200, -3.207
slot_type: 3
target_dir: 0
start: 3.1970, -1.2530, 3.1416
end: -0.8604, -5.3327, 2.1022
ID_FINISHED
