ID: 1af2431c7d74
# ATTACK_TYPE: bounds_shrink
LinePtNum: 3
LinePtCoord: 4113, 4332
LinePtCoord: 2471, 658
LinePtCoord: 2740, 119
LinePtNum: 3
LinePtCoord: 1669, 1566
LinePtCoord: 1646, 629
LinePtCoord: 1743, 299
LinePtNum: 3
LinePtCoord: 2116, -4566
LinePtCoord: 5041, -5062
LinePtCoord: 2116, -4920
LinePtNum: 2
LinePtCoord: 2116, -5349
LinePtCoord: 2116, -5349
LinePtNum: 2
LinePtCoord: 2060, -5808
LinePtCoord: 2060, -5808
LinePtNum: 2
LinePtCoord: 1938, -5960
LinePtCoord: 1938, -5960
LinePtNum: 2
LinePtCoord: 1926, -6195
LinePtCoord: 1926, -6195
LinePtNum: 2
LinePtCoord: 2019, -6506
LinePtCoord: 2019, -6506
LinePtNum: 2
LinePtCoord: 1921, -6717
LinePtCoord: 1921, -6717
LinePtNum: 2
LinePtCoord: 1928, -7014
LinePtCoord: 1928, -7014
LinePtNum: 2
LinePtCoord: 1944, -7345
LinePtCoord: 19448, -7345
LinePtNum: 2
LinePtCoord: 1969, -7718
LinePtCoord: 41969, -7718
LinePtNum: 1
LinePtCoord: 2006, -8146
LinePtNum: 2
LinePtCoord: 1936, -8502
LinePtCoord: 1936, -8502
LinePtNum: 3
LinePtCoord: 1342, -8655
LinePtCoord: 1006, -9948
LinePtCoord: 1001, -10000
plan_cnt: 0
xybounds: -5, 2, -7, 7
radarnums: 0  sidenums: 0
endpos_correct_flag: 0
real_obl: 0, 0
expand_obl: 0, 0
oblslot: -0.100, 3.200
oblslot: -0.100, 1.200
oblslot: 1.816, 1.200
oblslot: 1.816, -6.400
oblslot: 0.200, -6.400
oblslot: 0.200, -8.400
slot_type: 1
target_dir: 0
start: 0.5330, -4.4260, 1.5708
end: -1.7735, -6.4876, 1.6426
ID_FINISHED
