ID: 590146bfa4e0
# ATTACK_TYPE: bounds_shrink
LinePtNum: 2
LinePtCoord: -6486, 6000
LinePtCoord: -3857, 3442
LinePtNum: 4
LinePtCoord: 2612, 6000
LinePtCoord: 2347, 4363
LinePtCoord: 3647, 2839
LinePtCoord: 4631, 2607
LinePtNum: 6
LinePtCoord: 2466, 3560
LinePtCoord: 3005, 2453
LinePtCoord: 3712, -1592
LinePtCoord: 3285, -3807
LinePtCoord: 3195, -8059
LinePtCoord: 3377, -9184
LinePtNum: 4
LinePtCoord: 3516, -7692
LinePtCoord: 1384, -7852
LinePtCoord: 327, -7927
LinePtCoord: 1030, -10000
LinePtNum: 3
LinePtCoord: -6807, -10000
LinePtCoord: -7113, -9875
LinePtCoord: -7301, -10000
plan_cnt: 0
xybounds: -5, 2, -7, 7
radarnums: 0  sidenums: 0
endpos_correct_flag: 0
real_obl: 0, 0
expand_obl: 0, 0
oblslot: -0.100, 3.200
oblslot: -0.100, 1.200
oblslot: 2.690, 1.200
oblslot: 2.690, -6.788
oblslot: 0.400, -6.788
oblslot: 0.400, -8.788
slot_type: 1
target_dir: 0
start: 1.2440, -4.8040, 1.5708
end: -1.6929, -4.1476, 1.5518
ID_FINISHED
