ID: 7c09d2a5302f
# ATTACK_TYPE: bounds_shrink
LinePtNum: 3
LinePtCoord: 3071, 6000
LinePtCoord: 4459, -1294
LinePtCoord: 4529, -2005
LinePtNum: 3
LinePtCoord: 3037, -57
LinePtCoord: 3355, -285
LinePtCoord: 3037, -640
LinePtNum: 3
LinePtCoord: 3037, -2841
LinePtCoord: 3092, -3022
LinePtCoord: 3037, -3054
LinePtNum: 3
LinePtCoord: -5781, -2595
LinePtCoord: -5343, -2097
LinePtCoord: -5783, -1969
LinePtNum: 3
LinePtCoord: -4666, -1621
LinePtCoord: -4831, -770
LinePtCoord: -5782, -2323
LinePtNum: 2
LinePtCoord: -7964, -7199
LinePtCoord: -7964, -7199
LinePtNum: 3
LinePtCoord: -4979, 4830
LinePtCoord: -4754, 5061
LinePtCoord: -4720, 5176
plan_cnt: 1
xybounds: -5, 2, -7, 7
radarnums: 3  sidenums: 0
endpos_correct_flag: 0
real_obl: 0, 0
expand_obl: 0, 0
oblslot: -0.100, 3.601
oblslot: -0.100, 1.601
oblslot: 2.737, 1.601
oblslot: 2.737, -8.937
oblslot: 0.200, -8.937
oblslot: 0.200, -10.937
oblradar: -1.558, 6.771
oblradar: -2.434, 6.949
oblradar: -3.291, 6.976
slot_type: 1
target_dir: 1
start: 1.2680, -5.0940, 1.5708
end: -1.8704, 2.1436, 1.7727
ID_FINISHED
