ID: 8023b6e1954a
# ATTACK_TYPE: bounds_shrink
LinePtNum: 3
LinePtCoord: -7400, 6000
LinePtCoord: -7216, 5140
LinePtCoord: -7379, 4885
LinePtNum: 3
LinePtCoord: -7410, 4736
LinePtCoord: -7190, 4048
LinePtCoord: -7938, 4154
LinePtNum: 3
LinePtCoord: -6246, 3211
LinePtCoord: -6118, 2651
LinePtCoord: -6100, 2565
LinePtNum: 2
LinePtCoord: -6658, -8315
LinePtCoord: -6555, -9870
LinePtNum: 2
LinePtCoord: 586, -5117
LinePtCoord: 586, -5117
LinePtNum: 2
LinePtCoord: 5863, -1354
LinePtCoord: 5863, -1354
LinePtNum: 4
LinePtCoord: 299, 2550
LinePtCoord: -120, 3434
LinePtCoord: 5089, 3661
LinePtCoord: 5894, 4204
LinePtNum: 2
LinePtCoord: 5198, 5675
LinePtCoord: 4480, 6000
plan_cnt: 2
xybounds: -8, 4, -4, 8
radarnums: 2  sidenums: 0
endpos_correct_flag: 0
real_obl: 0, 0
expand_obl: 0, 0
oblslot: 1.221, 1.963
oblslot: 1.221, 0.963
oblslot: 4.960, 0.963
oblslot: 4.960, -4.491
oblslot: 1.510, -4.532
oblslot: 1.510, -5.032
oblradar: -6.175, 4.992
oblradar: -6.175, 4.992
slot_type: 2
target_dir: 1
start: 3.1972, -1.1055, 3.1507
end: -2.8935, 1.6388, 2.0732
ID_FINISHED
