ID: fa2c6a62064b
# ATTACK_TYPE: bounds_shrink
LinePtNum: 2
LinePtCoord: -3072, 4646
LinePtCoord: -2454, 2935
LinePtNum: 2
LinePtCoord: 1099, 5898
LinePtCoord: -115, 2620
LinePtNum: 5
LinePtCoord: -1030, 1602
LinePtCoord: -82, 425
LinePtCoord: 1266, 986
LinePtCoord: 2759, 643
LinePtCoord: 4240, 1290
LinePtNum: 2
LinePtCoord: 4065, -3019
LinePtCoord: 2192, -2941
LinePtNum: 3
LinePtCoord: 1156, -3539
LinePtCoord: 911, -3686
LinePtCoord: 883, -3823
LinePtNum: 2
LinePtCoord: 4714, -8094
LinePtCoord: 4913, -9107
LinePtNum: 3
LinePtCoord: -4198, -6599
LinePtCoord: -4411, -6495
LinePtCoord: -4496, -6390
plan_cnt: 0
xybounds: -10, 4, -6, 8
radarnums: 0  sidenums: 0
endpos_correct_flag: 0
real_obl: 0, 0
expand_obl: 0, 0
oblslot: -1.000, 1.200
oblslot: -1.000, 0.200
oblslot: 4.960, 0.200
oblslot: 4.960, -2.692
oblslot: 0.200, -2.692
oblslot: 0.200, -3.192
slot_type: 2
target_dir: 0
start: 3.1970, -1.2450, 3.1416
end: -0.6940, -4.4599, 2.0965
ID_FINISHED
