ID: ec8653f5682f
# ATTACK_TYPE: bounds_shrink
LinePtNum: 2
LinePtCoord: -3798, 3018
LinePtCoord: -3798, 3018
LinePtNum: 4
LinePtCoord: 607, 2909
LinePtCoord: 437, 1700
LinePtCoord: 1533, 2137
LinePtCoord: 2327, 2007
LinePtNum: 7
LinePtCoord: 1378, 1576
LinePtCoord: 1788, 1015
LinePtCoord: 3767, 1860
LinePtCoord: 3250, -3291
LinePtCoord: 3314, -6151
LinePtCoord: 3214, -9671
LinePtCoord: 3280, -10000
LinePtNum: 2
LinePtCoord: 3764, -9424
LinePtCoord: 3951, -10000
LinePtNum: 3
LinePtCoord: -5054, -8777
LinePtCoord: -5201, -8383
LinePtCoord: -5794, -8466
LinePtNum: 3
LinePtCoord: -5094, -8342
LinePtCoord: -5151, -8175
LinePtCoord: -6236, -10000
LinePtNum: 7
LinePtCoord: -6479, -6831
LinePtCoord: -6707, -5124
LinePtCoord: -6489, -4784
LinePtCoord: -7056, -4459
LinePtCoord: -6388, -3659
LinePtCoord: -6485, -3456
LinePtCoord: -7144, -3203
LinePtNum: 3
LinePtCoord: -5051, -1912
LinePtCoord: -4577, -1564
LinePtCoord: -4578, -1459
LinePtNum: 2
LinePtCoord: -4539, -1255
LinePtCoord: -4539, -1255
LinePtNum: 2
LinePtCoord: -4524, -957
LinePtCoord: -4524, -957
plan_cnt: 0
xybounds: -5, 2, -7, 7
radarnums: 0  sidenums: 0
endpos_correct_flag: 0
real_obl: 0, 0
expand_obl: 0, 0
oblslot: -0.100, 2.400
oblslot: -0.100, 0.400
oblslot: 2.716, 0.400
oblslot: 2.720, -7.245
oblslot: 0.200, -7.245
oblslot: 0.200, -9.245
slot_type: 1
target_dir: 0
start: 1.2570, -4.8490, 1.5708
end: -2.1071, -5.4862, 1.5890
ID_FINISHED
