Received data from command line argument, length: 817
<<<<<<<<<<<<<<<<  ID: d728896f4cd2  <<<<<<<<<<<<<<<<
INFO [ParseReceivedData][1838] plan_cnt: 1
INFO [ParseReceivedData][1840] xybounds: xmin: -6  xmax: 9  ymin: -8  ymax: 8
INFO [ParseReceivedData][1841] radarnums: 3  sidenums:0
INFO [ParseReceivedData][1842] endpos_correct_flag: 0
INFO [ParseReceivedData][1875] oblslot[6]: -0.100, 3.200
INFO [ParseReceivedData][1875] oblslot[6]: -0.100, 1.200
INFO [ParseReceivedData][1875] oblslot[6]: 2.628, 1.200
INFO [ParseReceivedData][1875] oblslot[6]: 2.538, -7.267
INFO [ParseReceivedData][1875] oblslot[6]: 0.200, -7.267
INFO [ParseReceivedData][1875] oblslot[6]: 0.200, -9.267
INFO [ParseReceivedData][1889] oblradar[3]: 3.164, -6.209
INFO [ParseReceivedData][1889] oblradar[3]: 1.627, -7.085
INFO [ParseReceivedData][1889] oblradar[3]: 0.643, -6.983
INFO [ParseReceivedData][1990] slot_type: 1
INFO [ParseReceivedData][1991] target_dir: 3
INFO [ParseReceivedData][1992] start: 1.011 -5.050 1.556
INFO [ParseReceivedData][1993] end: 1.796 -4.642 1.927
INFO [HybridAStarPlan][2164] 0_start: 1.0112 -5.0503 1.5561
INFO [HybridAStarPlan][2212] 1_start: 1.0711 -5.7920 1.7172
INFO [KeyNodeCheckValid][1110] false rs end
INFO [HybridAStarPlan][2220] -------------------0-------------------
INFO [GenerateDpMap][194] map explored node: 4025
INFO [Plan][681] map time: 94ms
INFO [Plan][746] explored_node_num:45735
INFO [Plan][747] heuristic time is 807.8430ms.
INFO [Plan][748] reed shepp time is 1815.7930ms.
INFO [Plan][749] total time: 6138ms
INFO [Plan][753] false1
INFO [HybridAStarPlan][2243] 2_result: 0   (0)
INFO [HybridAStarPlan][2304] path cal fail
