Received data from command line argument, length: 508
<<<<<<<<<<<<<<<<  ID: 45ca5d4a45c3  <<<<<<<<<<<<<<<<
INFO [ParseReceivedData][1838] plan_cnt: 1
INFO [ParseReceivedData][1840] xybounds: xmin: -9  xmax: 5  ymin: -5  ymax: 9
INFO [ParseReceivedData][1841] radarnums: 0  sidenums:0
INFO [ParseReceivedData][1842] endpos_correct_flag: 0
INFO [ParseReceivedData][1875] oblslot[6]: -1.467, 1.549
INFO [ParseReceivedData][1875] oblslot[6]: -1.467, 0.549
INFO [ParseReceivedData][1875] oblslot[6]: 4.960, 0.549
INFO [ParseReceivedData][1875] oblslot[6]: 5.003, -2.614
INFO [ParseReceivedData][1875] oblslot[6]: 1.198, -2.614
INFO [ParseReceivedData][1875] oblslot[6]: 1.198, -3.114
INFO [ParseReceivedData][1990] slot_type: 2
INFO [ParseReceivedData][1991] target_dir: 1
INFO [ParseReceivedData][1992] start: 3.195 -1.147 3.159
INFO [ParseReceivedData][1993] end: -4.274 0.363 2.640
INFO [HybridAStarPlan][2220] -------------------1-------------------
INFO [APAPathPlanningConvertArcSegmentToPoints][1303] -4.274  0.363  151.272
INFO [APAPathPlanningConvertArcSegmentToPoints][1303] -4.010  0.222  152.651
INFO [APAPathPlanningConvertArcSegmentToPoints][1303] -3.741  0.088  154.030
INFO [APAPathPlanningConvertArcSegmentToPoints][1303] -3.470  -0.040  155.409
INFO [APAPathPlanningConvertArcSegmentToPoints][1303] -3.196  -0.162  156.788
INFO [APAPathPlanningConvertArcSegmentToPoints][1303] -2.919  -0.277  158.167
INFO [APAPathPlanningConvertArcSegmentToPoints][1303] -2.639  -0.385  159.546
INFO [APAPathPlanningConvertArcSegmentToPoints][1303] -2.357  -0.486  160.925
INFO [APAPathPlanningConvertArcSegmentToPoints][1303] -2.072  -0.581  162.304
INFO [APAPathPlanningConvertArcSegmentToPoints][1303] -1.785  -0.669  163.683
INFO [APAPathPlanningConvertArcSegmentToPoints][1303] -1.496  -0.750  165.062
INFO [APAPathPlanningConvertArcSegmentToPoints][1303] -1.205  -0.823  166.441
INFO [APAPathPlanningConvertArcSegmentToPoints][1303] -0.913  -0.890  167.820
INFO [APAPathPlanningConvertArcSegmentToPoints][1303] -0.619  -0.950  169.199
INFO [APAPathPlanningConvertArcSegmentToPoints][1303] -0.324  -1.003  170.578
INFO [APAPathPlanningConvertArcSegmentToPoints][1303] -0.027  -1.048  171.957
INFO [APAPathPlanningConvertArcSegmentToPoints][1303] 0.270  -1.087  173.336
INFO [APAPathPlanningConvertArcSegmentToPoints][1303] 0.569  -1.118  174.715
INFO [APAPathPlanningConvertArcSegmentToPoints][1303] 0.868  -1.142  176.094
INFO [APAPathPlanningConvertArcSegmentToPoints][1303] 1.167  -1.159  177.473
INFO [APAPathPlanningConvertArcSegmentToPoints][1303] 1.467  -1.168  178.852
INFO [APAPathPlanningConvertArcSegmentToPoints][1303] 1.767  -1.171  180.231
INFO [APAPathPlanningConvertArcSegmentToPoints][1323] 1.934  -1.169  180.997
INFO [OneCircleTrajCal][1440] num: 24
INFO [OneCircleToEndPosLineCalTraj][1534] CE cal time: 0.746ms
INFO [HybridAStarPlan][2225] 0_result: 1   (24)
INFO [HybridAStarPlan][2298] path send success 24
INFO [HybridAStarPlan][2315] traj: [0]	 x:3.195	 y:-1.147	 phi:180.998
INFO [HybridAStarPlan][2315] traj: [1]	 x:1.934	 y:-1.169	 phi:180.998
INFO [HybridAStarPlan][2315] traj: [2]	 x:1.767	 y:-1.171	 phi:180.231
INFO [HybridAStarPlan][2315] traj: [3]	 x:1.467	 y:-1.168	 phi:178.852
INFO [HybridAStarPlan][2315] traj: [4]	 x:1.167	 y:-1.159	 phi:177.473
INFO [HybridAStarPlan][2315] traj: [5]	 x:0.868	 y:-1.142	 phi:176.094
INFO [HybridAStarPlan][2315] traj: [6]	 x:0.569	 y:-1.118	 phi:174.715
INFO [HybridAStarPlan][2315] traj: [7]	 x:0.270	 y:-1.087	 phi:173.336
INFO [HybridAStarPlan][2315] traj: [8]	 x:-0.027	 y:-1.048	 phi:171.957
INFO [HybridAStarPlan][2315] traj: [9]	 x:-0.324	 y:-1.003	 phi:170.578
INFO [HybridAStarPlan][2315] traj: [10]	 x:-0.619	 y:-0.950	 phi:169.199
INFO [HybridAStarPlan][2315] traj: [11]	 x:-0.913	 y:-0.890	 phi:167.820
INFO [HybridAStarPlan][2315] traj: [12]	 x:-1.205	 y:-0.823	 phi:166.441
INFO [HybridAStarPlan][2315] traj: [13]	 x:-1.496	 y:-0.750	 phi:165.062
INFO [HybridAStarPlan][2315] traj: [14]	 x:-1.785	 y:-0.669	 phi:163.683
INFO [HybridAStarPlan][2315] traj: [15]	 x:-2.072	 y:-0.581	 phi:162.304
INFO [HybridAStarPlan][2315] traj: [16]	 x:-2.357	 y:-0.486	 phi:160.925
INFO [HybridAStarPlan][2315] traj: [17]	 x:-2.639	 y:-0.385	 phi:159.546
INFO [HybridAStarPlan][2315] traj: [18]	 x:-2.919	 y:-0.277	 phi:158.167
INFO [HybridAStarPlan][2315] traj: [19]	 x:-3.196	 y:-0.162	 phi:156.788
INFO [HybridAStarPlan][2315] traj: [20]	 x:-3.470	 y:-0.040	 phi:155.409
INFO [HybridAStarPlan][2315] traj: [21]	 x:-3.741	 y:0.088	 phi:154.030
INFO [HybridAStarPlan][2315] traj: [22]	 x:-4.010	 y:0.222	 phi:152.651
INFO [HybridAStarPlan][2315] traj: [23]	 x:-4.274	 y:0.363	 phi:151.272

