Received data from command line argument, length: 247
<<<<<<<<<<<<<<<<  ID: 95af0b395d43  <<<<<<<<<<<<<<<<
INFO [ParseReceivedData][1838] plan_cnt: 8
INFO [ParseReceivedData][1840] xybounds: xmin: -9  xmax: 5  ymin: -5  ymax: 9
INFO [ParseReceivedData][1841] radarnums: 0  sidenums:0
INFO [ParseReceivedData][1842] endpos_correct_flag: 0
INFO [ParseReceivedData][1875] oblslot[6]: 0.252, 1.151
INFO [ParseReceivedData][1875] oblslot[6]: 0.252, 0.151
INFO [ParseReceivedData][1875] oblslot[6]: 5.355, 0.151
INFO [ParseReceivedData][1875] oblslot[6]: 5.346, -2.475
INFO [ParseReceivedData][1875] oblslot[6]: 0.563, -2.475
INFO [ParseReceivedData][1875] oblslot[6]: 0.563, -2.975
INFO [ParseReceivedData][1990] slot_type: 2
INFO [ParseReceivedData][1991] target_dir: 0
INFO [ParseReceivedData][1992] start: 3.697 -1.152 3.138
INFO [ParseReceivedData][1993] end: 4.016 -0.631 3.144
INFO [KeyNodeCheckValid][1110] false rs end
INFO [HybridAStarPlan][2220] -------------------0-------------------
INFO [GenerateDpMap][194] map explored node: 3135
INFO [Plan][681] map time: 49ms
INFO [Plan][746] explored_node_num:48160
INFO [Plan][747] heuristic time is 828.424ms.
INFO [Plan][748] reed shepp time is 1598.720ms.
INFO [Plan][749] total time: 5820ms
INFO [Plan][753] false1
INFO [HybridAStarPlan][2243] 2_result: 0   (0)
INFO [HybridAStarPlan][2304] path cal fail
