Received data from command line argument, length: 247
<<<<<<<<<<<<<<<<  ID: c76067837e86  <<<<<<<<<<<<<<<<
INFO [ParseReceivedData][1838] plan_cnt: 4
INFO [ParseReceivedData][1840] xybounds: xmin: -9  xmax: 5  ymin: -5  ymax: 9
INFO [ParseReceivedData][1841] radarnums: 0  sidenums:0
INFO [ParseReceivedData][1842] endpos_correct_flag: 0
INFO [ParseReceivedData][1875] oblslot[6]: 0.766, 1.162
INFO [ParseReceivedData][1875] oblslot[6]: 0.766, 0.162
INFO [ParseReceivedData][1875] oblslot[6]: 5.380, 0.162
INFO [ParseReceivedData][1875] oblslot[6]: 5.319, -2.508
INFO [ParseReceivedData][1875] oblslot[6]: 0.518, -2.851
INFO [ParseReceivedData][1875] oblslot[6]: 0.518, -3.008
INFO [ParseReceivedData][1990] slot_type: 2
INFO [ParseReceivedData][1991] target_dir: 0
INFO [ParseReceivedData][1992] start: 3.696 -1.297 3.118
INFO [ParseReceivedData][1993] end: 3.507 -0.780 3.125
INFO [KeyNodeCheckValid][1110] false rs end
INFO [HybridAStarPlan][2220] -------------------0-------------------
INFO [GenerateDpMap][194] map explored node: 3135
INFO [Plan][681] map time: 48ms
INFO [Plan][746] explored_node_num:49045
INFO [Plan][747] heuristic time is 801.386ms.
INFO [Plan][748] reed shepp time is 1535.030ms.
INFO [Plan][749] total time: 5585ms
INFO [Plan][753] false1
INFO [HybridAStarPlan][2243] 2_result: 0   (0)
INFO [HybridAStarPlan][2304] path cal fail
