Received data from command line argument, length: 954
<<<<<<<<<<<<<<<<  ID: c56e8041d592  <<<<<<<<<<<<<<<<
INFO [ParseReceivedData][1838] plan_cnt: 1
INFO [ParseReceivedData][1840] xybounds: xmin: -6  xmax: 3  ymin: -8  ymax: 8
INFO [ParseReceivedData][1841] radarnums: 3  sidenums:0
INFO [ParseReceivedData][1842] endpos_correct_flag: 0
INFO [ParseReceivedData][1875] oblslot[6]: -0.100, 4.800
INFO [ParseReceivedData][1875] oblslot[6]: -0.100, 2.800
INFO [ParseReceivedData][1875] oblslot[6]: 2.658, 2.800
INFO [ParseReceivedData][1875] oblslot[6]: 2.580, -6.270
INFO [ParseReceivedData][1875] oblslot[6]: 0.200, -6.270
INFO [ParseReceivedData][1875] oblslot[6]: 0.200, -8.270
INFO [ParseReceivedData][1889] oblradar[3]: 2.040, -6.698
INFO [ParseReceivedData][1889] oblradar[3]: 1.259, -6.625
INFO [ParseReceivedData][1889] oblradar[3]: 0.406, -6.517
INFO [ParseReceivedData][1990] slot_type: 1
INFO [ParseReceivedData][1991] target_dir: 3
INFO [ParseReceivedData][1992] start: 1.249 -4.761 1.557
INFO [ParseReceivedData][1993] end: 1.584 -4.412 1.875
INFO [HybridAStarPlan][2164] 0_start: 1.2490 -4.7613 1.5574
INFO [HybridAStarPlan][2212] 1_start: 1.2490 -4.7613 1.5574
INFO [KeyNodeCheckValid][1110] false rs end
INFO [HybridAStarPlan][2220] -------------------0-------------------
INFO [GenerateDpMap][194] map explored node: 2045
INFO [Plan][681] map time: 44ms
INFO [Plan][746] explored_node_num:0
INFO [Plan][747] heuristic time is 0.0000ms.
INFO [Plan][748] reed shepp time is 0.0000ms.
INFO [Plan][749] total time: 44ms
INFO [HybridAStarPlan][2243] 2_result: 1   (17)
INFO [HybridAStarPlan][2298] path send success 21
INFO [HybridAStarPlan][2315] traj: [0]	 x:1.250	 y:-4.661	 phi:89.233
INFO [HybridAStarPlan][2315] traj: [1]	 x:1.249	 y:-4.761	 phi:89.233
INFO [HybridAStarPlan][2315] traj: [2]	 x:1.250	 y:-4.661	 phi:89.233
INFO [HybridAStarPlan][2315] traj: [3]	 x:1.249	 y:-4.761	 phi:89.233
INFO [HybridAStarPlan][2315] traj: [4]	 x:1.254	 y:-4.461	 phi:88.983
INFO [HybridAStarPlan][2315] traj: [5]	 x:1.260	 y:-4.161	 phi:88.983
INFO [HybridAStarPlan][2315] traj: [6]	 x:1.265	 y:-3.861	 phi:88.983
INFO [HybridAStarPlan][2315] traj: [7]	 x:1.270	 y:-3.561	 phi:88.983
INFO [HybridAStarPlan][2315] traj: [8]	 x:1.276	 y:-3.262	 phi:88.983
INFO [HybridAStarPlan][2315] traj: [9]	 x:1.280	 y:-2.962	 phi:90.031
INFO [HybridAStarPlan][2315] traj: [10]	 x:1.273	 y:-2.665	 phi:92.723
INFO [HybridAStarPlan][2315] traj: [11]	 x:1.293	 y:-2.964	 phi:95.206
INFO [HybridAStarPlan][2315] traj: [12]	 x:1.327	 y:-3.262	 phi:97.690
INFO [HybridAStarPlan][2315] traj: [13]	 x:1.374	 y:-3.558	 phi:100.173
INFO [HybridAStarPlan][2315] traj: [14]	 x:1.433	 y:-3.852	 phi:102.656
INFO [HybridAStarPlan][2315] traj: [15]	 x:1.505	 y:-4.144	 phi:105.140
INFO [HybridAStarPlan][2315] traj: [16]	 x:1.584	 y:-4.412	 phi:107.453

