Received data from command line argument, length: 659
<<<<<<<<<<<<<<<<  ID: 3e4b0321651a  <<<<<<<<<<<<<<<<
INFO [ParseReceivedData][1838] plan_cnt: 2
INFO [ParseReceivedData][1840] xybounds: xmin: -9  xmax: 5  ymin: -5  ymax: 9
INFO [ParseReceivedData][1841] radarnums: 0  sidenums:0
INFO [ParseReceivedData][1842] endpos_correct_flag: 0
INFO [ParseReceivedData][1875] oblslot[6]: 1.069, 2.077
INFO [ParseReceivedData][1875] oblslot[6]: 1.069, 1.077
INFO [ParseReceivedData][1875] oblslot[6]: 4.960, 1.077
INFO [ParseReceivedData][1875] oblslot[6]: 4.960, -5.273
INFO [ParseReceivedData][1875] oblslot[6]: 0.198, -5.273
INFO [ParseReceivedData][1875] oblslot[6]: 0.198, -5.773
INFO [ParseReceivedData][1990] slot_type: 2
INFO [ParseReceivedData][1991] target_dir: 0
INFO [ParseReceivedData][1992] start: 3.692 -1.356 3.098
INFO [ParseReceivedData][1993] end: 0.007 -0.696 3.093
INFO [HybridAStarPlan][2220] -------------------1-------------------
INFO [RSCurveQuickCalTraj][1197] RS cal time: 1.366ms
INFO [HybridAStarPlan][2231] 1_result: 1   (14)
INFO [HybridAStarPlan][2298] path send success 14
INFO [HybridAStarPlan][2315] traj: [0]	 x:3.692	 y:-1.356	 phi:177.514
INFO [HybridAStarPlan][2315] traj: [1]	 x:3.393	 y:-1.336	 phi:174.918
INFO [HybridAStarPlan][2315] traj: [2]	 x:3.094	 y:-1.303	 phi:172.322
INFO [HybridAStarPlan][2315] traj: [3]	 x:2.798	 y:-1.256	 phi:169.726
INFO [HybridAStarPlan][2315] traj: [4]	 x:2.504	 y:-1.196	 phi:167.131
INFO [HybridAStarPlan][2315] traj: [5]	 x:2.213	 y:-1.123	 phi:165.528
INFO [HybridAStarPlan][2315] traj: [6]	 x:1.923	 y:-1.048	 phi:165.528
INFO [HybridAStarPlan][2315] traj: [7]	 x:1.632	 y:-0.973	 phi:165.528
INFO [HybridAStarPlan][2315] traj: [8]	 x:1.342	 y:-0.899	 phi:165.528
INFO [HybridAStarPlan][2315] traj: [9]	 x:1.050	 y:-0.830	 phi:168.105
INFO [HybridAStarPlan][2315] traj: [10]	 x:0.755	 y:-0.775	 phi:170.701
INFO [HybridAStarPlan][2315] traj: [11]	 x:0.458	 y:-0.733	 phi:173.297
INFO [HybridAStarPlan][2315] traj: [12]	 x:0.159	 y:-0.705	 phi:175.892
INFO [HybridAStarPlan][2315] traj: [13]	 x:0.007	 y:-0.696	 phi:177.210

