Received data from command line argument, length: 1201
<<<<<<<<<<<<<<<<  ID: f05c23c02b8d  <<<<<<<<<<<<<<<<
INFO [ParseReceivedData][1838] plan_cnt: 3
INFO [ParseReceivedData][1840] xybounds: xmin: -9  xmax: 5  ymin: -5  ymax: 9
INFO [ParseReceivedData][1841] radarnums: 0  sidenums:0
INFO [ParseReceivedData][1842] endpos_correct_flag: 0
INFO [ParseReceivedData][1875] oblslot[6]: -0.923, 1.930
INFO [ParseReceivedData][1875] oblslot[6]: -0.923, 0.930
INFO [ParseReceivedData][1875] oblslot[6]: 4.960, 0.930
INFO [ParseReceivedData][1875] oblslot[6]: 4.960, -3.559
INFO [ParseReceivedData][1875] oblslot[6]: 1.473, -3.410
INFO [ParseReceivedData][1875] oblslot[6]: 1.473, -3.910
INFO [ParseReceivedData][1990] slot_type: 3
INFO [ParseReceivedData][1991] target_dir: 0
INFO [ParseReceivedData][1992] start: 3.701 -0.922 3.110
INFO [ParseReceivedData][1993] end: 1.392 -0.866 3.119
INFO [HybridAStarPlan][2220] -------------------1-------------------
INFO [RSCurveQuickCalTraj][1197] RS cal time: 0.764ms
INFO [HybridAStarPlan][2231] 1_result: 1   (9)
INFO [HybridAStarPlan][2298] path send success 10
INFO [HybridAStarPlan][2315] traj: [0]	 x:1.701	 y:-0.859	 phi:178.201
INFO [HybridAStarPlan][2315] traj: [1]	 x:2.001	 y:-0.867	 phi:178.900
INFO [HybridAStarPlan][2315] traj: [2]	 x:2.301	 y:-0.871	 phi:179.598
INFO [HybridAStarPlan][2315] traj: [3]	 x:2.601	 y:-0.873	 phi:179.183
INFO [HybridAStarPlan][2315] traj: [4]	 x:2.301	 y:-0.871	 phi:179.881
INFO [HybridAStarPlan][2315] traj: [5]	 x:2.001	 y:-0.872	 phi:-179.865
INFO [HybridAStarPlan][2315] traj: [6]	 x:1.701	 y:-0.871	 phi:179.437
INFO [HybridAStarPlan][2315] traj: [7]	 x:1.401	 y:-0.866	 phi:178.739
INFO [HybridAStarPlan][2315] traj: [8]	 x:1.392	 y:-0.866	 phi:178.717

