Received data from command line argument, length: 880
<<<<<<<<<<<<<<<<  ID: 6a1222e52df2  <<<<<<<<<<<<<<<<
INFO [ParseReceivedData][1838] plan_cnt: 6
INFO [ParseReceivedData][1840] xybounds: xmin: -9  xmax: 5  ymin: -5  ymax: 9
INFO [ParseReceivedData][1841] radarnums: 0  sidenums:0
INFO [ParseReceivedData][1842] endpos_correct_flag: 0
INFO [ParseReceivedData][1875] oblslot[6]: -0.663, 1.127
INFO [ParseReceivedData][1875] oblslot[6]: -0.663, 0.127
INFO [ParseReceivedData][1875] oblslot[6]: 4.960, 0.127
INFO [ParseReceivedData][1875] oblslot[6]: 4.960, -3.070
INFO [ParseReceivedData][1875] oblslot[6]: 1.340, -3.070
INFO [ParseReceivedData][1875] oblslot[6]: 1.340, -3.570
INFO [ParseReceivedData][1990] slot_type: 3
INFO [ParseReceivedData][1991] target_dir: 1
INFO [ParseReceivedData][1992] start: 3.194 -1.317 3.106
INFO [ParseReceivedData][1993] end: -2.107 -1.376 3.125
INFO [HybridAStarPlan][2220] -------------------1-------------------
INFO [OneCircleToEndPosLineCalTraj][1534] CE cal time: 0.013ms
INFO [HybridAStarPlan][2225] 0_result: 0   (0)
INFO [RSCurveQuickCalTraj][1197] RS cal time: 0.328ms
INFO [HybridAStarPlan][2231] 1_result: 1   (18)
INFO [HybridAStarPlan][2298] path send success 19
INFO [HybridAStarPlan][2315] traj: [0]	 x:2.194	 y:-1.281	 phi:177.961
INFO [HybridAStarPlan][2315] traj: [1]	 x:2.494	 y:-1.291	 phi:177.807
INFO [HybridAStarPlan][2315] traj: [2]	 x:2.194	 y:-1.282	 phi:178.505
INFO [HybridAStarPlan][2315] traj: [3]	 x:1.894	 y:-1.276	 phi:179.220
INFO [HybridAStarPlan][2315] traj: [4]	 x:1.594	 y:-1.273	 phi:179.936
INFO [HybridAStarPlan][2315] traj: [5]	 x:1.294	 y:-1.275	 phi:-179.349
INFO [HybridAStarPlan][2315] traj: [6]	 x:0.994	 y:-1.280	 phi:-178.633
INFO [HybridAStarPlan][2315] traj: [7]	 x:0.694	 y:-1.289	 phi:-177.918
INFO [HybridAStarPlan][2315] traj: [8]	 x:0.394	 y:-1.302	 phi:-177.202
INFO [HybridAStarPlan][2315] traj: [9]	 x:0.095	 y:-1.318	 phi:-176.908
INFO [HybridAStarPlan][2315] traj: [10]	 x:-0.205	 y:-1.334	 phi:-176.908
INFO [HybridAStarPlan][2315] traj: [11]	 x:-0.504	 y:-1.350	 phi:-177.156
INFO [HybridAStarPlan][2315] traj: [12]	 x:-0.804	 y:-1.363	 phi:-177.871
INFO [HybridAStarPlan][2315] traj: [13]	 x:-1.104	 y:-1.372	 phi:-178.587
INFO [HybridAStarPlan][2315] traj: [14]	 x:-1.404	 y:-1.378	 phi:-179.302
INFO [HybridAStarPlan][2315] traj: [15]	 x:-1.704	 y:-1.380	 phi:179.983
INFO [HybridAStarPlan][2315] traj: [16]	 x:-2.004	 y:-1.378	 phi:179.267
INFO [HybridAStarPlan][2315] traj: [17]	 x:-2.107	 y:-1.376	 phi:179.021

