Received data from command line argument, length: 549
<<<<<<<<<<<<<<<<  ID: 557b081268cf  <<<<<<<<<<<<<<<<
INFO [ParseReceivedData][1838] plan_cnt: 2
INFO [ParseReceivedData][1840] xybounds: xmin: -9  xmax: 5  ymin: -5  ymax: 9
INFO [ParseReceivedData][1841] radarnums: 0  sidenums:0
INFO [ParseReceivedData][1842] endpos_correct_flag: 0
INFO [ParseReceivedData][1875] oblslot[6]: -0.224, 1.582
INFO [ParseReceivedData][1875] oblslot[6]: -0.224, 0.582
INFO [ParseReceivedData][1875] oblslot[6]: 4.960, 0.582
INFO [ParseReceivedData][1875] oblslot[6]: 4.960, -4.659
INFO [ParseReceivedData][1875] oblslot[6]: 1.537, -4.659
INFO [ParseReceivedData][1875] oblslot[6]: 1.537, -5.159
INFO [ParseReceivedData][1990] slot_type: 3
INFO [ParseReceivedData][1991] target_dir: 0
INFO [ParseReceivedData][1992] start: 3.489 -1.106 3.169
INFO [ParseReceivedData][1993] end: 0.811 -1.238 3.138
INFO [HybridAStarPlan][2220] -------------------1-------------------
INFO [RSCurveQuickCalTraj][1197] RS cal time: 0.429ms
INFO [HybridAStarPlan][2231] 1_result: 1   (13)
INFO [HybridAStarPlan][2298] path send success 14
INFO [HybridAStarPlan][2315] traj: [0]	 x:2.489	 y:-1.134	 phi:-178.407
INFO [HybridAStarPlan][2315] traj: [1]	 x:2.789	 y:-1.123	 phi:-177.373
INFO [HybridAStarPlan][2315] traj: [2]	 x:3.089	 y:-1.106	 phi:-176.339
INFO [HybridAStarPlan][2315] traj: [3]	 x:3.388	 y:-1.088	 phi:-177.011
INFO [HybridAStarPlan][2315] traj: [4]	 x:3.089	 y:-1.107	 phi:-175.977
INFO [HybridAStarPlan][2315] traj: [5]	 x:2.790	 y:-1.130	 phi:-174.942
INFO [HybridAStarPlan][2315] traj: [6]	 x:2.491	 y:-1.159	 phi:-174.416
INFO [HybridAStarPlan][2315] traj: [7]	 x:2.192	 y:-1.186	 phi:-175.450
INFO [HybridAStarPlan][2315] traj: [8]	 x:1.893	 y:-1.207	 phi:-176.484
INFO [HybridAStarPlan][2315] traj: [9]	 x:1.593	 y:-1.222	 phi:-177.519
INFO [HybridAStarPlan][2315] traj: [10]	 x:1.294	 y:-1.233	 phi:-178.553
INFO [HybridAStarPlan][2315] traj: [11]	 x:0.994	 y:-1.238	 phi:-179.587
INFO [HybridAStarPlan][2315] traj: [12]	 x:0.811	 y:-1.238	 phi:179.783

