Received data from command line argument, length: 878
<<<<<<<<<<<<<<<<  ID: b40fd99cba64  <<<<<<<<<<<<<<<<
INFO [ParseReceivedData][1838] plan_cnt: 0
INFO [ParseReceivedData][1840] xybounds: xmin: -11  xmax: 5  ymin: -3  ymax: 9
INFO [ParseReceivedData][1841] radarnums: 0  sidenums:0
INFO [ParseReceivedData][1842] endpos_correct_flag: 0
INFO [ParseReceivedData][1875] oblslot[6]: 0.200, 1.200
INFO [ParseReceivedData][1875] oblslot[6]: 0.200, 0.200
INFO [ParseReceivedData][1875] oblslot[6]: 4.960, 0.200
INFO [ParseReceivedData][1875] oblslot[6]: 4.960, -4.498
INFO [ParseReceivedData][1875] oblslot[6]: 0.200, -4.498
INFO [ParseReceivedData][1875] oblslot[6]: 0.200, -4.998
INFO [ParseReceivedData][1990] slot_type: 3
INFO [ParseReceivedData][1991] target_dir: 0
INFO [ParseReceivedData][1992] start: 3.197 -1.098 3.142
INFO [ParseReceivedData][1993] end: -2.266 -4.152 1.579
INFO [KeyNodeCheckValid][1110] false rs end
INFO [HybridAStarPlan][2220] -------------------0-------------------
INFO [GenerateDpMap][194] map explored node: 0
INFO [Plan][681] map time: 0ms
INFO [Plan][746] explored_node_num:70652
INFO [Plan][747] heuristic time is 1118.594ms.
INFO [Plan][748] reed shepp time is 1808.072ms.
INFO [Plan][749] total time: 7024ms
INFO [Plan][753] false1
INFO [HybridAStarPlan][2243] 2_result: 0   (0)
INFO [HybridAStarPlan][2304] path cal fail
