Received data from command line argument, length: 796
<<<<<<<<<<<<<<<<  ID: 8741f9384152  <<<<<<<<<<<<<<<<
INFO [ParseReceivedData][1838] plan_cnt: 1
INFO [ParseReceivedData][1840] xybounds: xmin: -9  xmax: 5  ymin: -5  ymax: 9
INFO [ParseReceivedData][1841] radarnums: 0  sidenums:0
INFO [ParseReceivedData][1842] endpos_correct_flag: 0
INFO [ParseReceivedData][1875] oblslot[6]: -1.593, 1.449
INFO [ParseReceivedData][1875] oblslot[6]: -1.593, 0.449
INFO [ParseReceivedData][1875] oblslot[6]: 4.960, 0.449
INFO [ParseReceivedData][1875] oblslot[6]: 4.960, -3.748
INFO [ParseReceivedData][1875] oblslot[6]: 1.291, -3.748
INFO [ParseReceivedData][1875] oblslot[6]: 1.291, -4.248
INFO [ParseReceivedData][1990] slot_type: 3
INFO [ParseReceivedData][1991] target_dir: 0
INFO [ParseReceivedData][1992] start: 3.695 -1.128 3.158
INFO [ParseReceivedData][1993] end: -0.498 -1.231 3.020
INFO [HybridAStarPlan][2220] -------------------1-------------------
INFO [RSCurveQuickCalTraj][1197] RS cal time: 0.818ms
INFO [HybridAStarPlan][2231] 1_result: 1   (16)
INFO [HybridAStarPlan][2298] path send success 17
INFO [HybridAStarPlan][2315] traj: [0]	 x:2.695	 y:-1.144	 phi:-179.066
INFO [HybridAStarPlan][2315] traj: [1]	 x:2.995	 y:-1.135	 phi:-177.448
INFO [HybridAStarPlan][2315] traj: [2]	 x:3.294	 y:-1.122	 phi:-178.173
INFO [HybridAStarPlan][2315] traj: [3]	 x:2.995	 y:-1.136	 phi:-176.555
INFO [HybridAStarPlan][2315] traj: [4]	 x:2.696	 y:-1.158	 phi:-174.840
INFO [HybridAStarPlan][2315] traj: [5]	 x:2.397	 y:-1.187	 phi:-174.425
INFO [HybridAStarPlan][2315] traj: [6]	 x:2.098	 y:-1.216	 phi:-174.425
INFO [HybridAStarPlan][2315] traj: [7]	 x:1.800	 y:-1.246	 phi:-174.425
INFO [HybridAStarPlan][2315] traj: [8]	 x:1.501	 y:-1.273	 phi:-175.488
INFO [HybridAStarPlan][2315] traj: [9]	 x:1.202	 y:-1.292	 phi:-177.203
INFO [HybridAStarPlan][2315] traj: [10]	 x:0.902	 y:-1.302	 phi:-178.919
INFO [HybridAStarPlan][2315] traj: [11]	 x:0.602	 y:-1.303	 phi:179.367
INFO [HybridAStarPlan][2315] traj: [12]	 x:0.302	 y:-1.296	 phi:177.651
INFO [HybridAStarPlan][2315] traj: [13]	 x:0.002	 y:-1.279	 phi:175.936
INFO [HybridAStarPlan][2315] traj: [14]	 x:-0.296	 y:-1.253	 phi:174.221
INFO [HybridAStarPlan][2315] traj: [15]	 x:-0.498	 y:-1.231	 phi:173.062

