Received data from command line argument, length: 776
<<<<<<<<<<<<<<<<  ID: 37ab27b06511  <<<<<<<<<<<<<<<<
INFO [ParseReceivedData][1838] plan_cnt: 1
INFO [ParseReceivedData][1840] xybounds: xmin: -9  xmax: 5  ymin: -5  ymax: 9
INFO [ParseReceivedData][1841] radarnums: 0  sidenums:0
INFO [ParseReceivedData][1842] endpos_correct_flag: 0
INFO [ParseReceivedData][1875] oblslot[6]: 0.357, 1.261
INFO [ParseReceivedData][1875] oblslot[6]: 0.357, 0.261
INFO [ParseReceivedData][1875] oblslot[6]: 4.960, 0.261
INFO [ParseReceivedData][1875] oblslot[6]: 4.960, -2.209
INFO [ParseReceivedData][1875] oblslot[6]: 0.178, -2.209
INFO [ParseReceivedData][1875] oblslot[6]: 0.178, -2.709
INFO [ParseReceivedData][1990] slot_type: 3
INFO [ParseReceivedData][1991] target_dir: 1
INFO [ParseReceivedData][1992] start: 3.197 -0.948 3.150
INFO [ParseReceivedData][1993] end: -2.928 0.932 2.083
INFO [HybridAStarPlan][2220] -------------------1-------------------
INFO [OneCircleToEndPosLineCalTraj][1534] CE cal time: 0.015ms
INFO [HybridAStarPlan][2225] 0_result: 0   (0)
INFO [RSCurveQuickCalTraj][1197] RS cal time: 0.932ms
INFO [HybridAStarPlan][2231] 1_result: 0   (0)
INFO [GenerateDpMap][194] map explored node: 3135
INFO [Plan][681] map time: 79ms
INFO [Plan][746] explored_node_num:33
INFO [Plan][747] heuristic time is 0.578ms.
INFO [Plan][748] reed shepp time is 1.035ms.
INFO [Plan][749] total time: 83ms
INFO [HybridAStarPlan][2243] 2_result: 1   (28)
INFO [HybridAStarPlan][2298] path send success 30
INFO [HybridAStarPlan][2315] traj: [0]	 x:3.197	 y:-0.948	 phi:180.493
INFO [HybridAStarPlan][2315] traj: [1]	 x:2.897	 y:-0.951	 phi:-177.423
INFO [HybridAStarPlan][2315] traj: [2]	 x:2.597	 y:-0.964	 phi:-178.096
INFO [HybridAStarPlan][2315] traj: [3]	 x:2.297	 y:-0.974	 phi:178.185
INFO [HybridAStarPlan][2315] traj: [4]	 x:1.997	 y:-0.965	 phi:-179.731
INFO [HybridAStarPlan][2315] traj: [5]	 x:1.697	 y:-0.966	 phi:-177.648
INFO [HybridAStarPlan][2315] traj: [6]	 x:1.398	 y:-0.979	 phi:178.633
INFO [HybridAStarPlan][2315] traj: [7]	 x:1.098	 y:-0.972	 phi:174.914
INFO [HybridAStarPlan][2315] traj: [8]	 x:0.799	 y:-0.945	 phi:-179.236
INFO [HybridAStarPlan][2315] traj: [9]	 x:0.499	 y:-0.949	 phi:-179.909
INFO [HybridAStarPlan][2315] traj: [10]	 x:0.199	 y:-0.940	 phi:176.372
INFO [HybridAStarPlan][2315] traj: [11]	 x:-0.099	 y:-0.911	 phi:172.653
INFO [HybridAStarPlan][2315] traj: [12]	 x:-0.396	 y:-0.863	 phi:168.934
INFO [HybridAStarPlan][2315] traj: [13]	 x:-0.688	 y:-0.796	 phi:165.215
INFO [HybridAStarPlan][2315] traj: [14]	 x:-0.975	 y:-0.710	 phi:161.495
INFO [HybridAStarPlan][2315] traj: [15]	 x:-1.257	 y:-0.606	 phi:157.776
INFO [HybridAStarPlan][2315] traj: [16]	 x:-1.530	 y:-0.483	 phi:154.057
INFO [HybridAStarPlan][2315] traj: [17]	 x:-1.796	 y:-0.343	 phi:150.338
INFO [HybridAStarPlan][2315] traj: [18]	 x:-2.051	 y:-0.186	 phi:146.619
INFO [HybridAStarPlan][2315] traj: [19]	 x:-2.298	 y:-0.016	 phi:145.820
INFO [HybridAStarPlan][2315] traj: [20]	 x:-2.056	 y:-0.192	 phi:142.101
INFO [HybridAStarPlan][2315] traj: [21]	 x:-1.824	 y:-0.383	 phi:140.731
INFO [HybridAStarPlan][2315] traj: [22]	 x:-2.050	 y:-0.185	 phi:137.012
INFO [HybridAStarPlan][2315] traj: [23]	 x:-2.262	 y:0.026	 phi:133.293
INFO [HybridAStarPlan][2315] traj: [24]	 x:-2.461	 y:0.251	 phi:129.574
INFO [HybridAStarPlan][2315] traj: [25]	 x:-2.644	 y:0.488	 phi:125.855
INFO [HybridAStarPlan][2315] traj: [26]	 x:-2.812	 y:0.737	 phi:122.135
INFO [HybridAStarPlan][2315] traj: [27]	 x:-2.928	 y:0.932	 phi:119.330

