Received data from command line argument, length: 1055
<<<<<<<<<<<<<<<<  ID: abb908d8e00f  <<<<<<<<<<<<<<<<
INFO [ParseReceivedData][1838] plan_cnt: 1
INFO [ParseReceivedData][1840] xybounds: xmin: -6  xmax: 3  ymin: -8  ymax: 8
INFO [ParseReceivedData][1841] radarnums: 2  sidenums:0
INFO [ParseReceivedData][1842] endpos_correct_flag: 0
INFO [ParseReceivedData][1875] oblslot[6]: 0.228, 2.649
INFO [ParseReceivedData][1875] oblslot[6]: 0.228, 0.649
INFO [ParseReceivedData][1875] oblslot[6]: 2.751, 0.649
INFO [ParseReceivedData][1875] oblslot[6]: 2.751, -7.243
INFO [ParseReceivedData][1875] oblslot[6]: 0.200, -7.243
INFO [ParseReceivedData][1875] oblslot[6]: 0.200, -9.243
INFO [ParseReceivedData][1889] oblradar[2]: -4.378, 5.814
INFO [ParseReceivedData][1889] oblradar[2]: -5.043, 5.184
INFO [ParseReceivedData][1990] slot_type: 0
INFO [ParseReceivedData][1991] target_dir: 1
INFO [ParseReceivedData][1992] start: 1.274 -4.847 1.571
INFO [ParseReceivedData][1993] end: -2.526 1.280 1.875
INFO [HybridAStarPlan][2220] -------------------1-------------------
INFO [OneCircleToEndPosLineCalTraj][1534] CE cal time: 0.012ms
INFO [HybridAStarPlan][2225] 0_result: 0   (0)
INFO [RSCurveQuickCalTraj][1197] RS cal time: 0.012ms
INFO [HybridAStarPlan][2231] 1_result: 0   (0)
INFO [GenerateDpMap][194] map explored node: 2045
INFO [Plan][681] map time: 40ms
INFO [Plan][746] explored_node_num:42
INFO [Plan][747] heuristic time is 0.650ms.
INFO [Plan][748] reed shepp time is 0.701ms.
INFO [Plan][749] total time: 43ms
INFO [HybridAStarPlan][2243] 2_result: 1   (27)
INFO [HybridAStarPlan][2298] path send success 27
INFO [HybridAStarPlan][2315] traj: [0]	 x:1.274	 y:-4.847	 phi:90.000
INFO [HybridAStarPlan][2315] traj: [1]	 x:1.274	 y:-4.547	 phi:95.850
INFO [HybridAStarPlan][2315] traj: [2]	 x:1.243	 y:-4.249	 phi:92.131
INFO [HybridAStarPlan][2315] traj: [3]	 x:1.232	 y:-3.949	 phi:97.981
INFO [HybridAStarPlan][2315] traj: [4]	 x:1.191	 y:-3.652	 phi:103.831
INFO [HybridAStarPlan][2315] traj: [5]	 x:1.119	 y:-3.360	 phi:109.681
INFO [HybridAStarPlan][2315] traj: [6]	 x:1.018	 y:-3.078	 phi:115.531
INFO [HybridAStarPlan][2315] traj: [7]	 x:0.889	 y:-2.807	 phi:121.381
INFO [HybridAStarPlan][2315] traj: [8]	 x:0.732	 y:-2.551	 phi:127.230
INFO [HybridAStarPlan][2315] traj: [9]	 x:0.543	 y:-2.318	 phi:130.950
INFO [HybridAStarPlan][2315] traj: [10]	 x:0.339	 y:-2.098	 phi:134.669
INFO [HybridAStarPlan][2315] traj: [11]	 x:0.122	 y:-1.892	 phi:138.388
INFO [HybridAStarPlan][2315] traj: [12]	 x:-0.107	 y:-1.698	 phi:140.051
INFO [HybridAStarPlan][2315] traj: [13]	 x:-0.337	 y:-1.505	 phi:140.051
INFO [HybridAStarPlan][2315] traj: [14]	 x:-0.567	 y:-1.312	 phi:140.051
INFO [HybridAStarPlan][2315] traj: [15]	 x:-0.797	 y:-1.120	 phi:140.051
INFO [HybridAStarPlan][2315] traj: [16]	 x:-1.027	 y:-0.927	 phi:140.051
INFO [HybridAStarPlan][2315] traj: [17]	 x:-1.253	 y:-0.730	 phi:137.244
INFO [HybridAStarPlan][2315] traj: [18]	 x:-1.467	 y:-0.520	 phi:133.524
INFO [HybridAStarPlan][2315] traj: [19]	 x:-1.666	 y:-0.296	 phi:129.805
INFO [HybridAStarPlan][2315] traj: [20]	 x:-1.851	 y:-0.059	 phi:126.086
INFO [HybridAStarPlan][2315] traj: [21]	 x:-2.019	 y:0.189	 phi:122.367
INFO [HybridAStarPlan][2315] traj: [22]	 x:-2.172	 y:0.447	 phi:118.648
INFO [HybridAStarPlan][2315] traj: [23]	 x:-2.307	 y:0.715	 phi:114.928
INFO [HybridAStarPlan][2315] traj: [24]	 x:-2.424	 y:0.991	 phi:111.209
INFO [HybridAStarPlan][2315] traj: [25]	 x:-2.524	 y:1.274	 phi:107.490
INFO [HybridAStarPlan][2315] traj: [26]	 x:-2.526	 y:1.280	 phi:107.412

