Received data from command line argument, length: 801
<<<<<<<<<<<<<<<<  ID: 2b40460f11e4  <<<<<<<<<<<<<<<<
INFO [ParseReceivedData][1838] plan_cnt: 2
INFO [ParseReceivedData][1840] xybounds: xmin: -9  xmax: 5  ymin: -5  ymax: 9
INFO [ParseReceivedData][1841] radarnums: 0  sidenums:0
INFO [ParseReceivedData][1842] endpos_correct_flag: 0
INFO [ParseReceivedData][1875] oblslot[6]: 0.563, 1.956
INFO [ParseReceivedData][1875] oblslot[6]: 0.563, 0.956
INFO [ParseReceivedData][1875] oblslot[6]: 4.960, 0.956
INFO [ParseReceivedData][1875] oblslot[6]: 4.960, -4.626
INFO [ParseReceivedData][1875] oblslot[6]: 0.834, -4.626
INFO [ParseReceivedData][1875] oblslot[6]: 0.834, -5.126
INFO [ParseReceivedData][1990] slot_type: 2
INFO [ParseReceivedData][1991] target_dir: 0
INFO [ParseReceivedData][1992] start: 3.691 -1.247 3.091
INFO [ParseReceivedData][1993] end: -0.445 -1.539 3.254
INFO [HybridAStarPlan][2220] -------------------1-------------------
INFO [RSCurveQuickCalTraj][1197] RS cal time: 1.199ms
INFO [HybridAStarPlan][2231] 1_result: 1   (15)
INFO [HybridAStarPlan][2298] path send success 15
INFO [HybridAStarPlan][2315] traj: [0]	 x:3.691	 y:-1.247	 phi:177.119
INFO [HybridAStarPlan][2315] traj: [1]	 x:3.391	 y:-1.233	 phi:177.604
INFO [HybridAStarPlan][2315] traj: [2]	 x:3.091	 y:-1.224	 phi:179.223
INFO [HybridAStarPlan][2315] traj: [3]	 x:2.791	 y:-1.225	 phi:-179.159
INFO [HybridAStarPlan][2315] traj: [4]	 x:2.491	 y:-1.233	 phi:-177.541
INFO [HybridAStarPlan][2315] traj: [5]	 x:2.192	 y:-1.250	 phi:-175.923
INFO [HybridAStarPlan][2315] traj: [6]	 x:1.893	 y:-1.276	 phi:-174.304
INFO [HybridAStarPlan][2315] traj: [7]	 x:1.595	 y:-1.309	 phi:-173.554
INFO [HybridAStarPlan][2315] traj: [8]	 x:1.297	 y:-1.342	 phi:-173.554
INFO [HybridAStarPlan][2315] traj: [9]	 x:0.999	 y:-1.376	 phi:-173.554
INFO [HybridAStarPlan][2315] traj: [10]	 x:0.701	 y:-1.410	 phi:-173.554
INFO [HybridAStarPlan][2315] traj: [11]	 x:0.402	 y:-1.443	 phi:-173.554
INFO [HybridAStarPlan][2315] traj: [12]	 x:0.104	 y:-1.477	 phi:-173.554
INFO [HybridAStarPlan][2315] traj: [13]	 x:-0.194	 y:-1.511	 phi:-173.554
INFO [HybridAStarPlan][2315] traj: [14]	 x:-0.445	 y:-1.539	 phi:-173.554

