Received data from command line argument, length: 702
<<<<<<<<<<<<<<<<  ID: bd10c0243526  <<<<<<<<<<<<<<<<
INFO [ParseReceivedData][1838] plan_cnt: 3
INFO [ParseReceivedData][1840] xybounds: xmin: -9  xmax: 5  ymin: -5  ymax: 9
INFO [ParseReceivedData][1841] radarnums: 0  sidenums:0
INFO [ParseReceivedData][1842] endpos_correct_flag: 0
INFO [ParseReceivedData][1875] oblslot[6]: -0.572, 1.331
INFO [ParseReceivedData][1875] oblslot[6]: -0.572, 0.331
INFO [ParseReceivedData][1875] oblslot[6]: 4.960, 0.331
INFO [ParseReceivedData][1875] oblslot[6]: 4.960, -3.413
INFO [ParseReceivedData][1875] oblslot[6]: 1.068, -3.413
INFO [ParseReceivedData][1875] oblslot[6]: 1.068, -3.913
INFO [ParseReceivedData][1990] slot_type: 2
INFO [ParseReceivedData][1991] target_dir: 0
INFO [ParseReceivedData][1992] start: 3.696 -1.332 3.127
INFO [ParseReceivedData][1993] end: -0.496 -1.691 2.964
INFO [HybridAStarPlan][2220] -------------------1-------------------
INFO [RSCurveQuickCalTraj][1197] RS cal time: 1.534ms
INFO [HybridAStarPlan][2231] 1_result: 1   (16)
INFO [HybridAStarPlan][2298] path send success 16
INFO [HybridAStarPlan][2315] traj: [0]	 x:3.696	 y:-1.332	 phi:179.164
INFO [HybridAStarPlan][2315] traj: [1]	 x:3.396	 y:-1.337	 phi:-177.117
INFO [HybridAStarPlan][2315] traj: [2]	 x:3.097	 y:-1.362	 phi:-173.398
INFO [HybridAStarPlan][2315] traj: [3]	 x:2.801	 y:-1.406	 phi:-170.271
INFO [HybridAStarPlan][2315] traj: [4]	 x:2.505	 y:-1.456	 phi:-170.271
INFO [HybridAStarPlan][2315] traj: [5]	 x:2.209	 y:-1.507	 phi:-170.271
INFO [HybridAStarPlan][2315] traj: [6]	 x:1.914	 y:-1.558	 phi:-170.271
INFO [HybridAStarPlan][2315] traj: [7]	 x:1.618	 y:-1.609	 phi:-170.271
INFO [HybridAStarPlan][2315] traj: [8]	 x:1.322	 y:-1.659	 phi:-170.271
INFO [HybridAStarPlan][2315] traj: [9]	 x:1.026	 y:-1.709	 phi:-171.220
INFO [HybridAStarPlan][2315] traj: [10]	 x:0.729	 y:-1.745	 phi:-174.940
INFO [HybridAStarPlan][2315] traj: [11]	 x:0.429	 y:-1.762	 phi:-178.659
INFO [HybridAStarPlan][2315] traj: [12]	 x:0.129	 y:-1.759	 phi:177.622
INFO [HybridAStarPlan][2315] traj: [13]	 x:-0.170	 y:-1.737	 phi:173.903
INFO [HybridAStarPlan][2315] traj: [14]	 x:-0.467	 y:-1.696	 phi:170.184
INFO [HybridAStarPlan][2315] traj: [15]	 x:-0.496	 y:-1.691	 phi:169.819

