Received data from command line argument, length: 534
<<<<<<<<<<<<<<<<  ID: 2a946799ee42  <<<<<<<<<<<<<<<<
INFO [ParseReceivedData][1838] plan_cnt: 2
INFO [ParseReceivedData][1840] xybounds: xmin: -9  xmax: 5  ymin: -5  ymax: 9
INFO [ParseReceivedData][1841] radarnums: 0  sidenums:0
INFO [ParseReceivedData][1842] endpos_correct_flag: 0
INFO [ParseReceivedData][1875] oblslot[6]: -1.154, 0.702
INFO [ParseReceivedData][1875] oblslot[6]: -1.154, -0.298
INFO [ParseReceivedData][1875] oblslot[6]: 4.960, -0.298
INFO [ParseReceivedData][1875] oblslot[6]: 4.960, -2.721
INFO [ParseReceivedData][1875] oblslot[6]: 1.153, -2.721
INFO [ParseReceivedData][1875] oblslot[6]: 1.153, -3.221
INFO [ParseReceivedData][1990] slot_type: 2
INFO [ParseReceivedData][1991] target_dir: 1
INFO [ParseReceivedData][1992] start: 3.200 -1.459 3.159
INFO [ParseReceivedData][1993] end: -4.624 0.199 2.544
INFO [HybridAStarPlan][2220] -------------------1-------------------
INFO [APAPathPlanningConvertArcSegmentToPoints][1303] -4.624  0.199  145.766
INFO [APAPathPlanningConvertArcSegmentToPoints][1303] -4.374  0.034  147.521
INFO [APAPathPlanningConvertArcSegmentToPoints][1303] -4.118  -0.123  149.276
INFO [APAPathPlanningConvertArcSegmentToPoints][1303] -3.858  -0.272  151.031
INFO [APAPathPlanningConvertArcSegmentToPoints][1303] -3.593  -0.414  152.786
INFO [APAPathPlanningConvertArcSegmentToPoints][1303] -3.324  -0.547  154.541
INFO [APAPathPlanningConvertArcSegmentToPoints][1303] -3.052  -0.671  156.295
INFO [APAPathPlanningConvertArcSegmentToPoints][1303] -2.775  -0.788  158.050
INFO [APAPathPlanningConvertArcSegmentToPoints][1303] -2.495  -0.896  159.805
INFO [APAPathPlanningConvertArcSegmentToPoints][1303] -2.212  -0.995  161.560
INFO [APAPathPlanningConvertArcSegmentToPoints][1303] -1.926  -1.085  163.315
INFO [APAPathPlanningConvertArcSegmentToPoints][1303] -1.637  -1.167  165.070
INFO [APAPathPlanningConvertArcSegmentToPoints][1303] -1.346  -1.240  166.825
INFO [APAPathPlanningConvertArcSegmentToPoints][1303] -1.053  -1.304  168.580
INFO [APAPathPlanningConvertArcSegmentToPoints][1303] -0.758  -1.359  170.334
INFO [APAPathPlanningConvertArcSegmentToPoints][1303] -0.462  -1.405  172.089
INFO [APAPathPlanningConvertArcSegmentToPoints][1303] -0.164  -1.441  173.844
INFO [APAPathPlanningConvertArcSegmentToPoints][1303] 0.135  -1.469  175.599
INFO [APAPathPlanningConvertArcSegmentToPoints][1303] 0.434  -1.487  177.354
INFO [APAPathPlanningConvertArcSegmentToPoints][1303] 0.734  -1.497  179.109
INFO [APAPathPlanningConvertArcSegmentToPoints][1303] 1.034  -1.497  180.864
INFO [APAPathPlanningConvertArcSegmentToPoints][1313] 1.055  -1.496  180.986
INFO [OneCircleTrajCal][1440] num: 22
INFO [OneCircleToEndPosLineCalTraj][1534] CE cal time: 1.354ms
INFO [HybridAStarPlan][2225] 0_result: 0   (0)
INFO [RSCurveQuickCalTraj][1197] RS cal time: 0.532ms
INFO [HybridAStarPlan][2231] 1_result: 1   (29)
INFO [HybridAStarPlan][2298] path send success 29
INFO [HybridAStarPlan][2315] traj: [0]	 x:3.200	 y:-1.459	 phi:-179.014
INFO [HybridAStarPlan][2315] traj: [1]	 x:2.900	 y:-1.465	 phi:-179.014
INFO [HybridAStarPlan][2315] traj: [2]	 x:2.600	 y:-1.470	 phi:-179.014
INFO [HybridAStarPlan][2315] traj: [3]	 x:2.300	 y:-1.475	 phi:-179.014
INFO [HybridAStarPlan][2315] traj: [4]	 x:2.000	 y:-1.480	 phi:-179.014
INFO [HybridAStarPlan][2315] traj: [5]	 x:1.700	 y:-1.485	 phi:-179.014
INFO [HybridAStarPlan][2315] traj: [6]	 x:1.400	 y:-1.490	 phi:-179.014
INFO [HybridAStarPlan][2315] traj: [7]	 x:1.100	 y:-1.496	 phi:-179.014
INFO [HybridAStarPlan][2315] traj: [8]	 x:0.800	 y:-1.501	 phi:-179.014
INFO [HybridAStarPlan][2315] traj: [9]	 x:0.500	 y:-1.506	 phi:-179.014
INFO [HybridAStarPlan][2315] traj: [10]	 x:0.200	 y:-1.511	 phi:-179.014
INFO [HybridAStarPlan][2315] traj: [11]	 x:-0.100	 y:-1.516	 phi:-179.014
INFO [HybridAStarPlan][2315] traj: [12]	 x:-0.400	 y:-1.521	 phi:-179.014
INFO [HybridAStarPlan][2315] traj: [13]	 x:-0.700	 y:-1.525	 phi:179.591
INFO [HybridAStarPlan][2315] traj: [14]	 x:-0.999	 y:-1.513	 phi:175.872
INFO [HybridAStarPlan][2315] traj: [15]	 x:-1.298	 y:-1.482	 phi:172.153
INFO [HybridAStarPlan][2315] traj: [16]	 x:-1.593	 y:-1.431	 phi:168.434
INFO [HybridAStarPlan][2315] traj: [17]	 x:-1.885	 y:-1.362	 phi:164.715
INFO [HybridAStarPlan][2315] traj: [18]	 x:-2.172	 y:-1.273	 phi:160.995
INFO [HybridAStarPlan][2315] traj: [19]	 x:-2.452	 y:-1.167	 phi:157.276
INFO [HybridAStarPlan][2315] traj: [20]	 x:-2.725	 y:-1.042	 phi:153.557
INFO [HybridAStarPlan][2315] traj: [21]	 x:-2.989	 y:-0.900	 phi:149.838
INFO [HybridAStarPlan][2315] traj: [22]	 x:-3.243	 y:-0.740	 phi:146.119
INFO [HybridAStarPlan][2315] traj: [23]	 x:-3.491	 y:-0.572	 phi:145.766
INFO [HybridAStarPlan][2315] traj: [24]	 x:-3.739	 y:-0.403	 phi:145.766
INFO [HybridAStarPlan][2315] traj: [25]	 x:-3.987	 y:-0.234	 phi:145.766
INFO [HybridAStarPlan][2315] traj: [26]	 x:-4.235	 y:-0.065	 phi:145.766
INFO [HybridAStarPlan][2315] traj: [27]	 x:-4.483	 y:0.103	 phi:145.766
INFO [HybridAStarPlan][2315] traj: [28]	 x:-4.624	 y:0.199	 phi:145.766

