Received data from command line argument, length: 925
<<<<<<<<<<<<<<<<  ID: d391f45ee37c  <<<<<<<<<<<<<<<<
INFO [ParseReceivedData][1838] plan_cnt: 4
INFO [ParseReceivedData][1840] xybounds: xmin: -9  xmax: 5  ymin: -5  ymax: 9
INFO [ParseReceivedData][1841] radarnums: 0  sidenums:0
INFO [ParseReceivedData][1842] endpos_correct_flag: 0
INFO [ParseReceivedData][1875] oblslot[6]: -1.060, 1.261
INFO [ParseReceivedData][1875] oblslot[6]: -1.060, 0.261
INFO [ParseReceivedData][1875] oblslot[6]: 4.960, 0.261
INFO [ParseReceivedData][1875] oblslot[6]: 4.960, -3.007
INFO [ParseReceivedData][1875] oblslot[6]: 1.981, -3.007
INFO [ParseReceivedData][1875] oblslot[6]: 1.981, -3.507
INFO [ParseReceivedData][1990] slot_type: 2
INFO [ParseReceivedData][1991] target_dir: 0
INFO [ParseReceivedData][1992] start: 3.698 -1.384 3.148
INFO [ParseReceivedData][1993] end: -0.075 -1.399 3.170
INFO [HybridAStarPlan][2220] -------------------1-------------------
INFO [RSCurveQuickCalTraj][1197] RS cal time: 0.918ms
INFO [HybridAStarPlan][2231] 1_result: 1   (14)
INFO [HybridAStarPlan][2298] path send success 14
INFO [HybridAStarPlan][2315] traj: [0]	 x:3.698	 y:-1.384	 phi:-179.622
INFO [HybridAStarPlan][2315] traj: [1]	 x:3.398	 y:-1.385	 phi:-179.908
INFO [HybridAStarPlan][2315] traj: [2]	 x:3.098	 y:-1.385	 phi:-179.908
INFO [HybridAStarPlan][2315] traj: [3]	 x:2.798	 y:-1.386	 phi:-179.908
INFO [HybridAStarPlan][2315] traj: [4]	 x:2.498	 y:-1.386	 phi:-179.908
INFO [HybridAStarPlan][2315] traj: [5]	 x:2.198	 y:-1.387	 phi:-179.908
INFO [HybridAStarPlan][2315] traj: [6]	 x:1.898	 y:-1.387	 phi:-179.908
INFO [HybridAStarPlan][2315] traj: [7]	 x:1.598	 y:-1.388	 phi:-179.908
INFO [HybridAStarPlan][2315] traj: [8]	 x:1.298	 y:-1.388	 phi:-179.908
INFO [HybridAStarPlan][2315] traj: [9]	 x:0.998	 y:-1.389	 phi:-179.908
INFO [HybridAStarPlan][2315] traj: [10]	 x:0.698	 y:-1.389	 phi:-179.908
INFO [HybridAStarPlan][2315] traj: [11]	 x:0.398	 y:-1.390	 phi:-179.473
INFO [HybridAStarPlan][2315] traj: [12]	 x:0.098	 y:-1.395	 phi:-178.775
INFO [HybridAStarPlan][2315] traj: [13]	 x:-0.075	 y:-1.399	 phi:-178.373

