Received data from command line argument, length: 1296
<<<<<<<<<<<<<<<<  ID: 60bf64e63056  <<<<<<<<<<<<<<<<
INFO [ParseReceivedData][1838] plan_cnt: 1
INFO [ParseReceivedData][1840] xybounds: xmin: -6  xmax: 3  ymin: -8  ymax: 8
INFO [ParseReceivedData][1841] radarnums: 0  sidenums:0
INFO [ParseReceivedData][1842] endpos_correct_flag: 0
INFO [ParseReceivedData][1875] oblslot[6]: -0.100, 2.400
INFO [ParseReceivedData][1875] oblslot[6]: -0.100, 0.400
INFO [ParseReceivedData][1875] oblslot[6]: 2.651, 0.400
INFO [ParseReceivedData][1875] oblslot[6]: 2.560, -7.244
INFO [ParseReceivedData][1875] oblslot[6]: 0.200, -7.244
INFO [ParseReceivedData][1875] oblslot[6]: 0.200, -9.244
INFO [ParseReceivedData][1990] slot_type: 1
INFO [ParseReceivedData][1991] target_dir: 3
INFO [ParseReceivedData][1992] start: 1.267 -5.039 1.556
INFO [ParseReceivedData][1993] end: 1.210 -4.626 2.085
INFO [HybridAStarPlan][2164] 0_start: 1.2670 -5.0394 1.5558
INFO [HybridAStarPlan][2212] 1_start: 1.3249 -5.7690 1.7143
INFO [HybridAStarPlan][2220] -------------------1-------------------
INFO [RSCurveQuickCalTraj][1197] RS cal time: 1.1570ms
INFO [HybridAStarPlan][2231] 1_result: 1   (15)
INFO [HybridAStarPlan][2298] path send success 17
INFO [HybridAStarPlan][2315] traj: [0]	 x:1.268	 y:-4.939	 phi:89.141
INFO [HybridAStarPlan][2315] traj: [1]	 x:1.267	 y:-5.039	 phi:89.141
INFO [HybridAStarPlan][2315] traj: [2]	 x:1.311	 y:-5.670	 phi:98.221
INFO [HybridAStarPlan][2315] traj: [3]	 x:1.325	 y:-5.769	 phi:98.221
INFO [HybridAStarPlan][2315] traj: [4]	 x:1.282	 y:-5.472	 phi:98.486
INFO [HybridAStarPlan][2315] traj: [5]	 x:1.231	 y:-5.176	 phi:100.970
INFO [HybridAStarPlan][2315] traj: [6]	 x:1.168	 y:-4.883	 phi:103.453
INFO [HybridAStarPlan][2315] traj: [7]	 x:1.092	 y:-4.593	 phi:105.936
INFO [HybridAStarPlan][2315] traj: [8]	 x:1.003	 y:-4.306	 phi:108.420
INFO [HybridAStarPlan][2315] traj: [9]	 x:0.902	 y:-4.024	 phi:110.903
INFO [HybridAStarPlan][2315] traj: [10]	 x:0.791	 y:-3.745	 phi:111.386
INFO [HybridAStarPlan][2315] traj: [11]	 x:0.906	 y:-4.022	 phi:113.870
INFO [HybridAStarPlan][2315] traj: [12]	 x:1.034	 y:-4.294	 phi:116.353
INFO [HybridAStarPlan][2315] traj: [13]	 x:1.173	 y:-4.560	 phi:118.836
INFO [HybridAStarPlan][2315] traj: [14]	 x:1.210	 y:-4.626	 phi:119.468

