Received data from command line argument, length: 474
<<<<<<<<<<<<<<<<  ID: 3350195db571  <<<<<<<<<<<<<<<<
INFO [ParseReceivedData][1838] plan_cnt: 1
INFO [ParseReceivedData][1840] xybounds: xmin: -9  xmax: 5  ymin: -5  ymax: 9
INFO [ParseReceivedData][1841] radarnums: 0  sidenums:0
INFO [ParseReceivedData][1842] endpos_correct_flag: 0
INFO [ParseReceivedData][1875] oblslot[6]: 1.232, 3.324
INFO [ParseReceivedData][1875] oblslot[6]: 1.225, 2.324
INFO [ParseReceivedData][1875] oblslot[6]: 4.960, 2.324
INFO [ParseReceivedData][1875] oblslot[6]: 4.960, -4.770
INFO [ParseReceivedData][1875] oblslot[6]: 0.973, -4.770
INFO [ParseReceivedData][1875] oblslot[6]: 0.973, -5.270
INFO [ParseReceivedData][1990] slot_type: 2
INFO [ParseReceivedData][1991] target_dir: 0
INFO [ParseReceivedData][1992] start: 3.695 -1.056 3.145
INFO [ParseReceivedData][1993] end: 1.248 -0.747 2.885
INFO [HybridAStarPlan][2220] -------------------1-------------------
INFO [RSCurveQuickCalTraj][1197] RS cal time: 1.212ms
INFO [HybridAStarPlan][2231] 1_result: 1   (10)
INFO [HybridAStarPlan][2298] path send success 10
INFO [HybridAStarPlan][2315] traj: [0]	 x:3.695	 y:-1.056	 phi:-179.834
INFO [HybridAStarPlan][2315] traj: [1]	 x:3.396	 y:-1.050	 phi:177.571
INFO [HybridAStarPlan][2315] traj: [2]	 x:3.096	 y:-1.030	 phi:174.975
INFO [HybridAStarPlan][2315] traj: [3]	 x:2.798	 y:-0.997	 phi:173.015
INFO [HybridAStarPlan][2315] traj: [4]	 x:2.500	 y:-0.961	 phi:173.015
INFO [HybridAStarPlan][2315] traj: [5]	 x:2.202	 y:-0.924	 phi:173.015
INFO [HybridAStarPlan][2315] traj: [6]	 x:1.905	 y:-0.884	 phi:171.107
INFO [HybridAStarPlan][2315] traj: [7]	 x:1.610	 y:-0.831	 phi:168.512
INFO [HybridAStarPlan][2315] traj: [8]	 x:1.317	 y:-0.765	 phi:165.916
INFO [HybridAStarPlan][2315] traj: [9]	 x:1.248	 y:-0.747	 phi:165.293

