Received data from command line argument, length: 708
<<<<<<<<<<<<<<<<  ID: 45d1ef29c953  <<<<<<<<<<<<<<<<
INFO [ParseReceivedData][1838] plan_cnt: 1
INFO [ParseReceivedData][1840] xybounds: xmin: -9  xmax: 5  ymin: -5  ymax: 9
INFO [ParseReceivedData][1841] radarnums: 0  sidenums:0
INFO [ParseReceivedData][1842] endpos_correct_flag: 0
INFO [ParseReceivedData][1875] oblslot[6]: -0.730, 1.453
INFO [ParseReceivedData][1875] oblslot[6]: -0.730, 0.453
INFO [ParseReceivedData][1875] oblslot[6]: 4.960, 0.453
INFO [ParseReceivedData][1875] oblslot[6]: 4.960, -5.087
INFO [ParseReceivedData][1875] oblslot[6]: 0.865, -5.087
INFO [ParseReceivedData][1875] oblslot[6]: 0.865, -5.587
INFO [ParseReceivedData][1990] slot_type: 2
INFO [ParseReceivedData][1991] target_dir: 0
INFO [ParseReceivedData][1992] start: 3.697 -1.212 3.134
INFO [ParseReceivedData][1993] end: -0.486 -1.009 2.903
INFO [HybridAStarPlan][2220] -------------------1-------------------
INFO [RSCurveQuickCalTraj][1197] RS cal time: 1.199ms
INFO [HybridAStarPlan][2231] 1_result: 1   (15)
INFO [HybridAStarPlan][2298] path send success 15
INFO [HybridAStarPlan][2315] traj: [0]	 x:3.697	 y:-1.212	 phi:179.571
INFO [HybridAStarPlan][2315] traj: [1]	 x:3.397	 y:-1.210	 phi:179.571
INFO [HybridAStarPlan][2315] traj: [2]	 x:3.097	 y:-1.208	 phi:179.571
INFO [HybridAStarPlan][2315] traj: [3]	 x:2.797	 y:-1.205	 phi:179.571
INFO [HybridAStarPlan][2315] traj: [4]	 x:2.497	 y:-1.203	 phi:179.571
INFO [HybridAStarPlan][2315] traj: [5]	 x:2.197	 y:-1.201	 phi:179.571
INFO [HybridAStarPlan][2315] traj: [6]	 x:1.897	 y:-1.199	 phi:179.571
INFO [HybridAStarPlan][2315] traj: [7]	 x:1.597	 y:-1.196	 phi:179.571
INFO [HybridAStarPlan][2315] traj: [8]	 x:1.297	 y:-1.194	 phi:179.571
INFO [HybridAStarPlan][2315] traj: [9]	 x:0.997	 y:-1.192	 phi:179.571
INFO [HybridAStarPlan][2315] traj: [10]	 x:0.697	 y:-1.185	 phi:177.268
INFO [HybridAStarPlan][2315] traj: [11]	 x:0.398	 y:-1.163	 phi:174.413
INFO [HybridAStarPlan][2315] traj: [12]	 x:0.100	 y:-1.126	 phi:171.559
INFO [HybridAStarPlan][2315] traj: [13]	 x:-0.195	 y:-1.075	 phi:168.704
INFO [HybridAStarPlan][2315] traj: [14]	 x:-0.486	 y:-1.009	 phi:166.318

