Received data from command line argument, length: 865
<<<<<<<<<<<<<<<<  ID: a03fc751efba  <<<<<<<<<<<<<<<<
INFO [ParseReceivedData][1838] plan_cnt: 2
INFO [ParseReceivedData][1840] xybounds: xmin: -9  xmax: 5  ymin: -5  ymax: 9
INFO [ParseReceivedData][1841] radarnums: 0  sidenums:0
INFO [ParseReceivedData][1842] endpos_correct_flag: 0
INFO [ParseReceivedData][1875] oblslot[6]: -0.999, 2.023
INFO [ParseReceivedData][1875] oblslot[6]: -0.999, 1.023
INFO [ParseReceivedData][1875] oblslot[6]: 4.960, 1.023
INFO [ParseReceivedData][1875] oblslot[6]: 4.960, -3.630
INFO [ParseReceivedData][1875] oblslot[6]: 0.810, -3.630
INFO [ParseReceivedData][1875] oblslot[6]: 0.810, -4.130
INFO [ParseReceivedData][1990] slot_type: 2
INFO [ParseReceivedData][1991] target_dir: 0
INFO [ParseReceivedData][1992] start: 3.697 -1.207 3.135
INFO [ParseReceivedData][1993] end: -0.322 -0.979 2.874
INFO [HybridAStarPlan][2220] -------------------1-------------------
INFO [RSCurveQuickCalTraj][1197] RS cal time: 1.307ms
INFO [HybridAStarPlan][2231] 1_result: 1   (15)
INFO [HybridAStarPlan][2298] path send success 15
INFO [HybridAStarPlan][2315] traj: [0]	 x:3.697	 y:-1.207	 phi:179.605
INFO [HybridAStarPlan][2315] traj: [1]	 x:3.397	 y:-1.205	 phi:179.704
INFO [HybridAStarPlan][2315] traj: [2]	 x:3.097	 y:-1.203	 phi:179.704
INFO [HybridAStarPlan][2315] traj: [3]	 x:2.797	 y:-1.202	 phi:179.704
INFO [HybridAStarPlan][2315] traj: [4]	 x:2.497	 y:-1.200	 phi:179.704
INFO [HybridAStarPlan][2315] traj: [5]	 x:2.197	 y:-1.199	 phi:179.704
INFO [HybridAStarPlan][2315] traj: [6]	 x:1.897	 y:-1.197	 phi:179.704
INFO [HybridAStarPlan][2315] traj: [7]	 x:1.597	 y:-1.196	 phi:179.704
INFO [HybridAStarPlan][2315] traj: [8]	 x:1.297	 y:-1.194	 phi:179.704
INFO [HybridAStarPlan][2315] traj: [9]	 x:0.997	 y:-1.188	 phi:177.388
INFO [HybridAStarPlan][2315] traj: [10]	 x:0.698	 y:-1.167	 phi:174.534
INFO [HybridAStarPlan][2315] traj: [11]	 x:0.400	 y:-1.131	 phi:171.679
INFO [HybridAStarPlan][2315] traj: [12]	 x:0.104	 y:-1.080	 phi:168.825
INFO [HybridAStarPlan][2315] traj: [13]	 x:-0.188	 y:-1.014	 phi:165.970
INFO [HybridAStarPlan][2315] traj: [14]	 x:-0.322	 y:-0.979	 phi:164.651

