Received data from command line argument, length: 641
<<<<<<<<<<<<<<<<  ID: b086fde6f323  <<<<<<<<<<<<<<<<
INFO [ParseReceivedData][1838] plan_cnt: 2
INFO [ParseReceivedData][1840] xybounds: xmin: -9  xmax: 5  ymin: -5  ymax: 9
INFO [ParseReceivedData][1841] radarnums: 0  sidenums:0
INFO [ParseReceivedData][1842] endpos_correct_flag: 0
INFO [ParseReceivedData][1875] oblslot[6]: -1.139, 1.251
INFO [ParseReceivedData][1875] oblslot[6]: -1.139, 0.251
INFO [ParseReceivedData][1875] oblslot[6]: 4.960, 0.251
INFO [ParseReceivedData][1875] oblslot[6]: 4.960, -3.517
INFO [ParseReceivedData][1875] oblslot[6]: 1.520, -3.517
INFO [ParseReceivedData][1875] oblslot[6]: 1.520, -4.017
INFO [ParseReceivedData][1990] slot_type: 2
INFO [ParseReceivedData][1991] target_dir: 0
INFO [ParseReceivedData][1992] start: 3.696 -1.220 3.158
INFO [ParseReceivedData][1993] end: -0.484 -1.219 2.974
INFO [HybridAStarPlan][2220] -------------------1-------------------
INFO [RSCurveQuickCalTraj][1197] RS cal time: 1.307ms
INFO [HybridAStarPlan][2231] 1_result: 1   (15)
INFO [HybridAStarPlan][2298] path send success 15
INFO [HybridAStarPlan][2315] traj: [0]	 x:3.696	 y:-1.220	 phi:-179.060
INFO [HybridAStarPlan][2315] traj: [1]	 x:3.396	 y:-1.229	 phi:-177.442
INFO [HybridAStarPlan][2315] traj: [2]	 x:3.097	 y:-1.247	 phi:-175.824
INFO [HybridAStarPlan][2315] traj: [3]	 x:2.798	 y:-1.273	 phi:-174.592
INFO [HybridAStarPlan][2315] traj: [4]	 x:2.499	 y:-1.301	 phi:-174.592
INFO [HybridAStarPlan][2315] traj: [5]	 x:2.201	 y:-1.329	 phi:-175.082
INFO [HybridAStarPlan][2315] traj: [6]	 x:1.901	 y:-1.350	 phi:-176.701
INFO [HybridAStarPlan][2315] traj: [7]	 x:1.602	 y:-1.363	 phi:-178.319
INFO [HybridAStarPlan][2315] traj: [8]	 x:1.302	 y:-1.368	 phi:-179.937
INFO [HybridAStarPlan][2315] traj: [9]	 x:1.002	 y:-1.364	 phi:178.445
INFO [HybridAStarPlan][2315] traj: [10]	 x:0.702	 y:-1.352	 phi:176.827
INFO [HybridAStarPlan][2315] traj: [11]	 x:0.403	 y:-1.331	 phi:175.208
INFO [HybridAStarPlan][2315] traj: [12]	 x:0.104	 y:-1.301	 phi:173.590
INFO [HybridAStarPlan][2315] traj: [13]	 x:-0.193	 y:-1.264	 phi:171.972
INFO [HybridAStarPlan][2315] traj: [14]	 x:-0.484	 y:-1.219	 phi:170.386

