Received data from command line argument, length: 633
<<<<<<<<<<<<<<<<  ID: b26dee1753ce  <<<<<<<<<<<<<<<<
INFO [ParseReceivedData][1838] plan_cnt: 1
INFO [ParseReceivedData][1840] xybounds: xmin: -6  xmax: 3  ymin: -8  ymax: 8
INFO [ParseReceivedData][1841] radarnums: 0  sidenums:0
INFO [ParseReceivedData][1842] endpos_correct_flag: 0
INFO [ParseReceivedData][1875] oblslot[6]: -0.100, 3.200
INFO [ParseReceivedData][1875] oblslot[6]: -0.100, 1.200
INFO [ParseReceivedData][1875] oblslot[6]: 2.648, 1.200
INFO [ParseReceivedData][1875] oblslot[6]: 2.651, -7.178
INFO [ParseReceivedData][1875] oblslot[6]: 0.200, -7.178
INFO [ParseReceivedData][1875] oblslot[6]: 0.200, -9.178
INFO [ParseReceivedData][1990] slot_type: 1
INFO [ParseReceivedData][1991] target_dir: 3
INFO [ParseReceivedData][1992] start: 1.212 -4.813 1.571
INFO [ParseReceivedData][1993] end: 1.421 -5.162 1.993
INFO [HybridAStarPlan][2164] 0_start: 1.2123 -4.8131 1.5714
INFO [HybridAStarPlan][2212] 1_start: 1.2988 -5.7030 1.7651
INFO [KeyNodeCheckValid][1110] false rs end
INFO [HybridAStarPlan][2220] -------------------0-------------------
INFO [GenerateDpMap][194] map explored node: 2045
INFO [Plan][681] map time: 39ms
INFO [Plan][746] explored_node_num:0
INFO [Plan][747] heuristic time is 0.0000ms.
INFO [Plan][748] reed shepp time is 0.0000ms.
INFO [Plan][749] total time: 39ms
INFO [HybridAStarPlan][2243] 2_result: 1   (15)
INFO [HybridAStarPlan][2298] path send success 17
INFO [HybridAStarPlan][2315] traj: [0]	 x:1.212	 y:-4.713	 phi:90.035
INFO [HybridAStarPlan][2315] traj: [1]	 x:1.212	 y:-4.813	 phi:90.035
INFO [HybridAStarPlan][2315] traj: [2]	 x:1.279	 y:-5.605	 phi:101.133
INFO [HybridAStarPlan][2315] traj: [3]	 x:1.299	 y:-5.703	 phi:101.133
INFO [HybridAStarPlan][2315] traj: [4]	 x:1.248	 y:-5.407	 phi:98.609
INFO [HybridAStarPlan][2315] traj: [5]	 x:1.203	 y:-5.111	 phi:98.609
INFO [HybridAStarPlan][2315] traj: [6]	 x:1.158	 y:-4.814	 phi:98.609
INFO [HybridAStarPlan][2315] traj: [7]	 x:1.113	 y:-4.518	 phi:98.609
INFO [HybridAStarPlan][2315] traj: [8]	 x:1.064	 y:-4.222	 phi:100.698
INFO [HybridAStarPlan][2315] traj: [9]	 x:1.002	 y:-3.929	 phi:103.406
INFO [HybridAStarPlan][2315] traj: [10]	 x:1.078	 y:-4.220	 phi:105.890
INFO [HybridAStarPlan][2315] traj: [11]	 x:1.166	 y:-4.506	 phi:108.373
INFO [HybridAStarPlan][2315] traj: [12]	 x:1.267	 y:-4.789	 phi:110.856
INFO [HybridAStarPlan][2315] traj: [13]	 x:1.379	 y:-5.067	 phi:113.340
INFO [HybridAStarPlan][2315] traj: [14]	 x:1.421	 y:-5.162	 phi:114.202

