Received data from command line argument, length: 744
<<<<<<<<<<<<<<<<  ID: 92bca9effb91  <<<<<<<<<<<<<<<<
INFO [ParseReceivedData][1838] plan_cnt: 3
INFO [ParseReceivedData][1840] xybounds: xmin: -9  xmax: 5  ymin: -5  ymax: 9
INFO [ParseReceivedData][1841] radarnums: 0  sidenums:0
INFO [ParseReceivedData][1842] endpos_correct_flag: 0
INFO [ParseReceivedData][1875] oblslot[6]: -1.301, 0.975
INFO [ParseReceivedData][1875] oblslot[6]: -1.301, -0.025
INFO [ParseReceivedData][1875] oblslot[6]: 4.960, -0.025
INFO [ParseReceivedData][1875] oblslot[6]: 4.960, -3.584
INFO [ParseReceivedData][1875] oblslot[6]: 0.200, -3.584
INFO [ParseReceivedData][1875] oblslot[6]: 0.200, -4.084
INFO [ParseReceivedData][1990] slot_type: 2
INFO [ParseReceivedData][1991] target_dir: 0
INFO [ParseReceivedData][1992] start: 3.698 -1.358 3.153
INFO [ParseReceivedData][1993] end: -0.498 -1.687 3.085
INFO [HybridAStarPlan][2220] -------------------1-------------------
INFO [RSCurveQuickCalTraj][1197] RS cal time: 1.213ms
INFO [HybridAStarPlan][2231] 1_result: 1   (16)
INFO [HybridAStarPlan][2298] path send success 16
INFO [HybridAStarPlan][2315] traj: [0]	 x:3.698	 y:-1.358	 phi:-179.364
INFO [HybridAStarPlan][2315] traj: [1]	 x:3.398	 y:-1.369	 phi:-176.509
INFO [HybridAStarPlan][2315] traj: [2]	 x:3.099	 y:-1.395	 phi:-174.153
INFO [HybridAStarPlan][2315] traj: [3]	 x:2.801	 y:-1.425	 phi:-174.153
INFO [HybridAStarPlan][2315] traj: [4]	 x:2.502	 y:-1.456	 phi:-174.153
INFO [HybridAStarPlan][2315] traj: [5]	 x:2.204	 y:-1.486	 phi:-174.153
INFO [HybridAStarPlan][2315] traj: [6]	 x:1.905	 y:-1.517	 phi:-174.153
INFO [HybridAStarPlan][2315] traj: [7]	 x:1.607	 y:-1.548	 phi:-174.153
INFO [HybridAStarPlan][2315] traj: [8]	 x:1.308	 y:-1.578	 phi:-174.153
INFO [HybridAStarPlan][2315] traj: [9]	 x:1.010	 y:-1.609	 phi:-174.153
INFO [HybridAStarPlan][2315] traj: [10]	 x:0.712	 y:-1.639	 phi:-174.153
INFO [HybridAStarPlan][2315] traj: [11]	 x:0.413	 y:-1.670	 phi:-174.577
INFO [HybridAStarPlan][2315] traj: [12]	 x:0.114	 y:-1.690	 phi:-177.432
INFO [HybridAStarPlan][2315] traj: [13]	 x:-0.186	 y:-1.696	 phi:179.714
INFO [HybridAStarPlan][2315] traj: [14]	 x:-0.486	 y:-1.687	 phi:176.859
INFO [HybridAStarPlan][2315] traj: [15]	 x:-0.498	 y:-1.687	 phi:176.740

