Received data from command line argument, length: 247
<<<<<<<<<<<<<<<<  ID: f715056b5efb  <<<<<<<<<<<<<<<<
INFO [ParseReceivedData][1838] plan_cnt: 2
INFO [ParseReceivedData][1840] xybounds: xmin: -9  xmax: 5  ymin: -5  ymax: 9
INFO [ParseReceivedData][1841] radarnums: 0  sidenums:0
INFO [ParseReceivedData][1842] endpos_correct_flag: 0
INFO [ParseReceivedData][1875] oblslot[6]: 0.766, 1.162
INFO [ParseReceivedData][1875] oblslot[6]: 0.766, 0.162
INFO [ParseReceivedData][1875] oblslot[6]: 5.382, 0.162
INFO [ParseReceivedData][1875] oblslot[6]: 5.317, -2.529
INFO [ParseReceivedData][1875] oblslot[6]: 0.518, -2.529
INFO [ParseReceivedData][1875] oblslot[6]: 0.518, -3.029
INFO [ParseReceivedData][1990] slot_type: 2
INFO [ParseReceivedData][1991] target_dir: 0
INFO [ParseReceivedData][1992] start: 3.696 -1.307 3.116
INFO [ParseReceivedData][1993] end: 3.004 -1.282 3.142
INFO [HybridAStarPlan][2220] -------------------1-------------------
INFO [RSCurveQuickCalTraj][1197] RS cal time: 0.839ms
INFO [HybridAStarPlan][2231] 1_result: 1   (11)
INFO [HybridAStarPlan][2298] path send success 12
INFO [HybridAStarPlan][2315] traj: [0]	 x:3.696	 y:-1.307	 phi:178.557
INFO [HybridAStarPlan][2315] traj: [1]	 x:3.396	 y:-1.299	 phi:178.557
INFO [HybridAStarPlan][2315] traj: [2]	 x:3.096	 y:-1.292	 phi:178.557
INFO [HybridAStarPlan][2315] traj: [3]	 x:2.796	 y:-1.284	 phi:178.557
INFO [HybridAStarPlan][2315] traj: [4]	 x:2.496	 y:-1.277	 phi:178.557
INFO [HybridAStarPlan][2315] traj: [5]	 x:2.196	 y:-1.269	 phi:178.557
INFO [HybridAStarPlan][2315] traj: [6]	 x:1.897	 y:-1.257	 phi:177.428
INFO [HybridAStarPlan][2315] traj: [7]	 x:2.196	 y:-1.269	 phi:178.126
INFO [HybridAStarPlan][2315] traj: [8]	 x:2.496	 y:-1.277	 phi:178.824
INFO [HybridAStarPlan][2315] traj: [9]	 x:2.796	 y:-1.281	 phi:179.523
INFO [HybridAStarPlan][2315] traj: [10]	 x:3.004	 y:-1.282	 phi:-179.994

