Received data from command line argument, length: 1339
<<<<<<<<<<<<<<<<  ID: 73571b41cc42  <<<<<<<<<<<<<<<<
INFO [ParseReceivedData][1838] plan_cnt: 2
INFO [ParseReceivedData][1840] xybounds: xmin: -9  xmax: 5  ymin: -5  ymax: 9
INFO [ParseReceivedData][1841] radarnums: 0  sidenums:0
INFO [ParseReceivedData][1842] endpos_correct_flag: 0
INFO [ParseReceivedData][1875] oblslot[6]: 0.286, 1.282
INFO [ParseReceivedData][1875] oblslot[6]: 0.286, 0.282
INFO [ParseReceivedData][1875] oblslot[6]: 4.960, 0.282
INFO [ParseReceivedData][1875] oblslot[6]: 4.960, -4.728
INFO [ParseReceivedData][1875] oblslot[6]: 0.561, -4.728
INFO [ParseReceivedData][1875] oblslot[6]: 0.561, -5.228
INFO [ParseReceivedData][1990] slot_type: 2
INFO [ParseReceivedData][1991] target_dir: 0
INFO [ParseReceivedData][1992] start: 3.697 -1.180 3.131
INFO [ParseReceivedData][1993] end: -0.450 -1.486 3.306
INFO [HybridAStarPlan][2220] -------------------1-------------------
INFO [RSCurveQuickCalTraj][1197] RS cal time: 1.181ms
INFO [HybridAStarPlan][2231] 1_result: 1   (15)
INFO [HybridAStarPlan][2298] path send success 15
INFO [HybridAStarPlan][2315] traj: [0]	 x:3.697	 y:-1.180	 phi:179.399
INFO [HybridAStarPlan][2315] traj: [1]	 x:3.397	 y:-1.179	 phi:-179.567
INFO [HybridAStarPlan][2315] traj: [2]	 x:3.097	 y:-1.184	 phi:-178.533
INFO [HybridAStarPlan][2315] traj: [3]	 x:2.797	 y:-1.195	 phi:-177.499
INFO [HybridAStarPlan][2315] traj: [4]	 x:2.497	 y:-1.210	 phi:-176.465
INFO [HybridAStarPlan][2315] traj: [5]	 x:2.198	 y:-1.230	 phi:-176.216
INFO [HybridAStarPlan][2315] traj: [6]	 x:1.899	 y:-1.250	 phi:-176.216
INFO [HybridAStarPlan][2315] traj: [7]	 x:1.599	 y:-1.270	 phi:-176.216
INFO [HybridAStarPlan][2315] traj: [8]	 x:1.300	 y:-1.289	 phi:-176.216
INFO [HybridAStarPlan][2315] traj: [9]	 x:1.001	 y:-1.310	 phi:-175.614
INFO [HybridAStarPlan][2315] traj: [10]	 x:0.702	 y:-1.336	 phi:-174.580
INFO [HybridAStarPlan][2315] traj: [11]	 x:0.403	 y:-1.367	 phi:-173.546
INFO [HybridAStarPlan][2315] traj: [12]	 x:0.106	 y:-1.403	 phi:-172.512
INFO [HybridAStarPlan][2315] traj: [13]	 x:-0.192	 y:-1.445	 phi:-171.478
INFO [HybridAStarPlan][2315] traj: [14]	 x:-0.450	 y:-1.486	 phi:-170.575

