Received data from command line argument, length: 925
<<<<<<<<<<<<<<<<  ID: 7b4500e5b391  <<<<<<<<<<<<<<<<
INFO [ParseReceivedData][1838] plan_cnt: 1
INFO [ParseReceivedData][1840] xybounds: xmin: -9  xmax: 5  ymin: -5  ymax: 9
INFO [ParseReceivedData][1841] radarnums: 0  sidenums:0
INFO [ParseReceivedData][1842] endpos_correct_flag: 0
INFO [ParseReceivedData][1875] oblslot[6]: 0.644, 2.147
INFO [ParseReceivedData][1875] oblslot[6]: 0.644, 1.147
INFO [ParseReceivedData][1875] oblslot[6]: 4.960, 1.147
INFO [ParseReceivedData][1875] oblslot[6]: 4.960, -2.517
INFO [ParseReceivedData][1875] oblslot[6]: -1.086, -2.517
INFO [ParseReceivedData][1875] oblslot[6]: -1.086, -3.017
INFO [ParseReceivedData][1990] slot_type: 2
INFO [ParseReceivedData][1991] target_dir: 1
INFO [ParseReceivedData][1992] start: 3.194 -1.274 3.109
INFO [ParseReceivedData][1993] end: -4.999 1.094 2.274
INFO [HybridAStarPlan][2220] -------------------1-------------------
INFO [APAPathPlanningConvertArcSegmentToPoints][1303] -4.999  1.094  130.285
INFO [APAPathPlanningConvertArcSegmentToPoints][1303] -4.800  0.870  132.977
INFO [APAPathPlanningConvertArcSegmentToPoints][1303] -4.591  0.655  135.669
INFO [APAPathPlanningConvertArcSegmentToPoints][1303] -4.371  0.451  138.362
INFO [APAPathPlanningConvertArcSegmentToPoints][1303] -4.142  0.257  141.054
INFO [APAPathPlanningConvertArcSegmentToPoints][1303] -3.905  0.074  143.746
INFO [APAPathPlanningConvertArcSegmentToPoints][1303] -3.659  -0.098  146.438
INFO [APAPathPlanningConvertArcSegmentToPoints][1303] -3.405  -0.258  149.131
INFO [APAPathPlanningConvertArcSegmentToPoints][1303] -3.144  -0.406  151.823
INFO [APAPathPlanningConvertArcSegmentToPoints][1303] -2.876  -0.541  154.515
INFO [APAPathPlanningConvertArcSegmentToPoints][1303] -2.602  -0.664  157.208
INFO [APAPathPlanningConvertArcSegmentToPoints][1303] -2.323  -0.773  159.900
INFO [APAPathPlanningConvertArcSegmentToPoints][1303] -2.039  -0.870  162.592
INFO [APAPathPlanningConvertArcSegmentToPoints][1303] -1.751  -0.953  165.284
INFO [APAPathPlanningConvertArcSegmentToPoints][1303] -1.459  -1.022  167.977
INFO [APAPathPlanningConvertArcSegmentToPoints][1303] -1.164  -1.078  170.669
INFO [APAPathPlanningConvertArcSegmentToPoints][1303] -0.867  -1.119  173.361
INFO [APAPathPlanningConvertArcSegmentToPoints][1303] -0.568  -1.147  176.053
INFO [APAPathPlanningConvertArcSegmentToPoints][1323] -0.337  -1.159  178.133
INFO [OneCircleTrajCal][1440] num: 20
INFO [OneCircleToEndPosLineCalTraj][1534] CE cal time: 0.649ms
INFO [HybridAStarPlan][2225] 0_result: 1   (20)
INFO [HybridAStarPlan][2298] path send success 20
INFO [HybridAStarPlan][2315] traj: [0]	 x:3.194	 y:-1.274	 phi:178.133
INFO [HybridAStarPlan][2315] traj: [1]	 x:-0.337	 y:-1.159	 phi:178.133
INFO [HybridAStarPlan][2315] traj: [2]	 x:-0.568	 y:-1.147	 phi:176.054
INFO [HybridAStarPlan][2315] traj: [3]	 x:-0.867	 y:-1.119	 phi:173.361
INFO [HybridAStarPlan][2315] traj: [4]	 x:-1.164	 y:-1.078	 phi:170.669
INFO [HybridAStarPlan][2315] traj: [5]	 x:-1.459	 y:-1.022	 phi:167.977
INFO [HybridAStarPlan][2315] traj: [6]	 x:-1.751	 y:-0.953	 phi:165.285
INFO [HybridAStarPlan][2315] traj: [7]	 x:-2.039	 y:-0.870	 phi:162.592
INFO [HybridAStarPlan][2315] traj: [8]	 x:-2.323	 y:-0.773	 phi:159.900
INFO [HybridAStarPlan][2315] traj: [9]	 x:-2.602	 y:-0.664	 phi:157.208
INFO [HybridAStarPlan][2315] traj: [10]	 x:-2.876	 y:-0.541	 phi:154.515
INFO [HybridAStarPlan][2315] traj: [11]	 x:-3.144	 y:-0.406	 phi:151.823
INFO [HybridAStarPlan][2315] traj: [12]	 x:-3.405	 y:-0.258	 phi:149.131
INFO [HybridAStarPlan][2315] traj: [13]	 x:-3.659	 y:-0.098	 phi:146.439
INFO [HybridAStarPlan][2315] traj: [14]	 x:-3.905	 y:0.074	 phi:143.746
INFO [HybridAStarPlan][2315] traj: [15]	 x:-4.142	 y:0.257	 phi:141.054
INFO [HybridAStarPlan][2315] traj: [16]	 x:-4.371	 y:0.451	 phi:138.362
INFO [HybridAStarPlan][2315] traj: [17]	 x:-4.591	 y:0.655	 phi:135.670
INFO [HybridAStarPlan][2315] traj: [18]	 x:-4.800	 y:0.870	 phi:132.977
INFO [HybridAStarPlan][2315] traj: [19]	 x:-4.999	 y:1.094	 phi:130.285

