Received data from command line argument, length: 810
<<<<<<<<<<<<<<<<  ID: 403fc49293a2  <<<<<<<<<<<<<<<<
INFO [ParseReceivedData][1838] plan_cnt: 2
INFO [ParseReceivedData][1840] xybounds: xmin: -9  xmax: 5  ymin: -5  ymax: 9
INFO [ParseReceivedData][1841] radarnums: 0  sidenums:0
INFO [ParseReceivedData][1842] endpos_correct_flag: 0
INFO [ParseReceivedData][1875] oblslot[6]: 1.141, 2.004
INFO [ParseReceivedData][1875] oblslot[6]: 1.141, 1.004
INFO [ParseReceivedData][1875] oblslot[6]: 4.960, 1.004
INFO [ParseReceivedData][1875] oblslot[6]: 4.960, -2.785
INFO [ParseReceivedData][1875] oblslot[6]: -0.732, -2.785
INFO [ParseReceivedData][1875] oblslot[6]: -0.732, -3.285
INFO [ParseReceivedData][1990] slot_type: 2
INFO [ParseReceivedData][1991] target_dir: 0
INFO [ParseReceivedData][1992] start: 3.690 -1.404 3.086
INFO [ParseReceivedData][1993] end: -0.490 -1.152 3.074
INFO [HybridAStarPlan][2220] -------------------1-------------------
INFO [RSCurveQuickCalTraj][1197] RS cal time: 1.174ms
INFO [HybridAStarPlan][2231] 1_result: 1   (15)
INFO [HybridAStarPlan][2298] path send success 15
INFO [HybridAStarPlan][2315] traj: [0]	 x:3.690	 y:-1.404	 phi:176.803
INFO [HybridAStarPlan][2315] traj: [1]	 x:3.390	 y:-1.389	 phi:177.502
INFO [HybridAStarPlan][2315] traj: [2]	 x:3.090	 y:-1.377	 phi:178.200
INFO [HybridAStarPlan][2315] traj: [3]	 x:2.790	 y:-1.366	 phi:177.524
INFO [HybridAStarPlan][2315] traj: [4]	 x:2.491	 y:-1.352	 phi:176.826
INFO [HybridAStarPlan][2315] traj: [5]	 x:2.191	 y:-1.333	 phi:176.128
INFO [HybridAStarPlan][2315] traj: [6]	 x:1.892	 y:-1.313	 phi:176.127
INFO [HybridAStarPlan][2315] traj: [7]	 x:1.593	 y:-1.293	 phi:176.127
INFO [HybridAStarPlan][2315] traj: [8]	 x:1.293	 y:-1.272	 phi:176.127
INFO [HybridAStarPlan][2315] traj: [9]	 x:0.994	 y:-1.252	 phi:176.127
INFO [HybridAStarPlan][2315] traj: [10]	 x:0.695	 y:-1.232	 phi:176.127
INFO [HybridAStarPlan][2315] traj: [11]	 x:0.395	 y:-1.212	 phi:176.127
INFO [HybridAStarPlan][2315] traj: [12]	 x:0.096	 y:-1.191	 phi:176.127
INFO [HybridAStarPlan][2315] traj: [13]	 x:-0.203	 y:-1.171	 phi:176.127
INFO [HybridAStarPlan][2315] traj: [14]	 x:-0.490	 y:-1.152	 phi:176.127

