Received data from command line argument, length: 1004
<<<<<<<<<<<<<<<<  ID: 6e2f9a644a13  <<<<<<<<<<<<<<<<
INFO [ParseReceivedData][1838] plan_cnt: 2
INFO [ParseReceivedData][1840] xybounds: xmin: -9  xmax: 5  ymin: -5  ymax: 9
INFO [ParseReceivedData][1841] radarnums: 0  sidenums:0
INFO [ParseReceivedData][1842] endpos_correct_flag: 0
INFO [ParseReceivedData][1875] oblslot[6]: 0.418, 1.366
INFO [ParseReceivedData][1875] oblslot[6]: 0.418, 0.366
INFO [ParseReceivedData][1875] oblslot[6]: 4.960, 0.366
INFO [ParseReceivedData][1875] oblslot[6]: 4.960, -4.817
INFO [ParseReceivedData][1875] oblslot[6]: 1.507, -4.817
INFO [ParseReceivedData][1875] oblslot[6]: 1.507, -5.317
INFO [ParseReceivedData][1990] slot_type: 2
INFO [ParseReceivedData][1991] target_dir: 0
INFO [ParseReceivedData][1992] start: 3.697 -1.096 3.148
INFO [ParseReceivedData][1993] end: -0.497 -1.680 3.273
INFO [HybridAStarPlan][2220] -------------------1-------------------
INFO [RSCurveQuickCalTraj][1197] RS cal time: 1.104ms
INFO [HybridAStarPlan][2231] 1_result: 1   (16)
INFO [HybridAStarPlan][2298] path send success 16
INFO [HybridAStarPlan][2315] traj: [0]	 x:3.697	 y:-1.096	 phi:-179.650
INFO [HybridAStarPlan][2315] traj: [1]	 x:3.397	 y:-1.103	 phi:-177.935
INFO [HybridAStarPlan][2315] traj: [2]	 x:3.097	 y:-1.118	 phi:-176.220
INFO [HybridAStarPlan][2315] traj: [3]	 x:2.798	 y:-1.142	 phi:-174.505
INFO [HybridAStarPlan][2315] traj: [4]	 x:2.500	 y:-1.175	 phi:-172.790
INFO [HybridAStarPlan][2315] traj: [5]	 x:2.203	 y:-1.217	 phi:-171.074
INFO [HybridAStarPlan][2315] traj: [6]	 x:1.907	 y:-1.268	 phi:-170.076
INFO [HybridAStarPlan][2315] traj: [7]	 x:1.612	 y:-1.319	 phi:-170.076
INFO [HybridAStarPlan][2315] traj: [8]	 x:1.316	 y:-1.371	 phi:-170.076
INFO [HybridAStarPlan][2315] traj: [9]	 x:1.021	 y:-1.423	 phi:-170.076
INFO [HybridAStarPlan][2315] traj: [10]	 x:0.725	 y:-1.474	 phi:-170.076
INFO [HybridAStarPlan][2315] traj: [11]	 x:0.429	 y:-1.526	 phi:-170.076
INFO [HybridAStarPlan][2315] traj: [12]	 x:0.134	 y:-1.578	 phi:-170.076
INFO [HybridAStarPlan][2315] traj: [13]	 x:-0.162	 y:-1.629	 phi:-170.512
INFO [HybridAStarPlan][2315] traj: [14]	 x:-0.458	 y:-1.674	 phi:-172.228
INFO [HybridAStarPlan][2315] traj: [15]	 x:-0.497	 y:-1.680	 phi:-172.454

