Received data from command line argument, length: 887
<<<<<<<<<<<<<<<<  ID: 5b46356b6f96  <<<<<<<<<<<<<<<<
INFO [ParseReceivedData][1838] plan_cnt: 1
INFO [ParseReceivedData][1840] xybounds: xmin: -9  xmax: 5  ymin: -5  ymax: 9
INFO [ParseReceivedData][1841] radarnums: 0  sidenums:0
INFO [ParseReceivedData][1842] endpos_correct_flag: 0
INFO [ParseReceivedData][1875] oblslot[6]: -0.986, 1.499
INFO [ParseReceivedData][1875] oblslot[6]: -0.986, 0.499
INFO [ParseReceivedData][1875] oblslot[6]: 4.960, 0.499
INFO [ParseReceivedData][1875] oblslot[6]: 4.960, -3.671
INFO [ParseReceivedData][1875] oblslot[6]: 0.839, -3.671
INFO [ParseReceivedData][1875] oblslot[6]: 0.839, -4.171
INFO [ParseReceivedData][1990] slot_type: 2
INFO [ParseReceivedData][1991] target_dir: 0
INFO [ParseReceivedData][1992] start: 3.697 -1.218 3.137
INFO [ParseReceivedData][1993] end: -0.491 -1.247 3.109
INFO [HybridAStarPlan][2220] -------------------1-------------------
INFO [RSCurveQuickCalTraj][1197] RS cal time: 1.409ms
INFO [HybridAStarPlan][2231] 1_result: 1   (15)
INFO [HybridAStarPlan][2298] path send success 15
INFO [HybridAStarPlan][2315] traj: [0]	 x:3.697	 y:-1.218	 phi:179.743
INFO [HybridAStarPlan][2315] traj: [1]	 x:3.397	 y:-1.219	 phi:-179.542
INFO [HybridAStarPlan][2315] traj: [2]	 x:3.097	 y:-1.223	 phi:-179.197
INFO [HybridAStarPlan][2315] traj: [3]	 x:2.797	 y:-1.227	 phi:-179.197
INFO [HybridAStarPlan][2315] traj: [4]	 x:2.497	 y:-1.231	 phi:-179.197
INFO [HybridAStarPlan][2315] traj: [5]	 x:2.197	 y:-1.235	 phi:-179.197
INFO [HybridAStarPlan][2315] traj: [6]	 x:1.897	 y:-1.240	 phi:-179.197
INFO [HybridAStarPlan][2315] traj: [7]	 x:1.597	 y:-1.244	 phi:-179.197
INFO [HybridAStarPlan][2315] traj: [8]	 x:1.297	 y:-1.248	 phi:-179.197
INFO [HybridAStarPlan][2315] traj: [9]	 x:0.997	 y:-1.252	 phi:-179.197
INFO [HybridAStarPlan][2315] traj: [10]	 x:0.697	 y:-1.256	 phi:-179.197
INFO [HybridAStarPlan][2315] traj: [11]	 x:0.397	 y:-1.259	 phi:-179.754
INFO [HybridAStarPlan][2315] traj: [12]	 x:0.097	 y:-1.259	 phi:179.531
INFO [HybridAStarPlan][2315] traj: [13]	 x:-0.203	 y:-1.255	 phi:178.816
INFO [HybridAStarPlan][2315] traj: [14]	 x:-0.491	 y:-1.247	 phi:178.127

