Received data from command line argument, length: 839
<<<<<<<<<<<<<<<<  ID: afaa32ef39dc  <<<<<<<<<<<<<<<<
INFO [ParseReceivedData][1838] plan_cnt: 2
INFO [ParseReceivedData][1840] xybounds: xmin: -9  xmax: 5  ymin: -5  ymax: 9
INFO [ParseReceivedData][1841] radarnums: 0  sidenums:0
INFO [ParseReceivedData][1842] endpos_correct_flag: 0
INFO [ParseReceivedData][1875] oblslot[6]: -1.155, 1.141
INFO [ParseReceivedData][1875] oblslot[6]: -1.155, 0.141
INFO [ParseReceivedData][1875] oblslot[6]: 4.960, 0.141
INFO [ParseReceivedData][1875] oblslot[6]: 4.960, -3.121
INFO [ParseReceivedData][1875] oblslot[6]: 0.947, -3.121
INFO [ParseReceivedData][1875] oblslot[6]: 0.947, -3.621
INFO [ParseReceivedData][1990] slot_type: 2
INFO [ParseReceivedData][1991] target_dir: 0
INFO [ParseReceivedData][1992] start: 3.696 -1.224 3.150
INFO [ParseReceivedData][1993] end: -0.400 -1.239 3.034
INFO [HybridAStarPlan][2220] -------------------1-------------------
INFO [RSCurveQuickCalTraj][1197] RS cal time: 1.292ms
INFO [HybridAStarPlan][2231] 1_result: 1   (15)
INFO [HybridAStarPlan][2298] path send success 15
INFO [HybridAStarPlan][2315] traj: [0]	 x:3.696	 y:-1.224	 phi:-179.518
INFO [HybridAStarPlan][2315] traj: [1]	 x:3.396	 y:-1.231	 phi:-178.528
INFO [HybridAStarPlan][2315] traj: [2]	 x:3.096	 y:-1.238	 phi:-178.528
INFO [HybridAStarPlan][2315] traj: [3]	 x:2.796	 y:-1.246	 phi:-178.528
INFO [HybridAStarPlan][2315] traj: [4]	 x:2.496	 y:-1.254	 phi:-178.528
INFO [HybridAStarPlan][2315] traj: [5]	 x:2.196	 y:-1.261	 phi:-178.528
INFO [HybridAStarPlan][2315] traj: [6]	 x:1.896	 y:-1.269	 phi:-178.528
INFO [HybridAStarPlan][2315] traj: [7]	 x:1.596	 y:-1.277	 phi:-178.528
INFO [HybridAStarPlan][2315] traj: [8]	 x:1.297	 y:-1.285	 phi:-178.528
INFO [HybridAStarPlan][2315] traj: [9]	 x:0.997	 y:-1.292	 phi:-178.528
INFO [HybridAStarPlan][2315] traj: [10]	 x:0.697	 y:-1.297	 phi:-179.908
INFO [HybridAStarPlan][2315] traj: [11]	 x:0.397	 y:-1.293	 phi:178.377
INFO [HybridAStarPlan][2315] traj: [12]	 x:0.097	 y:-1.280	 phi:176.662
INFO [HybridAStarPlan][2315] traj: [13]	 x:-0.202	 y:-1.258	 phi:174.946
INFO [HybridAStarPlan][2315] traj: [14]	 x:-0.400	 y:-1.239	 phi:173.813

