Received data from command line argument, length: 819
<<<<<<<<<<<<<<<<  ID: 934f472c4574  <<<<<<<<<<<<<<<<
INFO [ParseReceivedData][1838] plan_cnt: 2
INFO [ParseReceivedData][1840] xybounds: xmin: -6  xmax: 3  ymin: -8  ymax: 8
INFO [ParseReceivedData][1841] radarnums: 0  sidenums:0
INFO [ParseReceivedData][1842] endpos_correct_flag: 0
INFO [ParseReceivedData][1875] oblslot[6]: -0.100, 4.800
INFO [ParseReceivedData][1875] oblslot[6]: -0.100, 2.800
INFO [ParseReceivedData][1875] oblslot[6]: 2.635, 2.800
INFO [ParseReceivedData][1875] oblslot[6]: 2.542, -6.270
INFO [ParseReceivedData][1875] oblslot[6]: 0.200, -6.270
INFO [ParseReceivedData][1875] oblslot[6]: 0.200, -8.270
INFO [ParseReceivedData][1990] slot_type: 1
INFO [ParseReceivedData][1991] target_dir: 1
INFO [ParseReceivedData][1992] start: 1.249 -4.760 1.558
INFO [ParseReceivedData][1993] end: 0.556 -1.157 1.745
INFO [HybridAStarPlan][2164] 0_start: 1.2490 -4.7604 1.5575
INFO [HybridAStarPlan][2212] 1_start: 1.2490 -4.7604 1.5575
INFO [HybridAStarPlan][2220] -------------------1-------------------
INFO [OneCircleToEndPosLineCalTraj][1534] CE cal time: 0.0130ms
INFO [HybridAStarPlan][2225] 0_result: 0   (0)
INFO [RSCurveQuickCalTraj][1197] RS cal time: 0.6340ms
INFO [HybridAStarPlan][2231] 1_result: 1   (17)
INFO [HybridAStarPlan][2298] path send success 20
INFO [HybridAStarPlan][2315] traj: [0]	 x:1.250	 y:-4.660	 phi:89.238
INFO [HybridAStarPlan][2315] traj: [1]	 x:1.249	 y:-4.760	 phi:89.238
INFO [HybridAStarPlan][2315] traj: [2]	 x:1.250	 y:-4.660	 phi:89.238
INFO [HybridAStarPlan][2315] traj: [3]	 x:1.249	 y:-4.760	 phi:89.238
INFO [HybridAStarPlan][2315] traj: [4]	 x:1.246	 y:-4.460	 phi:91.722
INFO [HybridAStarPlan][2315] traj: [5]	 x:1.231	 y:-4.161	 phi:94.205
INFO [HybridAStarPlan][2315] traj: [6]	 x:1.203	 y:-3.862	 phi:96.688
INFO [HybridAStarPlan][2315] traj: [7]	 x:1.161	 y:-3.565	 phi:99.172
INFO [HybridAStarPlan][2315] traj: [8]	 x:1.107	 y:-3.270	 phi:101.655
INFO [HybridAStarPlan][2315] traj: [9]	 x:1.040	 y:-2.978	 phi:104.138
INFO [HybridAStarPlan][2315] traj: [10]	 x:0.960	 y:-2.688	 phi:106.343
INFO [HybridAStarPlan][2315] traj: [11]	 x:0.876	 y:-2.401	 phi:106.343
INFO [HybridAStarPlan][2315] traj: [12]	 x:0.792	 y:-2.113	 phi:106.343
INFO [HybridAStarPlan][2315] traj: [13]	 x:0.708	 y:-1.825	 phi:105.626
INFO [HybridAStarPlan][2315] traj: [14]	 x:0.633	 y:-1.534	 phi:103.143
INFO [HybridAStarPlan][2315] traj: [15]	 x:0.571	 y:-1.241	 phi:100.659
INFO [HybridAStarPlan][2315] traj: [16]	 x:0.556	 y:-1.157	 phi:99.958

