Received data from command line argument, length: 1725
<<<<<<<<<<<<<<<<  ID: 1063c862aadc  <<<<<<<<<<<<<<<<
INFO [ParseReceivedData][1838] plan_cnt: 2
INFO [ParseReceivedData][1840] xybounds: xmin: -9  xmax: 5  ymin: -5  ymax: 9
INFO [ParseReceivedData][1841] radarnums: 0  sidenums:0
INFO [ParseReceivedData][1842] endpos_correct_flag: 0
INFO [ParseReceivedData][1875] oblslot[6]: -1.442, 1.436
INFO [ParseReceivedData][1875] oblslot[6]: -1.442, 0.436
INFO [ParseReceivedData][1875] oblslot[6]: 4.960, 0.436
INFO [ParseReceivedData][1875] oblslot[6]: 4.960, -3.062
INFO [ParseReceivedData][1875] oblslot[6]: 1.105, -3.062
INFO [ParseReceivedData][1875] oblslot[6]: 1.105, -3.562
INFO [ParseReceivedData][1990] slot_type: 2
INFO [ParseReceivedData][1991] target_dir: 0
INFO [ParseReceivedData][1992] start: 3.697 -1.385 3.139
INFO [ParseReceivedData][1993] end: -0.498 -1.590 3.161
INFO [HybridAStarPlan][2220] -------------------1-------------------
INFO [RSCurveQuickCalTraj][1197] RS cal time: 1.233ms
INFO [HybridAStarPlan][2231] 1_result: 1   (16)
INFO [HybridAStarPlan][2298] path send success 16
INFO [HybridAStarPlan][2315] traj: [0]	 x:3.697	 y:-1.385	 phi:179.869
INFO [HybridAStarPlan][2315] traj: [1]	 x:3.397	 y:-1.386	 phi:-179.433
INFO [HybridAStarPlan][2315] traj: [2]	 x:3.097	 y:-1.391	 phi:-178.735
INFO [HybridAStarPlan][2315] traj: [3]	 x:2.797	 y:-1.399	 phi:-178.037
INFO [HybridAStarPlan][2315] traj: [4]	 x:2.498	 y:-1.411	 phi:-177.339
INFO [HybridAStarPlan][2315] traj: [5]	 x:2.198	 y:-1.427	 phi:-176.641
INFO [HybridAStarPlan][2315] traj: [6]	 x:1.899	 y:-1.447	 phi:-175.943
INFO [HybridAStarPlan][2315] traj: [7]	 x:1.599	 y:-1.469	 phi:-175.607
INFO [HybridAStarPlan][2315] traj: [8]	 x:1.300	 y:-1.492	 phi:-175.607
INFO [HybridAStarPlan][2315] traj: [9]	 x:1.001	 y:-1.515	 phi:-175.607
INFO [HybridAStarPlan][2315] traj: [10]	 x:0.702	 y:-1.537	 phi:-176.087
INFO [HybridAStarPlan][2315] traj: [11]	 x:0.403	 y:-1.556	 phi:-176.785
INFO [HybridAStarPlan][2315] traj: [12]	 x:0.103	 y:-1.571	 phi:-177.483
INFO [HybridAStarPlan][2315] traj: [13]	 x:-0.197	 y:-1.582	 phi:-178.181
INFO [HybridAStarPlan][2315] traj: [14]	 x:-0.497	 y:-1.590	 phi:-178.879
INFO [HybridAStarPlan][2315] traj: [15]	 x:-0.498	 y:-1.590	 phi:-178.882

