Received data from command line argument, length: 803
<<<<<<<<<<<<<<<<  ID: 7eb01ebf2cc2  <<<<<<<<<<<<<<<<
INFO [ParseReceivedData][1838] plan_cnt: 3
INFO [ParseReceivedData][1840] xybounds: xmin: -6  xmax: 3  ymin: -8  ymax: 8
INFO [ParseReceivedData][1841] radarnums: 0  sidenums:0
INFO [ParseReceivedData][1842] endpos_correct_flag: 0
INFO [ParseReceivedData][1875] oblslot[6]: -0.100, 3.145
INFO [ParseReceivedData][1875] oblslot[6]: -0.100, 1.145
INFO [ParseReceivedData][1875] oblslot[6]: 2.611, 1.145
INFO [ParseReceivedData][1875] oblslot[6]: 2.727, -7.108
INFO [ParseReceivedData][1875] oblslot[6]: 0.200, -7.108
INFO [ParseReceivedData][1875] oblslot[6]: 0.200, -9.108
INFO [ParseReceivedData][1990] slot_type: 1
INFO [ParseReceivedData][1991] target_dir: 1
INFO [ParseReceivedData][1992] start: 1.248 -4.779 1.590
INFO [ParseReceivedData][1993] end: 0.256 -2.526 2.046
INFO [HybridAStarPlan][2164] 0_start: 1.2484 -4.7788 1.5905
INFO [HybridAStarPlan][2212] 1_start: 1.3280 -5.6330 1.7763
INFO [HybridAStarPlan][2220] -------------------1-------------------
INFO [OneCircleToEndPosLineCalTraj][1534] CE cal time: 0.0150ms
INFO [HybridAStarPlan][2225] 0_result: 0   (0)
INFO [RSCurveQuickCalTraj][1197] RS cal time: 0.8620ms
INFO [HybridAStarPlan][2231] 1_result: 1   (15)
INFO [HybridAStarPlan][2298] path send success 16
INFO [HybridAStarPlan][2315] traj: [0]	 x:1.246	 y:-4.679	 phi:91.129
INFO [HybridAStarPlan][2315] traj: [1]	 x:1.248	 y:-4.779	 phi:91.129
INFO [HybridAStarPlan][2315] traj: [2]	 x:1.308	 y:-5.535	 phi:101.777
INFO [HybridAStarPlan][2315] traj: [3]	 x:1.328	 y:-5.633	 phi:101.777
INFO [HybridAStarPlan][2315] traj: [4]	 x:1.260	 y:-5.341	 phi:104.260
INFO [HybridAStarPlan][2315] traj: [5]	 x:1.180	 y:-5.052	 phi:106.744
INFO [HybridAStarPlan][2315] traj: [6]	 x:1.088	 y:-4.766	 phi:108.442
INFO [HybridAStarPlan][2315] traj: [7]	 x:0.993	 y:-4.482	 phi:108.442
INFO [HybridAStarPlan][2315] traj: [8]	 x:0.898	 y:-4.197	 phi:108.442
INFO [HybridAStarPlan][2315] traj: [9]	 x:0.804	 y:-3.912	 phi:108.442
INFO [HybridAStarPlan][2315] traj: [10]	 x:0.709	 y:-3.628	 phi:108.442
INFO [HybridAStarPlan][2315] traj: [11]	 x:0.612	 y:-3.344	 phi:109.840
INFO [HybridAStarPlan][2315] traj: [12]	 x:0.504	 y:-3.064	 phi:112.323
INFO [HybridAStarPlan][2315] traj: [13]	 x:0.384	 y:-2.789	 phi:114.807
INFO [HybridAStarPlan][2315] traj: [14]	 x:0.256	 y:-2.526	 phi:117.227

