ID: 324f8dc52233
# ATTACK_TYPE: geometry_noise
LinePtNum: 2
LinePtCoord: -4716, -1146
LinePtCoord: -4713, -977
LinePtNum: 2
LinePtCoord: -4048, 3348
LinePtCoord: -4115, 3285
LinePtNum: 4
LinePtCoord: 1000, 4866
LinePtCoord: 618, 2421
LinePtCoord: 1213, 2274
LinePtCoord: 1852, 1987
LinePtNum: 2
LinePtCoord: 3963, 1863
LinePtCoord: 4647, 1393
LinePtNum: 6
LinePtCoord: 1637, 1618
LinePtCoord: 3139, 1965
LinePtCoord: 3652, -641
LinePtCoord: 3355, -4331
LinePtCoord: 3641, -6026
LinePtCoord: 3050, -5989
LinePtNum: 2
LinePtCoord: 2591, -6550
LinePtCoord: 2588, -6570
LinePtNum: 2
LinePtCoord: 3022, -7109
LinePtCoord: 2946, -7145
LinePtNum: 2
LinePtCoord: 3027, -7611
LinePtCoord: 3017, -7597
LinePtNum: 2
LinePtCoord: 3564, -8591
LinePtCoord: 3608, -8536
LinePtNum: 1
LinePtCoord: 2722, -8204
LinePtNum: 1
LinePtCoord: 1992, -7849
LinePtNum: 1
LinePtCoord: 1476, -7723
LinePtNum: 2
LinePtCoord: 1173, -7579
LinePtCoord: 1127, -7628
LinePtNum: 3
LinePtCoord: 438, -8100
LinePtCoord: 1210, -9576
LinePtCoord: 1276, -10017
LinePtNum: 2
LinePtCoord: -6529, -9650
LinePtCoord: -5996, -8828
LinePtNum: 4
LinePtCoord: -4833, -8488
LinePtCoord: -5062, -8099
LinePtCoord: -5768, -8722
LinePtCoord: -6664, -10031
LinePtNum: 2
LinePtCoord: -5020, -1862
LinePtCoord: -5042, -1792
plan_cnt: 0
xybounds: -6, 3, -8, 8
radarnums: 0  sidenums: 0
endpos_correct_flag: 0
real_obl: 0, 0
expand_obl: 0, 0
oblslot: -0.100, 3.200
oblslot: -0.100, 1.200
oblslot: 2.716, 1.200
oblslot: 2.717, -7.208
oblslot: 0.200, -7.208
oblslot: 0.200, -9.208
slot_type: 1
target_dir: 0
start: 1.2570, -4.8300, 1.5708
end: -2.0680, -5.9710, 1.5940
ID_FINISHED
