ID: 497ebfcfab87
# ATTACK_TYPE: geometry_noise
LinePtNum: 2
LinePtCoord: -3931, 3895
LinePtCoord: -3952, 3927
LinePtNum: 4
LinePtCoord: 654, 3647
LinePtCoord: 1037, 2056
LinePtCoord: 1483, 2085
LinePtCoord: 2213, 2288
LinePtNum: 5
LinePtCoord: 1319, 1508
LinePtCoord: 2389, 1416
LinePtCoord: 3602, 3641
LinePtCoord: 3232, -3765
LinePtCoord: 3310, -3929
LinePtNum: 3
LinePtCoord: 3193, -5482
LinePtCoord: 3141, -5617
LinePtCoord: 3024, -5727
LinePtNum: 3
LinePtCoord: 3052, -6121
LinePtCoord: 3051, -6739
LinePtCoord: 3082, -6847
LinePtNum: 3
LinePtCoord: -5289, -10011
LinePtCoord: -4941, -8782
LinePtCoord: -5684, -8984
LinePtNum: 2
LinePtCoord: -6931, -8848
LinePtCoord: -7693, -8817
plan_cnt: 1
xybounds: -6, 3, -8, 8
radarnums: 0  sidenums: 0
endpos_correct_flag: 0
real_obl: 0, 0
expand_obl: 0, 0
oblslot: -0.100, 3.200
oblslot: -0.100, 1.200
oblslot: 2.643, 1.200
oblslot: 2.667, -8.851
oblslot: 0.200, -8.851
oblslot: 0.200, -10.851
slot_type: 1
target_dir: 3
start: 1.2099, -5.0478, 1.5747
end: 0.9228, -4.5429, 1.9812
ID_FINISHED
