ID: 825ef5dfea6f
# ATTACK_TYPE: geometry_noise
LinePtNum: 3
LinePtCoord: -6394, -5515
LinePtCoord: -6322, -4922
LinePtCoord: -6523, -4835
LinePtNum: 3
LinePtCoord: -2551, 3688
LinePtCoord: -1963, 3615
LinePtCoord: -1250, 5824
LinePtNum: 2
LinePtCoord: -885, 3006
LinePtCoord: -892, 3039
LinePtNum: 3
LinePtCoord: 735, 3429
LinePtCoord: 76, 1539
LinePtCoord: 85, 1347
LinePtNum: 5
LinePtCoord: 1607, 1463
LinePtCoord: 2282, 1054
LinePtCoord: 3136, 1456
LinePtCoord: 2814, 625
LinePtCoord: 3510, 642
LinePtNum: 3
LinePtCoord: 885, -3714
LinePtCoord: 774, -3845
LinePtCoord: 1028, -4121
LinePtNum: 3
LinePtCoord: -4549, -7470
LinePtCoord: -4906, -6670
LinePtCoord: -5144, -6576
LinePtNum: 3
LinePtCoord: -5554, -6253
LinePtCoord: -5995, -5220
LinePtCoord: -6254, -5079
plan_cnt: 2
xybounds: -9, 5, -5, 9
radarnums: 0  sidenums: 0
endpos_correct_flag: 0
real_obl: 0, 0
expand_obl: 0, 0
oblslot: -0.725, 1.401
oblslot: -0.725, 0.401
oblslot: 4.960, 0.401
oblslot: 4.960, -3.501
oblslot: 1.037, -3.501
oblslot: 1.037, -4.001
slot_type: 2
target_dir: 0
start: 3.6955, -1.3546, 3.1172
end: -0.4900, -1.2598, 3.1483
ID_FINISHED
