ID: 12cc006dbcff
# ATTACK_TYPE: geometry_noise
LinePtNum: 5
LinePtCoord: -4199, -6810
LinePtCoord: -4515, -6241
LinePtCoord: -6303, -5680
LinePtCoord: -7070, -5386
LinePtCoord: -6989, -5178
LinePtNum: 2
LinePtCoord: -7959, 1096
LinePtCoord: -8004, 1051
LinePtNum: 4
LinePtCoord: -7107, 235
LinePtCoord: -6462, 368
LinePtCoord: -6727, 801
LinePtCoord: -7151, 1134
LinePtNum: 3
LinePtCoord: -2745, 4302
LinePtCoord: -2061, 3388
LinePtCoord: -2215, 5502
LinePtNum: 4
LinePtCoord: -572, 2672
LinePtCoord: 86, 610
LinePtCoord: 991, 987
LinePtCoord: 1222, 1004
LinePtNum: 3
LinePtCoord: 2569, -19
LinePtCoord: 3243, 936
LinePtCoord: 5081, 3759
LinePtNum: 3
LinePtCoord: 5791, 2601
LinePtCoord: 5534, 14971
LinePtCoord: 5858, 1117
LinePtNum: 3
LinePtCoord: 12956, -3814
LinePtCoord: 1143, -3721
LinePtCoord: 1139, -3885
LinePtNum: 2
LinePtCoord: 5548, -9687
LinePtCoord: 5575, -9681
plan_cnt: 6
xybounds: -9, 5, -5, 9
radarnums: 0  sidenums: 0
endpos_correct_flag: 0
real_obl: 0, 0
expand_obl: 0, 0
oblslot: -0.572, 1.352
oblslot: -0.572, 0.352
oblslot: 4.960, 0.352
oblslot: 4.960, -3.397
oblslot: 1.126, -3.397
oblslot: 1.158, -3.897
slot_type: 2
target_dir: 1
start: 3.1961, -1.3064, 3.1025
end: 1.3867, -1.6249, 3.4538
ID_FINISHED
