ID: 8fde32fa0734
# ATTACK_TYPE: geometry_noise
LinePtNum: 2
LinePtCoord: 320, 1662
LinePtCoord: 337, 1633
LinePtNum: 2
LinePtCoord: 4130, 5436
LinePtCoord: 4149, 5397
LinePtNum: 2
LinePtCoord: 42, 2328
LinePtCoord: -474, 2416
LinePtNum: 3
LinePtCoord: -6554, -5244
LinePtCoord: -6081, -5482
LinePtCoord: -6113, -5936
LinePtNum: 5
LinePtCoord: 646, -4898
LinePtCoord: 1104, -5062
LinePtCoord: 396, -3068
LinePtCoord: 676, -2594
LinePtCoord: 712, -2521
LinePtNum: 4
LinePtCoord: 5312, 748
LinePtCoord: 893, 568
LinePtCoord: 722, 1963
LinePtCoord: 1098, 3478
plan_cnt: 1
xybounds: -9, 5, -7, 9
radarnums: 0  sidenums: 0
endpos_correct_flag: 0
real_obl: 0, 0
expand_obl: 0, 0
oblslot: 0.200, 1.142
oblslot: 0.200, 0.142
oblslot: 4.960, 0.142
oblslot: 4.960, -2.404
oblslot: 0.200, -2.404
oblslot: 0.200, -2.904
slot_type: 2
target_dir: 3
start: 3.1963, -1.1758, 3.1274
end: -1.7624, -4.6712, 1.8661
ID_FINISHED
