ID: a40e5e81d8c4
# ATTACK_TYPE: geometry_noise
LinePtNum: 2
LinePtCoord: -5828, 2728
LinePtCoord: -5808, 2618
LinePtNum: 2
LinePtCoord: -6980, -5878
LinePtCoord: -7006, -5816
LinePtNum: 2
LinePtCoord: -7679, -5323
LinePtCoord: -7700, -5282
LinePtNum: 2
LinePtCoord: -5744, -5023
LinePtCoord: -5672, -4973
LinePtNum: 2
LinePtCoord: -5778, -5402
LinePtCoord: -5786, -5379
LinePtNum: 3
LinePtCoord: -2590, -10045
LinePtCoord: -2588, -9987
LinePtCoord: -2531, -10043
LinePtNum: 5
LinePtCoord: 175, -5389
LinePtCoord: 688, -4886
LinePtCoord: 1416, -5435
LinePtCoord: 719, -3396
LinePtCoord: 631, -3205
LinePtNum: 5
LinePtCoord: 3036, -4057
LinePtCoord: 3858, -5232
LinePtCoord: 3124, -3247
LinePtCoord: 4131, -3547
LinePtCoord: 3732, -2672
LinePtNum: 5
LinePtCoord: 4170, 759
LinePtCoord: 4896, 2011
LinePtCoord: 4266, 1954
LinePtCoord: 5348, 4737
LinePtCoord: 4414, 4436
LinePtNum: 3
LinePtCoord: 985, 704
LinePtCoord: 1035, 2079
LinePtCoord: 1103, 2371
LinePtNum: 3
LinePtCoord: 788, 2610
LinePtCoord: 35, 2412
LinePtCoord: -106, 2581
plan_cnt: 5
xybounds: -9, 5, -5, 9
radarnums: 0  sidenums: 0
endpos_correct_flag: 0
real_obl: 0, 0
expand_obl: 0, 0
oblslot: 0.799, 1.364
oblslot: 0.799, 0.364
oblslot: 4.960, 0.364
oblslot: 4.960, -2.512
oblslot: 0.746, -2.512
oblslot: 0.746, -3.012
slot_type: 2
target_dir: 0
start: 3.6971, -1.1493, 3.1164
end: 1.2877, -1.1651, 3.1173
ID_FINISHED
