ID: f4da5b008d9f
# ATTACK_TYPE: geometry_noise
LinePtNum: 2
LinePtCoord: -7343, -1872
LinePtCoord: -7318, -1906
LinePtNum: 3
LinePtCoord: -668, 3517
LinePtCoord: -1415, 897
LinePtCoord: -1234, 765
LinePtNum: 3
LinePtCoord: -1101, 405
LinePtCoord: -901, 420
LinePtCoord: -737, 598
LinePtNum: 4
LinePtCoord: 3251, 5956
LinePtCoord: 3120, 5168
LinePtCoord: 4182, 5909
LinePtCoord: 4212, 4996
LinePtNum: 3
LinePtCoord: 5310, 4575
LinePtCoord: 5873, 2699
LinePtCoord: 3155, 341
LinePtNum: 4
LinePtCoord: 5360, -3609
LinePtCoord: 2529, -3614
LinePtCoord: 2747, -4412
LinePtCoord: 3025, -4841
LinePtNum: 3
LinePtCoord: 3053, -6305
LinePtCoord: 2841, -6570
LinePtCoord: 2974, -7084
LinePtNum: 6
LinePtCoord: -3090, -9974
LinePtCoord: -3343, -8589
LinePtCoord: -3868, -9449
LinePtCoord: -4487, -7517
LinePtCoord: -4732, -7453
LinePtCoord: -4849, -7308
LinePtNum: 4
LinePtCoord: -7482, -2662
LinePtCoord: -6895, -2354
LinePtCoord: -7338, -1893
LinePtCoord: -7740, -1503
plan_cnt: 0
xybounds: -11, 5, -7, 9
radarnums: 0  sidenums: 0
endpos_correct_flag: 0
real_obl: 0, 0
expand_obl: 0, 0
oblslot: -1.000, 1.200
oblslot: -1.000, 0.200
oblslot: 4.960, 0.200
oblslot: 4.960, -2.721
oblslot: 1.153, -2.721
oblslot: 1.153, -3.221
slot_type: 2
target_dir: 0
start: 3.1970, -1.2800, 3.1416
end: -0.8658, -4.7567, 2.0787
ID_FINISHED
