ID: 582d01b92329
# ATTACK_TYPE: geometry_noise
LinePtNum: 3
LinePtCoord: -4672, 2275
LinePtCoord: -4593, 1977
LinePtCoord: -6714, 2595
LinePtNum: 2
LinePtCoord: -7555, -5173
LinePtCoord: -7636, -5134
LinePtNum: 3
LinePtCoord: -6572, -5444
LinePtCoord: -6200, -5675
LinePtCoord: -7061, -7371
LinePtNum: 5
LinePtCoord: 554, -6539
LinePtCoord: 740, -5099
LinePtCoord: 1346, -5039
LinePtCoord: 994, -3931
LinePtCoord: 940, -3524
LinePtNum: 6
LinePtCoord: 1895, -3048
LinePtCoord: 2061, -3546
LinePtCoord: 2189, -2757
LinePtCoord: 4342, -3814
LinePtCoord: 3844, -2681
LinePtCoord: 5869, -3717
LinePtNum: 4
LinePtCoord: 1204, 2890
LinePtCoord: 1058, 2757
LinePtCoord: -14, 2993
LinePtCoord: -72, 3163
plan_cnt: 1
xybounds: -9, 5, -5, 9
radarnums: 0  sidenums: 0
endpos_correct_flag: 0
real_obl: 0, 0
expand_obl: 0, 0
oblslot: 1.381, 3.335
oblslot: 1.381, 2.335
oblslot: 4.960, 2.335
oblslot: 4.960, -2.419
oblslot: 0.959, -2.419
oblslot: 0.959, -2.919
slot_type: 2
target_dir: 0
start: 3.6978, -0.9875, 3.1325
end: 1.1385, -0.4062, 2.8709
ID_FINISHED
