ID: 45ca5d4a45c3
# ATTACK_TYPE: geometry_noise
LinePtNum: 3
LinePtCoord: 102, 2061
LinePtCoord: -994, 852
LinePtCoord: -628, 646
LinePtNum: 3
LinePtCoord: -2786, -10042
LinePtCoord: -3473, -9075
LinePtCoord: -4607, -7219
LinePtNum: 4
LinePtCoord: -6715, -2647
LinePtCoord: -7140, -1740
LinePtCoord: -7334, -1884
LinePtCoord: -7482, -1879
plan_cnt: 1
xybounds: -9, 5, -5, 9
radarnums: 0  sidenums: 0
endpos_correct_flag: 0
real_obl: 0, 0
expand_obl: 0, 0
oblslot: -1.467, 1.549
oblslot: -1.467, 0.549
oblslot: 4.960, 0.549
oblslot: 5.003, -2.614
oblslot: 1.198, -2.614
oblslot: 1.198, -3.114
slot_type: 2
target_dir: 1
start: 3.1951, -1.1470, 3.1590
end: -4.7743, -0.1366, 2.6402
ID_FINISHED
