ID: 7ab63184271e
# ATTACK_TYPE: geometry_noise
LinePtNum: 3
LinePtCoord: -7012, -2561
LinePtCoord: -6980, -2167
LinePtCoord: -7049, -1835
LinePtNum: 3
LinePtCoord: -1274, 1259
LinePtCoord: -1453, 589
LinePtCoord: -1325, 504
LinePtNum: 5
LinePtCoord: 4067, 6033
LinePtCoord: 3705, 4901
LinePtCoord: 5330, 4579
LinePtCoord: 5475, 3520
LinePtCoord: 5886, 2864
LinePtNum: 4
LinePtCoord: 5871, -4372
LinePtCoord: 3105, -3794
LinePtCoord: 3023, -5205
LinePtCoord: 3548, -7225
LinePtNum: 3
LinePtCoord: 2279, -4432
LinePtCoord: 2094, -4490
LinePtCoord: 2571, -5134
LinePtNum: 3
LinePtCoord: 2769, -6045
LinePtCoord: 2047, -5943
LinePtCoord: 1356, -5733
LinePtNum: 4
LinePtCoord: -3716, -10036
LinePtCoord: -4456, -7542
LinePtCoord: -6311, -8230
LinePtCoord: -6273, -8285
plan_cnt: 2
xybounds: -9, 5, -5, 9
radarnums: 0  sidenums: 0
endpos_correct_flag: 0
real_obl: 0, 0
expand_obl: 0, 0
oblslot: -1.162, 1.246
oblslot: -1.162, 0.246
oblslot: 4.973, 0.246
oblslot: 4.993, -3.027
oblslot: 2.050, -3.027
oblslot: 2.050, -3.527
slot_type: 2
target_dir: 0
start: 3.6986, -1.3495, 3.1497
end: -0.4907, -1.2125, 3.1382
ID_FINISHED
