ID: 60bf64e63056
# ATTACK_TYPE: geometry_noise
LinePtNum: 3
LinePtCoord: -4777, -1740
LinePtCoord: -4742, -1587
LinePtCoord: -4809, -1071
LinePtNum: 3
LinePtCoord: 721, 5998
LinePtCoord: 1130, 1991
LinePtCoord: 1591, 2097
LinePtNum: 5
LinePtCoord: 931, 1584
LinePtCoord: 1935, 1220
LinePtCoord: 3811, 4809
LinePtCoord: 3256, -3487
LinePtCoord: 3289, -3720
LinePtNum: 3
LinePtCoord: 3148, -5466
LinePtCoord: 3133, -5769
LinePtCoord: 3045, -5800
LinePtNum: 2
LinePtCoord: 3150, -6294
LinePtCoord: 3132, -6275
LinePtNum: 2
LinePtCoord: 3186, -6605
LinePtCoord: 3168, -6591
LinePtNum: 2
LinePtCoord: 3033, -6795
LinePtCoord: 3043, -6739
LinePtNum: 2
LinePtCoord: 2911, -6988
LinePtCoord: 2948, -7034
LinePtNum: 2
LinePtCoord: 2960, -7451
LinePtCoord: 2916, -7537
LinePtNum: 2
LinePtCoord: 2847, -8040
LinePtCoord: 2899, -8011
LinePtNum: 2
LinePtCoord: 2903, -9408
LinePtCoord: 2835, -9389
LinePtNum: 2
LinePtCoord: 2875, -9975
LinePtCoord: 2870, -9965
LinePtNum: 4
LinePtCoord: 1774, -10023
LinePtCoord: 1562, -7882
LinePtCoord: 570, -7493
LinePtCoord: -59, -7881
LinePtNum: 3
LinePtCoord: -5312, -9956
LinePtCoord: -4584, -7867
LinePtCoord: -5615, -8518
LinePtNum: 3
LinePtCoord: -5770, -1816
LinePtCoord: -4955, -1900
LinePtCoord: -5005, -1687
plan_cnt: 1
xybounds: -6, 3, -8, 8
radarnums: 0  sidenums: 0
endpos_correct_flag: 0
real_obl: 0, 0
expand_obl: 0, 0
oblslot: -0.100, 2.400
oblslot: -0.100, 0.400
oblslot: 2.651, 0.400
oblslot: 2.560, -7.244
oblslot: 0.200, -7.244
oblslot: 0.200, -9.244
slot_type: 1
target_dir: 3
start: 1.2670, -5.0394, 1.5558
end: 1.2099, -4.6263, 2.0851
ID_FINISHED
