ID: d6a75be2cd63
# ATTACK_TYPE: geometry_noise
LinePtNum: 3
LinePtCoord: -1338, 1141
LinePtCoord: -1233, 308
LinePtCoord: -1227, 297
LinePtNum: 5
LinePtCoord: 4479, -3550
LinePtCoord: 3025, -3935
LinePtCoord: 4347, -6489
LinePtCoord: 2038, -5776
LinePtCoord: 2664, -7581
LinePtNum: 2
LinePtCoord: -2754, -9952
LinePtCoord: -2812, -9982
LinePtNum: 2
LinePtCoord: -4048, -7892
LinePtCoord: -4390, -7196
LinePtNum: 3
LinePtCoord: -6790, -2554
LinePtCoord: -6843, -1970
LinePtCoord: -7086, -1868
plan_cnt: 1
xybounds: -9, 5, -5, 9
radarnums: 0  sidenums: 0
endpos_correct_flag: 0
real_obl: 0, 0
expand_obl: 0, 0
oblslot: -1.424, 1.319
oblslot: -1.424, 0.319
oblslot: 4.960, 0.319
oblslot: 4.960, -2.757
oblslot: 1.523, -2.757
oblslot: 1.523, -3.257
slot_type: 2
target_dir: 1
start: 3.1971, -1.2656, 3.1591
end: -2.9421, -1.3152, 2.2750
ID_FINISHED
