ID: a03fc751efba
# ATTACK_TYPE: geometry_noise
LinePtNum: 3
LinePtCoord: -3106, 3760
LinePtCoord: -2317, 3186
LinePtCoord: -2149, 3470
LinePtNum: 2
LinePtCoord: 6016, 5987
LinePtCoord: 5833, 5753
LinePtNum: 4
LinePtCoord: 5099, 3559
LinePtCoord: 5857, 3091
LinePtCoord: 4842, 1768
LinePtCoord: 5188, 1115
LinePtNum: 2
LinePtCoord: 4629, -4474
LinePtCoord: 4705, -4493
LinePtNum: 4
LinePtCoord: 1437, -2904
LinePtCoord: 3688, -6911
LinePtCoord: 2052, -5372
LinePtCoord: 1557, -5764
LinePtNum: 4
LinePtCoord: 3774, -8665
LinePtCoord: 787, -8601
LinePtCoord: 579, -9171
LinePtCoord: 553, -9970
LinePtNum: 5
LinePtCoord: -4354, -7179
LinePtCoord: -4898, -6228
LinePtCoord: -5613, -7124
LinePtCoord: -6540, -5009
LinePtCoord: -6589, -4982
plan_cnt: 2
xybounds: -9, 5, -5, 9
radarnums: 0  sidenums: 0
endpos_correct_flag: 0
real_obl: 0, 0
expand_obl: 0, 0
oblslot: -0.999, 2.023
oblslot: -0.999, 1.023
oblslot: 4.960, 1.023
oblslot: 4.960, -3.630
oblslot: 0.810, -3.630
oblslot: 0.810, -4.130
slot_type: 2
target_dir: 0
start: 3.6970, -1.2066, 3.1347
end: -0.3224, -0.9792, 2.8737
ID_FINISHED
