ID: 7b956d256d80
# ATTACK_TYPE: geometry_noise
LinePtNum: 3
LinePtCoord: 180, 2532
LinePtCoord: -198, 2745
LinePtCoord: 291, 4112
LinePtNum: 2
LinePtCoord: -6804, 3516
LinePtCoord: -7255, 3177
LinePtNum: 2
LinePtCoord: -6202, 2850
LinePtCoord: -6132, 2537
LinePtNum: 4
LinePtCoord: -7281, -5066
LinePtCoord: -7274, -5636
LinePtCoord: -6455, -5633
LinePtCoord: -6109, -5611
LinePtNum: 2
LinePtCoord: 3111, -7496
LinePtCoord: 990, -5852
LinePtNum: 5
LinePtCoord: 281, -4802
LinePtCoord: 796, -5229
LinePtCoord: 531, -2857
LinePtCoord: 721, -2593
LinePtCoord: 837, -2501
LinePtNum: 2
LinePtCoord: 3320, -2500
LinePtCoord: 3367, -2429
LinePtNum: 2
LinePtCoord: 5935, 2334
LinePtCoord: 5780, 2754
plan_cnt: 0
xybounds: -9, 5, -6, 9
radarnums: 0  sidenums: 0
endpos_correct_flag: 0
real_obl: 0, 0
expand_obl: 0, 0
oblslot: 0.200, 2.000
oblslot: 0.200, 1.000
oblslot: 4.960, 1.000
oblslot: 4.960, -2.304
oblslot: 0.045, -2.304
oblslot: 0.045, -2.804
slot_type: 2
target_dir: 0
start: 3.1970, -0.8720, 3.1416
end: -2.1408, -3.3837, 1.5540
ID_FINISHED
