ID: 590146bfa4e0
# ATTACK_TYPE: geometry_noise
LinePtNum: 2
LinePtCoord: -6496, 5966
LinePtCoord: -3858, 3464
LinePtNum: 4
LinePtCoord: 2615, 5996
LinePtCoord: 2366, 4400
LinePtCoord: 3619, 2886
LinePtCoord: 4641, 2655
LinePtNum: 6
LinePtCoord: 2425, 3512
LinePtCoord: 3030, 2411
LinePtCoord: 3663, -1609
LinePtCoord: 3262, -3852
LinePtCoord: 3152, -8059
LinePtCoord: 3391, -9198
LinePtNum: 4
LinePtCoord: 3546, -7651
LinePtCoord: 1398, -7804
LinePtCoord: 330, -7923
LinePtCoord: 1069, -9999
LinePtNum: 3
LinePtCoord: -6847, -9969
LinePtCoord: -7095, -9857
LinePtCoord: -7273, -10031
plan_cnt: 0
xybounds: -6, 3, -8, 8
radarnums: 0  sidenums: 0
endpos_correct_flag: 0
real_obl: 0, 0
expand_obl: 0, 0
oblslot: -0.100, 3.200
oblslot: -0.100, 1.200
oblslot: 2.690, 1.200
oblslot: 2.690, -6.788
oblslot: 0.400, -6.788
oblslot: 0.400, -8.788
slot_type: 1
target_dir: 0
start: 1.2440, -4.8040, 1.5708
end: -1.6929, -4.1476, 1.5518
ID_FINISHED
