ID: 923259e483f5
# ATTACK_TYPE: geometry_noise
LinePtNum: 3
LinePtCoord: -6424, 3019
LinePtCoord: -6306, 2834
LinePtCoord: -6170, 2734
LinePtNum: 3
LinePtCoord: -6563, -4483
LinePtCoord: -6306, -8115
LinePtCoord: -5876, -9951
LinePtNum: 2
LinePtCoord: -4716, -8901
LinePtCoord: -4744, -8872
LinePtNum: 2
LinePtCoord: 26, -5100
LinePtCoord: 650, -4769
LinePtNum: 2
LinePtCoord: 5028, -2376
LinePtCoord: 5091, -2410
LinePtNum: 4
LinePtCoord: 951, 563
LinePtCoord: 507, 2174
LinePtCoord: -96, 3433
LinePtCoord: 4292, 4719
plan_cnt: 1
xybounds: -9, 5, -5, 9
radarnums: 2  sidenums: 0
endpos_correct_flag: 0
real_obl: 0, 0
expand_obl: 0, 0
oblslot: 0.406, 1.240
oblslot: 0.406, 0.240
oblslot: 4.960, 0.240
oblslot: 4.960, -4.455
oblslot: 1.490, -4.455
oblslot: 1.490, -4.955
oblradar: -6.286, 3.906
oblradar: -6.286, 3.906
slot_type: 2
target_dir: 1
start: 3.1968, -1.0859, 3.1327
end: -3.0233, 0.6470, 2.0890
ID_FINISHED
