ID: 1291a4d649ec
# ATTACK_TYPE: geometry_noise
LinePtNum: 3
LinePtCoord: -1649, 772
LinePtCoord: -1040, 377
LinePtCoord: -861, 373
LinePtNum: 2
LinePtCoord: 4851, 4722
LinePtCoord: 4867, 4752
LinePtNum: 3
LinePtCoord: 5490, -3804
LinePtCoord: 2676, -3765
LinePtCoord: 2764, -4138
LinePtNum: 3
LinePtCoord: 3834, -4350
LinePtCoord: 4046, -4512
LinePtCoord: 3195, -4974
LinePtNum: 2
LinePtCoord: 2541, -6256
LinePtCoord: 1993, -6545
LinePtNum: 3
LinePtCoord: -2804, -10011
LinePtCoord: -3430, -8880
LinePtCoord: -3765, -10005
LinePtNum: 2
LinePtCoord: -4254, -7728
LinePtCoord: -4298, -7707
LinePtNum: 2
LinePtCoord: -4515, -7485
LinePtCoord: -4531, -7515
LinePtNum: 2
LinePtCoord: -4745, -7348
LinePtCoord: -4725, -7310
LinePtNum: 2
LinePtCoord: -5140, -7638
LinePtCoord: -5198, -7610
LinePtNum: 2
LinePtCoord: -5697, -8005
LinePtCoord: -5695, -8021
LinePtNum: 2
LinePtCoord: -5888, -7809
LinePtCoord: -5867, -7892
LinePtNum: 2
LinePtCoord: -6850, -8406
LinePtCoord: -7991, -9659
LinePtNum: 3
LinePtCoord: -6944, -2705
LinePtCoord: -6832, -1915
LinePtCoord: -7282, -1694
plan_cnt: 0
xybounds: -11, 5, -6, 9
radarnums: 0  sidenums: 0
endpos_correct_flag: 0
real_obl: 0, 0
expand_obl: 0, 0
oblslot: -1.515, 1.392
oblslot: -1.515, 0.392
oblslot: 4.960, 0.392
oblslot: 4.960, -3.312
oblslot: 1.139, -3.312
oblslot: 1.139, -3.812
slot_type: 2
target_dir: 0
start: 3.1970, -1.2500, 3.1416
end: -1.6224, -3.6975, 2.0595
ID_FINISHED
