ID: 4c79c2b21fae
# ATTACK_TYPE: geometry_noise
LinePtNum: 2
LinePtCoord: 5835, 4492
LinePtCoord: 5834, 4515
LinePtNum: 3
LinePtCoord: 622, 2648
LinePtCoord: 358, 1800
LinePtCoord: -1328, 426
LinePtNum: 3
LinePtCoord: -3107, -9510
LinePtCoord: -3949, -8383
LinePtCoord: -4743, -7248
LinePtNum: 4
LinePtCoord: -5965, -4794
LinePtCoord: -7119, -1818
LinePtCoord: -7530, -1804
LinePtCoord: -7633, -1886
plan_cnt: 1
xybounds: -9, 5, -5, 9
radarnums: 0  sidenums: 0
endpos_correct_flag: 0
real_obl: 0, 0
expand_obl: 0, 0
oblslot: -1.603, 1.755
oblslot: -1.603, 0.755
oblslot: 4.960, 0.755
oblslot: 4.960, -3.312
oblslot: 1.139, -3.312
oblslot: 1.139, -3.812
slot_type: 2
target_dir: 1
start: 3.1974, -1.2861, 3.1582
end: -5.1301, -0.3366, 2.6754
ID_FINISHED
