ID: e005f2eaeb31
# ATTACK_TYPE: geometry_noise
LinePtNum: 2
LinePtCoord: -6291, -4915
LinePtCoord: -6027, -4965
LinePtNum: 3
LinePtCoord: -4241, -10012
LinePtCoord: -3594, -9781
LinePtCoord: -2999, -9957
LinePtNum: 2
LinePtCoord: 479, -6146
LinePtCoord: 165, -4809
LinePtNum: 2
LinePtCoord: 3851, 1679
LinePtCoord: 3901, 1728
LinePtNum: 6
LinePtCoord: 2051, 328
LinePtCoord: 1782, 1229
LinePtCoord: 223, 1933
LinePtCoord: 1767, 2508
LinePtCoord: -635, 2676
LinePtCoord: -182, 3235
LinePtNum: 3
LinePtCoord: -6123, 2669
LinePtCoord: -6312, 2677
LinePtCoord: -6427, 2682
plan_cnt: 2
xybounds: -9, 5, -5, 9
radarnums: 0  sidenums: 0
endpos_correct_flag: 0
real_obl: 0, 0
expand_obl: 0, 0
oblslot: 0.436, 1.695
oblslot: 0.436, 0.695
oblslot: 4.960, 0.695
oblslot: 4.960, -4.498
oblslot: 0.201, -4.498
oblslot: 0.201, -4.998
slot_type: 2
target_dir: 1
start: 3.1960, -1.1953, 3.1211
end: -4.6275, -0.8262, 2.5780
ID_FINISHED
