ID: e36fa9ca9c9f
# ATTACK_TYPE: geometry_noise
LinePtNum: 2
LinePtCoord: 2570, 4538
LinePtCoord: 4978, 5011
LinePtNum: 2
LinePtCoord: -260, 1296
LinePtCoord: -1024, 521
LinePtNum: 3
LinePtCoord: -4034, -7690
LinePtCoord: -4387, -7503
LinePtCoord: -4646, -8033
LinePtNum: 3
LinePtCoord: -7103, -1768
LinePtCoord: -7576, -1752
LinePtCoord: -7699, -1854
plan_cnt: 1
xybounds: -9, 5, -5, 9
radarnums: 0  sidenums: 0
endpos_correct_flag: 0
real_obl: 0, 0
expand_obl: 0, 0
oblslot: -1.152, 0.758
oblslot: -1.152, -0.242
oblslot: 4.960, -0.242
oblslot: 4.960, -2.550
oblslot: 1.108, -2.550
oblslot: 1.108, -3.050
slot_type: 2
target_dir: 1
start: 3.1961, -1.4061, 3.1385
end: -5.4120, -0.1449, 2.6854
ID_FINISHED
