ID: 5dc8e580dbde
# ATTACK_TYPE: geometry_noise
LinePtNum: 3
LinePtCoord: 3542, 5970
LinePtCoord: 3778, 5390
LinePtCoord: 4846, 4919
LinePtNum: 2
LinePtCoord: 5991, -1095
LinePtCoord: 5951, -1180
LinePtNum: 3
LinePtCoord: -1630, 1080
LinePtCoord: -1646, 635
LinePtCoord: -1646, 441
LinePtNum: 3
LinePtCoord: -6732, -2675
LinePtCoord: -7360, -1575
LinePtCoord: -7750, -2313
plan_cnt: 1
xybounds: -9, 5, -5, 9
radarnums: 0  sidenums: 0
endpos_correct_flag: 0
real_obl: 0, 0
expand_obl: 0, 0
oblslot: -1.000, 1.106
oblslot: -1.000, 0.106
oblslot: 5.012, 0.106
oblslot: 5.023, -3.276
oblslot: 1.231, -3.276
oblslot: 1.231, -3.776
slot_type: 2
target_dir: 1
start: 3.1973, -1.3125, 3.1460
end: -4.7920, 1.6621, 2.1139
ID_FINISHED
