ID: 5794134904d6
# ATTACK_TYPE: geometry_noise
LinePtNum: 2
LinePtCoord: -7144, -5094
LinePtCoord: -7120, -5070
LinePtNum: 2
LinePtCoord: -6518, -5886
LinePtCoord: -6475, -5857
LinePtNum: 2
LinePtCoord: -6590, -4832
LinePtCoord: -6599, -4818
LinePtNum: 3
LinePtCoord: -6355, -5110
LinePtCoord: -5612, -5029
LinePtCoord: -5499, -5170
LinePtNum: 4
LinePtCoord: 3322, -8652
LinePtCoord: 519, -5029
LinePtCoord: 1700, -4805
LinePtCoord: 1285, -4334
LinePtNum: 5
LinePtCoord: 1361, -3274
LinePtCoord: 1275, -2578
LinePtCoord: 2697, -3163
LinePtCoord: 2851, -2744
LinePtCoord: 3208, -2512
LinePtNum: 4
LinePtCoord: 4500, 984
LinePtCoord: 1506, 682
LinePtCoord: 1304, 1532
LinePtCoord: 1176, 1994
LinePtNum: 3
LinePtCoord: 953, 1838
LinePtCoord: 1070, 1950
LinePtCoord: 1585, 2559
LinePtNum: 3
LinePtCoord: 309, 2363
LinePtCoord: 1, 2584
LinePtCoord: -106, 2908
LinePtNum: 3
LinePtCoord: -6780, 3729
LinePtCoord: -6731, 2914
LinePtCoord: -7222, 2976
plan_cnt: 5
xybounds: -9, 5, -5, 9
radarnums: 0  sidenums: 0
endpos_correct_flag: 0
real_obl: 0, 0
expand_obl: 0, 0
oblslot: 0.331, 1.772
oblslot: 0.331, 0.772
oblslot: 4.960, 0.772
oblslot: 4.960, -2.614
oblslot: 0.286, -2.614
oblslot: 0.286, -3.114
slot_type: 2
target_dir: 0
start: 3.6934, -1.1755, 3.1361
end: -0.4954, -1.0847, 3.2237
ID_FINISHED
