ID: d13bf7fd1ffa
# ATTACK_TYPE: geometry_noise
LinePtNum: 2
LinePtCoord: 5285, 4477
LinePtCoord: 5292, 4509
LinePtNum: 3
LinePtCoord: 767, 2288
LinePtCoord: -994, 1007
LinePtCoord: -1451, 439
LinePtNum: 3
LinePtCoord: -3337, -10033
LinePtCoord: -4612, -7353
LinePtCoord: -4839, -7162
LinePtNum: 4
LinePtCoord: -6855, -2630
LinePtCoord: -7360, -1669
LinePtCoord: -7626, -1749
LinePtCoord: -7754, -1794
plan_cnt: 2
xybounds: -9, 5, -5, 9
radarnums: 0  sidenums: 0
endpos_correct_flag: 0
real_obl: 0, 0
expand_obl: 0, 0
oblslot: -1.335, 0.785
oblslot: -1.335, -0.215
oblslot: 4.960, -0.215
oblslot: 4.960, -4.857
oblslot: 1.498, -4.851
oblslot: 1.498, -5.351
slot_type: 2
target_dir: 1
start: 3.1964, -1.6652, 3.1402
end: -5.0128, -0.0871, 2.5390
ID_FINISHED
