ID: 7dc842c18f6d
# ATTACK_TYPE: geometry_noise
LinePtNum: 3
LinePtCoord: -5551, -5273
LinePtCoord: -5833, -4721
LinePtCoord: -7078, -5926
LinePtNum: 3
LinePtCoord: -5608, 2608
LinePtCoord: -5266, 2651
LinePtCoord: -5929, 4995
LinePtNum: 6
LinePtCoord: 1592, 4415
LinePtCoord: 951, 3169
LinePtCoord: 1500, 2778
LinePtCoord: 3222, 3793
LinePtCoord: 2568, 2752
LinePtCoord: 2445, 2159
LinePtNum: 5
LinePtCoord: 1693, 3322
LinePtCoord: 1585, 298
LinePtCoord: 3352, 830
LinePtCoord: 3578, 432
LinePtCoord: 5733, 699
LinePtNum: 4
LinePtCoord: 5634, -3077
LinePtCoord: 1917, -2680
LinePtCoord: 1705, -3555
LinePtCoord: 1587, -3685
LinePtNum: 2
LinePtCoord: 1448, -4058
LinePtCoord: 1786, -4272
LinePtNum: 3
LinePtCoord: 883, -4747
LinePtCoord: 407, -5108
LinePtCoord: 335, -5339
LinePtNum: 3
LinePtCoord: -5600, -9972
LinePtCoord: -5630, -9833
LinePtCoord: -5822, -10014
LinePtNum: 2
LinePtCoord: -6407, -8896
LinePtCoord: -6422, -8957
LinePtNum: 2
LinePtCoord: -6597, -8610
LinePtCoord: -6641, -8611
LinePtNum: 2
LinePtCoord: -6811, -8303
LinePtCoord: -6814, -8259
LinePtNum: 2
LinePtCoord: -6972, -8016
LinePtCoord: -6973, -8061
LinePtNum: 2
LinePtCoord: -6776, -7452
LinePtCoord: -6803, -7507
LinePtNum: 2
LinePtCoord: -6498, -6825
LinePtCoord: -6520, -6821
plan_cnt: 10
xybounds: -9, 5, -5, 9
radarnums: 0  sidenums: 0
endpos_correct_flag: 0
real_obl: 0, 0
expand_obl: 0, 0
oblslot: 0.760, 1.222
oblslot: 0.760, 0.222
oblslot: 4.960, 0.222
oblslot: 4.960, -2.541
oblslot: 0.820, -2.541
oblslot: 0.820, -3.041
slot_type: 2
target_dir: 0
start: 3.6970, -1.1579, 3.1389
end: 0.5329, -1.3711, 3.3994
ID_FINISHED
