ID: 6822b97fe78a
# ATTACK_TYPE: geometry_noise
LinePtNum: 3
LinePtCoord: 1132, 3333
LinePtCoord: -223, 2715
LinePtCoord: -28, 3568
LinePtNum: 2
LinePtCoord: -7917, 4619
LinePtCoord: -6507, 3029
LinePtNum: 3
LinePtCoord: -6501, 3556
LinePtCoord: -6201, 2675
LinePtCoord: -6204, 2548
LinePtNum: 2
LinePtCoord: -6715, 2226
LinePtCoord: -7063, 2411
LinePtNum: 3
LinePtCoord: -6056, -5290
LinePtCoord: -5987, -5244
LinePtCoord: -5927, -5335
LinePtNum: 3
LinePtCoord: 734, -6018
LinePtCoord: 315, -5665
LinePtCoord: 766, -5544
LinePtNum: 3
LinePtCoord: 646, -4792
LinePtCoord: 723, -4845
LinePtCoord: 2402, -6957
plan_cnt: 0
xybounds: -9, 5, -6, 9
radarnums: 0  sidenums: 0
endpos_correct_flag: 0
real_obl: 0, 0
expand_obl: 0, 0
oblslot: 0.200, 2.000
oblslot: 0.200, 1.000
oblslot: 4.960, 1.000
oblslot: 4.960, -4.460
oblslot: 1.500, -4.460
oblslot: 1.500, -4.960
slot_type: 2
target_dir: 0
start: 3.1970, -1.0790, 3.1416
end: -2.1682, -3.3091, 1.6050
ID_FINISHED
