ID: fa2c6a62064b
# ATTACK_TYPE: geometry_noise
LinePtNum: 2
LinePtCoord: -3051, 4633
LinePtCoord: -2435, 2974
LinePtNum: 2
LinePtCoord: 1111, 5872
LinePtCoord: -93, 2593
LinePtNum: 5
LinePtCoord: -1011, 1596
LinePtCoord: -91, 468
LinePtCoord: 1275, 971
LinePtCoord: 2785, 663
LinePtCoord: 4210, 1248
LinePtNum: 2
LinePtCoord: 4082, -3050
LinePtCoord: 2199, -2954
LinePtNum: 3
LinePtCoord: 1139, -3520
LinePtCoord: 907, -3678
LinePtCoord: 833, -3774
LinePtNum: 2
LinePtCoord: 4745, -8080
LinePtCoord: 4911, -9064
LinePtNum: 3
LinePtCoord: -4225, -6647
LinePtCoord: -4382, -6499
LinePtCoord: -4447, -6361
plan_cnt: 0
xybounds: -11, 5, -7, 9
radarnums: 0  sidenums: 0
endpos_correct_flag: 0
real_obl: 0, 0
expand_obl: 0, 0
oblslot: -1.000, 1.200
oblslot: -1.000, 0.200
oblslot: 4.960, 0.200
oblslot: 4.960, -2.692
oblslot: 0.200, -2.692
oblslot: 0.200, -3.192
slot_type: 2
target_dir: 0
start: 3.1970, -1.2450, 3.1416
end: -0.6940, -4.4599, 2.0965
ID_FINISHED
