ID: 41f013836e1b
# ATTACK_TYPE: geometry_noise
LinePtNum: 2
LinePtCoord: -2017, 3562
LinePtCoord: 554, 13
LinePtNum: 1
LinePtCoord: 1663, 2918
LinePtNum: 3
LinePtCoord: -477, 1673
LinePtCoord: -71, 601
LinePtCoord: 982, 506
LinePtNum: 2
LinePtCoord: 1473, -2798
LinePtCoord: 1405, -2888
LinePtNum: 2
LinePtCoord: 2422, -4824
LinePtCoord: 2458, -4897
LinePtNum: 2
LinePtCoord: 3691, -7317
LinePtCoord: 3848, -8152
LinePtNum: 2
LinePtCoord: -2724, -9561
LinePtCoord: -4781, -6552
plan_cnt: 2
xybounds: -9, 5, -5, 9
radarnums: 0  sidenums: 0
endpos_correct_flag: 0
real_obl: 0, 0
expand_obl: 0, 0
oblslot: -0.568, 1.032
oblslot: -0.568, 0.032
oblslot: 4.960, 0.032
oblslot: 4.960, -2.713
oblslot: 0.200, -2.713
oblslot: 0.200, -3.213
slot_type: 2
target_dir: 1
start: 3.1976, -1.3113, 3.1518
end: -4.8870, -1.6545, 3.1504
ID_FINISHED
