ID: 53abdc4cc16c
# ATTACK_TYPE: geometry_noise
LinePtNum: 2
LinePtCoord: -6459, -2385
LinePtCoord: -7660, -1476
LinePtNum: 2
LinePtCoord: -1748, 598
LinePtCoord: -1508, 300
LinePtNum: 2
LinePtCoord: 549, 4631
LinePtCoord: 568, 4608
LinePtNum: 4
LinePtCoord: -476, 4554
LinePtCoord: 940, 3150
LinePtCoord: 1722, 4924
LinePtCoord: 2454, 5968
LinePtNum: 2
LinePtCoord: 3352, 4154
LinePtCoord: 3346, 4171
LinePtNum: 2
LinePtCoord: 4083, 4345
LinePtCoord: 4016, 4320
LinePtNum: 2
LinePtCoord: 4086, 2931
LinePtCoord: 4045, 2949
LinePtNum: 2
LinePtCoord: 4880, 3096
LinePtCoord: 4915, 3130
LinePtNum: 2
LinePtCoord: 4882, 2223
LinePtCoord: 4883, 2187
LinePtNum: 2
LinePtCoord: 5447, 1840
LinePtCoord: 5438, 1865
LinePtNum: 2
LinePtCoord: 6028, 1726
LinePtCoord: 5970, 1724
LinePtNum: 4
LinePtCoord: 2522, -6047
LinePtCoord: 2135, -6470
LinePtCoord: 2119, -6667
LinePtCoord: 2130, -6734
LinePtNum: 3
LinePtCoord: -3088, -9611
LinePtCoord: -3453, -9083
LinePtCoord: -4279, -9790
plan_cnt: 0
xybounds: -11, 5, -10, 9
radarnums: 0  sidenums: 0
endpos_correct_flag: 0
real_obl: 0, 0
expand_obl: 0, 0
oblslot: -1.000, 1.200
oblslot: -1.000, 0.200
oblslot: 4.960, 0.200
oblslot: 4.960, -3.488
oblslot: 1.500, -3.488
oblslot: 1.500, -3.988
slot_type: 2
target_dir: 0
start: 3.1970, -1.2430, 3.1416
end: 0.0395, -7.7217, 2.1000
ID_FINISHED
