ID: eaa2e5a4f676
# ATTACK_TYPE: geometry_noise
LinePtNum: 2
LinePtCoord: -6300, 2679
LinePtCoord: -5724, 2617
LinePtNum: 3
LinePtCoord: 783, 4362
LinePtCoord: 454, 2811
LinePtCoord: 2440, 3644
LinePtNum: 3
LinePtCoord: 752, 2611
LinePtCoord: 778, 368
LinePtCoord: 871, 326
LinePtNum: 2
LinePtCoord: 975, -6163
LinePtCoord: 215, -5037
LinePtNum: 3
LinePtCoord: -233, -4862
LinePtCoord: -348, -5201
LinePtCoord: -314, -5445
LinePtNum: 5
LinePtCoord: -7190, -9966
LinePtCoord: -7030, -7649
LinePtCoord: -5832, -4720
LinePtCoord: -6161, -4709
LinePtCoord: -7714, -5903
LinePtNum: 3
LinePtCoord: -6462, 2821
LinePtCoord: -6123, 3106
LinePtCoord: -7388, 5166
plan_cnt: 0
xybounds: -9, 5, -5, 9
radarnums: 0  sidenums: 0
endpos_correct_flag: 0
real_obl: 0, 0
expand_obl: 0, 0
oblslot: 0.200, 1.178
oblslot: 0.200, 0.178
oblslot: 4.960, 0.178
oblslot: 4.960, -4.543
oblslot: 0.200, -4.543
oblslot: 0.200, -5.043
slot_type: 2
target_dir: 0
start: 3.1970, -1.2540, 3.1416
end: -2.0759, -2.9818, 1.5696
ID_FINISHED
