ID: 32b4088d1659
# ATTACK_TYPE: geometry_noise
LinePtNum: 4
LinePtCoord: -6283, 2645
LinePtCoord: -5984, 2555
LinePtCoord: -6090, 3722
LinePtCoord: -6440, 6016
LinePtNum: 5
LinePtCoord: 1474, 3835
LinePtCoord: -81, 2463
LinePtCoord: 2755, 1820
LinePtCoord: 1190, 568
LinePtCoord: 1481, 273
LinePtNum: 3
LinePtCoord: 3741, 2636
LinePtCoord: 1081, 841
LinePtCoord: 1169, 264
LinePtNum: 2
LinePtCoord: 5314, 228
LinePtCoord: 5463, 278
LinePtNum: 2
LinePtCoord: 309, -4896
LinePtCoord: 192, -4827
LinePtNum: 3
LinePtCoord: -6362, -4418
LinePtCoord: -7516, -6882
LinePtCoord: -7884, -6988
plan_cnt: 2
xybounds: -9, 5, -5, 9
radarnums: 0  sidenums: 0
endpos_correct_flag: 0
real_obl: 0, 0
expand_obl: 0, 0
oblslot: 0.475, 1.273
oblslot: 0.475, 0.273
oblslot: 4.960, 0.273
oblslot: 4.960, -4.514
oblslot: 0.200, -4.514
oblslot: 0.200, -5.014
slot_type: 2
target_dir: 1
start: 3.1966, -1.0896, 3.1508
end: -4.3495, -0.9547, 2.5232
ID_FINISHED
