ID: f313d98b3a60
# ATTACK_TYPE: geometry_noise
LinePtNum: 2
LinePtCoord: -5253, 5674
LinePtCoord: -5279, 5690
LinePtNum: 3
LinePtCoord: 3204, 5044
LinePtCoord: 4053, 3630
LinePtCoord: 5409, 3453
LinePtNum: 6
LinePtCoord: 2740, 5555
LinePtCoord: 3712, 2880
LinePtCoord: 3347, 364
LinePtCoord: 3474, -7954
LinePtCoord: 3711, -9822
LinePtCoord: 3605, -10009
LinePtNum: 4
LinePtCoord: 2668, -7108
LinePtCoord: 3715, -7904
LinePtCoord: 3383, -9233
LinePtCoord: 3708, -9956
LinePtNum: 2
LinePtCoord: -5374, -8516
LinePtCoord: -5378, -8513
LinePtNum: 4
LinePtCoord: -5082, -8678
LinePtCoord: -6126, -9886
LinePtCoord: -7260, -9157
LinePtCoord: -7357, -8602
plan_cnt: 0
xybounds: -6, 3, -8, 8
radarnums: 0  sidenums: 0
endpos_correct_flag: 0
real_obl: 0, 0
expand_obl: 0, 0
oblslot: -0.100, 3.200
oblslot: -0.100, 1.200
oblslot: 2.727, 1.200
oblslot: 2.727, -7.130
oblslot: 0.200, -7.130
oblslot: 0.200, -9.130
slot_type: 1
target_dir: 0
start: 1.2630, -4.7910, 1.5708
end: -1.6807, -4.4184, 1.6258
ID_FINISHED
