ID: 6e2f9a644a13
# ATTACK_TYPE: geometry_noise
LinePtNum: 2
LinePtCoord: -6301, -4792
LinePtCoord: -7325, -6400
LinePtNum: 4
LinePtCoord: -6412, 2623
LinePtCoord: -5772, 2376
LinePtCoord: -5834, 2722
LinePtCoord: -7694, 5995
LinePtNum: 6
LinePtCoord: 1970, 5673
LinePtCoord: 168, 2466
LinePtCoord: 2546, 3251
LinePtCoord: 1239, 1611
LinePtCoord: 1483, 1202
LinePtCoord: 1593, 932
LinePtNum: 3
LinePtCoord: 1342, 1538
LinePtCoord: 1441, 1517
LinePtCoord: 1150, 348
LinePtNum: 2
LinePtCoord: 2401, 843
LinePtCoord: 2435, 776
LinePtNum: 2
LinePtCoord: 2823, 613
LinePtCoord: 2835, 623
LinePtNum: 2
LinePtCoord: 3428, 357
LinePtCoord: 3427, 366
LinePtNum: 3
LinePtCoord: 5020, -6187
LinePtCoord: 1223, -4991
LinePtCoord: 583, -4867
LinePtNum: 3
LinePtCoord: 15, -4807
LinePtCoord: -158, -5207
LinePtCoord: 22, -5502
LinePtNum: 3
LinePtCoord: -6304, -10024
LinePtCoord: -6506, -5186
LinePtCoord: -7092, -5254
plan_cnt: 2
xybounds: -9, 5, -5, 9
radarnums: 0  sidenums: 0
endpos_correct_flag: 0
real_obl: 0, 0
expand_obl: 0, 0
oblslot: 0.418, 1.366
oblslot: 0.418, 0.366
oblslot: 4.960, 0.366
oblslot: 4.960, -4.817
oblslot: 1.507, -4.817
oblslot: 1.507, -5.317
slot_type: 2
target_dir: 0
start: 3.6965, -1.0963, 3.1477
end: -0.4974, -1.6796, 3.2733
ID_FINISHED
