ID: 581fa0fd4578
# ATTACK_TYPE: geometry_noise
LinePtNum: 4
LinePtCoord: -1245, 3907
LinePtCoord: -1752, 3190
LinePtCoord: -764, 2037
LinePtCoord: 256, 1654
LinePtNum: 3
LinePtCoord: -476, 835
LinePtCoord: -812, 642
LinePtCoord: -529, 279
LinePtNum: 3
LinePtCoord: -1509, 693
LinePtCoord: -1347, 591
LinePtCoord: 2999, 1872
LinePtNum: 2
LinePtCoord: 3098, -4254
LinePtCoord: 2163, -4799
LinePtNum: 3
LinePtCoord: -3634, -8553
LinePtCoord: -4014, -8963
LinePtCoord: -3878, -10030
LinePtNum: 3
LinePtCoord: -6852, -2063
LinePtCoord: -7448, -1760
LinePtCoord: -7640, -1815
plan_cnt: 2
xybounds: -9, 5, -5, 9
radarnums: 0  sidenums: 0
endpos_correct_flag: 0
real_obl: 0, 0
expand_obl: 0, 0
oblslot: -1.354, 0.818
oblslot: -1.354, -0.182
oblslot: 4.960, -0.182
oblslot: 4.960, -3.546
oblslot: 0.200, -3.546
oblslot: 0.200, -4.046
slot_type: 2
target_dir: 1
start: 3.1989, -1.5872, 3.1474
end: -4.7131, -0.1090, 2.5165
ID_FINISHED
