ID: 1eabd49d27e2
# ATTACK_TYPE: geometry_noise
LinePtNum: 2
LinePtCoord: 322, 3338
LinePtCoord: 327, 3329
LinePtNum: 3
LinePtCoord: 246, 2729
LinePtCoord: 287, 2670
LinePtCoord: 318, 2647
LinePtNum: 5
LinePtCoord: 5232, -3691
LinePtCoord: 2336, -3592
LinePtCoord: 986, -3176
LinePtCoord: 756, -5345
LinePtCoord: 338, -5127
LinePtNum: 3
LinePtCoord: 1994, -4815
LinePtCoord: 2323, -5335
LinePtCoord: 3244, -6386
LinePtNum: 3
LinePtCoord: 302, -4682
LinePtCoord: -461, -4753
LinePtCoord: -179, -5754
LinePtNum: 2
LinePtCoord: -7544, -6392
LinePtCoord: -7515, -6378
LinePtNum: 3
LinePtCoord: -6197, -5134
LinePtCoord: -6345, -5072
LinePtCoord: -7107, -5660
LinePtNum: 3
LinePtCoord: -7135, 2755
LinePtCoord: -6088, 2951
LinePtCoord: -6024, 3307
plan_cnt: 0
xybounds: -9, 5, -5, 9
radarnums: 0  sidenums: 0
endpos_correct_flag: 0
real_obl: 0, 0
expand_obl: 0, 0
oblslot: 0.200, 3.300
oblslot: 0.200, 2.300
oblslot: 4.993, 2.300
oblslot: 4.993, -2.483
oblslot: 0.345, -2.483
oblslot: 0.345, -2.983
slot_type: 2
target_dir: 0
start: 3.1970, -1.0400, 3.1416
end: -2.2416, -1.3682, 1.4867
ID_FINISHED
