ID: d4891facf7a0
# ATTACK_TYPE: geometry_noise
LinePtNum: 3
LinePtCoord: 352, 2899
LinePtCoord: 519, 2608
LinePtCoord: 511, 2578
LinePtNum: 4
LinePtCoord: 2143, -3035
LinePtCoord: 723, -2725
LinePtCoord: -406, -3254
LinePtCoord: -428, -5718
LinePtNum: 2
LinePtCoord: -7297, -6875
LinePtCoord: -7277, -6897
LinePtNum: 3
LinePtCoord: -6177, -9993
LinePtCoord: -5981, -6147
LinePtCoord: -6131, -4664
LinePtNum: 2
LinePtCoord: -7519, -5685
LinePtCoord: -7595, -5665
LinePtNum: 3
LinePtCoord: -6557, 2130
LinePtCoord: -6220, 3110
LinePtCoord: -6974, 3030
plan_cnt: 1
xybounds: -9, 5, -5, 9
radarnums: 0  sidenums: 0
endpos_correct_flag: 0
real_obl: 0, 0
expand_obl: 0, 0
oblslot: 1.666, 3.200
oblslot: 1.666, 2.200
oblslot: 4.992, 2.200
oblslot: 4.994, -2.543
oblslot: 0.345, -2.543
oblslot: 0.345, -3.043
slot_type: 2
target_dir: 1
start: 3.1971, -1.1188, 3.1425
end: -3.1127, 2.1975, 2.1074
ID_FINISHED
