ID: b73168c7070c
# ATTACK_TYPE: geometry_noise
LinePtNum: 3
LinePtCoord: 399, 3209
LinePtCoord: 305, 2885
LinePtCoord: 416, 2681
LinePtNum: 6
LinePtCoord: 5492, -3598
LinePtCoord: 3555, -3148
LinePtCoord: 3176, -3747
LinePtCoord: 1190, -3161
LinePtCoord: 742, -3628
LinePtCoord: 631, -3889
LinePtNum: 3
LinePtCoord: 1109, -4460
LinePtCoord: 1112, -4587
LinePtCoord: 2515, -5653
LinePtNum: 2
LinePtCoord: 5378, -8842
LinePtCoord: 5351, -8835
LinePtNum: 3
LinePtCoord: 849, -5203
LinePtCoord: -117, -5157
LinePtCoord: 54, -6035
LinePtNum: 5
LinePtCoord: -7299, -9982
LinePtCoord: -7026, -8772
LinePtCoord: -7839, -9314
LinePtCoord: -6099, -4898
LinePtCoord: -6536, -4895
LinePtNum: 3
LinePtCoord: -7344, 3280
LinePtCoord: -6988, 3844
LinePtCoord: -6791, 3841
plan_cnt: 0
xybounds: -9, 5, -5, 9
radarnums: 0  sidenums: 0
endpos_correct_flag: 0
real_obl: 0, 0
expand_obl: 0, 0
oblslot: 0.200, 3.300
oblslot: 0.200, 2.300
oblslot: 4.960, 2.300
oblslot: 4.960, -2.476
oblslot: 0.200, -2.476
oblslot: 0.200, -2.976
slot_type: 2
target_dir: 0
start: 3.1970, -1.0370, 3.1416
end: -1.6165, -1.9850, 1.5371
ID_FINISHED
