ID: df90e9a84ec6
# ATTACK_TYPE: geometry_noise
LinePtNum: 10
LinePtCoord: -6303, 5909
LinePtCoord: -5848, 5224
LinePtCoord: -6672, 4479
LinePtCoord: -6323, 3673
LinePtCoord: -6598, 3123
LinePtCoord: -5962, 2800
LinePtCoord: -6165, 2520
LinePtCoord: -4661, 2515
LinePtCoord: -4594, 2184
LinePtCoord: -6616, 371
LinePtNum: 2
LinePtCoord: 5829, -6404
LinePtCoord: 5810, -6474
LinePtNum: 4
LinePtCoord: 3291, -6375
LinePtCoord: 3133, -1027
LinePtCoord: 3764, -1381
LinePtCoord: 2942, 42
LinePtNum: 3
LinePtCoord: 2912, 1114
LinePtCoord: 3041, 2729
LinePtCoord: 2869, 2975
LinePtNum: 2
LinePtCoord: 3192, 3459
LinePtCoord: 3185, 3470
LinePtNum: 2
LinePtCoord: 3056, 3751
LinePtCoord: 2980, 3742
LinePtNum: 2
LinePtCoord: 3113, 3967
LinePtCoord: 3172, 3921
LinePtNum: 2
LinePtCoord: 3138, 4189
LinePtCoord: 3169, 4198
LinePtNum: 2
LinePtCoord: 2989, 4387
LinePtCoord: 2985, 4441
LinePtNum: 2
LinePtCoord: 3020, 4687
LinePtCoord: 3062, 4634
LinePtNum: 2
LinePtCoord: 2929, 4845
LinePtCoord: 2896, 4845
LinePtNum: 2
LinePtCoord: 3071, 5192
LinePtCoord: 3122, 5222
LinePtNum: 2
LinePtCoord: 3158, 5425
LinePtCoord: 3175, 5478
LinePtNum: 2
LinePtCoord: 3188, 5792
LinePtCoord: 3174, 5781
LinePtNum: 2
LinePtCoord: 3168, 6037
LinePtCoord: 3135, 5985
plan_cnt: 0
xybounds: -6, 3, -8, 8
radarnums: 0  sidenums: 0
endpos_correct_flag: 0
real_obl: 0, 0
expand_obl: 0, 0
oblslot: -0.100, 4.800
oblslot: -0.100, 2.800
oblslot: 2.603, 2.800
oblslot: 2.609, -7.107
oblslot: 0.200, -7.107
oblslot: 0.200, -9.107
slot_type: 1
target_dir: 0
start: 1.2010, -4.7800, 1.5708
end: -1.7480, 1.7261, 1.5484
ID_FINISHED
