ID: 536d58e2decd
# ATTACK_TYPE: goal_shift
LinePtNum: 2
LinePtCoord: -42, 2605
LinePtCoord: 228, 3486
LinePtNum: 2
LinePtCoord: -6057, 3377
LinePtCoord: -5841, 2641
LinePtNum: 3
LinePtCoord: -6070, 3052
LinePtCoord: -6174, 3113
LinePtCoord: -6058, 2528
LinePtNum: 2
LinePtCoord: -6353, 2374
LinePtCoord: -7414, 3028
LinePtNum: 2
LinePtCoord: -7150, -4912
LinePtCoord: -7150, -4912
LinePtNum: 2
LinePtCoord: -6176, -5338
LinePtCoord: -6176, -5338
LinePtNum: 2
LinePtCoord: -6148, -5850
LinePtCoord: -6148, -5850
LinePtNum: 2
LinePtCoord: -2861, -10000
LinePtCoord: -2717, -9904
LinePtNum: 3
LinePtCoord: 131, -5529
LinePtCoord: 707, -5096
LinePtCoord: 737, -4875
LinePtNum: 2
LinePtCoord: 5723, 2239
LinePtCoord: 5723, 2239
plan_cnt: 0
xybounds: -9, 5, -6, 9
radarnums: 0  sidenums: 0
endpos_correct_flag: 0
real_obl: 0, 0
expand_obl: 0, 0
oblslot: 0.200, 3.300
oblslot: 0.200, 2.300
oblslot: 4.960, 2.300
oblslot: 4.960, -4.448
oblslot: 0.200, -4.448
oblslot: 0.200, -4.948
slot_type: 2
target_dir: 0
start: 3.1970, -0.9730, 3.1416
end: -0.9166, -2.8018, 1.7262
ID_FINISHED
