ID: c861d9fb00d9
# ATTACK_TYPE: goal_shift
LinePtNum: 3
LinePtCoord: -5530, -5234
LinePtCoord: -5839, -4710
LinePtCoord: -7074, -5928
LinePtNum: 3
LinePtCoord: -5591, 2639
LinePtCoord: -5254, 2700
LinePtCoord: -5879, 4979
LinePtNum: 6
LinePtCoord: 1545, 4448
LinePtCoord: 957, 3183
LinePtCoord: 1490, 2760
LinePtCoord: 3271, 3755
LinePtCoord: 2556, 2706
LinePtCoord: 2434, 2171
LinePtNum: 5
LinePtCoord: 1742, 3274
LinePtCoord: 1580, 311
LinePtCoord: 3326, 851
LinePtCoord: 3628, 412
LinePtCoord: 5736, 725
LinePtNum: 4
LinePtCoord: 5632, -3098
LinePtCoord: 1912, -2680
LinePtCoord: 1724, -3525
LinePtCoord: 1546, -3729
LinePtNum: 2
LinePtCoord: 1416, -4057
LinePtCoord: 1788, -4250
LinePtNum: 3
LinePtCoord: 900, -4707
LinePtCoord: 403, -5138
LinePtCoord: 355, -5355
LinePtNum: 3
LinePtCoord: -5647, -10000
LinePtCoord: -5668, -9870
LinePtCoord: -5806, -10000
LinePtNum: 2
LinePtCoord: -6440, -8941
LinePtCoord: -6440, -8941
LinePtNum: 2
LinePtCoord: -6599, -8584
LinePtCoord: -6599, -8584
LinePtNum: 2
LinePtCoord: -6778, -8290
LinePtCoord: -6778, -8290
LinePtNum: 2
LinePtCoord: -6980, -8045
LinePtCoord: -6980, -8045
LinePtNum: 2
LinePtCoord: -6815, -7481
LinePtCoord: -6815, -7481
LinePtNum: 2
LinePtCoord: -6489, -6777
LinePtCoord: -6489, -6777
plan_cnt: 9
xybounds: -9, 5, -5, 9
radarnums: 2  sidenums: 0
endpos_correct_flag: 0
real_obl: 0, 0
expand_obl: 0, 0
oblslot: 0.440, 1.204
oblslot: 0.440, 0.204
oblslot: 4.960, 0.204
oblslot: 4.960, -2.702
oblslot: 0.462, -2.702
oblslot: 0.462, -3.202
oblradar: 0.939, -2.667
oblradar: 0.939, -2.667
slot_type: 2
target_dir: 3
start: 3.1968, -1.2266, 3.1389
end: -0.1532, -1.3778, 3.3841
ID_FINISHED
