ID: 8e21bf126082
# ATTACK_TYPE: goal_shift
LinePtNum: 3
LinePtCoord: -3613, 6000
LinePtCoord: -3170, 5979
LinePtCoord: -3145, 6000
LinePtNum: 4
LinePtCoord: 1612, 5092
LinePtCoord: -1959, 3076
LinePtCoord: 724, 548
LinePtCoord: -866, 736
LinePtNum: 3
LinePtCoord: -492, 1510
LinePtCoord: -1674, 605
LinePtCoord: -1634, 332
LinePtNum: 2
LinePtCoord: 4820, 689
LinePtCoord: 4820, 689
LinePtNum: 2
LinePtCoord: -2914, -9796
LinePtCoord: -2914, -9796
LinePtNum: 2
LinePtCoord: -6195, -7969
LinePtCoord: -6195, -7969
LinePtNum: 3
LinePtCoord: -6916, -2103
LinePtCoord: -7399, -1752
LinePtCoord: -7590, -1834
plan_cnt: 2
xybounds: -9, 5, -5, 9
radarnums: 0  sidenums: 0
endpos_correct_flag: 0
real_obl: 0, 0
expand_obl: 0, 0
oblslot: -1.344, 0.718
oblslot: -1.344, -0.282
oblslot: 4.960, -0.282
oblslot: 4.960, -3.584
oblslot: 0.200, -3.584
oblslot: 0.200, -4.084
slot_type: 2
target_dir: 1
start: 3.2011, -1.6650, 3.1527
end: -4.3636, 0.9435, 2.4742
ID_FINISHED
