ID: 32b4088d1659
# ATTACK_TYPE: goal_shift
LinePtNum: 4
LinePtCoord: -6306, 2616
LinePtCoord: -5979, 2589
LinePtCoord: -6118, 3700
LinePtCoord: -6453, 6000
LinePtNum: 5
LinePtCoord: 1431, 3805
LinePtCoord: -94, 2450
LinePtCoord: 2782, 1792
LinePtCoord: 1211, 528
LinePtCoord: 1494, 299
LinePtNum: 3
LinePtCoord: 3791, 2671
LinePtCoord: 1128, 832
LinePtCoord: 1139, 299
LinePtNum: 2
LinePtCoord: 5270, 252
LinePtCoord: 5435, 275
LinePtNum: 2
LinePtCoord: 307, -4851
LinePtCoord: 200, -4821
LinePtNum: 3
LinePtCoord: -6383, -4449
LinePtCoord: -7493, -6833
LinePtCoord: -7915, -6963
plan_cnt: 2
xybounds: -9, 5, -5, 9
radarnums: 0  sidenums: 0
endpos_correct_flag: 0
real_obl: 0, 0
expand_obl: 0, 0
oblslot: 0.475, 1.273
oblslot: 0.475, 0.273
oblslot: 4.960, 0.273
oblslot: 4.960, -4.514
oblslot: 0.200, -4.514
oblslot: 0.200, -5.014
slot_type: 2
target_dir: 1
start: 3.1966, -1.0896, 3.1508
end: -3.8495, -0.4547, 2.5232
ID_FINISHED
