ID: ae5a5ac75bf1
# ATTACK_TYPE: goal_shift
LinePtNum: 4
LinePtCoord: -3707, 6000
LinePtCoord: -2387, 3205
LinePtCoord: -2049, 3562
LinePtCoord: -1197, 6000
LinePtNum: 4
LinePtCoord: 1431, 6000
LinePtCoord: -346, 1798
LinePtCoord: -84, 758
LinePtCoord: 23, 613
LinePtNum: 3
LinePtCoord: 1035, 1732
LinePtCoord: 2786, 1404
LinePtCoord: 2502, 585
LinePtNum: 2
LinePtCoord: 3695, -2894
LinePtCoord: 3695, -2894
LinePtNum: 2
LinePtCoord: 1946, -2977
LinePtCoord: 1946, -2977
LinePtNum: 3
LinePtCoord: 822, -3658
LinePtCoord: 789, -3752
LinePtCoord: 1079, -4033
LinePtNum: 4
LinePtCoord: 5886, -7665
LinePtCoord: 4059, -7687
LinePtCoord: 4001, -8279
LinePtCoord: 4301, -9185
LinePtNum: 3
LinePtCoord: -4328, -6811
LinePtCoord: -5591, -7524
LinePtCoord: -6309, -8387
plan_cnt: 2
xybounds: -9, 5, -5, 9
radarnums: 0  sidenums: 0
endpos_correct_flag: 0
real_obl: 0, 0
expand_obl: 0, 0
oblslot: -0.887, 1.353
oblslot: -0.887, 0.353
oblslot: 4.960, 0.353
oblslot: 4.960, -3.407
oblslot: 1.077, -3.407
oblslot: 1.077, -3.907
slot_type: 2
target_dir: 0
start: 3.6963, -1.3184, 3.1933
end: 0.0078, -1.0599, 3.3446
ID_FINISHED
