ID: c17cd755e987
# ATTACK_TYPE: goal_shift
LinePtNum: 3
LinePtCoord: -3800, 6000
LinePtCoord: -3769, 5940
LinePtCoord: -3573, 6000
LinePtNum: 4
LinePtCoord: 2100, 6000
LinePtCoord: -193, 4046
LinePtCoord: -1366, 3757
LinePtCoord: -1661, 3667
LinePtNum: 2
LinePtCoord: -1924, 3153
LinePtCoord: -1924, 3153
LinePtNum: 2
LinePtCoord: -1803, 2908
LinePtCoord: -1803, 2908
LinePtNum: 2
LinePtCoord: -1508, 2570
LinePtCoord: -1508, 2570
LinePtNum: 2
LinePtCoord: -1625, 2383
LinePtCoord: -1625, 2383
LinePtNum: 2
LinePtCoord: -1448, 2061
LinePtCoord: -1448, 2061
LinePtNum: 2
LinePtCoord: -1237, 1691
LinePtCoord: -1237, 1691
LinePtNum: 2
LinePtCoord: -755, 1100
LinePtCoord: -755, 1100
LinePtNum: 2
LinePtCoord: -328, 443
LinePtCoord: -328, 443
LinePtNum: 2
LinePtCoord: -236, 299
LinePtCoord: -236, 299
LinePtNum: 3
LinePtCoord: -1700, 1067
LinePtCoord: -1681, 614
LinePtCoord: -516, 299
LinePtNum: 3
LinePtCoord: -6895, -2718
LinePtCoord: -7474, -1756
LinePtCoord: -7878, -2521
plan_cnt: 1
xybounds: -9, 5, -5, 9
radarnums: 0  sidenums: 0
endpos_correct_flag: 0
real_obl: 0, 0
expand_obl: 0, 0
oblslot: -2.703, 1.172
oblslot: -2.703, 0.172
oblslot: 4.960, 0.172
oblslot: 4.960, -3.546
oblslot: 0.200, -3.546
oblslot: 0.200, -4.046
slot_type: 2
target_dir: 1
start: 3.1971, -1.2685, 3.1474
end: -4.5950, 2.1714, 2.0977
ID_FINISHED
