ID: c822168bc7bd
# ATTACK_TYPE: geometry_noise
LinePtNum: 2
LinePtCoord: -7633, -2540
LinePtCoord: -7981, -2842
LinePtNum: 5
LinePtCoord: -5386, -9964
LinePtCoord: -2369, -5280
LinePtCoord: -2217, -9522
LinePtCoord: -447, -8625
LinePtCoord: 238, -9719
LinePtNum: 3
LinePtCoord: 5571, -10032
LinePtCoord: 5481, -9345
LinePtCoord: 5562, -8531
LinePtNum: 3
LinePtCoord: 5085, -8165
LinePtCoord: 5071, -7384
LinePtCoord: 5628, -6767
LinePtNum: 5
LinePtCoord: 1529, 1028
LinePtCoord: 1058, 1173
LinePtCoord: 4584, 4787
LinePtCoord: 4250, 5776
LinePtCoord: 4341, 6004
LinePtNum: 4
LinePtCoord: -4088, 4827
LinePtCoord: -4016, 4099
LinePtCoord: -4415, 4213
LinePtCoord: -5350, 5253
plan_cnt: 1
xybounds: -9, 5, -5, 9
radarnums: 0  sidenums: 0
endpos_correct_flag: 0
real_obl: 0, 0
expand_obl: 0, 0
oblslot: -0.994, 1.799
oblslot: -0.994, 0.799
oblslot: 4.960, 0.799
oblslot: 4.960, -5.525
oblslot: -0.881, -5.525
oblslot: -0.881, -6.025
slot_type: 2
target_dir: 0
start: 3.6879, -1.3072, 3.0856
end: 0.8083, -1.1408, 3.1520
ID_FINISHED
