ID: 98a531a3c3d8
# ATTACK_TYPE: geometry_noise
LinePtNum: 3
LinePtCoord: 153, 5399
LinePtCoord: 165, 4959
LinePtCoord: 208, 4907
LinePtNum: 2
LinePtCoord: -6893, -3519
LinePtCoord: -6965, -3552
LinePtNum: 4
LinePtCoord: -6128, -7713
LinePtCoord: -6136, -2478
LinePtCoord: -6822, -2852
LinePtCoord: -7711, -3792
LinePtNum: 3
LinePtCoord: -6370, 4913
LinePtCoord: -6035, 5370
LinePtCoord: -6308, 5605
plan_cnt: 1
xybounds: -9, 5, -5, 9
radarnums: 0  sidenums: 0
endpos_correct_flag: 0
real_obl: 0, 0
expand_obl: 0, 0
oblslot: 0.201, 3.226
oblslot: 0.201, 2.226
oblslot: 5.043, 2.226
oblslot: 5.070, -3.241
oblslot: 0.200, -3.241
oblslot: 0.200, -3.741
slot_type: 2
target_dir: 1
start: 3.1967, -1.1178, 3.1540
end: -2.3023, 3.0026, 1.8969
ID_FINISHED
