ID: 9c3f27fc47d6
# ATTACK_TYPE: geometry_noise
LinePtNum: 3
LinePtCoord: -7212, -8169
LinePtCoord: -5720, -5000
LinePtCoord: -6584, -5123
LinePtNum: 2
LinePtCoord: -5807, 2458
LinePtCoord: -5897, 2464
LinePtNum: 3
LinePtCoord: 197, 3145
LinePtCoord: 474, 2681
LinePtCoord: 546, 2649
LinePtNum: 2
LinePtCoord: 927, 2644
LinePtCoord: 1198, 2736
LinePtNum: 4
LinePtCoord: 4195, -2819
LinePtCoord: 5289, -6241
LinePtCoord: 4040, -6598
LinePtCoord: 3614, -7255
LinePtNum: 4
LinePtCoord: 954, -3152
LinePtCoord: 1284, -5705
LinePtCoord: -15, -4682
LinePtCoord: 38, -5370
LinePtNum: 4
LinePtCoord: -7557, -9555
LinePtCoord: -6816, -6739
LinePtCoord: -7961, -6056
LinePtCoord: -7926, -5681
plan_cnt: 2
xybounds: -9, 5, -5, 9
radarnums: 0  sidenums: 0
endpos_correct_flag: 0
real_obl: 0, 0
expand_obl: 0, 0
oblslot: -0.007, 3.639
oblslot: -0.007, 1.639
oblslot: 4.960, 1.668
oblslot: 4.960, -2.604
oblslot: 0.788, -2.604
oblslot: 0.788, -3.104
slot_type: 2
target_dir: 0
start: 3.6966, -1.1431, 3.1475
end: 0.9022, -1.1429, 3.0170
ID_FINISHED
