ID: 83f486a5b942
# ATTACK_TYPE: geometry_noise
LinePtNum: 3
LinePtCoord: -1664, 6044
LinePtCoord: -1703, 5620
LinePtCoord: -1049, 6008
LinePtNum: 4
LinePtCoord: 1486, 2222
LinePtCoord: -91, 1214
LinePtCoord: 200, 550
LinePtCoord: 443, 290
LinePtNum: 4
LinePtCoord: 2338, 2775
LinePtCoord: 712, 1062
LinePtCoord: 897, 517
LinePtCoord: 2740, 342
LinePtNum: 3
LinePtCoord: -6220, -3849
LinePtCoord: -7267, -1616
LinePtCoord: -7354, -1437
LinePtNum: 3
LinePtCoord: -7644, -860
LinePtCoord: -7883, -671
LinePtCoord: -7943, -651
plan_cnt: 1
xybounds: -9, 5, -5, 9
radarnums: 0  sidenums: 0
endpos_correct_flag: 0
real_obl: 0, 0
expand_obl: 0, 0
oblslot: -0.713, 1.477
oblslot: -0.713, 0.477
oblslot: 4.960, 0.477
oblslot: 4.960, -2.577
oblslot: 0.709, -2.577
oblslot: 0.709, -3.077
slot_type: 2
target_dir: 1
start: 3.1968, -1.2419, 3.1251
end: -4.4349, -0.1208, 2.5380
ID_FINISHED
