ID: 3d1b443b872b
# ATTACK_TYPE: geometry_noise
LinePtNum: 3
LinePtCoord: 5535, 3184
LinePtCoord: 4217, 4866
LinePtCoord: 4439, 5959
LinePtNum: 5
LinePtCoord: 4541, -9966
LinePtCoord: 4098, -6742
LinePtCoord: 4737, -6753
LinePtCoord: 3862, -5478
LinePtCoord: 3819, -5149
LinePtNum: 5
LinePtCoord: 4460, 2705
LinePtCoord: 5136, 3514
LinePtCoord: 4123, 3304
LinePtCoord: 4857, 5823
LinePtCoord: 4888, 6021
plan_cnt: 0
xybounds: -9, 5, -6, 9
radarnums: 0  sidenums: 0
endpos_correct_flag: 0
real_obl: 0, 0
expand_obl: 0, 0
oblslot: 0.200, 3.300
oblslot: 0.200, 2.300
oblslot: 4.960, 2.300
oblslot: 4.960, -4.642
oblslot: 0.200, -4.642
oblslot: 0.200, -5.142
slot_type: 2
target_dir: 0
start: 2.9975, -1.0700, 3.1416
end: -2.1220, -3.2900, 1.5200
ID_FINISHED
