ID: 257bef982452
# ATTACK_TYPE: geometry_noise
LinePtNum: 3
LinePtCoord: -1345, 5840
LinePtCoord: -1943, 5607
LinePtCoord: -1778, 6001
LinePtNum: 2
LinePtCoord: -7793, -1616
LinePtCoord: -7918, -1837
LinePtNum: 4
LinePtCoord: -7875, -7427
LinePtCoord: -6191, -6479
LinePtCoord: -5849, -6574
LinePtCoord: -5783, -6955
LinePtNum: 5
LinePtCoord: -7181, -5576
LinePtCoord: -7288, -6175
LinePtCoord: -6268, -5754
LinePtCoord: -6165, -6834
LinePtCoord: -6283, -7324
LinePtNum: 2
LinePtCoord: -4414, -9961
LinePtCoord: -3738, -9678
LinePtNum: 3
LinePtCoord: 2889, -5063
LinePtCoord: 4117, -3199
LinePtCoord: 3934, -2793
LinePtNum: 4
LinePtCoord: 1534, -3877
LinePtCoord: 1315, -2961
LinePtCoord: 1879, -2984
LinePtCoord: 2105, -2715
LinePtNum: 3
LinePtCoord: 5318, -2557
LinePtCoord: 5556, -1481
LinePtCoord: 5323, -1299
LinePtNum: 8
LinePtCoord: 5342, -70
LinePtCoord: 5393, 723
LinePtCoord: 2003, 1907
LinePtCoord: 2426, 2309
LinePtCoord: 1012, 2994
LinePtCoord: 633, 4064
LinePtCoord: 242, 5653
LinePtCoord: 151, 5995
LinePtNum: 3
LinePtCoord: -1114, 6009
LinePtCoord: -1839, 5763
LinePtCoord: -1934, 5951
plan_cnt: 0
xybounds: -9, 5, -5, 9
radarnums: 0  sidenums: 0
endpos_correct_flag: 0
real_obl: 0, 0
expand_obl: 0, 0
oblslot: 0.000, 2.500
oblslot: 0.000, 1.500
oblslot: 4.960, 1.499
oblslot: 4.960, -2.589
oblslot: 0.126, -2.589
oblslot: 0.126, -3.089
slot_type: 2
target_dir: 0
start: 2.9970, -1.1260, 3.1416
end: -3.5327, -0.8708, 1.9047
ID_FINISHED
