ID: 504d598b0f05
# ATTACK_TYPE: geometry_noise
LinePtNum: 2
LinePtCoord: 5135, 5996
LinePtCoord: 4376, 5019
LinePtNum: 4
LinePtCoord: 5543, 6045
LinePtCoord: 4017, 2122
LinePtCoord: 5722, 1429
LinePtCoord: 4847, 675
LinePtNum: 5
LinePtCoord: 5463, -2786
LinePtCoord: 4148, -3224
LinePtCoord: 933, -3256
LinePtCoord: 923, -4487
LinePtCoord: 967, -4679
LinePtNum: 2
LinePtCoord: 1393, -8127
LinePtCoord: 1230, -8701
LinePtNum: 2
LinePtCoord: 4600, -7724
LinePtCoord: 4558, -7721
LinePtNum: 2
LinePtCoord: -720, -7708
LinePtCoord: -750, -7885
LinePtNum: 2
LinePtCoord: -7561, -9729
LinePtCoord: -7618, -9737
LinePtNum: 3
LinePtCoord: -6694, -8542
LinePtCoord: -7219, -8200
LinePtCoord: -7435, -7786
plan_cnt: 0
xybounds: -9, 5, -5, 9
radarnums: 0  sidenums: 0
endpos_correct_flag: 0
real_obl: 0, 0
expand_obl: 0, 0
oblslot: 0.200, 2.000
oblslot: 0.200, 1.000
oblslot: 4.990, 1.000
oblslot: 4.990, -2.714
oblslot: 0.165, -2.714
oblslot: 0.165, -3.214
slot_type: 2
target_dir: 0
start: 2.9970, -1.2050, 3.1416
end: -2.4102, -2.9991, 1.5635
ID_FINISHED
