ID: ebc51c2e5a94
# ATTACK_TYPE: geometry_noise
LinePtNum: 2
LinePtCoord: 5810, -5281
LinePtCoord: 5801, -5299
LinePtNum: 3
LinePtCoord: 5822, 1727
LinePtCoord: 4196, 1775
LinePtCoord: 4255, 2047
LinePtNum: 4
LinePtCoord: 5638, 4799
LinePtCoord: 5793, 5413
LinePtCoord: 5002, 5301
LinePtCoord: 5234, 5969
plan_cnt: 2
xybounds: -9, 5, -5, 9
radarnums: 0  sidenums: 0
endpos_correct_flag: 0
real_obl: 0, 0
expand_obl: 0, 0
oblslot: 0.072, 2.666
oblslot: 0.072, 1.666
oblslot: 4.960, 1.405
oblslot: 4.960, -3.231
oblslot: 0.204, -3.231
oblslot: 0.204, -3.731
slot_type: 2
target_dir: 0
start: 3.4923, -1.2213, 3.0870
end: 1.8405, -1.0114, 3.0321
ID_FINISHED
