ID: 923726036998
# ATTACK_TYPE: geometry_noise
LinePtNum: 3
LinePtCoord: -7409, -3704
LinePtCoord: -6873, -2384
LinePtCoord: -6852, -1712
LinePtNum: 2
LinePtCoord: -5836, 2459
LinePtCoord: -5818, 2441
LinePtNum: 3
LinePtCoord: 199, 3076
LinePtCoord: 394, 2675
LinePtCoord: 438, 2578
LinePtNum: 2
LinePtCoord: 856, 2617
LinePtCoord: 1575, 3320
LinePtNum: 3
LinePtCoord: 3437, -9645
LinePtCoord: 1092, -5214
LinePtCoord: 800, -4949
LinePtNum: 2
LinePtCoord: 196, -4981
LinePtCoord: 251, -5311
LinePtNum: 2
LinePtCoord: -6555, -6270
LinePtCoord: -6181, -5371
LinePtNum: 3
LinePtCoord: -7299, -3455
LinePtCoord: -7062, -2034
LinePtCoord: -7679, -1798
plan_cnt: 2
xybounds: -9, 5, -5, 9
radarnums: 0  sidenums: 0
endpos_correct_flag: 0
real_obl: 0, 0
expand_obl: 0, 0
oblslot: -0.011, 3.587
oblslot: -0.011, 1.587
oblslot: 4.960, 1.640
oblslot: 4.960, -5.356
oblslot: 1.800, -5.356
oblslot: 1.800, -5.856
slot_type: 2
target_dir: 0
start: 3.6970, -1.1827, 3.1526
end: 1.7345, -0.9860, 2.8911
ID_FINISHED
