ID: 4beb44261bc8
# ATTACK_TYPE: geometry_noise
LinePtNum: 2
LinePtCoord: -4608, 5164
LinePtCoord: -4591, 5237
LinePtNum: 4
LinePtCoord: 2908, 5970
LinePtCoord: 3168, 4263
LinePtCoord: 3864, 3852
LinePtCoord: 4469, 3388
LinePtNum: 5
LinePtCoord: 2805, 4655
LinePtCoord: 3508, -255
LinePtCoord: 3480, -3893
LinePtCoord: 3720, -8468
LinePtCoord: 4021, -9983
LinePtNum: 4
LinePtCoord: 2921, -6873
LinePtCoord: 4073, -8606
LinePtCoord: 3287, -8917
LinePtCoord: 3656, -10042
LinePtNum: 2
LinePtCoord: -5440, -9079
LinePtCoord: -5384, -9043
LinePtNum: 7
LinePtCoord: -5883, -5220
LinePtCoord: -5675, -4448
LinePtCoord: -6088, -4593
LinePtCoord: -5834, -2666
LinePtCoord: -4448, -1388
LinePtCoord: -4503, -1243
LinePtCoord: -4382, -1270
plan_cnt: 0
xybounds: -6, 3, -8, 8
radarnums: 0  sidenums: 0
endpos_correct_flag: 0
real_obl: 0, 0
expand_obl: 0, 0
oblslot: -0.100, 4.800
oblslot: -0.100, 2.800
oblslot: 2.710, 2.800
oblslot: 2.710, -8.849
oblslot: 0.200, -8.849
oblslot: 0.200, -10.849
slot_type: 1
target_dir: 0
start: 1.2540, -5.0500, 1.5708
end: -1.9411, -3.3116, 1.5428
ID_FINISHED
