ID: 9ceec2b30ba1
# ATTACK_TYPE: geometry_noise
LinePtNum: 2
LinePtCoord: -2654, 3896
LinePtCoord: -2306, 2748
LinePtNum: 3
LinePtCoord: -235, 3566
LinePtCoord: -263, 2082
LinePtCoord: -63, 1501
LinePtNum: 6
LinePtCoord: -954, 2316
LinePtCoord: -97, 6176
LinePtCoord: 1430, 1077
LinePtCoord: 2252, 1228
LinePtCoord: 2660, 6506
LinePtCoord: 4000, 1432
LinePtNum: 2
LinePtCoord: 5938, 1873
LinePtCoord: 5970, 1781
LinePtNum: 3
LinePtCoord: 1004, -3616
LinePtCoord: 1028, -4171
LinePtCoord: 1219, -4336
LinePtNum: 4
LinePtCoord: 5342, -9078
LinePtCoord: 3695, -8961
LinePtCoord: 3104, -9970
LinePtCoord: 3048, -9988
LinePtNum: 3
LinePtCoord: 1175, -9975
LinePtCoord: 1106, -9963
LinePtCoord: 1137, -10020
LinePtNum: 3
LinePtCoord: -4244, -7239
LinePtCoord: -4407, -6549
LinePtCoord: -4690, -6558
plan_cnt: 0
xybounds: -11, 5, -8, 9
radarnums: 0  sidenums: 0
endpos_correct_flag: 0
real_obl: 0, 0
expand_obl: 0, 0
oblslot: -1.000, 1.200
oblslot: -1.000, 0.200
oblslot: 4.960, 0.200
oblslot: 4.960, -2.740
oblslot: 0.200, -2.740
oblslot: 0.200, -3.240
slot_type: 7
target_dir: 0
start: 3.1970, -1.2690, 3.1416
end: -0.8545, -5.5595, 2.0659
ID_FINISHED
