ID: 59c46beb6550
# ATTACK_TYPE: geometry_noise
LinePtNum: 3
LinePtCoord: -2823, 3823
LinePtCoord: -2386, 3341
LinePtCoord: -1678, 3750
LinePtNum: 4
LinePtCoord: 3189, 3740
LinePtCoord: -316, 2022
LinePtCoord: -207, 1055
LinePtCoord: -252, 890
LinePtNum: 3
LinePtCoord: -284, 777
LinePtCoord: 2022, 1230
LinePtCoord: 2507, 912
LinePtNum: 2
LinePtCoord: 3023, -5592
LinePtCoord: 2986, -5620
LinePtNum: 3
LinePtCoord: 2391, -8402
LinePtCoord: 78, -8473
LinePtCoord: 482, -9972
LinePtNum: 2
LinePtCoord: -4477, -6218
LinePtCoord: -4513, -6162
plan_cnt: 2
xybounds: -9, 5, -5, 9
radarnums: 0  sidenums: 0
endpos_correct_flag: 0
real_obl: 0, 0
expand_obl: 0, 0
oblslot: -1.175, 1.676
oblslot: -1.175, 0.676
oblslot: 4.960, 0.676
oblslot: 4.960, -3.371
oblslot: 0.200, -3.371
oblslot: 0.200, -3.871
slot_type: 2
target_dir: 1
start: 3.1970, -1.1307, 3.1396
end: -3.0585, -0.5600, 2.7603
ID_FINISHED
