ID: 3add37cfc738
# ATTACK_TYPE: geometry_noise
LinePtNum: 2
LinePtCoord: -6522, -2110
LinePtCoord: -6789, -1901
LinePtNum: 2
LinePtCoord: -1514, 1093
LinePtCoord: -1427, 897
LinePtNum: 3
LinePtCoord: -1631, 471
LinePtCoord: -1516, 430
LinePtCoord: -1467, 298
LinePtNum: 2
LinePtCoord: -987, 331
LinePtCoord: -742, 744
LinePtNum: 2
LinePtCoord: 4227, 5229
LinePtCoord: 4247, 5172
LinePtNum: 5
LinePtCoord: 4291, -3338
LinePtCoord: 2445, -3685
LinePtCoord: 2551, -5069
LinePtCoord: 3160, -5699
LinePtCoord: 4811, -7160
LinePtNum: 2
LinePtCoord: 3417, -6998
LinePtCoord: 2532, -6663
LinePtNum: 3
LinePtCoord: 4291, -6001
LinePtCoord: 2900, -6397
LinePtCoord: 2586, -6717
LinePtNum: 3
LinePtCoord: -3018, -9544
LinePtCoord: -3400, -8818
LinePtCoord: -3684, -8700
LinePtNum: 4
LinePtCoord: -7085, -2465
LinePtCoord: -6607, -2291
LinePtCoord: -6950, -1895
LinePtCoord: -7093, -1780
plan_cnt: 0
xybounds: -11, 5, -8, 9
radarnums: 0  sidenums: 0
endpos_correct_flag: 0
real_obl: 0, 0
expand_obl: 0, 0
oblslot: -1.000, 1.200
oblslot: -1.000, 0.200
oblslot: 4.960, 0.200
oblslot: 4.960, -2.720
oblslot: 0.200, -2.720
oblslot: 0.200, -3.220
slot_type: 2
target_dir: 0
start: 3.1970, -1.2590, 3.1416
end: -1.4453, -5.1323, 2.0642
ID_FINISHED
