ID: 8719373530c4
# ATTACK_TYPE: geometry_noise
LinePtNum: 2
LinePtCoord: -6419, 5999
LinePtCoord: -4546, 4288
LinePtNum: 3
LinePtCoord: 2382, 5997
LinePtCoord: 3400, 3160
LinePtCoord: 4294, 2920
LinePtNum: 4
LinePtCoord: 2344, 42536
LinePtCoord: 3186, 1576
LinePtCoord: 3510, -4330
LinePtCoord: 3628, -9981
LinePtNum: 3
LinePtCoord: 3862, -7624
LinePtCoord: 3216, -7709
LinePtCoord: 3639, -10048
LinePtNum: 2
LinePtCoord: -5995, -10040
LinePtCoord: -5687, -9051
LinePtNum: 5
LinePtCoord: -6118, -5534
LinePtCoord: -5799, -4517
LinePtCoord: -6174, -4230
LinePtCoord: -5826, -2247
LinePtCoord: -4654, -1244
plan_cnt: 0
xybounds: -6, 3, -8, 8
radarnums: 0  sidenums: 0
endpos_correct_flag: 0
real_obl: 0, 0
expand_obl: 0, 0
oblslot: -0.100, 3.200
oblslot: -0.100, 1.200
oblslot: 2.729, 1.200
oblslot: 2.729, -8.932
oblslot: 0.200, -8.932
oblslot: 0.200, -10.932
slot_type: 1
target_dir: 0
start: 1.2640, -5.0920, 1.5708
end: -1.9503, -3.8404, 1.5569
ID_FINISHED
