Received data from command line argument, length: 1146
<<<<<<<<<<<<<<<<  ID: 5ad0da83e7b8  <<<<<<<<<<<<<<<<
INFO [ParseReceivedData][1838] plan_cnt: 2
INFO [ParseReceivedData][1840] xybounds: xmin: -9  xmax: 5  ymin: -5  ymax: 9
INFO [ParseReceivedData][1841] radarnums: 0  sidenums:0
INFO [ParseReceivedData][1842] endpos_correct_flag: 0
INFO [ParseReceivedData][1875] oblslot[6]: -0.998, 1.859
INFO [ParseReceivedData][1875] oblslot[6]: -0.998, 0.859
INFO [ParseReceivedData][1875] oblslot[6]: 4.960, 0.859
INFO [ParseReceivedData][1875] oblslot[6]: 4.960, -3.106
INFO [ParseReceivedData][1875] oblslot[6]: 1.225, -3.106
INFO [ParseReceivedData][1875] oblslot[6]: 1.225, -3.606
INFO [ParseReceivedData][1990] slot_type: 2
INFO [ParseReceivedData][1991] target_dir: 0
INFO [ParseReceivedData][1992] start: 3.697 -1.344 3.139
INFO [ParseReceivedData][1993] end: -0.499 -1.704 3.189
INFO [HybridAStarPlan][2220] -------------------1-------------------
INFO [RSCurveQuickCalTraj][1197] RS cal time: 1.155ms
INFO [HybridAStarPlan][2231] 1_result: 1   (16)
INFO [HybridAStarPlan][2298] path send success 16
INFO [HybridAStarPlan][2315] traj: [0]	 x:3.697	 y:-1.344	 phi:179.834
INFO [HybridAStarPlan][2315] traj: [1]	 x:3.397	 y:-1.348	 phi:-178.451
INFO [HybridAStarPlan][2315] traj: [2]	 x:3.098	 y:-1.361	 phi:-176.736
INFO [HybridAStarPlan][2315] traj: [3]	 x:2.798	 y:-1.382	 phi:-175.020
INFO [HybridAStarPlan][2315] traj: [4]	 x:2.500	 y:-1.412	 phi:-174.149
INFO [HybridAStarPlan][2315] traj: [5]	 x:2.201	 y:-1.442	 phi:-174.149
INFO [HybridAStarPlan][2315] traj: [6]	 x:1.903	 y:-1.473	 phi:-174.149
INFO [HybridAStarPlan][2315] traj: [7]	 x:1.604	 y:-1.503	 phi:-174.149
INFO [HybridAStarPlan][2315] traj: [8]	 x:1.306	 y:-1.534	 phi:-174.149
INFO [HybridAStarPlan][2315] traj: [9]	 x:1.008	 y:-1.565	 phi:-174.149
INFO [HybridAStarPlan][2315] traj: [10]	 x:0.709	 y:-1.595	 phi:-174.149
INFO [HybridAStarPlan][2315] traj: [11]	 x:0.411	 y:-1.626	 phi:-174.149
INFO [HybridAStarPlan][2315] traj: [12]	 x:0.112	 y:-1.656	 phi:-174.149
INFO [HybridAStarPlan][2315] traj: [13]	 x:-0.186	 y:-1.684	 phi:-175.500
INFO [HybridAStarPlan][2315] traj: [14]	 x:-0.486	 y:-1.703	 phi:-177.215
INFO [HybridAStarPlan][2315] traj: [15]	 x:-0.499	 y:-1.704	 phi:-177.290

