Received data from command line argument, length: 606
<<<<<<<<<<<<<<<<  ID: e8dd611b2a9f  <<<<<<<<<<<<<<<<
INFO [ParseReceivedData][1838] plan_cnt: 1
INFO [ParseReceivedData][1840] xybounds: xmin: -9  xmax: 5  ymin: -5  ymax: 9
INFO [ParseReceivedData][1841] radarnums: 0  sidenums:0
INFO [ParseReceivedData][1842] endpos_correct_flag: 0
INFO [ParseReceivedData][1875] oblslot[6]: -1.280, 1.287
INFO [ParseReceivedData][1875] oblslot[6]: -1.280, 0.287
INFO [ParseReceivedData][1875] oblslot[6]: 5.084, 0.287
INFO [ParseReceivedData][1875] oblslot[6]: 5.119, -2.773
INFO [ParseReceivedData][1875] oblslot[6]: 1.225, -2.773
INFO [ParseReceivedData][1875] oblslot[6]: 1.225, -3.273
INFO [ParseReceivedData][1990] slot_type: 2
INFO [ParseReceivedData][1991] target_dir: 1
INFO [ParseReceivedData][1992] start: 3.197 -1.291 3.156
INFO [ParseReceivedData][1993] end: -4.827 -0.273 2.689
INFO [HybridAStarPlan][2220] -------------------1-------------------
INFO [APAPathPlanningConvertArcSegmentToPoints][1303] -4.827  -0.273  154.086
INFO [APAPathPlanningConvertArcSegmentToPoints][1303] -4.556  -0.401  155.709
INFO [APAPathPlanningConvertArcSegmentToPoints][1303] -4.280  -0.520  157.332
INFO [APAPathPlanningConvertArcSegmentToPoints][1303] -4.002  -0.632  158.955
INFO [APAPathPlanningConvertArcSegmentToPoints][1303] -3.720  -0.736  160.579
INFO [APAPathPlanningConvertArcSegmentToPoints][1303] -3.436  -0.831  162.202
INFO [APAPathPlanningConvertArcSegmentToPoints][1303] -3.149  -0.919  163.825
INFO [APAPathPlanningConvertArcSegmentToPoints][1303] -2.860  -0.998  165.449
INFO [APAPathPlanningConvertArcSegmentToPoints][1303] -2.569  -1.070  167.072
INFO [APAPathPlanningConvertArcSegmentToPoints][1303] -2.275  -1.133  168.695
INFO [APAPathPlanningConvertArcSegmentToPoints][1303] -1.980  -1.187  170.319
INFO [APAPathPlanningConvertArcSegmentToPoints][1303] -1.684  -1.233  171.942
INFO [APAPathPlanningConvertArcSegmentToPoints][1303] -1.386  -1.271  173.565
INFO [APAPathPlanningConvertArcSegmentToPoints][1303] -1.088  -1.301  175.188
INFO [APAPathPlanningConvertArcSegmentToPoints][1303] -0.789  -1.322  176.812
INFO [APAPathPlanningConvertArcSegmentToPoints][1303] -0.489  -1.334  178.435
INFO [APAPathPlanningConvertArcSegmentToPoints][1303] -0.189  -1.338  180.058
INFO [APAPathPlanningConvertArcSegmentToPoints][1313] -0.048  -1.337  180.820
INFO [OneCircleTrajCal][1440] num: 18
INFO [OneCircleToEndPosLineCalTraj][1534] CE cal time: 0.602ms
INFO [HybridAStarPlan][2225] 0_result: 1   (18)
INFO [HybridAStarPlan][2298] path send success 18
INFO [HybridAStarPlan][2315] traj: [0]	 x:3.197	 y:-1.291	 phi:180.820
INFO [HybridAStarPlan][2315] traj: [1]	 x:-0.048	 y:-1.337	 phi:180.820
INFO [HybridAStarPlan][2315] traj: [2]	 x:-0.489	 y:-1.334	 phi:178.435
INFO [HybridAStarPlan][2315] traj: [3]	 x:-0.789	 y:-1.322	 phi:176.812
INFO [HybridAStarPlan][2315] traj: [4]	 x:-1.088	 y:-1.301	 phi:175.189
INFO [HybridAStarPlan][2315] traj: [5]	 x:-1.386	 y:-1.271	 phi:173.565
INFO [HybridAStarPlan][2315] traj: [6]	 x:-1.684	 y:-1.233	 phi:171.942
INFO [HybridAStarPlan][2315] traj: [7]	 x:-1.980	 y:-1.187	 phi:170.319
INFO [HybridAStarPlan][2315] traj: [8]	 x:-2.275	 y:-1.133	 phi:168.695
INFO [HybridAStarPlan][2315] traj: [9]	 x:-2.569	 y:-1.070	 phi:167.072
INFO [HybridAStarPlan][2315] traj: [10]	 x:-2.860	 y:-0.998	 phi:165.449
INFO [HybridAStarPlan][2315] traj: [11]	 x:-3.149	 y:-0.919	 phi:163.826
INFO [HybridAStarPlan][2315] traj: [12]	 x:-3.436	 y:-0.831	 phi:162.202
INFO [HybridAStarPlan][2315] traj: [13]	 x:-3.720	 y:-0.736	 phi:160.579
INFO [HybridAStarPlan][2315] traj: [14]	 x:-4.002	 y:-0.632	 phi:158.956
INFO [HybridAStarPlan][2315] traj: [15]	 x:-4.280	 y:-0.520	 phi:157.332
INFO [HybridAStarPlan][2315] traj: [16]	 x:-4.556	 y:-0.401	 phi:155.709
INFO [HybridAStarPlan][2315] traj: [17]	 x:-4.827	 y:-0.273	 phi:154.086

