Received data from command line argument, length: 869
<<<<<<<<<<<<<<<<  ID: c043a3524f82  <<<<<<<<<<<<<<<<
INFO [ParseReceivedData][1838] plan_cnt: 2
INFO [ParseReceivedData][1840] xybounds: xmin: -9  xmax: 5  ymin: -5  ymax: 9
INFO [ParseReceivedData][1841] radarnums: 0  sidenums:0
INFO [ParseReceivedData][1842] endpos_correct_flag: 0
INFO [ParseReceivedData][1875] oblslot[6]: -1.502, 1.373
INFO [ParseReceivedData][1875] oblslot[6]: -1.502, 0.373
INFO [ParseReceivedData][1875] oblslot[6]: 5.099, 0.373
INFO [ParseReceivedData][1875] oblslot[6]: 5.105, -3.279
INFO [ParseReceivedData][1875] oblslot[6]: 1.970, -3.279
INFO [ParseReceivedData][1875] oblslot[6]: 1.970, -3.779
INFO [ParseReceivedData][1990] slot_type: 2
INFO [ParseReceivedData][1991] target_dir: 0
INFO [ParseReceivedData][1992] start: 3.698 -1.363 3.144
INFO [ParseReceivedData][1993] end: -0.493 -1.334 3.112
INFO [HybridAStarPlan][2220] -------------------1-------------------
INFO [RSCurveQuickCalTraj][1197] RS cal time: 1.125ms
INFO [HybridAStarPlan][2231] 1_result: 1   (15)
INFO [HybridAStarPlan][2298] path send success 15
INFO [HybridAStarPlan][2315] traj: [0]	 x:3.698	 y:-1.363	 phi:-179.862
INFO [HybridAStarPlan][2315] traj: [1]	 x:3.398	 y:-1.366	 phi:-179.164
INFO [HybridAStarPlan][2315] traj: [2]	 x:3.098	 y:-1.372	 phi:-178.466
INFO [HybridAStarPlan][2315] traj: [3]	 x:2.798	 y:-1.382	 phi:-178.045
INFO [HybridAStarPlan][2315] traj: [4]	 x:2.499	 y:-1.390	 phi:-178.743
INFO [HybridAStarPlan][2315] traj: [5]	 x:2.199	 y:-1.395	 phi:-179.441
INFO [HybridAStarPlan][2315] traj: [6]	 x:1.899	 y:-1.396	 phi:179.861
INFO [HybridAStarPlan][2315] traj: [7]	 x:1.599	 y:-1.393	 phi:179.163
INFO [HybridAStarPlan][2315] traj: [8]	 x:1.299	 y:-1.387	 phi:178.465
INFO [HybridAStarPlan][2315] traj: [9]	 x:0.999	 y:-1.378	 phi:178.287
INFO [HybridAStarPlan][2315] traj: [10]	 x:0.699	 y:-1.369	 phi:178.287
INFO [HybridAStarPlan][2315] traj: [11]	 x:0.399	 y:-1.360	 phi:178.287
INFO [HybridAStarPlan][2315] traj: [12]	 x:0.099	 y:-1.351	 phi:178.287
INFO [HybridAStarPlan][2315] traj: [13]	 x:-0.201	 y:-1.342	 phi:178.287
INFO [HybridAStarPlan][2315] traj: [14]	 x:-0.493	 y:-1.334	 phi:178.287

