Received data from command line argument, length: 1132
<<<<<<<<<<<<<<<<  ID: 1291a4d649ec  <<<<<<<<<<<<<<<<
INFO [ParseReceivedData][1825] new: xmin: -13
INFO [ParseReceivedData][1838] plan_cnt: 0
INFO [ParseReceivedData][1840] xybounds: xmin: -13  xmax: 5  ymin: -6  ymax: 9
INFO [ParseReceivedData][1841] radarnums: 0  sidenums:0
INFO [ParseReceivedData][1842] endpos_correct_flag: 0
INFO [ParseReceivedData][1875] oblslot[6]: -1.515, 1.392
INFO [ParseReceivedData][1875] oblslot[6]: -1.515, 0.392
INFO [ParseReceivedData][1875] oblslot[6]: 4.960, 0.392
INFO [ParseReceivedData][1875] oblslot[6]: 4.960, -3.312
INFO [ParseReceivedData][1875] oblslot[6]: 1.139, -3.312
INFO [ParseReceivedData][1875] oblslot[6]: 1.139, -3.812
INFO [ParseReceivedData][1990] slot_type: 2
INFO [ParseReceivedData][1991] target_dir: 0
INFO [ParseReceivedData][1992] start: 3.197 -1.250 3.142
INFO [ParseReceivedData][1993] end: -1.622 -3.697 2.059
INFO [HybridAStarPlan][2220] -------------------1-------------------
INFO [RSCurveQuickCalTraj][1197] RS cal time: 0.652ms
INFO [HybridAStarPlan][2231] 1_result: 1   (48)
INFO [HybridAStarPlan][2298] path send success 49
INFO [HybridAStarPlan][2315] traj: [0]	 x:3.197	 y:-1.250	 phi:-180.000
INFO [HybridAStarPlan][2315] traj: [1]	 x:2.897	 y:-1.250	 phi:-180.000
INFO [HybridAStarPlan][2315] traj: [2]	 x:2.597	 y:-1.250	 phi:-180.000
INFO [HybridAStarPlan][2315] traj: [3]	 x:2.297	 y:-1.250	 phi:-180.000
INFO [HybridAStarPlan][2315] traj: [4]	 x:1.997	 y:-1.250	 phi:-180.000
INFO [HybridAStarPlan][2315] traj: [5]	 x:1.697	 y:-1.250	 phi:-180.000
INFO [HybridAStarPlan][2315] traj: [6]	 x:1.397	 y:-1.250	 phi:-180.000
INFO [HybridAStarPlan][2315] traj: [7]	 x:1.097	 y:-1.250	 phi:-180.000
INFO [HybridAStarPlan][2315] traj: [8]	 x:0.797	 y:-1.250	 phi:-180.000
INFO [HybridAStarPlan][2315] traj: [9]	 x:0.497	 y:-1.250	 phi:-180.000
INFO [HybridAStarPlan][2315] traj: [10]	 x:0.197	 y:-1.250	 phi:-180.000
INFO [HybridAStarPlan][2315] traj: [11]	 x:-0.103	 y:-1.250	 phi:-180.000
INFO [HybridAStarPlan][2315] traj: [12]	 x:-0.403	 y:-1.243	 phi:176.825
INFO [HybridAStarPlan][2315] traj: [13]	 x:-0.702	 y:-1.217	 phi:173.106
INFO [HybridAStarPlan][2315] traj: [14]	 x:-0.998	 y:-1.171	 phi:169.386
INFO [HybridAStarPlan][2315] traj: [15]	 x:-1.291	 y:-1.106	 phi:165.667
INFO [HybridAStarPlan][2315] traj: [16]	 x:-1.579	 y:-1.023	 phi:161.948
INFO [HybridAStarPlan][2315] traj: [17]	 x:-1.861	 y:-0.920	 phi:158.229
INFO [HybridAStarPlan][2315] traj: [18]	 x:-2.136	 y:-0.800	 phi:154.510
INFO [HybridAStarPlan][2315] traj: [19]	 x:-2.402	 y:-0.662	 phi:150.790
INFO [HybridAStarPlan][2315] traj: [20]	 x:-2.659	 y:-0.508	 phi:147.071
INFO [HybridAStarPlan][2315] traj: [21]	 x:-2.906	 y:-0.336	 phi:143.352
INFO [HybridAStarPlan][2315] traj: [22]	 x:-3.140	 y:-0.150	 phi:139.633
INFO [HybridAStarPlan][2315] traj: [23]	 x:-3.362	 y:0.052	 phi:135.914
INFO [HybridAStarPlan][2315] traj: [24]	 x:-3.571	 y:0.268	 phi:132.194
INFO [HybridAStarPlan][2315] traj: [25]	 x:-3.765	 y:0.496	 phi:128.475
INFO [HybridAStarPlan][2315] traj: [26]	 x:-3.944	 y:0.737	 phi:124.756
INFO [HybridAStarPlan][2315] traj: [27]	 x:-4.107	 y:0.989	 phi:121.037
INFO [HybridAStarPlan][2315] traj: [28]	 x:-4.253	 y:1.250	 phi:118.001
INFO [HybridAStarPlan][2315] traj: [29]	 x:-4.113	 y:0.986	 phi:118.001
INFO [HybridAStarPlan][2315] traj: [30]	 x:-3.972	 y:0.721	 phi:118.001
INFO [HybridAStarPlan][2315] traj: [31]	 x:-3.831	 y:0.456	 phi:118.001
INFO [HybridAStarPlan][2315] traj: [32]	 x:-3.690	 y:0.191	 phi:118.001
INFO [HybridAStarPlan][2315] traj: [33]	 x:-3.549	 y:-0.074	 phi:118.001
INFO [HybridAStarPlan][2315] traj: [34]	 x:-3.408	 y:-0.339	 phi:118.001
INFO [HybridAStarPlan][2315] traj: [35]	 x:-3.267	 y:-0.604	 phi:118.001
INFO [HybridAStarPlan][2315] traj: [36]	 x:-3.127	 y:-0.869	 phi:118.001
INFO [HybridAStarPlan][2315] traj: [37]	 x:-2.986	 y:-1.133	 phi:118.001
INFO [HybridAStarPlan][2315] traj: [38]	 x:-2.845	 y:-1.398	 phi:118.001
INFO [HybridAStarPlan][2315] traj: [39]	 x:-2.704	 y:-1.663	 phi:118.001
INFO [HybridAStarPlan][2315] traj: [40]	 x:-2.563	 y:-1.928	 phi:118.001
INFO [HybridAStarPlan][2315] traj: [41]	 x:-2.422	 y:-2.193	 phi:118.001
INFO [HybridAStarPlan][2315] traj: [42]	 x:-2.282	 y:-2.458	 phi:118.001
INFO [HybridAStarPlan][2315] traj: [43]	 x:-2.141	 y:-2.723	 phi:118.001
INFO [HybridAStarPlan][2315] traj: [44]	 x:-2.000	 y:-2.988	 phi:118.001
INFO [HybridAStarPlan][2315] traj: [45]	 x:-1.859	 y:-3.253	 phi:118.001
INFO [HybridAStarPlan][2315] traj: [46]	 x:-1.718	 y:-3.517	 phi:118.001
INFO [HybridAStarPlan][2315] traj: [47]	 x:-1.622	 y:-3.697	 phi:118.001

