Received data from command line argument, length: 247
<<<<<<<<<<<<<<<<  ID: 95af0b395d43  <<<<<<<<<<<<<<<<
INFO [ParseReceivedData][1838] plan_cnt: 8
INFO [ParseReceivedData][1840] xybounds: xmin: -9  xmax: 5  ymin: -5  ymax: 9
INFO [ParseReceivedData][1841] radarnums: 0  sidenums:0
INFO [ParseReceivedData][1842] endpos_correct_flag: 0
INFO [ParseReceivedData][1875] oblslot[6]: 0.252, 1.151
INFO [ParseReceivedData][1875] oblslot[6]: 0.252, 0.151
INFO [ParseReceivedData][1875] oblslot[6]: 5.355, 0.151
INFO [ParseReceivedData][1875] oblslot[6]: 5.346, -2.475
INFO [ParseReceivedData][1875] oblslot[6]: 0.563, -2.475
INFO [ParseReceivedData][1875] oblslot[6]: 0.563, -2.975
INFO [ParseReceivedData][1990] slot_type: 2
INFO [ParseReceivedData][1991] target_dir: 0
INFO [ParseReceivedData][1992] start: 3.697 -1.152 3.138
INFO [ParseReceivedData][1993] end: 3.516 -1.131 3.144
INFO [HybridAStarPlan][2220] -------------------1-------------------
INFO [RSCurveQuickCalTraj][1197] RS cal time: 0.465ms
INFO [HybridAStarPlan][2231] 1_result: 1   (11)
INFO [HybridAStarPlan][2298] path send success 12
INFO [HybridAStarPlan][2315] traj: [0]	 x:3.697	 y:-1.152	 phi:179.800
INFO [HybridAStarPlan][2315] traj: [1]	 x:3.397	 y:-1.151	 phi:179.800
INFO [HybridAStarPlan][2315] traj: [2]	 x:3.097	 y:-1.150	 phi:179.800
INFO [HybridAStarPlan][2315] traj: [3]	 x:2.797	 y:-1.149	 phi:179.800
INFO [HybridAStarPlan][2315] traj: [4]	 x:2.497	 y:-1.148	 phi:179.800
INFO [HybridAStarPlan][2315] traj: [5]	 x:2.197	 y:-1.147	 phi:179.745
INFO [HybridAStarPlan][2315] traj: [6]	 x:2.497	 y:-1.146	 phi:-179.558
INFO [HybridAStarPlan][2315] traj: [7]	 x:2.796	 y:-1.142	 phi:-178.859
INFO [HybridAStarPlan][2315] traj: [8]	 x:3.096	 y:-1.135	 phi:-178.885
INFO [HybridAStarPlan][2315] traj: [9]	 x:3.396	 y:-1.131	 phi:-179.583
INFO [HybridAStarPlan][2315] traj: [10]	 x:3.516	 y:-1.131	 phi:-179.862

