Received data from command line argument, length: 683
<<<<<<<<<<<<<<<<  ID: 7bb62db196ab  <<<<<<<<<<<<<<<<
INFO [ParseReceivedData][1838] plan_cnt: 1
INFO [ParseReceivedData][1840] xybounds: xmin: -8  xmax: 4  ymin: -4  ymax: 8
INFO [ParseReceivedData][1841] radarnums: 0  sidenums:0
INFO [ParseReceivedData][1842] endpos_correct_flag: 0
INFO [ParseReceivedData][1875] oblslot[6]: 0.201, 3.491
INFO [ParseReceivedData][1875] oblslot[6]: 0.201, 2.491
INFO [ParseReceivedData][1875] oblslot[6]: 4.960, 2.491
INFO [ParseReceivedData][1875] oblslot[6]: 4.960, -4.486
INFO [ParseReceivedData][1875] oblslot[6]: 0.200, -4.486
INFO [ParseReceivedData][1875] oblslot[6]: 0.200, -4.986
INFO [ParseReceivedData][1990] slot_type: 2
INFO [ParseReceivedData][1991] target_dir: 0
INFO [ParseReceivedData][1992] start: 3.497 -1.008 3.139
INFO [ParseReceivedData][1993] end: 1.023 -1.079 3.153
INFO [KeyNodeCheckValid][1105] false rs start
INFO [HybridAStarPlan][2220] -------------------0-------------------
INFO [GenerateDpMap][194] map explored node: 2115
INFO [Plan][681] map time: 35ms
INFO [Plan][746] explored_node_num:0
INFO [Plan][747] heuristic time is 0.000ms.
INFO [Plan][748] reed shepp time is 0.106ms.
INFO [Plan][749] total time: 36ms
INFO [Plan][753] false1
INFO [HybridAStarPlan][2243] 2_result: 0   (0)
INFO [HybridAStarPlan][2304] path cal fail
