Received data from command line argument, length: 936
<<<<<<<<<<<<<<<<  ID: 20bffe740a80  <<<<<<<<<<<<<<<<
INFO [ParseReceivedData][1838] plan_cnt: 1
INFO [ParseReceivedData][1840] xybounds: xmin: -5  xmax: 2  ymin: -7  ymax: 7
INFO [ParseReceivedData][1841] radarnums: 3  sidenums:0
INFO [ParseReceivedData][1842] endpos_correct_flag: 0
INFO [ParseReceivedData][1875] oblslot[6]: -0.100, 3.200
INFO [ParseReceivedData][1875] oblslot[6]: -0.100, 1.200
INFO [ParseReceivedData][1875] oblslot[6]: 2.546, 1.200
INFO [ParseReceivedData][1875] oblslot[6]: 2.565, -8.818
INFO [ParseReceivedData][1875] oblslot[6]: 0.200, -8.818
INFO [ParseReceivedData][1875] oblslot[6]: 0.200, -10.818
INFO [ParseReceivedData][1889] oblradar[3]: 3.040, 0.747
INFO [ParseReceivedData][1889] oblradar[3]: 1.410, 1.326
INFO [ParseReceivedData][1889] oblradar[3]: 0.533, 1.227
INFO [ParseReceivedData][1990] slot_type: 1
INFO [ParseReceivedData][1991] target_dir: 1
INFO [ParseReceivedData][1992] start: 1.282 -5.035 1.571
INFO [ParseReceivedData][1993] end: 0.624 -3.406 1.322
INFO [HybridAStarPlan][2164] 0_start: 1.2820 -5.0350 1.5708
INFO [OneNodeCheckValid][1070] false start
INFO [OneNodeCheckValid][1070] false start
INFO [HybridAStarPlan][2212] 1_start: 1.2820 -7.3430 1.5708
INFO [KeyNodeCheckValid][1105] false rs start
INFO [HybridAStarPlan][2220] -------------------0-------------------
INFO [GenerateDpMap][194] map explored node: 1175
INFO [Plan][681] map time: 22ms
INFO [Plan][746] explored_node_num:0
INFO [Plan][747] heuristic time is 0.0000ms.
INFO [Plan][748] reed shepp time is 0.1230ms.
INFO [Plan][749] total time: 22ms
INFO [Plan][753] false1
INFO [HybridAStarPlan][2243] 2_result: 0   (0)
INFO [HybridAStarPlan][2304] path cal fail
