Received data from command line argument, length: 970
<<<<<<<<<<<<<<<<  ID: 5ffad15da1d5  <<<<<<<<<<<<<<<<
INFO [ParseReceivedData][1838] plan_cnt: 1
INFO [ParseReceivedData][1840] xybounds: xmin: -5  xmax: 2  ymin: -7  ymax: 7
INFO [ParseReceivedData][1841] radarnums: 0  sidenums:0
INFO [ParseReceivedData][1842] endpos_correct_flag: 0
INFO [ParseReceivedData][1875] oblslot[6]: -0.100, 4.800
INFO [ParseReceivedData][1875] oblslot[6]: -0.100, 2.800
INFO [ParseReceivedData][1875] oblslot[6]: 2.661, 2.800
INFO [ParseReceivedData][1875] oblslot[6]: 2.638, -7.103
INFO [ParseReceivedData][1875] oblslot[6]: 5.200, -7.103
INFO [ParseReceivedData][1875] oblslot[6]: 0.200, -9.103
INFO [ParseReceivedData][1990] slot_type: 1
INFO [ParseReceivedData][1991] target_dir: 1
INFO [ParseReceivedData][1992] start: 1.270 -4.778 1.567
INFO [ParseReceivedData][1993] end: -0.932 -0.427 1.780
INFO [HybridAStarPlan][2164] 0_start: 1.2700 -4.7777 1.5670
INFO [OneNodeCheckValid][1070] false start
INFO [OneNodeCheckValid][1070] false start
INFO [HybridAStarPlan][2212] 1_start: 1.2668 -5.6280 1.5670
INFO [KeyNodeCheckValid][1105] false rs start
INFO [HybridAStarPlan][2220] -------------------0-------------------
INFO [GenerateDpMap][194] map explored node: 1175
INFO [Plan][681] map time: 24ms
INFO [Plan][746] explored_node_num:0
INFO [Plan][747] heuristic time is 0.0000ms.
INFO [Plan][748] reed shepp time is 0.2780ms.
INFO [Plan][749] total time: 25ms
INFO [Plan][753] false1
INFO [HybridAStarPlan][2243] 2_result: 0   (0)
INFO [HybridAStarPlan][2304] path cal fail
