Received data from command line argument, length: 801
<<<<<<<<<<<<<<<<  ID: 1d00efeb7c3e  <<<<<<<<<<<<<<<<
INFO [ParseReceivedData][1838] plan_cnt: 2
INFO [ParseReceivedData][1840] xybounds: xmin: -8  xmax: 4  ymin: -4  ymax: 8
INFO [ParseReceivedData][1841] radarnums: 0  sidenums:0
INFO [ParseReceivedData][1842] endpos_correct_flag: 0
INFO [ParseReceivedData][1875] oblslot[6]: 0.132, 1.576
INFO [ParseReceivedData][1875] oblslot[6]: 0.132, 0.576
INFO [ParseReceivedData][1875] oblslot[6]: 4.960, 0.576
INFO [ParseReceivedData][1875] oblslot[6]: 4.960, -4.737
INFO [ParseReceivedData][1875] oblslot[6]: 0.300, -4.737
INFO [ParseReceivedData][1875] oblslot[6]: 0.300, -5.237
INFO [ParseReceivedData][1990] slot_type: 2
INFO [ParseReceivedData][1991] target_dir: 3
INFO [ParseReceivedData][1992] start: 3.197 -1.046 3.132
INFO [ParseReceivedData][1993] end: -0.024 -1.199 2.725
INFO [KeyNodeCheckValid][1105] false rs start
INFO [HybridAStarPlan][2220] -------------------0-------------------
INFO [GenerateDpMap][194] map explored node: 2115
INFO [Plan][681] map time: 41ms
INFO [Plan][746] explored_node_num:0
INFO [Plan][747] heuristic time is 0.000ms.
INFO [Plan][748] reed shepp time is 0.000ms.
INFO [Plan][749] total time: 41ms
INFO [HybridAStarPlan][2243] 2_result: 1   (19)
INFO [HybridAStarPlan][2298] path send success 20
INFO [HybridAStarPlan][2315] traj: [0]	 x:3.197	 y:-1.046	 phi:179.462
INFO [HybridAStarPlan][2315] traj: [1]	 x:2.897	 y:-1.053	 phi:-176.561
INFO [HybridAStarPlan][2315] traj: [2]	 x:2.598	 y:-1.072	 phi:-176.413
INFO [HybridAStarPlan][2315] traj: [3]	 x:2.298	 y:-1.091	 phi:-176.413
INFO [HybridAStarPlan][2315] traj: [4]	 x:1.999	 y:-1.110	 phi:-176.413
INFO [HybridAStarPlan][2315] traj: [5]	 x:1.700	 y:-1.128	 phi:-176.413
INFO [HybridAStarPlan][2315] traj: [6]	 x:1.400	 y:-1.147	 phi:-176.413
INFO [HybridAStarPlan][2315] traj: [7]	 x:1.101	 y:-1.166	 phi:-176.444
INFO [HybridAStarPlan][2315] traj: [8]	 x:0.801	 y:-1.174	 phi:179.578
INFO [HybridAStarPlan][2315] traj: [9]	 x:0.501	 y:-1.161	 phi:175.601
INFO [HybridAStarPlan][2315] traj: [10]	 x:0.203	 y:-1.128	 phi:171.624
INFO [HybridAStarPlan][2315] traj: [11]	 x:-0.092	 y:-1.074	 phi:167.646
INFO [HybridAStarPlan][2315] traj: [12]	 x:-0.383	 y:-1.000	 phi:163.669
INFO [HybridAStarPlan][2315] traj: [13]	 x:-0.667	 y:-0.906	 phi:159.692
INFO [HybridAStarPlan][2315] traj: [14]	 x:-0.916	 y:-0.805	 phi:156.137
INFO [HybridAStarPlan][2315] traj: [15]	 x:-0.641	 y:-0.926	 phi:156.137
INFO [HybridAStarPlan][2315] traj: [16]	 x:-0.367	 y:-1.048	 phi:156.137
INFO [HybridAStarPlan][2315] traj: [17]	 x:-0.093	 y:-1.169	 phi:156.137
INFO [HybridAStarPlan][2315] traj: [18]	 x:-0.024	 y:-1.199	 phi:156.137

