Received data from command line argument, length: 1064
<<<<<<<<<<<<<<<<  ID: 7fe538648ba5  <<<<<<<<<<<<<<<<
INFO [ParseReceivedData][1838] plan_cnt: 3
INFO [ParseReceivedData][1840] xybounds: xmin: -8  xmax: 4  ymin: -4  ymax: 8
INFO [ParseReceivedData][1841] radarnums: 0  sidenums:0
INFO [ParseReceivedData][1842] endpos_correct_flag: 0
INFO [ParseReceivedData][1875] oblslot[6]: 0.768, 1.429
INFO [ParseReceivedData][1875] oblslot[6]: 0.768, 0.429
INFO [ParseReceivedData][1875] oblslot[6]: 4.960, 0.429
INFO [ParseReceivedData][1875] oblslot[6]: 4.960, -4.771
INFO [ParseReceivedData][1875] oblslot[6]: 0.013, -4.771
INFO [ParseReceivedData][1875] oblslot[6]: 0.013, -5.271
INFO [ParseReceivedData][1990] slot_type: 2
INFO [ParseReceivedData][1991] target_dir: 1
INFO [ParseReceivedData][1992] start: 3.197 -0.976 3.153
INFO [ParseReceivedData][1993] end: -1.353 -0.796 2.960
INFO [KeyNodeCheckValid][1105] false rs start
INFO [HybridAStarPlan][2220] -------------------0-------------------
INFO [GenerateDpMap][194] map explored node: 2115
INFO [Plan][681] map time: 48ms
INFO [Plan][746] explored_node_num:0
INFO [Plan][747] heuristic time is 0.000ms.
INFO [Plan][748] reed shepp time is 0.000ms.
INFO [Plan][749] total time: 48ms
INFO [HybridAStarPlan][2243] 2_result: 1   (17)
INFO [HybridAStarPlan][2298] path send success 17
INFO [HybridAStarPlan][2315] traj: [0]	 x:3.197	 y:-0.976	 phi:180.659
INFO [HybridAStarPlan][2315] traj: [1]	 x:2.897	 y:-0.971	 phi:178.362
INFO [HybridAStarPlan][2315] traj: [2]	 x:2.597	 y:-0.963	 phi:178.362
INFO [HybridAStarPlan][2315] traj: [3]	 x:2.297	 y:-0.954	 phi:178.362
INFO [HybridAStarPlan][2315] traj: [4]	 x:1.997	 y:-0.946	 phi:178.362
INFO [HybridAStarPlan][2315] traj: [5]	 x:1.697	 y:-0.937	 phi:178.362
INFO [HybridAStarPlan][2315] traj: [6]	 x:1.397	 y:-0.928	 phi:178.362
INFO [HybridAStarPlan][2315] traj: [7]	 x:1.098	 y:-0.920	 phi:178.362
INFO [HybridAStarPlan][2315] traj: [8]	 x:0.798	 y:-0.911	 phi:178.362
INFO [HybridAStarPlan][2315] traj: [9]	 x:0.498	 y:-0.903	 phi:178.362
INFO [HybridAStarPlan][2315] traj: [10]	 x:0.198	 y:-0.894	 phi:178.362
INFO [HybridAStarPlan][2315] traj: [11]	 x:-0.102	 y:-0.886	 phi:178.362
INFO [HybridAStarPlan][2315] traj: [12]	 x:-0.402	 y:-0.877	 phi:178.362
INFO [HybridAStarPlan][2315] traj: [13]	 x:-0.702	 y:-0.868	 phi:177.721
INFO [HybridAStarPlan][2315] traj: [14]	 x:-1.001	 y:-0.846	 phi:174.002
INFO [HybridAStarPlan][2315] traj: [15]	 x:-1.298	 y:-0.805	 phi:170.283
INFO [HybridAStarPlan][2315] traj: [16]	 x:-1.353	 y:-0.796	 phi:169.590

