Received data from command line argument, length: 799
<<<<<<<<<<<<<<<<  ID: 71ad5cb7b1ac  <<<<<<<<<<<<<<<<
INFO [ParseReceivedData][1838] plan_cnt: 2
INFO [ParseReceivedData][1840] xybounds: xmin: -6  xmax: 3  ymin: -8  ymax: 8
INFO [ParseReceivedData][1841] radarnums: 0  sidenums:0
INFO [ParseReceivedData][1842] endpos_correct_flag: 0
INFO [ParseReceivedData][1875] oblslot[6]: -0.100, 4.800
INFO [ParseReceivedData][1875] oblslot[6]: -0.100, 2.800
INFO [ParseReceivedData][1875] oblslot[6]: 2.668, 2.800
INFO [ParseReceivedData][1875] oblslot[6]: 2.563, -7.087
INFO [ParseReceivedData][1875] oblslot[6]: 0.200, -7.087
INFO [ParseReceivedData][1875] oblslot[6]: 0.200, -9.087
INFO [ParseReceivedData][1990] slot_type: 1
INFO [ParseReceivedData][1991] target_dir: 1
INFO [ParseReceivedData][1992] start: 1.263 -4.767 1.553
INFO [ParseReceivedData][1993] end: 0.533 -2.151 1.884
INFO [HybridAStarPlan][2164] 0_start: 1.2630 -4.7667 1.5530
INFO [HybridAStarPlan][2212] 1_start: 1.3409 -5.6120 1.7369
INFO [HybridAStarPlan][2220] -------------------1-------------------
INFO [OneCircleToEndPosLineCalTraj][1534] CE cal time: 0.0130ms
INFO [HybridAStarPlan][2225] 0_result: 0   (0)
INFO [RSCurveQuickCalTraj][1197] RS cal time: 1.1340ms
INFO [HybridAStarPlan][2231] 1_result: 1   (16)
INFO [HybridAStarPlan][2298] path send success 17
INFO [HybridAStarPlan][2315] traj: [0]	 x:1.265	 y:-4.667	 phi:88.980
INFO [HybridAStarPlan][2315] traj: [1]	 x:1.263	 y:-4.767	 phi:88.980
INFO [HybridAStarPlan][2315] traj: [2]	 x:1.324	 y:-5.513	 phi:99.516
INFO [HybridAStarPlan][2315] traj: [3]	 x:1.341	 y:-5.612	 phi:99.516
INFO [HybridAStarPlan][2315] traj: [4]	 x:1.291	 y:-5.316	 phi:99.516
INFO [HybridAStarPlan][2315] traj: [5]	 x:1.242	 y:-5.020	 phi:99.516
INFO [HybridAStarPlan][2315] traj: [6]	 x:1.192	 y:-4.724	 phi:99.516
INFO [HybridAStarPlan][2315] traj: [7]	 x:1.143	 y:-4.429	 phi:99.516
INFO [HybridAStarPlan][2315] traj: [8]	 x:1.093	 y:-4.133	 phi:99.516
INFO [HybridAStarPlan][2315] traj: [9]	 x:1.038	 y:-3.838	 phi:101.851
INFO [HybridAStarPlan][2315] traj: [10]	 x:0.970	 y:-3.546	 phi:104.334
INFO [HybridAStarPlan][2315] traj: [11]	 x:0.889	 y:-3.257	 phi:106.817
INFO [HybridAStarPlan][2315] traj: [12]	 x:0.798	 y:-2.971	 phi:107.945
INFO [HybridAStarPlan][2315] traj: [13]	 x:0.706	 y:-2.685	 phi:107.945
INFO [HybridAStarPlan][2315] traj: [14]	 x:0.613	 y:-2.400	 phi:107.945
INFO [HybridAStarPlan][2315] traj: [15]	 x:0.533	 y:-2.151	 phi:107.945

