Received data from command line argument, length: 782
<<<<<<<<<<<<<<<<  ID: 1e38ef783950  <<<<<<<<<<<<<<<<
INFO [ParseReceivedData][1838] plan_cnt: 2
INFO [ParseReceivedData][1840] xybounds: xmin: -9  xmax: 5  ymin: -5  ymax: 9
INFO [ParseReceivedData][1841] radarnums: 0  sidenums:0
INFO [ParseReceivedData][1842] endpos_correct_flag: 0
INFO [ParseReceivedData][1875] oblslot[6]: 1.206, 2.160
INFO [ParseReceivedData][1875] oblslot[6]: 1.206, 1.160
INFO [ParseReceivedData][1875] oblslot[6]: 4.960, 1.160
INFO [ParseReceivedData][1875] oblslot[6]: 4.960, -2.749
INFO [ParseReceivedData][1875] oblslot[6]: -0.624, -2.749
INFO [ParseReceivedData][1875] oblslot[6]: -0.624, -3.249
INFO [ParseReceivedData][1990] slot_type: 2
INFO [ParseReceivedData][1991] target_dir: 0
INFO [ParseReceivedData][1992] start: 3.690 -1.367 3.091
INFO [ParseReceivedData][1993] end: -0.489 -0.941 3.071
INFO [HybridAStarPlan][2220] -------------------1-------------------
INFO [RSCurveQuickCalTraj][1197] RS cal time: 1.047ms
INFO [HybridAStarPlan][2231] 1_result: 1   (16)
INFO [HybridAStarPlan][2298] path send success 16
INFO [HybridAStarPlan][2315] traj: [0]	 x:3.690	 y:-1.367	 phi:177.124
INFO [HybridAStarPlan][2315] traj: [1]	 x:3.391	 y:-1.350	 phi:176.426
INFO [HybridAStarPlan][2315] traj: [2]	 x:3.091	 y:-1.329	 phi:175.728
INFO [HybridAStarPlan][2315] traj: [3]	 x:2.792	 y:-1.305	 phi:175.030
INFO [HybridAStarPlan][2315] traj: [4]	 x:2.494	 y:-1.278	 phi:174.332
INFO [HybridAStarPlan][2315] traj: [5]	 x:2.195	 y:-1.246	 phi:173.634
INFO [HybridAStarPlan][2315] traj: [6]	 x:1.897	 y:-1.211	 phi:172.936
INFO [HybridAStarPlan][2315] traj: [7]	 x:1.600	 y:-1.172	 phi:172.396
INFO [HybridAStarPlan][2315] traj: [8]	 x:1.302	 y:-1.133	 phi:172.396
INFO [HybridAStarPlan][2315] traj: [9]	 x:1.005	 y:-1.093	 phi:172.455
INFO [HybridAStarPlan][2315] traj: [10]	 x:0.707	 y:-1.055	 phi:173.153
INFO [HybridAStarPlan][2315] traj: [11]	 x:0.409	 y:-1.021	 phi:173.851
INFO [HybridAStarPlan][2315] traj: [12]	 x:0.111	 y:-0.991	 phi:174.549
INFO [HybridAStarPlan][2315] traj: [13]	 x:-0.188	 y:-0.964	 phi:175.247
INFO [HybridAStarPlan][2315] traj: [14]	 x:-0.487	 y:-0.941	 phi:175.945
INFO [HybridAStarPlan][2315] traj: [15]	 x:-0.489	 y:-0.941	 phi:175.950

