Received data from command line argument, length: 1017
<<<<<<<<<<<<<<<<  ID: 801129cc0b1a  <<<<<<<<<<<<<<<<
INFO [ParseReceivedData][1838] plan_cnt: 2
INFO [ParseReceivedData][1840] xybounds: xmin: -9  xmax: 5  ymin: -5  ymax: 9
INFO [ParseReceivedData][1841] radarnums: 0  sidenums:0
INFO [ParseReceivedData][1842] endpos_correct_flag: 0
INFO [ParseReceivedData][1875] oblslot[6]: -0.308, 1.240
INFO [ParseReceivedData][1875] oblslot[6]: -0.308, 0.240
INFO [ParseReceivedData][1875] oblslot[6]: 4.960, 0.240
INFO [ParseReceivedData][1875] oblslot[6]: 4.960, -5.718
INFO [ParseReceivedData][1875] oblslot[6]: 0.675, -5.718
INFO [ParseReceivedData][1875] oblslot[6]: 0.675, -6.218
INFO [ParseReceivedData][1990] slot_type: 2
INFO [ParseReceivedData][1991] target_dir: 0
INFO [ParseReceivedData][1992] start: 3.697 -1.243 3.142
INFO [ParseReceivedData][1993] end: -0.498 -2.054 3.316
INFO [HybridAStarPlan][2220] -------------------1-------------------
INFO [RSCurveQuickCalTraj][1197] RS cal time: 1.054ms
INFO [HybridAStarPlan][2231] 1_result: 1   (16)
INFO [HybridAStarPlan][2298] path send success 16
INFO [HybridAStarPlan][2315] traj: [0]	 x:3.697	 y:-1.243	 phi:-180.000
INFO [HybridAStarPlan][2315] traj: [1]	 x:3.397	 y:-1.250	 phi:-177.145
INFO [HybridAStarPlan][2315] traj: [2]	 x:3.098	 y:-1.273	 phi:-174.291
INFO [HybridAStarPlan][2315] traj: [3]	 x:2.800	 y:-1.310	 phi:-171.436
INFO [HybridAStarPlan][2315] traj: [4]	 x:2.505	 y:-1.362	 phi:-168.582
INFO [HybridAStarPlan][2315] traj: [5]	 x:2.212	 y:-1.428	 phi:-166.789
INFO [HybridAStarPlan][2315] traj: [6]	 x:1.920	 y:-1.496	 phi:-166.789
INFO [HybridAStarPlan][2315] traj: [7]	 x:1.628	 y:-1.565	 phi:-166.789
INFO [HybridAStarPlan][2315] traj: [8]	 x:1.336	 y:-1.634	 phi:-166.789
INFO [HybridAStarPlan][2315] traj: [9]	 x:1.044	 y:-1.702	 phi:-166.789
INFO [HybridAStarPlan][2315] traj: [10]	 x:0.752	 y:-1.771	 phi:-166.789
INFO [HybridAStarPlan][2315] traj: [11]	 x:0.460	 y:-1.839	 phi:-166.789
INFO [HybridAStarPlan][2315] traj: [12]	 x:0.168	 y:-1.908	 phi:-166.789
INFO [HybridAStarPlan][2315] traj: [13]	 x:-0.124	 y:-1.976	 phi:-166.789
INFO [HybridAStarPlan][2315] traj: [14]	 x:-0.417	 y:-2.040	 phi:-169.214
INFO [HybridAStarPlan][2315] traj: [15]	 x:-0.498	 y:-2.054	 phi:-169.990

