Received data from command line argument, length: 839
<<<<<<<<<<<<<<<<  ID: de8c5c1748fc  <<<<<<<<<<<<<<<<
INFO [ParseReceivedData][1838] plan_cnt: 3
INFO [ParseReceivedData][1840] xybounds: xmin: -9  xmax: 5  ymin: -5  ymax: 9
INFO [ParseReceivedData][1841] radarnums: 0  sidenums:0
INFO [ParseReceivedData][1842] endpos_correct_flag: 0
INFO [ParseReceivedData][1875] oblslot[6]: 0.053, 1.353
INFO [ParseReceivedData][1875] oblslot[6]: 0.053, 0.353
INFO [ParseReceivedData][1875] oblslot[6]: 5.003, 0.353
INFO [ParseReceivedData][1875] oblslot[6]: 4.979, -3.919
INFO [ParseReceivedData][1875] oblslot[6]: 1.489, -3.871
INFO [ParseReceivedData][1875] oblslot[6]: 1.489, -4.371
INFO [ParseReceivedData][1990] slot_type: 2
INFO [ParseReceivedData][1991] target_dir: 1
INFO [ParseReceivedData][1992] start: 3.197 -1.170 3.132
INFO [ParseReceivedData][1993] end: 0.580 -1.213 3.146
INFO [HybridAStarPlan][2220] -------------------1-------------------
INFO [OneCircleToEndPosLineCalTraj][1534] CE cal time: 0.013ms
INFO [HybridAStarPlan][2225] 0_result: 0   (0)
INFO [RSCurveQuickCalTraj][1197] RS cal time: 1.052ms
INFO [HybridAStarPlan][2231] 1_result: 1   (10)
INFO [HybridAStarPlan][2298] path send success 10
INFO [HybridAStarPlan][2315] traj: [0]	 x:3.197	 y:-1.170	 phi:179.456
INFO [HybridAStarPlan][2315] traj: [1]	 x:2.897	 y:-1.169	 phi:-179.828
INFO [HybridAStarPlan][2315] traj: [2]	 x:2.597	 y:-1.172	 phi:-179.113
INFO [HybridAStarPlan][2315] traj: [3]	 x:2.297	 y:-1.178	 phi:-178.704
INFO [HybridAStarPlan][2315] traj: [4]	 x:1.997	 y:-1.185	 phi:-178.704
INFO [HybridAStarPlan][2315] traj: [5]	 x:1.698	 y:-1.192	 phi:-178.704
INFO [HybridAStarPlan][2315] traj: [6]	 x:1.398	 y:-1.198	 phi:-178.704
INFO [HybridAStarPlan][2315] traj: [7]	 x:1.098	 y:-1.205	 phi:-178.704
INFO [HybridAStarPlan][2315] traj: [8]	 x:0.798	 y:-1.211	 phi:-179.221
INFO [HybridAStarPlan][2315] traj: [9]	 x:0.580	 y:-1.213	 phi:-179.742

