Received data from command line argument, length: 683
<<<<<<<<<<<<<<<<  ID: 7bb62db196ab  <<<<<<<<<<<<<<<<
INFO [ParseReceivedData][1838] plan_cnt: 1
INFO [ParseReceivedData][1840] xybounds: xmin: -9  xmax: 5  ymin: -5  ymax: 9
INFO [ParseReceivedData][1841] radarnums: 0  sidenums:0
INFO [ParseReceivedData][1842] endpos_correct_flag: 0
INFO [ParseReceivedData][1875] oblslot[6]: 0.201, 3.491
INFO [ParseReceivedData][1875] oblslot[6]: 0.201, 2.491
INFO [ParseReceivedData][1875] oblslot[6]: 4.960, 2.491
INFO [ParseReceivedData][1875] oblslot[6]: 4.960, -4.486
INFO [ParseReceivedData][1875] oblslot[6]: 0.200, -4.486
INFO [ParseReceivedData][1875] oblslot[6]: 0.200, -4.986
INFO [ParseReceivedData][1990] slot_type: 2
INFO [ParseReceivedData][1991] target_dir: 0
INFO [ParseReceivedData][1992] start: 3.497 -1.008 3.139
INFO [ParseReceivedData][1993] end: 1.023 -1.079 3.153
INFO [HybridAStarPlan][2220] -------------------1-------------------
INFO [RSCurveQuickCalTraj][1197] RS cal time: 1.120ms
INFO [HybridAStarPlan][2231] 1_result: 1   (10)
INFO [HybridAStarPlan][2298] path send success 10
INFO [HybridAStarPlan][2315] traj: [0]	 x:3.497	 y:-1.008	 phi:179.834
INFO [HybridAStarPlan][2315] traj: [1]	 x:3.198	 y:-1.009	 phi:-179.468
INFO [HybridAStarPlan][2315] traj: [2]	 x:2.898	 y:-1.013	 phi:-178.770
INFO [HybridAStarPlan][2315] traj: [3]	 x:2.598	 y:-1.021	 phi:-178.072
INFO [HybridAStarPlan][2315] traj: [4]	 x:2.298	 y:-1.033	 phi:-177.373
INFO [HybridAStarPlan][2315] traj: [5]	 x:1.998	 y:-1.048	 phi:-177.177
INFO [HybridAStarPlan][2315] traj: [6]	 x:1.699	 y:-1.061	 phi:-177.769
INFO [HybridAStarPlan][2315] traj: [7]	 x:1.399	 y:-1.071	 phi:-178.467
INFO [HybridAStarPlan][2315] traj: [8]	 x:1.099	 y:-1.078	 phi:-179.165
INFO [HybridAStarPlan][2315] traj: [9]	 x:1.023	 y:-1.079	 phi:-179.341

