Received data from command line argument, length: 638
<<<<<<<<<<<<<<<<  ID: b46a8d3562c1  <<<<<<<<<<<<<<<<
INFO [ParseReceivedData][1838] plan_cnt: 4
INFO [ParseReceivedData][1840] xybounds: xmin: -9  xmax: 5  ymin: -5  ymax: 9
INFO [ParseReceivedData][1841] radarnums: 0  sidenums:0
INFO [ParseReceivedData][1842] endpos_correct_flag: 0
INFO [ParseReceivedData][1875] oblslot[6]: 2.942, 1.999
INFO [ParseReceivedData][1875] oblslot[6]: 2.942, 0.999
INFO [ParseReceivedData][1875] oblslot[6]: 4.960, 0.999
INFO [ParseReceivedData][1875] oblslot[6]: 4.960, -2.506
INFO [ParseReceivedData][1875] oblslot[6]: 0.771, -2.506
INFO [ParseReceivedData][1875] oblslot[6]: 0.771, -3.006
INFO [ParseReceivedData][1990] slot_type: 2
INFO [ParseReceivedData][1991] target_dir: 1
INFO [ParseReceivedData][1992] start: 2.995 -1.103 3.147
INFO [ParseReceivedData][1993] end: -0.740 -1.090 3.159
INFO [HybridAStarPlan][2220] -------------------1-------------------
INFO [OneCircleToEndPosLineCalTraj][1534] CE cal time: 0.013ms
INFO [HybridAStarPlan][2225] 0_result: 0   (0)
INFO [RSCurveQuickCalTraj][1197] RS cal time: 0.943ms
INFO [HybridAStarPlan][2231] 1_result: 1   (14)
INFO [HybridAStarPlan][2298] path send success 14
INFO [HybridAStarPlan][2315] traj: [0]	 x:2.995	 y:-1.103	 phi:-179.690
INFO [HybridAStarPlan][2315] traj: [1]	 x:2.695	 y:-1.102	 phi:179.678
INFO [HybridAStarPlan][2315] traj: [2]	 x:2.395	 y:-1.101	 phi:179.678
INFO [HybridAStarPlan][2315] traj: [3]	 x:2.095	 y:-1.099	 phi:179.678
INFO [HybridAStarPlan][2315] traj: [4]	 x:1.795	 y:-1.097	 phi:179.678
INFO [HybridAStarPlan][2315] traj: [5]	 x:1.495	 y:-1.096	 phi:179.678
INFO [HybridAStarPlan][2315] traj: [6]	 x:1.195	 y:-1.094	 phi:179.678
INFO [HybridAStarPlan][2315] traj: [7]	 x:0.895	 y:-1.092	 phi:179.678
INFO [HybridAStarPlan][2315] traj: [8]	 x:0.595	 y:-1.091	 phi:179.678
INFO [HybridAStarPlan][2315] traj: [9]	 x:0.295	 y:-1.089	 phi:179.678
INFO [HybridAStarPlan][2315] traj: [10]	 x:-0.005	 y:-1.087	 phi:179.678
INFO [HybridAStarPlan][2315] traj: [11]	 x:-0.305	 y:-1.086	 phi:-179.999
INFO [HybridAStarPlan][2315] traj: [12]	 x:-0.605	 y:-1.088	 phi:-179.301
INFO [HybridAStarPlan][2315] traj: [13]	 x:-0.740	 y:-1.090	 phi:-178.986

