Received data from command line argument, length: 962
<<<<<<<<<<<<<<<<  ID: 33a29ed20541  <<<<<<<<<<<<<<<<
INFO [ParseReceivedData][1838] plan_cnt: 1
INFO [ParseReceivedData][1840] xybounds: xmin: -9  xmax: 5  ymin: -5  ymax: 9
INFO [ParseReceivedData][1841] radarnums: 0  sidenums:0
INFO [ParseReceivedData][1842] endpos_correct_flag: 0
INFO [ParseReceivedData][1875] oblslot[6]: -1.252, 1.767
INFO [ParseReceivedData][1875] oblslot[6]: -1.252, 0.767
INFO [ParseReceivedData][1875] oblslot[6]: 4.960, 0.767
INFO [ParseReceivedData][1875] oblslot[6]: 4.960, -3.982
INFO [ParseReceivedData][1875] oblslot[6]: 1.500, -3.983
INFO [ParseReceivedData][1875] oblslot[6]: 1.500, -4.483
INFO [ParseReceivedData][1990] slot_type: 2
INFO [ParseReceivedData][1991] target_dir: 0
INFO [ParseReceivedData][1992] start: 3.697 -0.973 3.142
INFO [ParseReceivedData][1993] end: -0.495 -1.358 3.175
INFO [HybridAStarPlan][2220] -------------------1-------------------
INFO [RSCurveQuickCalTraj][1197] RS cal time: 1.256ms
INFO [HybridAStarPlan][2231] 1_result: 1   (16)
INFO [HybridAStarPlan][2298] path send success 16
INFO [HybridAStarPlan][2315] traj: [0]	 x:3.697	 y:-0.973	 phi:-180.000
INFO [HybridAStarPlan][2315] traj: [1]	 x:3.397	 y:-0.977	 phi:-178.381
INFO [HybridAStarPlan][2315] traj: [2]	 x:3.097	 y:-0.990	 phi:-176.763
INFO [HybridAStarPlan][2315] traj: [3]	 x:2.798	 y:-1.011	 phi:-175.145
INFO [HybridAStarPlan][2315] traj: [4]	 x:2.500	 y:-1.041	 phi:-173.527
INFO [HybridAStarPlan][2315] traj: [5]	 x:2.202	 y:-1.076	 phi:-173.221
INFO [HybridAStarPlan][2315] traj: [6]	 x:1.904	 y:-1.111	 phi:-173.221
INFO [HybridAStarPlan][2315] traj: [7]	 x:1.606	 y:-1.147	 phi:-173.221
INFO [HybridAStarPlan][2315] traj: [8]	 x:1.308	 y:-1.182	 phi:-173.221
INFO [HybridAStarPlan][2315] traj: [9]	 x:1.010	 y:-1.218	 phi:-173.221
INFO [HybridAStarPlan][2315] traj: [10]	 x:0.712	 y:-1.253	 phi:-173.221
INFO [HybridAStarPlan][2315] traj: [11]	 x:0.414	 y:-1.288	 phi:-173.221
INFO [HybridAStarPlan][2315] traj: [12]	 x:0.116	 y:-1.320	 phi:-174.802
INFO [HybridAStarPlan][2315] traj: [13]	 x:-0.183	 y:-1.343	 phi:-176.421
INFO [HybridAStarPlan][2315] traj: [14]	 x:-0.483	 y:-1.357	 phi:-178.039
INFO [HybridAStarPlan][2315] traj: [15]	 x:-0.495	 y:-1.358	 phi:-178.103

