Received data from command line argument, length: 599
<<<<<<<<<<<<<<<<  ID: ac58bf33e290  <<<<<<<<<<<<<<<<
INFO [ParseReceivedData][1838] plan_cnt: 1
INFO [ParseReceivedData][1840] xybounds: xmin: -9  xmax: 5  ymin: -5  ymax: 9
INFO [ParseReceivedData][1841] radarnums: 0  sidenums:0
INFO [ParseReceivedData][1842] endpos_correct_flag: 0
INFO [ParseReceivedData][1875] oblslot[6]: 0.192, 1.845
INFO [ParseReceivedData][1875] oblslot[6]: 0.192, 0.845
INFO [ParseReceivedData][1875] oblslot[6]: 4.960, 0.845
INFO [ParseReceivedData][1875] oblslot[6]: 4.960, -2.742
INFO [ParseReceivedData][1875] oblslot[6]: -0.046, -2.742
INFO [ParseReceivedData][1875] oblslot[6]: -0.046, -3.242
INFO [ParseReceivedData][1990] slot_type: 2
INFO [ParseReceivedData][1991] target_dir: 1
INFO [ParseReceivedData][1992] start: 3.195 -1.218 3.120
INFO [ParseReceivedData][1993] end: -3.442 1.439 2.171
INFO [HybridAStarPlan][2220] -------------------1-------------------
INFO [APAPathPlanningConvertArcSegmentToPoints][1303] -3.442  1.439  124.389
INFO [APAPathPlanningConvertArcSegmentToPoints][1303] -3.267  1.196  127.245
INFO [APAPathPlanningConvertArcSegmentToPoints][1303] -3.079  0.962  130.101
INFO [APAPathPlanningConvertArcSegmentToPoints][1303] -2.880  0.737  132.958
INFO [APAPathPlanningConvertArcSegmentToPoints][1303] -2.670  0.523  135.814
INFO [APAPathPlanningConvertArcSegmentToPoints][1303] -2.450  0.319  138.670
INFO [APAPathPlanningConvertArcSegmentToPoints][1303] -2.220  0.127  141.526
INFO [APAPathPlanningConvertArcSegmentToPoints][1303] -1.981  -0.054  144.382
INFO [APAPathPlanningConvertArcSegmentToPoints][1303] -1.732  -0.223  147.238
INFO [APAPathPlanningConvertArcSegmentToPoints][1303] -1.476  -0.379  150.095
INFO [APAPathPlanningConvertArcSegmentToPoints][1303] -1.213  -0.522  152.951
INFO [APAPathPlanningConvertArcSegmentToPoints][1303] -0.942  -0.651  155.807
INFO [APAPathPlanningConvertArcSegmentToPoints][1303] -0.666  -0.768  158.663
INFO [APAPathPlanningConvertArcSegmentToPoints][1303] -0.383  -0.870  161.519
INFO [APAPathPlanningConvertArcSegmentToPoints][1303] -0.097  -0.958  164.375
INFO [APAPathPlanningConvertArcSegmentToPoints][1303] 0.194  -1.031  167.232
INFO [APAPathPlanningConvertArcSegmentToPoints][1303] 0.488  -1.090  170.088
INFO [APAPathPlanningConvertArcSegmentToPoints][1303] 0.785  -1.134  172.944
INFO [APAPathPlanningConvertArcSegmentToPoints][1303] 1.083  -1.164  175.800
INFO [APAPathPlanningConvertArcSegmentToPoints][1303] 1.383  -1.178  178.656
INFO [APAPathPlanningConvertArcSegmentToPoints][1313] 1.394  -1.179  178.757
INFO [OneCircleTrajCal][1440] num: 21
INFO [OneCircleToEndPosLineCalTraj][1534] CE cal time: 0.697ms
INFO [HybridAStarPlan][2225] 0_result: 1   (21)
INFO [HybridAStarPlan][2298] path send success 21
INFO [HybridAStarPlan][2315] traj: [0]	 x:3.195	 y:-1.218	 phi:178.757
INFO [HybridAStarPlan][2315] traj: [1]	 x:1.394	 y:-1.179	 phi:178.757
INFO [HybridAStarPlan][2315] traj: [2]	 x:1.083	 y:-1.164	 phi:175.800
INFO [HybridAStarPlan][2315] traj: [3]	 x:0.785	 y:-1.134	 phi:172.944
INFO [HybridAStarPlan][2315] traj: [4]	 x:0.488	 y:-1.090	 phi:170.088
INFO [HybridAStarPlan][2315] traj: [5]	 x:0.194	 y:-1.031	 phi:167.232
INFO [HybridAStarPlan][2315] traj: [6]	 x:-0.097	 y:-0.958	 phi:164.376
INFO [HybridAStarPlan][2315] traj: [7]	 x:-0.383	 y:-0.870	 phi:161.519
INFO [HybridAStarPlan][2315] traj: [8]	 x:-0.666	 y:-0.768	 phi:158.663
INFO [HybridAStarPlan][2315] traj: [9]	 x:-0.942	 y:-0.651	 phi:155.807
INFO [HybridAStarPlan][2315] traj: [10]	 x:-1.213	 y:-0.522	 phi:152.951
INFO [HybridAStarPlan][2315] traj: [11]	 x:-1.476	 y:-0.379	 phi:150.095
INFO [HybridAStarPlan][2315] traj: [12]	 x:-1.732	 y:-0.223	 phi:147.239
INFO [HybridAStarPlan][2315] traj: [13]	 x:-1.981	 y:-0.054	 phi:144.382
INFO [HybridAStarPlan][2315] traj: [14]	 x:-2.220	 y:0.127	 phi:141.526
INFO [HybridAStarPlan][2315] traj: [15]	 x:-2.450	 y:0.319	 phi:138.670
INFO [HybridAStarPlan][2315] traj: [16]	 x:-2.670	 y:0.523	 phi:135.814
INFO [HybridAStarPlan][2315] traj: [17]	 x:-2.880	 y:0.737	 phi:132.958
INFO [HybridAStarPlan][2315] traj: [18]	 x:-3.079	 y:0.962	 phi:130.102
INFO [HybridAStarPlan][2315] traj: [19]	 x:-3.267	 y:1.196	 phi:127.245
INFO [HybridAStarPlan][2315] traj: [20]	 x:-3.442	 y:1.439	 phi:124.389

