Received data from command line argument, length: 1020
<<<<<<<<<<<<<<<<  ID: 25eb4b831d6c  <<<<<<<<<<<<<<<<
INFO [ParseReceivedData][1838] plan_cnt: 1
INFO [ParseReceivedData][1840] xybounds: xmin: -9  xmax: 5  ymin: -5  ymax: 9
INFO [ParseReceivedData][1841] radarnums: 0  sidenums:0
INFO [ParseReceivedData][1842] endpos_correct_flag: 0
INFO [ParseReceivedData][1875] oblslot[6]: -0.889, 1.525
INFO [ParseReceivedData][1875] oblslot[6]: -0.889, 0.525
INFO [ParseReceivedData][1875] oblslot[6]: 4.960, 0.525
INFO [ParseReceivedData][1875] oblslot[6]: 4.960, -2.385
INFO [ParseReceivedData][1875] oblslot[6]: -0.414, -2.385
INFO [ParseReceivedData][1875] oblslot[6]: -0.414, -2.885
INFO [ParseReceivedData][1990] slot_type: 2
INFO [ParseReceivedData][1991] target_dir: 0
INFO [ParseReceivedData][1992] start: 3.697 -0.988 3.142
INFO [ParseReceivedData][1993] end: -0.492 -1.174 3.172
INFO [HybridAStarPlan][2220] -------------------1-------------------
INFO [RSCurveQuickCalTraj][1197] RS cal time: 1.186ms
INFO [HybridAStarPlan][2231] 1_result: 1   (15)
INFO [HybridAStarPlan][2298] path send success 15
INFO [HybridAStarPlan][2315] traj: [0]	 x:3.697	 y:-0.988	 phi:-180.000
INFO [HybridAStarPlan][2315] traj: [1]	 x:3.397	 y:-0.990	 phi:-179.284
INFO [HybridAStarPlan][2315] traj: [2]	 x:3.097	 y:-0.996	 phi:-178.569
INFO [HybridAStarPlan][2315] traj: [3]	 x:2.797	 y:-1.005	 phi:-177.853
INFO [HybridAStarPlan][2315] traj: [4]	 x:2.497	 y:-1.018	 phi:-177.138
INFO [HybridAStarPlan][2315] traj: [5]	 x:2.198	 y:-1.034	 phi:-176.884
INFO [HybridAStarPlan][2315] traj: [6]	 x:1.898	 y:-1.051	 phi:-176.884
INFO [HybridAStarPlan][2315] traj: [7]	 x:1.599	 y:-1.067	 phi:-176.884
INFO [HybridAStarPlan][2315] traj: [8]	 x:1.299	 y:-1.083	 phi:-176.884
INFO [HybridAStarPlan][2315] traj: [9]	 x:1.000	 y:-1.099	 phi:-176.884
INFO [HybridAStarPlan][2315] traj: [10]	 x:0.700	 y:-1.116	 phi:-176.884
INFO [HybridAStarPlan][2315] traj: [11]	 x:0.401	 y:-1.132	 phi:-176.884
INFO [HybridAStarPlan][2315] traj: [12]	 x:0.101	 y:-1.148	 phi:-176.884
INFO [HybridAStarPlan][2315] traj: [13]	 x:-0.199	 y:-1.163	 phi:-177.545
INFO [HybridAStarPlan][2315] traj: [14]	 x:-0.492	 y:-1.174	 phi:-178.246

