Received data from command line argument, length: 882
<<<<<<<<<<<<<<<<  ID: 5dd68036f41d  <<<<<<<<<<<<<<<<
INFO [ParseReceivedData][1838] plan_cnt: 1
INFO [ParseReceivedData][1840] xybounds: xmin: -9  xmax: 5  ymin: -5  ymax: 9
INFO [ParseReceivedData][1841] radarnums: 0  sidenums:0
INFO [ParseReceivedData][1842] endpos_correct_flag: 0
INFO [ParseReceivedData][1875] oblslot[6]: -0.545, 1.462
INFO [ParseReceivedData][1875] oblslot[6]: -0.545, 0.462
INFO [ParseReceivedData][1875] oblslot[6]: 4.960, 0.462
INFO [ParseReceivedData][1875] oblslot[6]: 4.960, -3.288
INFO [ParseReceivedData][1875] oblslot[6]: 0.089, -3.288
INFO [ParseReceivedData][1875] oblslot[6]: 0.089, -3.788
INFO [ParseReceivedData][1990] slot_type: 2
INFO [ParseReceivedData][1991] target_dir: 0
INFO [ParseReceivedData][1992] start: 3.698 -1.223 3.123
INFO [ParseReceivedData][1993] end: -0.470 -1.266 3.098
INFO [HybridAStarPlan][2220] -------------------1-------------------
INFO [RSCurveQuickCalTraj][1197] RS cal time: 1.133ms
INFO [HybridAStarPlan][2231] 1_result: 1   (15)
INFO [HybridAStarPlan][2298] path send success 15
INFO [HybridAStarPlan][2315] traj: [0]	 x:3.698	 y:-1.223	 phi:178.935
INFO [HybridAStarPlan][2315] traj: [1]	 x:3.398	 y:-1.221	 phi:-179.993
INFO [HybridAStarPlan][2315] traj: [2]	 x:3.098	 y:-1.223	 phi:-178.920
INFO [HybridAStarPlan][2315] traj: [3]	 x:2.798	 y:-1.230	 phi:-178.759
INFO [HybridAStarPlan][2315] traj: [4]	 x:2.498	 y:-1.236	 phi:-178.759
INFO [HybridAStarPlan][2315] traj: [5]	 x:2.198	 y:-1.243	 phi:-178.759
INFO [HybridAStarPlan][2315] traj: [6]	 x:1.898	 y:-1.249	 phi:-178.759
INFO [HybridAStarPlan][2315] traj: [7]	 x:1.598	 y:-1.256	 phi:-178.759
INFO [HybridAStarPlan][2315] traj: [8]	 x:1.298	 y:-1.262	 phi:-178.759
INFO [HybridAStarPlan][2315] traj: [9]	 x:0.998	 y:-1.269	 phi:-178.759
INFO [HybridAStarPlan][2315] traj: [10]	 x:0.698	 y:-1.275	 phi:-178.759
INFO [HybridAStarPlan][2315] traj: [11]	 x:0.398	 y:-1.281	 phi:-179.403
INFO [HybridAStarPlan][2315] traj: [12]	 x:0.098	 y:-1.281	 phi:179.524
INFO [HybridAStarPlan][2315] traj: [13]	 x:-0.202	 y:-1.276	 phi:178.451
INFO [HybridAStarPlan][2315] traj: [14]	 x:-0.470	 y:-1.266	 phi:177.491

