Received data from command line argument, length: 962
<<<<<<<<<<<<<<<<  ID: 58b3a8a1f41b  <<<<<<<<<<<<<<<<
INFO [ParseReceivedData][1838] plan_cnt: 2
INFO [ParseReceivedData][1840] xybounds: xmin: -9  xmax: 5  ymin: -5  ymax: 9
INFO [ParseReceivedData][1841] radarnums: 3  sidenums:0
INFO [ParseReceivedData][1842] endpos_correct_flag: 0
INFO [ParseReceivedData][1875] oblslot[6]: 0.137, 1.304
INFO [ParseReceivedData][1875] oblslot[6]: 0.137, 0.304
INFO [ParseReceivedData][1875] oblslot[6]: 4.960, 0.304
INFO [ParseReceivedData][1875] oblslot[6]: 4.960, -2.143
INFO [ParseReceivedData][1875] oblslot[6]: -0.077, -2.143
INFO [ParseReceivedData][1875] oblslot[6]: -0.077, -2.643
INFO [ParseReceivedData][1889] oblradar[3]: -7.124, 1.738
INFO [ParseReceivedData][1889] oblradar[3]: -6.676, 2.530
INFO [ParseReceivedData][1889] oblradar[3]: -6.277, 3.255
INFO [ParseReceivedData][1990] slot_type: 2
INFO [ParseReceivedData][1991] target_dir: 1
INFO [ParseReceivedData][1992] start: 3.192 -0.788 3.183
INFO [ParseReceivedData][1993] end: -2.736 -0.131 2.463
INFO [HybridAStarPlan][2220] -------------------1-------------------
INFO [OneCircleToEndPosLineCalTraj][1534] CE cal time: 0.014ms
INFO [HybridAStarPlan][2225] 0_result: 0   (0)
INFO [RSCurveQuickCalTraj][1197] RS cal time: 2.415ms
INFO [HybridAStarPlan][2231] 1_result: 0   (0)
INFO [GenerateDpMap][194] map explored node: 3135
INFO [Plan][681] map time: 79ms
INFO [Plan][746] explored_node_num:69
INFO [Plan][747] heuristic time is 1.087ms.
INFO [Plan][748] reed shepp time is 1.273ms.
INFO [Plan][749] total time: 85ms
INFO [HybridAStarPlan][2243] 2_result: 1   (28)
INFO [HybridAStarPlan][2298] path send success 30
INFO [HybridAStarPlan][2315] traj: [0]	 x:3.192	 y:-0.788	 phi:182.390
INFO [HybridAStarPlan][2315] traj: [1]	 x:2.892	 y:-0.800	 phi:-178.283
INFO [HybridAStarPlan][2315] traj: [2]	 x:2.592	 y:-0.809	 phi:177.998
INFO [HybridAStarPlan][2315] traj: [3]	 x:2.292	 y:-0.799	 phi:-179.919
INFO [HybridAStarPlan][2315] traj: [4]	 x:1.992	 y:-0.799	 phi:179.409
INFO [HybridAStarPlan][2315] traj: [5]	 x:1.692	 y:-0.796	 phi:-178.508
INFO [HybridAStarPlan][2315] traj: [6]	 x:1.392	 y:-0.804	 phi:177.773
INFO [HybridAStarPlan][2315] traj: [7]	 x:1.093	 y:-0.792	 phi:179.857
INFO [HybridAStarPlan][2315] traj: [8]	 x:0.793	 y:-0.791	 phi:179.184
INFO [HybridAStarPlan][2315] traj: [9]	 x:0.493	 y:-0.787	 phi:-178.732
INFO [HybridAStarPlan][2315] traj: [10]	 x:0.193	 y:-0.794	 phi:-179.405
INFO [HybridAStarPlan][2315] traj: [11]	 x:-0.107	 y:-0.797	 phi:179.923
INFO [HybridAStarPlan][2315] traj: [12]	 x:-0.407	 y:-0.796	 phi:-174.228
INFO [HybridAStarPlan][2315] traj: [13]	 x:-0.707	 y:-0.817	 phi:-177.947
INFO [HybridAStarPlan][2315] traj: [14]	 x:-1.006	 y:-0.818	 phi:178.334
INFO [HybridAStarPlan][2315] traj: [15]	 x:-1.306	 y:-0.799	 phi:174.615
INFO [HybridAStarPlan][2315] traj: [16]	 x:-1.603	 y:-0.762	 phi:170.896
INFO [HybridAStarPlan][2315] traj: [17]	 x:-1.898	 y:-0.705	 phi:167.177
INFO [HybridAStarPlan][2315] traj: [18]	 x:-2.189	 y:-0.634	 phi:167.457
INFO [HybridAStarPlan][2315] traj: [19]	 x:-1.899	 y:-0.709	 phi:163.738
INFO [HybridAStarPlan][2315] traj: [20]	 x:-1.614	 y:-0.802	 phi:160.019
INFO [HybridAStarPlan][2315] traj: [21]	 x:-1.332	 y:-0.906	 phi:161.076
INFO [HybridAStarPlan][2315] traj: [22]	 x:-1.613	 y:-0.800	 phi:157.357
INFO [HybridAStarPlan][2315] traj: [23]	 x:-1.886	 y:-0.675	 phi:153.637
INFO [HybridAStarPlan][2315] traj: [24]	 x:-2.150	 y:-0.533	 phi:149.918
INFO [HybridAStarPlan][2315] traj: [25]	 x:-2.405	 y:-0.375	 phi:146.199
INFO [HybridAStarPlan][2315] traj: [26]	 x:-2.648	 y:-0.200	 phi:142.480
INFO [HybridAStarPlan][2315] traj: [27]	 x:-2.736	 y:-0.131	 phi:141.091

