Received data from command line argument, length: 682
<<<<<<<<<<<<<<<<  ID: eeeffc0dbbdd  <<<<<<<<<<<<<<<<
INFO [ParseReceivedData][1838] plan_cnt: 1
INFO [ParseReceivedData][1840] xybounds: xmin: -9  xmax: 5  ymin: -5  ymax: 9
INFO [ParseReceivedData][1841] radarnums: 0  sidenums:0
INFO [ParseReceivedData][1842] endpos_correct_flag: 0
INFO [ParseReceivedData][1875] oblslot[6]: -1.122, 1.550
INFO [ParseReceivedData][1875] oblslot[6]: -1.122, 0.550
INFO [ParseReceivedData][1875] oblslot[6]: 4.960, 0.550
INFO [ParseReceivedData][1875] oblslot[6]: 4.960, -5.500
INFO [ParseReceivedData][1875] oblslot[6]: 0.700, -5.500
INFO [ParseReceivedData][1875] oblslot[6]: 0.700, -6.000
INFO [ParseReceivedData][1990] slot_type: 2
INFO [ParseReceivedData][1991] target_dir: 0
INFO [ParseReceivedData][1992] start: 3.697 -1.324 3.142
INFO [ParseReceivedData][1993] end: -0.500 -1.277 3.109
INFO [HybridAStarPlan][2220] -------------------1-------------------
INFO [RSCurveQuickCalTraj][1197] RS cal time: 1.203ms
INFO [HybridAStarPlan][2231] 1_result: 1   (15)
INFO [HybridAStarPlan][2298] path send success 15
INFO [HybridAStarPlan][2315] traj: [0]	 x:3.697	 y:-1.324	 phi:-180.000
INFO [HybridAStarPlan][2315] traj: [1]	 x:3.397	 y:-1.326	 phi:-179.302
INFO [HybridAStarPlan][2315] traj: [2]	 x:3.097	 y:-1.331	 phi:-178.604
INFO [HybridAStarPlan][2315] traj: [3]	 x:2.797	 y:-1.340	 phi:-178.452
INFO [HybridAStarPlan][2315] traj: [4]	 x:2.497	 y:-1.346	 phi:-179.150
INFO [HybridAStarPlan][2315] traj: [5]	 x:2.197	 y:-1.349	 phi:-179.848
INFO [HybridAStarPlan][2315] traj: [6]	 x:1.897	 y:-1.348	 phi:179.454
INFO [HybridAStarPlan][2315] traj: [7]	 x:1.597	 y:-1.343	 phi:178.756
INFO [HybridAStarPlan][2315] traj: [8]	 x:1.297	 y:-1.335	 phi:178.150
INFO [HybridAStarPlan][2315] traj: [9]	 x:0.998	 y:-1.325	 phi:178.150
INFO [HybridAStarPlan][2315] traj: [10]	 x:0.698	 y:-1.315	 phi:178.150
INFO [HybridAStarPlan][2315] traj: [11]	 x:0.398	 y:-1.306	 phi:178.150
INFO [HybridAStarPlan][2315] traj: [12]	 x:0.098	 y:-1.296	 phi:178.150
INFO [HybridAStarPlan][2315] traj: [13]	 x:-0.202	 y:-1.286	 phi:178.150
INFO [HybridAStarPlan][2315] traj: [14]	 x:-0.500	 y:-1.277	 phi:178.150

