Received data from command line argument, length: 921
<<<<<<<<<<<<<<<<  ID: 51a3e53bd2ec  <<<<<<<<<<<<<<<<
INFO [ParseReceivedData][1838] plan_cnt: 2
INFO [ParseReceivedData][1840] xybounds: xmin: -9  xmax: 5  ymin: -5  ymax: 9
INFO [ParseReceivedData][1841] radarnums: 0  sidenums:0
INFO [ParseReceivedData][1842] endpos_correct_flag: 0
INFO [ParseReceivedData][1875] oblslot[6]: -1.311, 1.145
INFO [ParseReceivedData][1875] oblslot[6]: -1.311, 0.115
INFO [ParseReceivedData][1875] oblslot[6]: 4.960, 0.145
INFO [ParseReceivedData][1875] oblslot[6]: 4.960, -5.191
INFO [ParseReceivedData][1875] oblslot[6]: -1.802, -5.191
INFO [ParseReceivedData][1875] oblslot[6]: -1.802, -5.691
INFO [ParseReceivedData][1990] slot_type: 2
INFO [ParseReceivedData][1991] target_dir: 0
INFO [ParseReceivedData][1992] start: 3.697 -1.300 3.145
INFO [ParseReceivedData][1993] end: -0.498 -1.198 2.998
INFO [HybridAStarPlan][2220] -------------------1-------------------
INFO [RSCurveQuickCalTraj][1197] RS cal time: 1.249ms
INFO [HybridAStarPlan][2231] 1_result: 1   (16)
INFO [HybridAStarPlan][2298] path send success 16
INFO [HybridAStarPlan][2315] traj: [0]	 x:3.697	 y:-1.300	 phi:-179.822
INFO [HybridAStarPlan][2315] traj: [1]	 x:3.397	 y:-1.301	 phi:-179.822
INFO [HybridAStarPlan][2315] traj: [2]	 x:3.097	 y:-1.302	 phi:-179.822
INFO [HybridAStarPlan][2315] traj: [3]	 x:2.797	 y:-1.303	 phi:-179.822
INFO [HybridAStarPlan][2315] traj: [4]	 x:2.497	 y:-1.304	 phi:-179.822
INFO [HybridAStarPlan][2315] traj: [5]	 x:2.197	 y:-1.304	 phi:-179.822
INFO [HybridAStarPlan][2315] traj: [6]	 x:1.897	 y:-1.305	 phi:-179.822
INFO [HybridAStarPlan][2315] traj: [7]	 x:1.597	 y:-1.306	 phi:-179.822
INFO [HybridAStarPlan][2315] traj: [8]	 x:1.297	 y:-1.307	 phi:-179.822
INFO [HybridAStarPlan][2315] traj: [9]	 x:0.997	 y:-1.308	 phi:-179.918
INFO [HybridAStarPlan][2315] traj: [10]	 x:0.697	 y:-1.304	 phi:178.367
INFO [HybridAStarPlan][2315] traj: [11]	 x:0.397	 y:-1.291	 phi:176.652
INFO [HybridAStarPlan][2315] traj: [12]	 x:0.098	 y:-1.269	 phi:174.937
INFO [HybridAStarPlan][2315] traj: [13]	 x:-0.201	 y:-1.238	 phi:173.222
INFO [HybridAStarPlan][2315] traj: [14]	 x:-0.498	 y:-1.198	 phi:171.796
INFO [HybridAStarPlan][2315] traj: [15]	 x:-0.498	 y:-1.198	 phi:171.796

