Received data from command line argument, length: 1134
<<<<<<<<<<<<<<<<  ID: dcee55fef3d7  <<<<<<<<<<<<<<<<
INFO [ParseReceivedData][1838] plan_cnt: 3
INFO [ParseReceivedData][1840] xybounds: xmin: -6  xmax: 3  ymin: -8  ymax: 8
INFO [ParseReceivedData][1841] radarnums: 0  sidenums:0
INFO [ParseReceivedData][1842] endpos_correct_flag: 0
INFO [ParseReceivedData][1875] oblslot[6]: -0.100, 4.000
INFO [ParseReceivedData][1875] oblslot[6]: -0.100, 2.000
INFO [ParseReceivedData][1875] oblslot[6]: 2.630, 2.000
INFO [ParseReceivedData][1875] oblslot[6]: 2.613, -7.078
INFO [ParseReceivedData][1875] oblslot[6]: 0.200, -7.078
INFO [ParseReceivedData][1875] oblslot[6]: 0.200, -9.078
INFO [ParseReceivedData][1990] slot_type: 1
INFO [ParseReceivedData][1991] target_dir: 1
INFO [ParseReceivedData][1992] start: 1.240 -4.765 1.571
INFO [ParseReceivedData][1993] end: 0.509 -1.768 1.665
INFO [HybridAStarPlan][2164] 0_start: 1.2402 -4.7649 1.5712
INFO [HybridAStarPlan][2212] 1_start: 1.3168 -5.6030 1.7535
INFO [HybridAStarPlan][2220] -------------------1-------------------
INFO [OneCircleToEndPosLineCalTraj][1534] CE cal time: 0.0130ms
INFO [HybridAStarPlan][2225] 0_result: 0   (0)
INFO [RSCurveQuickCalTraj][1197] RS cal time: 0.8230ms
INFO [HybridAStarPlan][2231] 1_result: 1   (18)
INFO [HybridAStarPlan][2298] path send success 19
INFO [HybridAStarPlan][2315] traj: [0]	 x:1.240	 y:-4.665	 phi:90.023
INFO [HybridAStarPlan][2315] traj: [1]	 x:1.240	 y:-4.765	 phi:90.023
INFO [HybridAStarPlan][2315] traj: [2]	 x:1.299	 y:-5.505	 phi:100.468
INFO [HybridAStarPlan][2315] traj: [3]	 x:1.317	 y:-5.603	 phi:100.468
INFO [HybridAStarPlan][2315] traj: [4]	 x:1.256	 y:-5.309	 phi:102.729
INFO [HybridAStarPlan][2315] traj: [5]	 x:1.189	 y:-5.017	 phi:102.729
INFO [HybridAStarPlan][2315] traj: [6]	 x:1.123	 y:-4.724	 phi:102.729
INFO [HybridAStarPlan][2315] traj: [7]	 x:1.057	 y:-4.431	 phi:102.729
INFO [HybridAStarPlan][2315] traj: [8]	 x:0.991	 y:-4.139	 phi:102.729
INFO [HybridAStarPlan][2315] traj: [9]	 x:0.925	 y:-3.846	 phi:102.729
INFO [HybridAStarPlan][2315] traj: [10]	 x:0.859	 y:-3.554	 phi:102.729
INFO [HybridAStarPlan][2315] traj: [11]	 x:0.793	 y:-3.261	 phi:102.729
INFO [HybridAStarPlan][2315] traj: [12]	 x:0.727	 y:-2.968	 phi:102.729
INFO [HybridAStarPlan][2315] traj: [13]	 x:0.661	 y:-2.676	 phi:102.729
INFO [HybridAStarPlan][2315] traj: [14]	 x:0.597	 y:-2.382	 phi:101.016
INFO [HybridAStarPlan][2315] traj: [15]	 x:0.547	 y:-2.087	 phi:98.297
INFO [HybridAStarPlan][2315] traj: [16]	 x:0.511	 y:-1.789	 phi:95.578
INFO [HybridAStarPlan][2315] traj: [17]	 x:0.509	 y:-1.768	 phi:95.386

