Received data from command line argument, length: 1192
<<<<<<<<<<<<<<<<  ID: e9a0779ee055  <<<<<<<<<<<<<<<<
INFO [ParseReceivedData][1838] plan_cnt: 3
INFO [ParseReceivedData][1840] xybounds: xmin: -6  xmax: 3  ymin: -8  ymax: 8
INFO [ParseReceivedData][1841] radarnums: 4  sidenums:0
INFO [ParseReceivedData][1842] endpos_correct_flag: 0
INFO [ParseReceivedData][1875] oblslot[6]: -0.100, 3.049
INFO [ParseReceivedData][1875] oblslot[6]: -0.100, 1.049
INFO [ParseReceivedData][1875] oblslot[6]: 2.521, 1.049
INFO [ParseReceivedData][1875] oblslot[6]: 2.582, -8.818
INFO [ParseReceivedData][1875] oblslot[6]: 0.200, -8.818
INFO [ParseReceivedData][1875] oblslot[6]: 0.200, -10.818
INFO [ParseReceivedData][1889] oblradar[4]: 1.785, 1.122
INFO [ParseReceivedData][1889] oblradar[4]: 0.997, 1.401
INFO [ParseReceivedData][1889] oblradar[4]: 0.204, 1.499
INFO [ParseReceivedData][1889] oblradar[4]: -0.670, 1.314
INFO [ParseReceivedData][1990] slot_type: 1
INFO [ParseReceivedData][1991] target_dir: 1
INFO [ParseReceivedData][1992] start: 1.282 -5.035 1.581
INFO [ParseReceivedData][1993] end: 0.511 -3.248 1.551
INFO [HybridAStarPlan][2164] 0_start: 1.2820 -5.0350 1.5809
INFO [OneNodeCheckValid][1070] false start
INFO [HybridAStarPlan][2212] 1_start: 1.3432 -5.7850 1.7439
INFO [HybridAStarPlan][2220] -------------------1-------------------
INFO [OneCircleToEndPosLineCalTraj][1534] CE cal time: 0.0130ms
INFO [HybridAStarPlan][2225] 0_result: 0   (0)
INFO [RSCurveQuickCalTraj][1197] RS cal time: 0.7950ms
INFO [HybridAStarPlan][2231] 1_result: 0   (0)
INFO [GenerateDpMap][194] map explored node: 2045
INFO [Plan][681] map time: 45ms
INFO [Plan][746] explored_node_num:70
INFO [Plan][747] heuristic time is 1.0820ms.
INFO [Plan][748] reed shepp time is 1.1150ms.
INFO [Plan][749] total time: 51ms
INFO [HybridAStarPlan][2243] 2_result: 1   (30)
INFO [HybridAStarPlan][2298] path send success 33
INFO [HybridAStarPlan][2315] traj: [0]	 x:1.281	 y:-4.935	 phi:90.579
INFO [HybridAStarPlan][2315] traj: [1]	 x:1.282	 y:-5.035	 phi:90.579
INFO [HybridAStarPlan][2315] traj: [2]	 x:1.326	 y:-5.686	 phi:99.915
INFO [HybridAStarPlan][2315] traj: [3]	 x:1.343	 y:-5.785	 phi:99.915
INFO [HybridAStarPlan][2315] traj: [4]	 x:1.292	 y:-5.489	 phi:101.999
INFO [HybridAStarPlan][2315] traj: [5]	 x:1.229	 y:-5.196	 phi:98.280
INFO [HybridAStarPlan][2315] traj: [6]	 x:1.186	 y:-4.899	 phi:104.130
INFO [HybridAStarPlan][2315] traj: [7]	 x:1.113	 y:-4.608	 phi:109.980
INFO [HybridAStarPlan][2315] traj: [8]	 x:1.010	 y:-4.326	 phi:109.307
INFO [HybridAStarPlan][2315] traj: [9]	 x:0.911	 y:-4.043	 phi:115.157
INFO [HybridAStarPlan][2315] traj: [10]	 x:0.784	 y:-3.772	 phi:121.007
INFO [HybridAStarPlan][2315] traj: [11]	 x:0.629	 y:-3.514	 phi:126.857
INFO [HybridAStarPlan][2315] traj: [12]	 x:0.454	 y:-3.271	 phi:124.374
INFO [HybridAStarPlan][2315] traj: [13]	 x:0.290	 y:-3.019	 phi:121.890
INFO [HybridAStarPlan][2315] traj: [14]	 x:0.137	 y:-2.761	 phi:119.407
INFO [HybridAStarPlan][2315] traj: [15]	 x:-0.004	 y:-2.497	 phi:116.923
INFO [HybridAStarPlan][2315] traj: [16]	 x:-0.140	 y:-2.229	 phi:117.975
INFO [HybridAStarPlan][2315] traj: [17]	 x:-0.005	 y:-2.497	 phi:115.491
INFO [HybridAStarPlan][2315] traj: [18]	 x:0.118	 y:-2.771	 phi:113.008
INFO [HybridAStarPlan][2315] traj: [19]	 x:0.229	 y:-3.049	 phi:110.525
INFO [HybridAStarPlan][2315] traj: [20]	 x:0.328	 y:-3.333	 phi:108.041
INFO [HybridAStarPlan][2315] traj: [21]	 x:0.415	 y:-3.620	 phi:105.558
INFO [HybridAStarPlan][2315] traj: [22]	 x:0.489	 y:-3.910	 phi:103.075
INFO [HybridAStarPlan][2315] traj: [23]	 x:0.551	 y:-4.204	 phi:100.591
INFO [HybridAStarPlan][2315] traj: [24]	 x:0.600	 y:-4.500	 phi:99.298
INFO [HybridAStarPlan][2315] traj: [25]	 x:0.558	 y:-4.203	 phi:96.814
INFO [HybridAStarPlan][2315] traj: [26]	 x:0.529	 y:-3.904	 phi:94.331
INFO [HybridAStarPlan][2315] traj: [27]	 x:0.513	 y:-3.605	 phi:91.848
INFO [HybridAStarPlan][2315] traj: [28]	 x:0.510	 y:-3.305	 phi:89.364
INFO [HybridAStarPlan][2315] traj: [29]	 x:0.511	 y:-3.248	 phi:88.894

