Received data from command line argument, length: 533
<<<<<<<<<<<<<<<<  ID: 244766916daa  <<<<<<<<<<<<<<<<
INFO [ParseReceivedData][1838] plan_cnt: 2
INFO [ParseReceivedData][1840] xybounds: xmin: -9  xmax: 5  ymin: -5  ymax: 9
INFO [ParseReceivedData][1841] radarnums: 0  sidenums:0
INFO [ParseReceivedData][1842] endpos_correct_flag: 0
INFO [ParseReceivedData][1875] oblslot[6]: -0.010, 3.629
INFO [ParseReceivedData][1875] oblslot[6]: -0.010, 1.629
INFO [ParseReceivedData][1875] oblslot[6]: 4.960, 1.676
INFO [ParseReceivedData][1875] oblslot[6]: 4.960, -4.666
INFO [ParseReceivedData][1875] oblslot[6]: 0.201, -4.666
INFO [ParseReceivedData][1875] oblslot[6]: 0.201, -5.166
INFO [ParseReceivedData][1990] slot_type: 2
INFO [ParseReceivedData][1991] target_dir: 1
INFO [ParseReceivedData][1992] start: 3.197 -1.188 3.151
INFO [ParseReceivedData][1993] end: -3.804 -0.656 2.796
INFO [HybridAStarPlan][2220] -------------------1-------------------
INFO [APAPathPlanningConvertArcSegmentToPoints][1303] -3.804  -0.656  160.193
INFO [APAPathPlanningConvertArcSegmentToPoints][1303] -3.521  -0.753  161.986
INFO [APAPathPlanningConvertArcSegmentToPoints][1303] -3.234  -0.841  163.778
INFO [APAPathPlanningConvertArcSegmentToPoints][1303] -2.945  -0.921  165.571
INFO [APAPathPlanningConvertArcSegmentToPoints][1303] -2.653  -0.991  167.363
INFO [APAPathPlanningConvertArcSegmentToPoints][1303] -2.359  -1.052  169.156
INFO [APAPathPlanningConvertArcSegmentToPoints][1303] -2.064  -1.104  170.949
INFO [APAPathPlanningConvertArcSegmentToPoints][1303] -1.767  -1.146  172.741
INFO [APAPathPlanningConvertArcSegmentToPoints][1303] -1.469  -1.179  174.534
INFO [APAPathPlanningConvertArcSegmentToPoints][1303] -1.170  -1.203  176.326
INFO [APAPathPlanningConvertArcSegmentToPoints][1303] -0.870  -1.218  178.119
INFO [APAPathPlanningConvertArcSegmentToPoints][1303] -0.570  -1.223  179.911
INFO [APAPathPlanningConvertArcSegmentToPoints][1313] -0.465  -1.223  180.539
INFO [OneCircleTrajCal][1440] num: 13
INFO [OneCircleToEndPosLineCalTraj][1534] CE cal time: 0.448ms
INFO [HybridAStarPlan][2225] 0_result: 1   (13)
INFO [HybridAStarPlan][2298] path send success 13
INFO [HybridAStarPlan][2315] traj: [0]	 x:3.197	 y:-1.188	 phi:180.539
INFO [HybridAStarPlan][2315] traj: [1]	 x:-0.465	 y:-1.223	 phi:180.539
INFO [HybridAStarPlan][2315] traj: [2]	 x:-0.870	 y:-1.218	 phi:178.119
INFO [HybridAStarPlan][2315] traj: [3]	 x:-1.170	 y:-1.203	 phi:176.326
INFO [HybridAStarPlan][2315] traj: [4]	 x:-1.469	 y:-1.179	 phi:174.534
INFO [HybridAStarPlan][2315] traj: [5]	 x:-1.767	 y:-1.146	 phi:172.741
INFO [HybridAStarPlan][2315] traj: [6]	 x:-2.064	 y:-1.104	 phi:170.949
INFO [HybridAStarPlan][2315] traj: [7]	 x:-2.359	 y:-1.052	 phi:169.156
INFO [HybridAStarPlan][2315] traj: [8]	 x:-2.653	 y:-0.991	 phi:167.364
INFO [HybridAStarPlan][2315] traj: [9]	 x:-2.945	 y:-0.921	 phi:165.571
INFO [HybridAStarPlan][2315] traj: [10]	 x:-3.234	 y:-0.841	 phi:163.779
INFO [HybridAStarPlan][2315] traj: [11]	 x:-3.521	 y:-0.753	 phi:161.986
INFO [HybridAStarPlan][2315] traj: [12]	 x:-3.804	 y:-0.656	 phi:160.193

