Received data from command line argument, length: 675
<<<<<<<<<<<<<<<<  ID: eabedded678f  <<<<<<<<<<<<<<<<
INFO [ParseReceivedData][1838] plan_cnt: 1
INFO [ParseReceivedData][1840] xybounds: xmin: -9  xmax: 5  ymin: -5  ymax: 9
INFO [ParseReceivedData][1841] radarnums: 0  sidenums:0
INFO [ParseReceivedData][1842] endpos_correct_flag: 0
INFO [ParseReceivedData][1875] oblslot[6]: -1.119, 1.703
INFO [ParseReceivedData][1875] oblslot[6]: -1.119, 0.703
INFO [ParseReceivedData][1875] oblslot[6]: 4.960, 0.703
INFO [ParseReceivedData][1875] oblslot[6]: 4.960, -5.536
INFO [ParseReceivedData][1875] oblslot[6]: 0.479, -5.536
INFO [ParseReceivedData][1875] oblslot[6]: 0.479, -6.036
INFO [ParseReceivedData][1990] slot_type: 2
INFO [ParseReceivedData][1991] target_dir: 0
INFO [ParseReceivedData][1992] start: 3.698 -1.157 3.128
INFO [ParseReceivedData][1993] end: -0.499 -1.170 2.975
INFO [HybridAStarPlan][2220] -------------------1-------------------
INFO [RSCurveQuickCalTraj][1197] RS cal time: 1.242ms
INFO [HybridAStarPlan][2231] 1_result: 1   (16)
INFO [HybridAStarPlan][2298] path send success 16
INFO [HybridAStarPlan][2315] traj: [0]	 x:3.698	 y:-1.157	 phi:179.239
INFO [HybridAStarPlan][2315] traj: [1]	 x:3.398	 y:-1.160	 phi:-178.086
INFO [HybridAStarPlan][2315] traj: [2]	 x:3.098	 y:-1.170	 phi:-178.086
INFO [HybridAStarPlan][2315] traj: [3]	 x:2.798	 y:-1.180	 phi:-178.086
INFO [HybridAStarPlan][2315] traj: [4]	 x:2.498	 y:-1.190	 phi:-178.086
INFO [HybridAStarPlan][2315] traj: [5]	 x:2.199	 y:-1.200	 phi:-178.086
INFO [HybridAStarPlan][2315] traj: [6]	 x:1.899	 y:-1.210	 phi:-178.086
INFO [HybridAStarPlan][2315] traj: [7]	 x:1.599	 y:-1.220	 phi:-178.086
INFO [HybridAStarPlan][2315] traj: [8]	 x:1.299	 y:-1.230	 phi:-178.086
INFO [HybridAStarPlan][2315] traj: [9]	 x:0.999	 y:-1.240	 phi:-178.086
INFO [HybridAStarPlan][2315] traj: [10]	 x:0.699	 y:-1.250	 phi:-178.093
INFO [HybridAStarPlan][2315] traj: [11]	 x:0.399	 y:-1.253	 phi:179.053
INFO [HybridAStarPlan][2315] traj: [12]	 x:0.100	 y:-1.240	 phi:176.199
INFO [HybridAStarPlan][2315] traj: [13]	 x:-0.199	 y:-1.213	 phi:173.344
INFO [HybridAStarPlan][2315] traj: [14]	 x:-0.496	 y:-1.171	 phi:170.490
INFO [HybridAStarPlan][2315] traj: [15]	 x:-0.499	 y:-1.170	 phi:170.461

