Received data from command line argument, length: 883
<<<<<<<<<<<<<<<<  ID: c793298bf280  <<<<<<<<<<<<<<<<
INFO [ParseReceivedData][1838] plan_cnt: 4
INFO [ParseReceivedData][1840] xybounds: xmin: -9  xmax: 5  ymin: -5  ymax: 9
INFO [ParseReceivedData][1841] radarnums: 0  sidenums:0
INFO [ParseReceivedData][1842] endpos_correct_flag: 0
INFO [ParseReceivedData][1875] oblslot[6]: 0.180, 1.591
INFO [ParseReceivedData][1875] oblslot[6]: 0.180, 0.591
INFO [ParseReceivedData][1875] oblslot[6]: 4.960, 0.591
INFO [ParseReceivedData][1875] oblslot[6]: 4.960, -4.701
INFO [ParseReceivedData][1875] oblslot[6]: 0.088, -4.701
INFO [ParseReceivedData][1875] oblslot[6]: 0.088, -5.201
INFO [ParseReceivedData][1990] slot_type: 2
INFO [ParseReceivedData][1991] target_dir: 0
INFO [ParseReceivedData][1992] start: 3.697 -1.010 3.139
INFO [ParseReceivedData][1993] end: -0.492 -0.920 3.033
INFO [HybridAStarPlan][2220] -------------------1-------------------
INFO [RSCurveQuickCalTraj][1197] RS cal time: 1.269ms
INFO [HybridAStarPlan][2231] 1_result: 1   (15)
INFO [HybridAStarPlan][2298] path send success 15
INFO [HybridAStarPlan][2315] traj: [0]	 x:3.697	 y:-1.010	 phi:179.863
INFO [HybridAStarPlan][2315] traj: [1]	 x:3.397	 y:-1.010	 phi:-179.863
INFO [HybridAStarPlan][2315] traj: [2]	 x:3.097	 y:-1.011	 phi:-179.863
INFO [HybridAStarPlan][2315] traj: [3]	 x:2.797	 y:-1.011	 phi:-179.863
INFO [HybridAStarPlan][2315] traj: [4]	 x:2.497	 y:-1.012	 phi:-179.863
INFO [HybridAStarPlan][2315] traj: [5]	 x:2.197	 y:-1.013	 phi:-179.863
INFO [HybridAStarPlan][2315] traj: [6]	 x:1.897	 y:-1.014	 phi:-179.863
INFO [HybridAStarPlan][2315] traj: [7]	 x:1.597	 y:-1.014	 phi:-179.863
INFO [HybridAStarPlan][2315] traj: [8]	 x:1.297	 y:-1.015	 phi:-179.863
INFO [HybridAStarPlan][2315] traj: [9]	 x:0.997	 y:-1.013	 phi:179.102
INFO [HybridAStarPlan][2315] traj: [10]	 x:0.697	 y:-1.006	 phi:178.029
INFO [HybridAStarPlan][2315] traj: [11]	 x:0.397	 y:-0.993	 phi:176.957
INFO [HybridAStarPlan][2315] traj: [12]	 x:0.098	 y:-0.974	 phi:175.884
INFO [HybridAStarPlan][2315] traj: [13]	 x:-0.201	 y:-0.949	 phi:174.811
INFO [HybridAStarPlan][2315] traj: [14]	 x:-0.492	 y:-0.920	 phi:173.767

