Received data from command line argument, length: 676
<<<<<<<<<<<<<<<<  ID: 6b35997cc29a  <<<<<<<<<<<<<<<<
INFO [ParseReceivedData][1838] plan_cnt: 1
INFO [ParseReceivedData][1840] xybounds: xmin: -9  xmax: 5  ymin: -5  ymax: 9
INFO [ParseReceivedData][1841] radarnums: 0  sidenums:0
INFO [ParseReceivedData][1842] endpos_correct_flag: 0
INFO [ParseReceivedData][1875] oblslot[6]: -1.375, 1.810
INFO [ParseReceivedData][1875] oblslot[6]: -1.375, 0.810
INFO [ParseReceivedData][1875] oblslot[6]: 4.960, 0.810
INFO [ParseReceivedData][1875] oblslot[6]: 4.960, -5.510
INFO [ParseReceivedData][1875] oblslot[6]: 0.552, -5.510
INFO [ParseReceivedData][1875] oblslot[6]: 0.552, -6.010
INFO [ParseReceivedData][1990] slot_type: 2
INFO [ParseReceivedData][1991] target_dir: 0
INFO [ParseReceivedData][1992] start: 3.698 -1.166 3.124
INFO [ParseReceivedData][1993] end: -0.498 -1.183 3.003
INFO [HybridAStarPlan][2220] -------------------1-------------------
INFO [RSCurveQuickCalTraj][1197] RS cal time: 1.234ms
INFO [HybridAStarPlan][2231] 1_result: 1   (16)
INFO [HybridAStarPlan][2298] path send success 16
INFO [HybridAStarPlan][2315] traj: [0]	 x:3.698	 y:-1.166	 phi:179.009
INFO [HybridAStarPlan][2315] traj: [1]	 x:3.398	 y:-1.165	 phi:-179.373
INFO [HybridAStarPlan][2315] traj: [2]	 x:3.098	 y:-1.173	 phi:-177.754
INFO [HybridAStarPlan][2315] traj: [3]	 x:2.799	 y:-1.189	 phi:-176.301
INFO [HybridAStarPlan][2315] traj: [4]	 x:2.499	 y:-1.208	 phi:-176.301
INFO [HybridAStarPlan][2315] traj: [5]	 x:2.200	 y:-1.227	 phi:-176.301
INFO [HybridAStarPlan][2315] traj: [6]	 x:1.901	 y:-1.247	 phi:-176.301
INFO [HybridAStarPlan][2315] traj: [7]	 x:1.601	 y:-1.266	 phi:-176.582
INFO [HybridAStarPlan][2315] traj: [8]	 x:1.302	 y:-1.280	 phi:-178.201
INFO [HybridAStarPlan][2315] traj: [9]	 x:1.002	 y:-1.285	 phi:-179.819
INFO [HybridAStarPlan][2315] traj: [10]	 x:0.702	 y:-1.281	 phi:178.563
INFO [HybridAStarPlan][2315] traj: [11]	 x:0.402	 y:-1.270	 phi:176.945
INFO [HybridAStarPlan][2315] traj: [12]	 x:0.103	 y:-1.249	 phi:175.327
INFO [HybridAStarPlan][2315] traj: [13]	 x:-0.196	 y:-1.221	 phi:173.708
INFO [HybridAStarPlan][2315] traj: [14]	 x:-0.494	 y:-1.184	 phi:172.090
INFO [HybridAStarPlan][2315] traj: [15]	 x:-0.498	 y:-1.183	 phi:172.065

