Received data from command line argument, length: 665
<<<<<<<<<<<<<<<<  ID: e1fb7a1dcf7f  <<<<<<<<<<<<<<<<
INFO [ParseReceivedData][1838] plan_cnt: 1
INFO [ParseReceivedData][1840] xybounds: xmin: -6  xmax: 3  ymin: -8  ymax: 8
INFO [ParseReceivedData][1841] radarnums: 0  sidenums:0
INFO [ParseReceivedData][1842] endpos_correct_flag: 0
INFO [ParseReceivedData][1875] oblslot[6]: -0.100, 3.200
INFO [ParseReceivedData][1875] oblslot[6]: -0.100, 1.200
INFO [ParseReceivedData][1875] oblslot[6]: 2.531, 1.200
INFO [ParseReceivedData][1875] oblslot[6]: 2.626, -7.296
INFO [ParseReceivedData][1875] oblslot[6]: 0.200, -7.296
INFO [ParseReceivedData][1875] oblslot[6]: 0.200, -9.296
INFO [ParseReceivedData][1990] slot_type: 0
INFO [ParseReceivedData][1991] target_dir: 1
INFO [ParseReceivedData][1992] start: 1.162 -5.076 1.587
INFO [ParseReceivedData][1993] end: -2.228 1.891 1.818
INFO [HybridAStarPlan][2220] -------------------1-------------------
INFO [OneCircleToEndPosLineCalTraj][1534] CE cal time: 0.014ms
INFO [HybridAStarPlan][2225] 0_result: 0   (0)
INFO [RSCurveQuickCalTraj][1197] RS cal time: 0.013ms
INFO [HybridAStarPlan][2231] 1_result: 0   (0)
INFO [GenerateDpMap][194] map explored node: 2045
INFO [Plan][681] map time: 41ms
INFO [Plan][746] explored_node_num:0
INFO [Plan][747] heuristic time is 0.000ms.
INFO [Plan][748] reed shepp time is 0.000ms.
INFO [Plan][749] total time: 41ms
INFO [HybridAStarPlan][2243] 2_result: 1   (28)
INFO [HybridAStarPlan][2298] path send success 28
INFO [HybridAStarPlan][2315] traj: [0]	 x:1.162	 y:-5.076	 phi:90.900
INFO [HybridAStarPlan][2315] traj: [1]	 x:1.147	 y:-4.777	 phi:94.619
INFO [HybridAStarPlan][2315] traj: [2]	 x:1.114	 y:-4.478	 phi:98.338
INFO [HybridAStarPlan][2315] traj: [3]	 x:1.060	 y:-4.183	 phi:102.057
INFO [HybridAStarPlan][2315] traj: [4]	 x:0.988	 y:-3.892	 phi:105.777
INFO [HybridAStarPlan][2315] traj: [5]	 x:0.897	 y:-3.606	 phi:109.496
INFO [HybridAStarPlan][2315] traj: [6]	 x:0.788	 y:-3.327	 phi:113.215
INFO [HybridAStarPlan][2315] traj: [7]	 x:0.661	 y:-3.055	 phi:116.934
INFO [HybridAStarPlan][2315] traj: [8]	 x:0.517	 y:-2.792	 phi:120.653
INFO [HybridAStarPlan][2315] traj: [9]	 x:0.356	 y:-2.539	 phi:123.022
INFO [HybridAStarPlan][2315] traj: [10]	 x:0.193	 y:-2.287	 phi:123.022
INFO [HybridAStarPlan][2315] traj: [11]	 x:0.029	 y:-2.036	 phi:123.022
INFO [HybridAStarPlan][2315] traj: [12]	 x:-0.134	 y:-1.784	 phi:123.022
INFO [HybridAStarPlan][2315] traj: [13]	 x:-0.298	 y:-1.533	 phi:123.022
INFO [HybridAStarPlan][2315] traj: [14]	 x:-0.461	 y:-1.281	 phi:123.022
INFO [HybridAStarPlan][2315] traj: [15]	 x:-0.624	 y:-1.029	 phi:123.022
INFO [HybridAStarPlan][2315] traj: [16]	 x:-0.788	 y:-0.778	 phi:123.022
INFO [HybridAStarPlan][2315] traj: [17]	 x:-0.951	 y:-0.526	 phi:123.022
INFO [HybridAStarPlan][2315] traj: [18]	 x:-1.115	 y:-0.275	 phi:123.022
INFO [HybridAStarPlan][2315] traj: [19]	 x:-1.278	 y:-0.023	 phi:123.022
INFO [HybridAStarPlan][2315] traj: [20]	 x:-1.442	 y:0.228	 phi:123.022
INFO [HybridAStarPlan][2315] traj: [21]	 x:-1.605	 y:0.480	 phi:123.022
INFO [HybridAStarPlan][2315] traj: [22]	 x:-1.762	 y:0.735	 phi:119.682
INFO [HybridAStarPlan][2315] traj: [23]	 x:-1.902	 y:1.001	 phi:115.963
INFO [HybridAStarPlan][2315] traj: [24]	 x:-2.025	 y:1.274	 phi:112.243
INFO [HybridAStarPlan][2315] traj: [25]	 x:-2.129	 y:1.556	 phi:108.524
INFO [HybridAStarPlan][2315] traj: [26]	 x:-2.215	 y:1.843	 phi:104.805
INFO [HybridAStarPlan][2315] traj: [27]	 x:-2.228	 y:1.891	 phi:104.187

