Received data from command line argument, length: 613
<<<<<<<<<<<<<<<<  ID: fbff7bcd26de  <<<<<<<<<<<<<<<<
INFO [ParseReceivedData][1838] plan_cnt: 1
INFO [ParseReceivedData][1840] xybounds: xmin: -6  xmax: 3  ymin: -8  ymax: 8
INFO [ParseReceivedData][1841] radarnums: 0  sidenums:0
INFO [ParseReceivedData][1842] endpos_correct_flag: 0
INFO [ParseReceivedData][1875] oblslot[6]: -0.100, 3.200
INFO [ParseReceivedData][1875] oblslot[6]: -0.100, 1.200
INFO [ParseReceivedData][1875] oblslot[6]: 1.816, 1.200
INFO [ParseReceivedData][1875] oblslot[6]: 1.816, -6.400
INFO [ParseReceivedData][1875] oblslot[6]: 0.200, -6.400
INFO [ParseReceivedData][1875] oblslot[6]: 0.200, -8.400
INFO [ParseReceivedData][1990] slot_type: 0
INFO [ParseReceivedData][1991] target_dir: 3
INFO [ParseReceivedData][1992] start: 0.533 -4.426 1.571
INFO [ParseReceivedData][1993] end: 0.154 -3.037 2.082
INFO [HybridAStarPlan][2220] -------------------1-------------------
INFO [RSCurveQuickCalTraj][1197] RS cal time: 0.013ms
INFO [HybridAStarPlan][2231] 1_result: 0   (0)
INFO [GenerateDpMap][194] map explored node: 2045
INFO [Plan][681] map time: 34ms
INFO [Plan][746] explored_node_num:33
INFO [Plan][747] heuristic time is 0.502ms.
INFO [Plan][748] reed shepp time is 0.535ms.
INFO [Plan][749] total time: 37ms
INFO [HybridAStarPlan][2243] 2_result: 1   (15)
INFO [HybridAStarPlan][2298] path send success 16
INFO [HybridAStarPlan][2315] traj: [0]	 x:0.533	 y:-4.426	 phi:90.000
INFO [HybridAStarPlan][2315] traj: [1]	 x:0.533	 y:-4.126	 phi:95.850
INFO [HybridAStarPlan][2315] traj: [2]	 x:0.502	 y:-3.828	 phi:101.700
INFO [HybridAStarPlan][2315] traj: [3]	 x:0.442	 y:-3.534	 phi:107.550
INFO [HybridAStarPlan][2315] traj: [4]	 x:0.351	 y:-3.248	 phi:113.400
INFO [HybridAStarPlan][2315] traj: [5]	 x:0.223	 y:-2.977	 phi:117.377
INFO [HybridAStarPlan][2315] traj: [6]	 x:0.076	 y:-2.715	 phi:120.763
INFO [HybridAStarPlan][2315] traj: [7]	 x:-0.078	 y:-2.457	 phi:120.763
INFO [HybridAStarPlan][2315] traj: [8]	 x:-0.231	 y:-2.200	 phi:120.763
INFO [HybridAStarPlan][2315] traj: [9]	 x:-0.384	 y:-1.942	 phi:120.611
INFO [HybridAStarPlan][2315] traj: [10]	 x:-0.240	 y:-2.205	 phi:116.892
INFO [HybridAStarPlan][2315] traj: [11]	 x:-0.113	 y:-2.477	 phi:113.173
INFO [HybridAStarPlan][2315] traj: [12]	 x:0.007	 y:-2.752	 phi:115.299
INFO [HybridAStarPlan][2315] traj: [13]	 x:0.144	 y:-3.019	 phi:119.018
INFO [HybridAStarPlan][2315] traj: [14]	 x:0.154	 y:-3.037	 phi:119.273

