Received data from command line argument, length: 719
<<<<<<<<<<<<<<<<  ID: f74578e3b2e9  <<<<<<<<<<<<<<<<
INFO [ParseReceivedData][1838] plan_cnt: 1
INFO [ParseReceivedData][1840] xybounds: xmin: -9  xmax: 5  ymin: -5  ymax: 9
INFO [ParseReceivedData][1841] radarnums: 2  sidenums:0
INFO [ParseReceivedData][1842] endpos_correct_flag: 0
INFO [ParseReceivedData][1875] oblslot[6]: -0.952, 1.517
INFO [ParseReceivedData][1875] oblslot[6]: -0.952, 0.517
INFO [ParseReceivedData][1875] oblslot[6]: 4.960, 0.517
INFO [ParseReceivedData][1875] oblslot[6]: 4.960, -3.510
INFO [ParseReceivedData][1875] oblslot[6]: 1.500, -3.510
INFO [ParseReceivedData][1875] oblslot[6]: 1.500, -4.010
INFO [ParseReceivedData][1889] oblradar[2]: -8.854, 1.325
INFO [ParseReceivedData][1889] oblradar[2]: -8.854, 1.325
INFO [ParseReceivedData][1990] slot_type: 3
INFO [ParseReceivedData][1991] target_dir: 1
INFO [ParseReceivedData][1992] start: 3.197 -1.254 3.142
INFO [ParseReceivedData][1993] end: -4.409 -0.232 2.532
INFO [HybridAStarPlan][2220] -------------------1-------------------
INFO [OneCircleToEndPosLineCalTraj][1534] CE cal time: 0.013ms
INFO [HybridAStarPlan][2225] 0_result: 0   (0)
INFO [RSCurveQuickCalTraj][1197] RS cal time: 0.318ms
INFO [HybridAStarPlan][2231] 1_result: 0   (0)
INFO [GenerateDpMap][194] map explored node: 3135
INFO [Plan][681] map time: 63ms
INFO [Plan][746] explored_node_num:0
INFO [Plan][747] heuristic time is 0.000ms.
INFO [Plan][748] reed shepp time is 0.000ms.
INFO [Plan][749] total time: 64ms
INFO [HybridAStarPlan][2243] 2_result: 1   (27)
INFO [HybridAStarPlan][2298] path send success 27
INFO [HybridAStarPlan][2315] traj: [0]	 x:3.197	 y:-1.254	 phi:180.001
INFO [HybridAStarPlan][2315] traj: [1]	 x:2.897	 y:-1.246	 phi:177.807
INFO [HybridAStarPlan][2315] traj: [2]	 x:2.597	 y:-1.234	 phi:177.807
INFO [HybridAStarPlan][2315] traj: [3]	 x:2.298	 y:-1.223	 phi:177.807
INFO [HybridAStarPlan][2315] traj: [4]	 x:1.998	 y:-1.211	 phi:177.807
INFO [HybridAStarPlan][2315] traj: [5]	 x:1.698	 y:-1.200	 phi:177.807
INFO [HybridAStarPlan][2315] traj: [6]	 x:1.398	 y:-1.189	 phi:177.807
INFO [HybridAStarPlan][2315] traj: [7]	 x:1.098	 y:-1.177	 phi:177.807
INFO [HybridAStarPlan][2315] traj: [8]	 x:0.799	 y:-1.166	 phi:177.807
INFO [HybridAStarPlan][2315] traj: [9]	 x:0.499	 y:-1.154	 phi:177.807
INFO [HybridAStarPlan][2315] traj: [10]	 x:0.199	 y:-1.143	 phi:177.807
INFO [HybridAStarPlan][2315] traj: [11]	 x:-0.101	 y:-1.131	 phi:177.807
INFO [HybridAStarPlan][2315] traj: [12]	 x:-0.400	 y:-1.120	 phi:177.807
INFO [HybridAStarPlan][2315] traj: [13]	 x:-0.700	 y:-1.108	 phi:177.807
INFO [HybridAStarPlan][2315] traj: [14]	 x:-1.000	 y:-1.097	 phi:177.807
INFO [HybridAStarPlan][2315] traj: [15]	 x:-1.300	 y:-1.085	 phi:177.807
INFO [HybridAStarPlan][2315] traj: [16]	 x:-1.600	 y:-1.074	 phi:177.807
INFO [HybridAStarPlan][2315] traj: [17]	 x:-1.899	 y:-1.062	 phi:177.807
INFO [HybridAStarPlan][2315] traj: [18]	 x:-2.199	 y:-1.044	 phi:174.604
INFO [HybridAStarPlan][2315] traj: [19]	 x:-2.496	 y:-1.006	 phi:170.885
INFO [HybridAStarPlan][2315] traj: [20]	 x:-2.791	 y:-0.949	 phi:167.166
INFO [HybridAStarPlan][2315] traj: [21]	 x:-3.081	 y:-0.872	 phi:163.447
INFO [HybridAStarPlan][2315] traj: [22]	 x:-3.365	 y:-0.778	 phi:159.728
INFO [HybridAStarPlan][2315] traj: [23]	 x:-3.643	 y:-0.665	 phi:156.008
INFO [HybridAStarPlan][2315] traj: [24]	 x:-3.913	 y:-0.534	 phi:152.289
INFO [HybridAStarPlan][2315] traj: [25]	 x:-4.174	 y:-0.386	 phi:148.570
INFO [HybridAStarPlan][2315] traj: [26]	 x:-4.409	 y:-0.232	 phi:145.085

