Received data from command line argument, length: 871
<<<<<<<<<<<<<<<<  ID: c043a3524f82  <<<<<<<<<<<<<<<<
INFO [ParseReceivedData][1838] plan_cnt: 2
INFO [ParseReceivedData][1840] xybounds: xmin: -9  xmax: 5  ymin: -5  ymax: 9
INFO [ParseReceivedData][1841] radarnums: 0  sidenums:0
INFO [ParseReceivedData][1842] endpos_correct_flag: 0
INFO [ParseReceivedData][1875] oblslot[6]: -1.502, 1.373
INFO [ParseReceivedData][1875] oblslot[6]: -1.502, 0.373
INFO [ParseReceivedData][1875] oblslot[6]: 5.099, 0.373
INFO [ParseReceivedData][1875] oblslot[6]: 5.105, -3.279
INFO [ParseReceivedData][1875] oblslot[6]: 1.970, -3.279
INFO [ParseReceivedData][1875] oblslot[6]: 1.970, -3.779
INFO [ParseReceivedData][1990] slot_type: 3
INFO [ParseReceivedData][1991] target_dir: 0
INFO [ParseReceivedData][1992] start: 3.698 -1.363 3.144
INFO [ParseReceivedData][1993] end: -0.493 -1.334 3.112
INFO [HybridAStarPlan][2220] -------------------1-------------------
INFO [RSCurveQuickCalTraj][1197] RS cal time: 1.286ms
INFO [HybridAStarPlan][2231] 1_result: 1   (7)
INFO [HybridAStarPlan][2298] path send success 8
INFO [HybridAStarPlan][2315] traj: [0]	 x:0.698	 y:-1.370	 phi:-179.862
INFO [HybridAStarPlan][2315] traj: [1]	 x:0.998	 y:-1.371	 phi:-179.875
INFO [HybridAStarPlan][2315] traj: [2]	 x:0.698	 y:-1.369	 phi:179.427
INFO [HybridAStarPlan][2315] traj: [3]	 x:0.398	 y:-1.365	 phi:178.729
INFO [HybridAStarPlan][2315] traj: [4]	 x:0.098	 y:-1.356	 phi:178.031
INFO [HybridAStarPlan][2315] traj: [5]	 x:-0.201	 y:-1.344	 phi:177.607
INFO [HybridAStarPlan][2315] traj: [6]	 x:-0.493	 y:-1.334	 phi:178.287

