Received data from command line argument, length: 1296
<<<<<<<<<<<<<<<<  ID: 60bf64e63056  <<<<<<<<<<<<<<<<
INFO [ParseReceivedData][1838] plan_cnt: 1
INFO [ParseReceivedData][1840] xybounds: xmin: -6  xmax: 3  ymin: -8  ymax: 8
INFO [ParseReceivedData][1841] radarnums: 0  sidenums:0
INFO [ParseReceivedData][1842] endpos_correct_flag: 0
INFO [ParseReceivedData][1875] oblslot[6]: -0.100, 2.400
INFO [ParseReceivedData][1875] oblslot[6]: -0.100, 0.400
INFO [ParseReceivedData][1875] oblslot[6]: 2.651, 0.400
INFO [ParseReceivedData][1875] oblslot[6]: 2.560, -7.244
INFO [ParseReceivedData][1875] oblslot[6]: 0.200, -7.244
INFO [ParseReceivedData][1875] oblslot[6]: 0.200, -9.244
INFO [ParseReceivedData][1990] slot_type: 0
INFO [ParseReceivedData][1991] target_dir: 3
INFO [ParseReceivedData][1992] start: 1.267 -5.039 1.556
INFO [ParseReceivedData][1993] end: 1.210 -4.626 2.085
INFO [HybridAStarPlan][2220] -------------------1-------------------
INFO [RSCurveQuickCalTraj][1197] RS cal time: 0.014ms
INFO [HybridAStarPlan][2231] 1_result: 0   (0)
INFO [GenerateDpMap][194] map explored node: 2045
INFO [Plan][681] map time: 46ms
INFO [Plan][746] explored_node_num:67
INFO [Plan][747] heuristic time is 1.269ms.
INFO [Plan][748] reed shepp time is 1.644ms.
INFO [Plan][749] total time: 54ms
INFO [HybridAStarPlan][2243] 2_result: 1   (14)
INFO [HybridAStarPlan][2298] path send success 16
INFO [HybridAStarPlan][2315] traj: [0]	 x:1.267	 y:-5.039	 phi:89.141
INFO [HybridAStarPlan][2315] traj: [1]	 x:1.263	 y:-5.339	 phi:89.814
INFO [HybridAStarPlan][2315] traj: [2]	 x:1.262	 y:-5.639	 phi:90.486
INFO [HybridAStarPlan][2315] traj: [3]	 x:1.264	 y:-5.939	 phi:91.159
INFO [HybridAStarPlan][2315] traj: [4]	 x:1.258	 y:-5.639	 phi:91.159
INFO [HybridAStarPlan][2315] traj: [5]	 x:1.242	 y:-5.340	 phi:95.002
INFO [HybridAStarPlan][2315] traj: [6]	 x:1.206	 y:-5.042	 phi:98.979
INFO [HybridAStarPlan][2315] traj: [7]	 x:1.149	 y:-4.748	 phi:102.956
INFO [HybridAStarPlan][2315] traj: [8]	 x:1.071	 y:-4.458	 phi:106.934
INFO [HybridAStarPlan][2315] traj: [9]	 x:0.975	 y:-4.174	 phi:109.451
INFO [HybridAStarPlan][2315] traj: [10]	 x:0.876	 y:-3.892	 phi:109.451
INFO [HybridAStarPlan][2315] traj: [11]	 x:0.985	 y:-4.171	 phi:113.170
INFO [HybridAStarPlan][2315] traj: [12]	 x:1.112	 y:-4.443	 phi:116.890
INFO [HybridAStarPlan][2315] traj: [13]	 x:1.210	 y:-4.626	 phi:119.468

