Received data from command line argument, length: 801
<<<<<<<<<<<<<<<<  ID: d822b71691c0  <<<<<<<<<<<<<<<<
INFO [ParseReceivedData][1838] plan_cnt: 2
INFO [ParseReceivedData][1840] xybounds: xmin: -9  xmax: 5  ymin: -5  ymax: 9
INFO [ParseReceivedData][1841] radarnums: 0  sidenums:0
INFO [ParseReceivedData][1842] endpos_correct_flag: 0
INFO [ParseReceivedData][1875] oblslot[6]: 0.585, 1.695
INFO [ParseReceivedData][1875] oblslot[6]: 0.585, 0.695
INFO [ParseReceivedData][1875] oblslot[6]: 4.960, 0.695
INFO [ParseReceivedData][1875] oblslot[6]: 4.960, -4.600
INFO [ParseReceivedData][1875] oblslot[6]: 0.954, -4.600
INFO [ParseReceivedData][1875] oblslot[6]: 0.954, -5.100
INFO [ParseReceivedData][1990] slot_type: 3
INFO [ParseReceivedData][1991] target_dir: 0
INFO [ParseReceivedData][1992] start: 3.690 -1.278 3.090
INFO [ParseReceivedData][1993] end: -0.497 -1.124 3.122
INFO [HybridAStarPlan][2220] -------------------1-------------------
INFO [RSCurveQuickCalTraj][1197] RS cal time: 1.144ms
INFO [HybridAStarPlan][2231] 1_result: 1   (9)
INFO [HybridAStarPlan][2298] path send success 10
INFO [HybridAStarPlan][2315] traj: [0]	 x:0.690	 y:-1.122	 phi:177.033
INFO [HybridAStarPlan][2315] traj: [1]	 x:0.989	 y:-1.136	 phi:177.731
INFO [HybridAStarPlan][2315] traj: [2]	 x:1.289	 y:-1.147	 phi:177.757
INFO [HybridAStarPlan][2315] traj: [3]	 x:0.989	 y:-1.137	 phi:178.455
INFO [HybridAStarPlan][2315] traj: [4]	 x:0.689	 y:-1.130	 phi:179.153
INFO [HybridAStarPlan][2315] traj: [5]	 x:0.389	 y:-1.128	 phi:179.851
INFO [HybridAStarPlan][2315] traj: [6]	 x:0.089	 y:-1.129	 phi:-179.747
INFO [HybridAStarPlan][2315] traj: [7]	 x:-0.211	 y:-1.128	 phi:179.555
INFO [HybridAStarPlan][2315] traj: [8]	 x:-0.497	 y:-1.124	 phi:178.889

