Received data from command line argument, length: 827
<<<<<<<<<<<<<<<<  ID: 7c09d2a5302f  <<<<<<<<<<<<<<<<
INFO [ParseReceivedData][1838] plan_cnt: 1
INFO [ParseReceivedData][1840] xybounds: xmin: -6  xmax: 3  ymin: -8  ymax: 8
INFO [ParseReceivedData][1841] radarnums: 3  sidenums:0
INFO [ParseReceivedData][1842] endpos_correct_flag: 0
INFO [ParseReceivedData][1875] oblslot[6]: -0.100, 3.601
INFO [ParseReceivedData][1875] oblslot[6]: -0.100, 1.601
INFO [ParseReceivedData][1875] oblslot[6]: 2.737, 1.601
INFO [ParseReceivedData][1875] oblslot[6]: 2.737, -8.937
INFO [ParseReceivedData][1875] oblslot[6]: 0.200, -8.937
INFO [ParseReceivedData][1875] oblslot[6]: 0.200, -10.937
INFO [ParseReceivedData][1889] oblradar[3]: -1.558, 6.771
INFO [ParseReceivedData][1889] oblradar[3]: -2.434, 6.949
INFO [ParseReceivedData][1889] oblradar[3]: -3.291, 6.976
INFO [ParseReceivedData][1990] slot_type: 0
INFO [ParseReceivedData][1991] target_dir: 1
INFO [ParseReceivedData][1992] start: 1.268 -5.094 1.571
INFO [ParseReceivedData][1993] end: -1.870 2.144 1.773
INFO [HybridAStarPlan][2220] -------------------1-------------------
INFO [OneCircleToEndPosLineCalTraj][1534] CE cal time: 0.013ms
INFO [HybridAStarPlan][2225] 0_result: 0   (0)
INFO [RSCurveQuickCalTraj][1197] RS cal time: 0.013ms
INFO [HybridAStarPlan][2231] 1_result: 0   (0)
INFO [GenerateDpMap][194] map explored node: 2045
INFO [Plan][681] map time: 41ms
INFO [Plan][746] explored_node_num:0
INFO [Plan][747] heuristic time is 0.000ms.
INFO [Plan][748] reed shepp time is 0.000ms.
INFO [Plan][749] total time: 41ms
INFO [HybridAStarPlan][2243] 2_result: 1   (28)
INFO [HybridAStarPlan][2298] path send success 28
INFO [HybridAStarPlan][2315] traj: [0]	 x:1.268	 y:-5.094	 phi:90.000
INFO [HybridAStarPlan][2315] traj: [1]	 x:1.258	 y:-4.794	 phi:93.719
INFO [HybridAStarPlan][2315] traj: [2]	 x:1.229	 y:-4.496	 phi:97.439
INFO [HybridAStarPlan][2315] traj: [3]	 x:1.181	 y:-4.200	 phi:101.158
INFO [HybridAStarPlan][2315] traj: [4]	 x:1.113	 y:-3.907	 phi:104.877
INFO [HybridAStarPlan][2315] traj: [5]	 x:1.027	 y:-3.620	 phi:108.596
INFO [HybridAStarPlan][2315] traj: [6]	 x:0.922	 y:-3.339	 phi:112.315
INFO [HybridAStarPlan][2315] traj: [7]	 x:0.799	 y:-3.066	 phi:116.035
INFO [HybridAStarPlan][2315] traj: [8]	 x:0.659	 y:-2.800	 phi:119.379
INFO [HybridAStarPlan][2315] traj: [9]	 x:0.512	 y:-2.539	 phi:119.379
INFO [HybridAStarPlan][2315] traj: [10]	 x:0.364	 y:-2.278	 phi:119.379
INFO [HybridAStarPlan][2315] traj: [11]	 x:0.217	 y:-2.016	 phi:119.379
INFO [HybridAStarPlan][2315] traj: [12]	 x:0.070	 y:-1.755	 phi:119.379
INFO [HybridAStarPlan][2315] traj: [13]	 x:-0.077	 y:-1.493	 phi:119.379
INFO [HybridAStarPlan][2315] traj: [14]	 x:-0.224	 y:-1.232	 phi:119.379
INFO [HybridAStarPlan][2315] traj: [15]	 x:-0.371	 y:-0.970	 phi:119.379
INFO [HybridAStarPlan][2315] traj: [16]	 x:-0.519	 y:-0.709	 phi:119.379
INFO [HybridAStarPlan][2315] traj: [17]	 x:-0.666	 y:-0.448	 phi:119.379
INFO [HybridAStarPlan][2315] traj: [18]	 x:-0.813	 y:-0.186	 phi:119.379
INFO [HybridAStarPlan][2315] traj: [19]	 x:-0.960	 y:0.075	 phi:119.379
INFO [HybridAStarPlan][2315] traj: [20]	 x:-1.107	 y:0.337	 phi:119.379
INFO [HybridAStarPlan][2315] traj: [21]	 x:-1.254	 y:0.598	 phi:119.379
INFO [HybridAStarPlan][2315] traj: [22]	 x:-1.401	 y:0.860	 phi:118.577
INFO [HybridAStarPlan][2315] traj: [23]	 x:-1.536	 y:1.128	 phi:114.858
INFO [HybridAStarPlan][2315] traj: [24]	 x:-1.653	 y:1.404	 phi:111.139
INFO [HybridAStarPlan][2315] traj: [25]	 x:-1.752	 y:1.687	 phi:107.419
INFO [HybridAStarPlan][2315] traj: [26]	 x:-1.833	 y:1.976	 phi:103.700
INFO [HybridAStarPlan][2315] traj: [27]	 x:-1.870	 y:2.144	 phi:101.568

