Received data from command line argument, length: 248
<<<<<<<<<<<<<<<<  ID: 83c0f743ecf6  <<<<<<<<<<<<<<<<
INFO [ParseReceivedData][1838] plan_cnt: 10
INFO [ParseReceivedData][1840] xybounds: xmin: -9  xmax: 5  ymin: -5  ymax: 9
INFO [ParseReceivedData][1841] radarnums: 0  sidenums:0
INFO [ParseReceivedData][1842] endpos_correct_flag: 0
INFO [ParseReceivedData][1875] oblslot[6]: 0.252, 1.151
INFO [ParseReceivedData][1875] oblslot[6]: 0.252, 0.151
INFO [ParseReceivedData][1875] oblslot[6]: 5.363, 0.151
INFO [ParseReceivedData][1875] oblslot[6]: 5.336, -2.430
INFO [ParseReceivedData][1875] oblslot[6]: 0.563, -2.430
INFO [ParseReceivedData][1875] oblslot[6]: 0.563, -2.930
INFO [ParseReceivedData][1990] slot_type: 3
INFO [ParseReceivedData][1991] target_dir: 1
INFO [ParseReceivedData][1992] start: 3.196 -1.149 3.131
INFO [ParseReceivedData][1993] end: 1.329 -1.217 3.199
INFO [HybridAStarPlan][2220] -------------------1-------------------
INFO [OneCircleToEndPosLineCalTraj][1534] CE cal time: 0.014ms
INFO [HybridAStarPlan][2225] 0_result: 0   (0)
INFO [RSCurveQuickCalTraj][1197] RS cal time: 0.620ms
INFO [HybridAStarPlan][2231] 1_result: 1   (8)
INFO [HybridAStarPlan][2298] path send success 9
INFO [HybridAStarPlan][2315] traj: [0]	 x:2.196	 y:-1.138	 phi:179.405
INFO [HybridAStarPlan][2315] traj: [1]	 x:2.496	 y:-1.139	 phi:-179.561
INFO [HybridAStarPlan][2315] traj: [2]	 x:2.796	 y:-1.134	 phi:-178.878
INFO [HybridAStarPlan][2315] traj: [3]	 x:2.496	 y:-1.142	 phi:-177.844
INFO [HybridAStarPlan][2315] traj: [4]	 x:2.196	 y:-1.156	 phi:-176.809
INFO [HybridAStarPlan][2315] traj: [5]	 x:1.897	 y:-1.176	 phi:-175.775
INFO [HybridAStarPlan][2315] traj: [6]	 x:1.598	 y:-1.199	 phi:-175.807
INFO [HybridAStarPlan][2315] traj: [7]	 x:1.329	 y:-1.217	 phi:-176.734

