Received data from command line argument, length: 1339
<<<<<<<<<<<<<<<<  ID: 73571b41cc42  <<<<<<<<<<<<<<<<
INFO [ParseReceivedData][1838] plan_cnt: 2
INFO [ParseReceivedData][1840] xybounds: xmin: -9  xmax: 5  ymin: -5  ymax: 9
INFO [ParseReceivedData][1841] radarnums: 0  sidenums:0
INFO [ParseReceivedData][1842] endpos_correct_flag: 0
INFO [ParseReceivedData][1875] oblslot[6]: 0.286, 1.282
INFO [ParseReceivedData][1875] oblslot[6]: 0.286, 0.282
INFO [ParseReceivedData][1875] oblslot[6]: 4.960, 0.282
INFO [ParseReceivedData][1875] oblslot[6]: 4.960, -4.728
INFO [ParseReceivedData][1875] oblslot[6]: 0.561, -4.728
INFO [ParseReceivedData][1875] oblslot[6]: 0.561, -5.228
INFO [ParseReceivedData][1990] slot_type: 3
INFO [ParseReceivedData][1991] target_dir: 0
INFO [ParseReceivedData][1992] start: 3.697 -1.180 3.131
INFO [ParseReceivedData][1993] end: -0.450 -1.486 3.306
INFO [HybridAStarPlan][2220] -------------------1-------------------
INFO [RSCurveQuickCalTraj][1197] RS cal time: 0.913ms
INFO [HybridAStarPlan][2231] 1_result: 1   (14)
INFO [HybridAStarPlan][2298] path send success 15
INFO [HybridAStarPlan][2315] traj: [0]	 x:2.697	 y:-1.169	 phi:179.399
INFO [HybridAStarPlan][2315] traj: [1]	 x:2.997	 y:-1.172	 phi:179.373
INFO [HybridAStarPlan][2315] traj: [2]	 x:2.697	 y:-1.172	 phi:-179.593
INFO [HybridAStarPlan][2315] traj: [3]	 x:2.397	 y:-1.177	 phi:-178.559
INFO [HybridAStarPlan][2315] traj: [4]	 x:2.097	 y:-1.187	 phi:-177.525
INFO [HybridAStarPlan][2315] traj: [5]	 x:1.797	 y:-1.202	 phi:-176.491
INFO [HybridAStarPlan][2315] traj: [6]	 x:1.498	 y:-1.223	 phi:-175.457
INFO [HybridAStarPlan][2315] traj: [7]	 x:1.199	 y:-1.250	 phi:-174.422
INFO [HybridAStarPlan][2315] traj: [8]	 x:0.901	 y:-1.282	 phi:-173.388
INFO [HybridAStarPlan][2315] traj: [9]	 x:0.603	 y:-1.319	 phi:-172.354
INFO [HybridAStarPlan][2315] traj: [10]	 x:0.306	 y:-1.362	 phi:-171.320
INFO [HybridAStarPlan][2315] traj: [11]	 x:0.010	 y:-1.409	 phi:-170.575
INFO [HybridAStarPlan][2315] traj: [12]	 x:-0.286	 y:-1.459	 phi:-170.575
INFO [HybridAStarPlan][2315] traj: [13]	 x:-0.450	 y:-1.486	 phi:-170.575

