Received data from command line argument, length: 810
<<<<<<<<<<<<<<<<  ID: 403fc49293a2  <<<<<<<<<<<<<<<<
INFO [ParseReceivedData][1838] plan_cnt: 2
INFO [ParseReceivedData][1840] xybounds: xmin: -9  xmax: 5  ymin: -5  ymax: 9
INFO [ParseReceivedData][1841] radarnums: 0  sidenums:0
INFO [ParseReceivedData][1842] endpos_correct_flag: 0
INFO [ParseReceivedData][1875] oblslot[6]: 1.141, 2.004
INFO [ParseReceivedData][1875] oblslot[6]: 1.141, 1.004
INFO [ParseReceivedData][1875] oblslot[6]: 4.960, 1.004
INFO [ParseReceivedData][1875] oblslot[6]: 4.960, -2.785
INFO [ParseReceivedData][1875] oblslot[6]: -0.732, -2.785
INFO [ParseReceivedData][1875] oblslot[6]: -0.732, -3.285
INFO [ParseReceivedData][1990] slot_type: 3
INFO [ParseReceivedData][1991] target_dir: 0
INFO [ParseReceivedData][1992] start: 3.690 -1.404 3.086
INFO [ParseReceivedData][1993] end: -0.490 -1.152 3.074
INFO [HybridAStarPlan][2220] -------------------1-------------------
INFO [RSCurveQuickCalTraj][1197] RS cal time: 1.450ms
INFO [HybridAStarPlan][2231] 1_result: 1   (10)
INFO [HybridAStarPlan][2298] path send success 11
INFO [HybridAStarPlan][2315] traj: [0]	 x:-0.310	 y:-1.180	 phi:176.803
INFO [HybridAStarPlan][2315] traj: [1]	 x:-0.011	 y:-1.199	 phi:176.105
INFO [HybridAStarPlan][2315] traj: [2]	 x:0.288	 y:-1.221	 phi:175.407
INFO [HybridAStarPlan][2315] traj: [3]	 x:0.587	 y:-1.247	 phi:174.709
INFO [HybridAStarPlan][2315] traj: [4]	 x:0.885	 y:-1.283	 phi:172.914
INFO [HybridAStarPlan][2315] traj: [5]	 x:0.587	 y:-1.248	 phi:173.612
INFO [HybridAStarPlan][2315] traj: [6]	 x:0.288	 y:-1.217	 phi:174.310
INFO [HybridAStarPlan][2315] traj: [7]	 x:-0.010	 y:-1.189	 phi:175.008
INFO [HybridAStarPlan][2315] traj: [8]	 x:-0.309	 y:-1.164	 phi:175.706
INFO [HybridAStarPlan][2315] traj: [9]	 x:-0.490	 y:-1.152	 phi:176.127

