Received data from command line argument, length: 839
<<<<<<<<<<<<<<<<  ID: a2176bb50ae4  <<<<<<<<<<<<<<<<
INFO [ParseReceivedData][1838] plan_cnt: 2
INFO [ParseReceivedData][1840] xybounds: xmin: -9  xmax: 5  ymin: -5  ymax: 9
INFO [ParseReceivedData][1841] radarnums: 0  sidenums:0
INFO [ParseReceivedData][1842] endpos_correct_flag: 0
INFO [ParseReceivedData][1875] oblslot[6]: -0.020, 3.591
INFO [ParseReceivedData][1875] oblslot[6]: -0.020, 1.591
INFO [ParseReceivedData][1875] oblslot[6]: 4.978, 1.687
INFO [ParseReceivedData][1875] oblslot[6]: 5.021, -2.694
INFO [ParseReceivedData][1875] oblslot[6]: 1.725, -2.694
INFO [ParseReceivedData][1875] oblslot[6]: 1.725, -3.194
INFO [ParseReceivedData][1990] slot_type: 3
INFO [ParseReceivedData][1991] target_dir: 0
INFO [ParseReceivedData][1992] start: 3.697 -1.154 3.161
INFO [ParseReceivedData][1993] end: 1.732 -0.886 2.900
INFO [HybridAStarPlan][2220] -------------------1-------------------
INFO [RSCurveQuickCalTraj][1197] RS cal time: 1.169ms
INFO [HybridAStarPlan][2231] 1_result: 1   (13)
INFO [HybridAStarPlan][2298] path send success 14
INFO [HybridAStarPlan][2315] traj: [0]	 x:2.697	 y:-1.173	 phi:-178.900
INFO [HybridAStarPlan][2315] traj: [1]	 x:2.997	 y:-1.167	 phi:-178.900
INFO [HybridAStarPlan][2315] traj: [2]	 x:3.297	 y:-1.162	 phi:-178.900
INFO [HybridAStarPlan][2315] traj: [3]	 x:3.597	 y:-1.156	 phi:-178.900
INFO [HybridAStarPlan][2315] traj: [4]	 x:3.897	 y:-1.148	 phi:-177.643
INFO [HybridAStarPlan][2315] traj: [5]	 x:3.597	 y:-1.154	 phi:179.761
INFO [HybridAStarPlan][2315] traj: [6]	 x:3.297	 y:-1.146	 phi:177.166
INFO [HybridAStarPlan][2315] traj: [7]	 x:2.998	 y:-1.124	 phi:174.570
INFO [HybridAStarPlan][2315] traj: [8]	 x:2.700	 y:-1.089	 phi:171.974
INFO [HybridAStarPlan][2315] traj: [9]	 x:2.404	 y:-1.041	 phi:169.378
INFO [HybridAStarPlan][2315] traj: [10]	 x:2.110	 y:-0.979	 phi:166.782
INFO [HybridAStarPlan][2315] traj: [11]	 x:1.819	 y:-0.907	 phi:166.152
INFO [HybridAStarPlan][2315] traj: [12]	 x:1.732	 y:-0.886	 phi:166.152

