Received data from command line argument, length: 887
<<<<<<<<<<<<<<<<  ID: 5b46356b6f96  <<<<<<<<<<<<<<<<
INFO [ParseReceivedData][1838] plan_cnt: 1
INFO [ParseReceivedData][1840] xybounds: xmin: -9  xmax: 5  ymin: -5  ymax: 9
INFO [ParseReceivedData][1841] radarnums: 0  sidenums:0
INFO [ParseReceivedData][1842] endpos_correct_flag: 0
INFO [ParseReceivedData][1875] oblslot[6]: -0.986, 1.499
INFO [ParseReceivedData][1875] oblslot[6]: -0.986, 0.499
INFO [ParseReceivedData][1875] oblslot[6]: 4.960, 0.499
INFO [ParseReceivedData][1875] oblslot[6]: 4.960, -3.671
INFO [ParseReceivedData][1875] oblslot[6]: 0.839, -3.671
INFO [ParseReceivedData][1875] oblslot[6]: 0.839, -4.171
INFO [ParseReceivedData][1990] slot_type: 3
INFO [ParseReceivedData][1991] target_dir: 0
INFO [ParseReceivedData][1992] start: 3.697 -1.218 3.137
INFO [ParseReceivedData][1993] end: -0.491 -1.247 3.109
INFO [HybridAStarPlan][2220] -------------------1-------------------
INFO [RSCurveQuickCalTraj][1197] RS cal time: 0.525ms
INFO [HybridAStarPlan][2231] 1_result: 1   (13)
INFO [HybridAStarPlan][2298] path send success 14
INFO [HybridAStarPlan][2315] traj: [0]	 x:1.697	 y:-1.209	 phi:179.743
INFO [HybridAStarPlan][2315] traj: [1]	 x:1.997	 y:-1.209	 phi:-179.559
INFO [HybridAStarPlan][2315] traj: [2]	 x:2.297	 y:-1.205	 phi:-179.023
INFO [HybridAStarPlan][2315] traj: [3]	 x:1.997	 y:-1.212	 phi:-178.325
INFO [HybridAStarPlan][2315] traj: [4]	 x:1.697	 y:-1.222	 phi:-177.626
INFO [HybridAStarPlan][2315] traj: [5]	 x:1.398	 y:-1.236	 phi:-177.477
INFO [HybridAStarPlan][2315] traj: [6]	 x:1.098	 y:-1.247	 phi:-178.175
INFO [HybridAStarPlan][2315] traj: [7]	 x:0.798	 y:-1.255	 phi:-178.873
INFO [HybridAStarPlan][2315] traj: [8]	 x:0.498	 y:-1.259	 phi:-179.571
INFO [HybridAStarPlan][2315] traj: [9]	 x:0.198	 y:-1.260	 phi:179.731
INFO [HybridAStarPlan][2315] traj: [10]	 x:-0.102	 y:-1.256	 phi:179.033
INFO [HybridAStarPlan][2315] traj: [11]	 x:-0.402	 y:-1.250	 phi:178.335
INFO [HybridAStarPlan][2315] traj: [12]	 x:-0.491	 y:-1.247	 phi:178.127

