Received data from command line argument, length: 1207
<<<<<<<<<<<<<<<<  ID: acde3bf88482  <<<<<<<<<<<<<<<<
INFO [ParseReceivedData][1838] plan_cnt: 1
INFO [ParseReceivedData][1840] xybounds: xmin: -6  xmax: 3  ymin: -8  ymax: 8
INFO [ParseReceivedData][1841] radarnums: 0  sidenums:0
INFO [ParseReceivedData][1842] endpos_correct_flag: 0
INFO [ParseReceivedData][1875] oblslot[6]: -0.100, 3.145
INFO [ParseReceivedData][1875] oblslot[6]: -0.100, 1.145
INFO [ParseReceivedData][1875] oblslot[6]: 2.581, 1.145
INFO [ParseReceivedData][1875] oblslot[6]: 2.575, -7.108
INFO [ParseReceivedData][1875] oblslot[6]: 0.200, -7.108
INFO [ParseReceivedData][1875] oblslot[6]: 0.200, -9.108
INFO [ParseReceivedData][1990] slot_type: 0
INFO [ParseReceivedData][1991] target_dir: 0
INFO [ParseReceivedData][1992] start: 1.189 -4.780 1.571
INFO [ParseReceivedData][1993] end: 0.398 -2.939 2.381
INFO [HybridAStarPlan][2220] -------------------1-------------------
INFO [RSCurveQuickCalTraj][1197] RS cal time: 0.013ms
INFO [HybridAStarPlan][2231] 1_result: 0   (0)
INFO [GenerateDpMap][194] map explored node: 2045
INFO [Plan][681] map time: 50ms
INFO [Plan][746] explored_node_num:97
INFO [Plan][747] heuristic time is 1.714ms.
INFO [Plan][748] reed shepp time is 1.583ms.
INFO [Plan][749] total time: 58ms
INFO [HybridAStarPlan][2243] 2_result: 1   (22)
INFO [HybridAStarPlan][2298] path send success 23
INFO [HybridAStarPlan][2315] traj: [0]	 x:1.189	 y:-4.780	 phi:90.000
INFO [HybridAStarPlan][2315] traj: [1]	 x:1.189	 y:-4.480	 phi:95.850
INFO [HybridAStarPlan][2315] traj: [2]	 x:1.158	 y:-4.182	 phi:101.700
INFO [HybridAStarPlan][2315] traj: [3]	 x:1.098	 y:-3.888	 phi:107.550
INFO [HybridAStarPlan][2315] traj: [4]	 x:1.007	 y:-3.602	 phi:113.400
INFO [HybridAStarPlan][2315] traj: [5]	 x:0.888	 y:-3.326	 phi:119.250
INFO [HybridAStarPlan][2315] traj: [6]	 x:0.741	 y:-3.065	 phi:125.100
INFO [HybridAStarPlan][2315] traj: [7]	 x:0.569	 y:-2.819	 phi:124.427
INFO [HybridAStarPlan][2315] traj: [8]	 x:0.391	 y:-2.578	 phi:128.404
INFO [HybridAStarPlan][2315] traj: [9]	 x:0.196	 y:-2.349	 phi:132.382
INFO [HybridAStarPlan][2315] traj: [10]	 x:-0.013	 y:-2.135	 phi:136.359
INFO [HybridAStarPlan][2315] traj: [11]	 x:-0.231	 y:-1.928	 phi:136.442
INFO [HybridAStarPlan][2315] traj: [12]	 x:-0.448	 y:-1.722	 phi:136.442
INFO [HybridAStarPlan][2315] traj: [13]	 x:-0.665	 y:-1.514	 phi:135.249
INFO [HybridAStarPlan][2315] traj: [14]	 x:-0.869	 y:-1.297	 phi:131.291
INFO [HybridAStarPlan][2315] traj: [15]	 x:-0.679	 y:-1.528	 phi:127.571
INFO [HybridAStarPlan][2315] traj: [16]	 x:-0.504	 y:-1.772	 phi:123.852
INFO [HybridAStarPlan][2315] traj: [17]	 x:-0.344	 y:-2.026	 phi:121.802
INFO [HybridAStarPlan][2315] traj: [18]	 x:-0.178	 y:-2.276	 phi:125.521
INFO [HybridAStarPlan][2315] traj: [19]	 x:0.004	 y:-2.514	 phi:129.240
INFO [HybridAStarPlan][2315] traj: [20]	 x:0.201	 y:-2.740	 phi:132.959
INFO [HybridAStarPlan][2315] traj: [21]	 x:0.398	 y:-2.939	 phi:136.433

