Received data from command line argument, length: 914
<<<<<<<<<<<<<<<<  ID: f54bb8bfc390  <<<<<<<<<<<<<<<<
INFO [ParseReceivedData][1838] plan_cnt: 1
INFO [ParseReceivedData][1840] xybounds: xmin: -9  xmax: 5  ymin: -5  ymax: 9
INFO [ParseReceivedData][1841] radarnums: 0  sidenums:0
INFO [ParseReceivedData][1842] endpos_correct_flag: 0
INFO [ParseReceivedData][1875] oblslot[6]: -0.399, 1.577
INFO [ParseReceivedData][1875] oblslot[6]: -0.399, 0.577
INFO [ParseReceivedData][1875] oblslot[6]: 4.991, 0.577
INFO [ParseReceivedData][1875] oblslot[6]: 4.990, -3.927
INFO [ParseReceivedData][1875] oblslot[6]: 1.500, -3.928
INFO [ParseReceivedData][1875] oblslot[6]: 1.500, -4.428
INFO [ParseReceivedData][1990] slot_type: 62
INFO [ParseReceivedData][1991] target_dir: 0
INFO [ParseReceivedData][1992] start: 3.697 -1.044 3.142
INFO [ParseReceivedData][1993] end: 0.010 -0.717 3.148
INFO [HybridAStarPlan][2220] -------------------1-------------------
INFO [RSCurveQuickCalTraj][1197] RS cal time: 0.016ms
INFO [HybridAStarPlan][2231] 1_result: 0   (0)
INFO [GenerateDpMap][194] map explored node: 3135
INFO [Plan][681] map time: 64ms
INFO [Plan][746] explored_node_num:0
INFO [Plan][747] heuristic time is 0.000ms.
INFO [Plan][748] reed shepp time is 0.000ms.
INFO [Plan][749] total time: 65ms
INFO [HybridAStarPlan][2243] 2_result: 1   (14)
INFO [HybridAStarPlan][2298] path send success 14
INFO [HybridAStarPlan][2315] traj: [0]	 x:3.697	 y:-1.044	 phi:180.001
INFO [HybridAStarPlan][2315] traj: [1]	 x:3.397	 y:-1.034	 phi:176.281
INFO [HybridAStarPlan][2315] traj: [2]	 x:3.098	 y:-1.007	 phi:174.144
INFO [HybridAStarPlan][2315] traj: [3]	 x:2.800	 y:-0.976	 phi:174.144
INFO [HybridAStarPlan][2315] traj: [4]	 x:2.502	 y:-0.945	 phi:174.144
INFO [HybridAStarPlan][2315] traj: [5]	 x:2.203	 y:-0.915	 phi:174.144
INFO [HybridAStarPlan][2315] traj: [6]	 x:1.905	 y:-0.884	 phi:174.144
INFO [HybridAStarPlan][2315] traj: [7]	 x:1.606	 y:-0.854	 phi:174.144
INFO [HybridAStarPlan][2315] traj: [8]	 x:1.308	 y:-0.823	 phi:174.144
INFO [HybridAStarPlan][2315] traj: [9]	 x:1.009	 y:-0.792	 phi:174.144
INFO [HybridAStarPlan][2315] traj: [10]	 x:0.711	 y:-0.762	 phi:174.144
INFO [HybridAStarPlan][2315] traj: [11]	 x:0.412	 y:-0.732	 phi:175.401
INFO [HybridAStarPlan][2315] traj: [12]	 x:0.113	 y:-0.718	 phi:179.121
INFO [HybridAStarPlan][2315] traj: [13]	 x:0.010	 y:-0.717	 phi:-179.604

