Received data from command line argument, length: 638
<<<<<<<<<<<<<<<<  ID: b46a8d3562c1  <<<<<<<<<<<<<<<<
INFO [ParseReceivedData][1838] plan_cnt: 4
INFO [ParseReceivedData][1840] xybounds: xmin: -9  xmax: 5  ymin: -5  ymax: 9
INFO [ParseReceivedData][1841] radarnums: 0  sidenums:0
INFO [ParseReceivedData][1842] endpos_correct_flag: 0
INFO [ParseReceivedData][1875] oblslot[6]: 2.942, 1.999
INFO [ParseReceivedData][1875] oblslot[6]: 2.942, 0.999
INFO [ParseReceivedData][1875] oblslot[6]: 4.960, 0.999
INFO [ParseReceivedData][1875] oblslot[6]: 4.960, -2.506
INFO [ParseReceivedData][1875] oblslot[6]: 0.771, -2.506
INFO [ParseReceivedData][1875] oblslot[6]: 0.771, -3.006
INFO [ParseReceivedData][1990] slot_type: 2
INFO [ParseReceivedData][1991] target_dir: 1
INFO [ParseReceivedData][1992] start: 2.995 -1.103 3.147
INFO [ParseReceivedData][1993] end: -0.240 -0.590 3.159
INFO [HybridAStarPlan][2220] -------------------1-------------------
INFO [OneCircleToEndPosLineCalTraj][1534] CE cal time: 0.016ms
INFO [HybridAStarPlan][2225] 0_result: 0   (0)
INFO [RSCurveQuickCalTraj][1197] RS cal time: 0.360ms
INFO [HybridAStarPlan][2231] 1_result: 1   (12)
INFO [HybridAStarPlan][2298] path send success 12
INFO [HybridAStarPlan][2315] traj: [0]	 x:2.995	 y:-1.103	 phi:-179.690
INFO [HybridAStarPlan][2315] traj: [1]	 x:2.695	 y:-1.094	 phi:176.591
INFO [HybridAStarPlan][2315] traj: [2]	 x:2.397	 y:-1.067	 phi:172.872
INFO [HybridAStarPlan][2315] traj: [3]	 x:2.101	 y:-1.020	 phi:169.152
INFO [HybridAStarPlan][2315] traj: [4]	 x:1.808	 y:-0.954	 phi:165.433
INFO [HybridAStarPlan][2315] traj: [5]	 x:1.518	 y:-0.876	 phi:164.902
INFO [HybridAStarPlan][2315] traj: [6]	 x:1.229	 y:-0.798	 phi:164.902
INFO [HybridAStarPlan][2315] traj: [7]	 x:0.939	 y:-0.721	 phi:166.270
INFO [HybridAStarPlan][2315] traj: [8]	 x:0.645	 y:-0.659	 phi:169.989
INFO [HybridAStarPlan][2315] traj: [9]	 x:0.348	 y:-0.617	 phi:173.708
INFO [HybridAStarPlan][2315] traj: [10]	 x:0.049	 y:-0.594	 phi:177.427
INFO [HybridAStarPlan][2315] traj: [11]	 x:-0.240	 y:-0.590	 phi:-178.986

