Received data from command line argument, length: 248
<<<<<<<<<<<<<<<<  ID: 2862cbcc4876  <<<<<<<<<<<<<<<<
INFO [ParseReceivedData][1838] plan_cnt: 2
INFO [ParseReceivedData][1840] xybounds: xmin: -11  xmax: 5  ymin: -3  ymax: 9
INFO [ParseReceivedData][1841] radarnums: 0  sidenums:0
INFO [ParseReceivedData][1842] endpos_correct_flag: 0
INFO [ParseReceivedData][1875] oblslot[6]: 1.477, 2.891
INFO [ParseReceivedData][1875] oblslot[6]: 1.477, 1.891
INFO [ParseReceivedData][1875] oblslot[6]: 5.357, 1.891
INFO [ParseReceivedData][1875] oblslot[6]: 5.345, -2.993
INFO [ParseReceivedData][1875] oblslot[6]: 0.858, -2.993
INFO [ParseReceivedData][1875] oblslot[6]: 0.858, -3.493
INFO [ParseReceivedData][1990] slot_type: 2
INFO [ParseReceivedData][1991] target_dir: 1
INFO [ParseReceivedData][1992] start: 3.197 -0.995 3.137
INFO [ParseReceivedData][1993] end: 0.199 -0.635 3.164
INFO [HybridAStarPlan][2220] -------------------1-------------------
INFO [OneCircleToEndPosLineCalTraj][1534] CE cal time: 0.015ms
INFO [HybridAStarPlan][2225] 0_result: 0   (0)
INFO [RSCurveQuickCalTraj][1197] RS cal time: 0.746ms
INFO [HybridAStarPlan][2231] 1_result: 1   (12)
INFO [HybridAStarPlan][2298] path send success 12
INFO [HybridAStarPlan][2315] traj: [0]	 x:3.197	 y:-0.995	 phi:179.714
INFO [HybridAStarPlan][2315] traj: [1]	 x:2.897	 y:-0.984	 phi:175.995
INFO [HybridAStarPlan][2315] traj: [2]	 x:2.599	 y:-0.953	 phi:172.276
INFO [HybridAStarPlan][2315] traj: [3]	 x:2.303	 y:-0.906	 phi:170.445
INFO [HybridAStarPlan][2315] traj: [4]	 x:2.007	 y:-0.856	 phi:170.445
INFO [HybridAStarPlan][2315] traj: [5]	 x:1.711	 y:-0.806	 phi:170.445
INFO [HybridAStarPlan][2315] traj: [6]	 x:1.415	 y:-0.756	 phi:170.445
INFO [HybridAStarPlan][2315] traj: [7]	 x:1.119	 y:-0.706	 phi:170.445
INFO [HybridAStarPlan][2315] traj: [8]	 x:0.823	 y:-0.663	 phi:173.512
INFO [HybridAStarPlan][2315] traj: [9]	 x:0.524	 y:-0.639	 phi:177.231
INFO [HybridAStarPlan][2315] traj: [10]	 x:0.224	 y:-0.634	 phi:-179.050
INFO [HybridAStarPlan][2315] traj: [11]	 x:0.199	 y:-0.635	 phi:-178.745

