Received data from command line argument, length: 875
<<<<<<<<<<<<<<<<  ID: 56d4bb752d1c  <<<<<<<<<<<<<<<<
INFO [ParseReceivedData][1838] plan_cnt: 6
INFO [ParseReceivedData][1840] xybounds: xmin: -6  xmax: 3  ymin: -8  ymax: 8
INFO [ParseReceivedData][1841] radarnums: 0  sidenums:0
INFO [ParseReceivedData][1842] endpos_correct_flag: 0
INFO [ParseReceivedData][1875] oblslot[6]: -0.100, 4.000
INFO [ParseReceivedData][1875] oblslot[6]: -0.100, 2.000
INFO [ParseReceivedData][1875] oblslot[6]: 2.695, 2.000
INFO [ParseReceivedData][1875] oblslot[6]: 2.556, -7.078
INFO [ParseReceivedData][1875] oblslot[6]: 0.200, -7.078
INFO [ParseReceivedData][1875] oblslot[6]: 0.200, -9.078
INFO [ParseReceivedData][1990] slot_type: 1
INFO [ParseReceivedData][1991] target_dir: 3
INFO [ParseReceivedData][1992] start: 1.256 -4.765 1.547
INFO [ParseReceivedData][1993] end: 1.093 -3.286 1.786
INFO [HybridAStarPlan][2164] 0_start: 1.2561 -4.7650 1.5471
INFO [HybridAStarPlan][2212] 1_start: 1.3327 -5.6030 1.7294
INFO [HybridAStarPlan][2220] -------------------1-------------------
INFO [RSCurveQuickCalTraj][1197] RS cal time: 0.8750ms
INFO [HybridAStarPlan][2231] 1_result: 0   (20)
INFO [GenerateDpMap][194] map explored node: 2045
INFO [Plan][681] map time: 45ms
INFO [Plan][746] explored_node_num:20
INFO [Plan][747] heuristic time is 0.3450ms.
INFO [Plan][748] reed shepp time is 0.3110ms.
INFO [Plan][749] total time: 46ms
INFO [HybridAStarPlan][2243] 2_result: 1   (21)
INFO [HybridAStarPlan][2298] path send success 23
INFO [HybridAStarPlan][2315] traj: [0]	 x:1.258	 y:-4.665	 phi:88.642
INFO [HybridAStarPlan][2315] traj: [1]	 x:1.256	 y:-4.765	 phi:88.642
INFO [HybridAStarPlan][2315] traj: [2]	 x:1.317	 y:-5.504	 phi:99.086
INFO [HybridAStarPlan][2315] traj: [3]	 x:1.333	 y:-5.603	 phi:99.086
INFO [HybridAStarPlan][2315] traj: [4]	 x:1.285	 y:-5.307	 phi:95.367
INFO [HybridAStarPlan][2315] traj: [5]	 x:1.257	 y:-5.008	 phi:91.648
INFO [HybridAStarPlan][2315] traj: [6]	 x:1.249	 y:-4.708	 phi:87.928
INFO [HybridAStarPlan][2315] traj: [7]	 x:1.254	 y:-4.408	 phi:90.209
INFO [HybridAStarPlan][2315] traj: [8]	 x:1.246	 y:-4.108	 phi:92.928
INFO [HybridAStarPlan][2315] traj: [9]	 x:1.224	 y:-3.809	 phi:95.647
INFO [HybridAStarPlan][2315] traj: [10]	 x:1.187	 y:-3.512	 phi:98.366
INFO [HybridAStarPlan][2315] traj: [11]	 x:1.137	 y:-3.216	 phi:101.085
INFO [HybridAStarPlan][2315] traj: [12]	 x:1.073	 y:-2.923	 phi:102.571
INFO [HybridAStarPlan][2315] traj: [13]	 x:1.008	 y:-2.630	 phi:102.571
INFO [HybridAStarPlan][2315] traj: [14]	 x:0.943	 y:-2.337	 phi:102.571
INFO [HybridAStarPlan][2315] traj: [15]	 x:0.878	 y:-2.045	 phi:102.571
INFO [HybridAStarPlan][2315] traj: [16]	 x:0.936	 y:-2.339	 phi:100.088
INFO [HybridAStarPlan][2315] traj: [17]	 x:0.983	 y:-2.635	 phi:97.605
INFO [HybridAStarPlan][2315] traj: [18]	 x:1.025	 y:-2.932	 phi:99.353
INFO [HybridAStarPlan][2315] traj: [19]	 x:1.080	 y:-3.227	 phi:101.836
INFO [HybridAStarPlan][2315] traj: [20]	 x:1.093	 y:-3.286	 phi:102.336

