Received data from command line argument, length: 763
<<<<<<<<<<<<<<<<  ID: c0887cf67a4a  <<<<<<<<<<<<<<<<
INFO [ParseReceivedData][1838] plan_cnt: 2
INFO [ParseReceivedData][1840] xybounds: xmin: -6  xmax: 3  ymin: -8  ymax: 8
INFO [ParseReceivedData][1841] radarnums: 0  sidenums:0
INFO [ParseReceivedData][1842] endpos_correct_flag: 0
INFO [ParseReceivedData][1875] oblslot[6]: -0.100, 4.800
INFO [ParseReceivedData][1875] oblslot[6]: -0.100, 2.800
INFO [ParseReceivedData][1875] oblslot[6]: 2.611, 2.800
INFO [ParseReceivedData][1875] oblslot[6]: 2.475, -6.667
INFO [ParseReceivedData][1875] oblslot[6]: 0.015, -6.667
INFO [ParseReceivedData][1875] oblslot[6]: 0.015, -8.667
INFO [ParseReceivedData][1990] slot_type: 1
INFO [ParseReceivedData][1991] target_dir: 1
INFO [ParseReceivedData][1992] start: 1.250 -5.070 1.548
INFO [ParseReceivedData][1993] end: 1.109 -1.306 1.691
INFO [HybridAStarPlan][2164] 0_start: 1.2500 -5.0697 1.5484
INFO [HybridAStarPlan][2212] 1_start: 1.2500 -5.0697 1.5484
INFO [HybridAStarPlan][2220] -------------------1-------------------
INFO [OneCircleToEndPosLineCalTraj][1534] CE cal time: 0.0130ms
INFO [HybridAStarPlan][2225] 0_result: 0   (0)
INFO [RSCurveQuickCalTraj][1197] RS cal time: 0.6370ms
INFO [HybridAStarPlan][2231] 1_result: 1   (17)
INFO [HybridAStarPlan][2298] path send success 20
INFO [HybridAStarPlan][2315] traj: [0]	 x:1.252	 y:-4.970	 phi:88.717
INFO [HybridAStarPlan][2315] traj: [1]	 x:1.250	 y:-5.070	 phi:88.717
INFO [HybridAStarPlan][2315] traj: [2]	 x:1.252	 y:-4.970	 phi:88.717
INFO [HybridAStarPlan][2315] traj: [3]	 x:1.250	 y:-5.070	 phi:88.717
INFO [HybridAStarPlan][2315] traj: [4]	 x:1.257	 y:-4.770	 phi:88.717
INFO [HybridAStarPlan][2315] traj: [5]	 x:1.263	 y:-4.470	 phi:88.717
INFO [HybridAStarPlan][2315] traj: [6]	 x:1.270	 y:-4.170	 phi:88.717
INFO [HybridAStarPlan][2315] traj: [7]	 x:1.277	 y:-3.870	 phi:88.717
INFO [HybridAStarPlan][2315] traj: [8]	 x:1.284	 y:-3.570	 phi:88.717
INFO [HybridAStarPlan][2315] traj: [9]	 x:1.289	 y:-3.270	 phi:89.594
INFO [HybridAStarPlan][2315] traj: [10]	 x:1.285	 y:-2.970	 phi:92.078
INFO [HybridAStarPlan][2315] traj: [11]	 x:1.268	 y:-2.671	 phi:94.561
INFO [HybridAStarPlan][2315] traj: [12]	 x:1.237	 y:-2.372	 phi:96.887
INFO [HybridAStarPlan][2315] traj: [13]	 x:1.201	 y:-2.074	 phi:96.887
INFO [HybridAStarPlan][2315] traj: [14]	 x:1.166	 y:-1.777	 phi:96.887
INFO [HybridAStarPlan][2315] traj: [15]	 x:1.130	 y:-1.479	 phi:96.887
INFO [HybridAStarPlan][2315] traj: [16]	 x:1.109	 y:-1.306	 phi:96.887

