Received data from command line argument, length: 943
<<<<<<<<<<<<<<<<  ID: 96a5b02b4b6b  <<<<<<<<<<<<<<<<
INFO [ParseReceivedData][1838] plan_cnt: 2
INFO [ParseReceivedData][1840] xybounds: xmin: -9  xmax: 5  ymin: -5  ymax: 9
INFO [ParseReceivedData][1841] radarnums: 2  sidenums:0
INFO [ParseReceivedData][1842] endpos_correct_flag: 0
INFO [ParseReceivedData][1875] oblslot[6]: 0.328, 1.165
INFO [ParseReceivedData][1875] oblslot[6]: 0.328, 0.165
INFO [ParseReceivedData][1875] oblslot[6]: 4.960, 0.165
INFO [ParseReceivedData][1875] oblslot[6]: 4.960, -2.395
INFO [ParseReceivedData][1875] oblslot[6]: 0.200, -2.395
INFO [ParseReceivedData][1875] oblslot[6]: 0.200, -2.895
INFO [ParseReceivedData][1889] oblradar[2]: -6.973, 1.898
INFO [ParseReceivedData][1889] oblradar[2]: -6.625, 2.736
INFO [ParseReceivedData][1990] slot_type: 2
INFO [ParseReceivedData][1991] target_dir: 1
INFO [ParseReceivedData][1992] start: 3.197 -1.128 3.137
INFO [ParseReceivedData][1993] end: -2.095 0.594 2.476
INFO [HybridAStarPlan][2220] -------------------1-------------------
INFO [APAPathPlanningConvertArcSegmentToPoints][1303] -2.095  0.594  141.870
INFO [APAPathPlanningConvertArcSegmentToPoints][1303] -1.856  0.413  144.002
INFO [APAPathPlanningConvertArcSegmentToPoints][1303] -1.610  0.241  146.133
INFO [APAPathPlanningConvertArcSegmentToPoints][1303] -1.358  0.079  148.264
INFO [APAPathPlanningConvertArcSegmentToPoints][1303] -1.100  -0.074  150.396
INFO [APAPathPlanningConvertArcSegmentToPoints][1303] -0.836  -0.218  152.527
INFO [APAPathPlanningConvertArcSegmentToPoints][1303] -0.568  -0.351  154.659
INFO [APAPathPlanningConvertArcSegmentToPoints][1303] -0.294  -0.474  156.790
INFO [APAPathPlanningConvertArcSegmentToPoints][1303] -0.016  -0.588  158.922
INFO [APAPathPlanningConvertArcSegmentToPoints][1303] 0.265  -0.690  161.053
INFO [APAPathPlanningConvertArcSegmentToPoints][1303] 0.551  -0.782  163.185
INFO [APAPathPlanningConvertArcSegmentToPoints][1303] 0.840  -0.864  165.316
INFO [APAPathPlanningConvertArcSegmentToPoints][1303] 1.131  -0.934  167.448
INFO [APAPathPlanningConvertArcSegmentToPoints][1303] 1.425  -0.994  169.579
INFO [APAPathPlanningConvertArcSegmentToPoints][1303] 1.721  -1.043  171.711
INFO [APAPathPlanningConvertArcSegmentToPoints][1303] 2.019  -1.081  173.842
INFO [APAPathPlanningConvertArcSegmentToPoints][1303] 2.318  -1.107  175.973
INFO [APAPathPlanningConvertArcSegmentToPoints][1303] 2.617  -1.123  178.105
INFO [APAPathPlanningConvertArcSegmentToPoints][1323] 2.850  -1.127  179.760
INFO [OneCircleTrajCal][1440] num: 20
INFO [OneCircleToEndPosLineCalTraj][1534] CE cal time: 0.726ms
INFO [HybridAStarPlan][2225] 0_result: 0   (0)
INFO [RSCurveQuickCalTraj][1197] RS cal time: 2.262ms
INFO [HybridAStarPlan][2231] 1_result: 0   (0)
INFO [GenerateDpMap][194] map explored node: 3135
INFO [Plan][681] map time: 78ms
INFO [Plan][746] explored_node_num:1806
INFO [Plan][747] heuristic time is 30.560ms.
INFO [Plan][748] reed shepp time is 46.059ms.
INFO [Plan][749] total time: 266ms
INFO [HybridAStarPlan][2243] 2_result: 1   (25)
INFO [HybridAStarPlan][2298] path send success 27
INFO [HybridAStarPlan][2315] traj: [0]	 x:3.197	 y:-1.128	 phi:179.760
INFO [HybridAStarPlan][2315] traj: [1]	 x:2.897	 y:-1.127	 phi:-178.157
INFO [HybridAStarPlan][2315] traj: [2]	 x:2.597	 y:-1.137	 phi:-178.829
INFO [HybridAStarPlan][2315] traj: [3]	 x:2.297	 y:-1.143	 phi:-179.502
INFO [HybridAStarPlan][2315] traj: [4]	 x:1.997	 y:-1.146	 phi:176.779
INFO [HybridAStarPlan][2315] traj: [5]	 x:1.698	 y:-1.129	 phi:173.060
INFO [HybridAStarPlan][2315] traj: [6]	 x:1.400	 y:-1.093	 phi:178.910
INFO [HybridAStarPlan][2315] traj: [7]	 x:1.100	 y:-1.087	 phi:175.191
INFO [HybridAStarPlan][2315] traj: [8]	 x:0.801	 y:-1.062	 phi:171.471
INFO [HybridAStarPlan][2315] traj: [9]	 x:0.504	 y:-1.017	 phi:167.752
INFO [HybridAStarPlan][2315] traj: [10]	 x:0.211	 y:-0.954	 phi:169.836
INFO [HybridAStarPlan][2315] traj: [11]	 x:-0.084	 y:-0.901	 phi:166.117
INFO [HybridAStarPlan][2315] traj: [12]	 x:-0.376	 y:-0.829	 phi:165.444
INFO [HybridAStarPlan][2315] traj: [13]	 x:-0.666	 y:-0.753	 phi:161.725
INFO [HybridAStarPlan][2315] traj: [14]	 x:-0.951	 y:-0.659	 phi:158.006
INFO [HybridAStarPlan][2315] traj: [15]	 x:-0.673	 y:-0.771	 phi:152.156
INFO [HybridAStarPlan][2315] traj: [16]	 x:-0.407	 y:-0.912	 phi:146.306
INFO [HybridAStarPlan][2315] traj: [17]	 x:-0.651	 y:-0.737	 phi:142.587
INFO [HybridAStarPlan][2315] traj: [18]	 x:-0.884	 y:-0.547	 phi:138.867
INFO [HybridAStarPlan][2315] traj: [19]	 x:-1.103	 y:-0.343	 phi:135.436
INFO [HybridAStarPlan][2315] traj: [20]	 x:-1.317	 y:-0.132	 phi:135.436
INFO [HybridAStarPlan][2315] traj: [21]	 x:-1.531	 y:0.078	 phi:135.436
INFO [HybridAStarPlan][2315] traj: [22]	 x:-1.744	 y:0.288	 phi:136.102
INFO [HybridAStarPlan][2315] traj: [23]	 x:-1.967	 y:0.489	 phi:139.821
INFO [HybridAStarPlan][2315] traj: [24]	 x:-2.095	 y:0.594	 phi:141.870

