Received data from command line argument, length: 936
<<<<<<<<<<<<<<<<  ID: 20bffe740a80  <<<<<<<<<<<<<<<<
INFO [ParseReceivedData][1838] plan_cnt: 1
INFO [ParseReceivedData][1840] xybounds: xmin: -6  xmax: 3  ymin: -8  ymax: 8
INFO [ParseReceivedData][1841] radarnums: 3  sidenums:0
INFO [ParseReceivedData][1842] endpos_correct_flag: 0
INFO [ParseReceivedData][1875] oblslot[6]: -0.100, 3.200
INFO [ParseReceivedData][1875] oblslot[6]: -0.100, 1.200
INFO [ParseReceivedData][1875] oblslot[6]: 2.546, 1.200
INFO [ParseReceivedData][1875] oblslot[6]: 2.565, -8.818
INFO [ParseReceivedData][1875] oblslot[6]: 0.200, -8.818
INFO [ParseReceivedData][1875] oblslot[6]: 0.200, -10.818
INFO [ParseReceivedData][1889] oblradar[3]: 3.040, 0.747
INFO [ParseReceivedData][1889] oblradar[3]: 1.410, 1.326
INFO [ParseReceivedData][1889] oblradar[3]: 0.533, 1.227
INFO [ParseReceivedData][1990] slot_type: 1
INFO [ParseReceivedData][1991] target_dir: 1
INFO [ParseReceivedData][1992] start: 1.282 -5.035 1.571
INFO [ParseReceivedData][1993] end: 1.124 -2.906 1.322
INFO [HybridAStarPlan][2164] 0_start: 1.2820 -5.0350 1.5708
INFO [OneNodeCheckValid][1070] false start
INFO [HybridAStarPlan][2212] 1_start: 1.3432 -5.7850 1.7338
INFO [KeyNodeCheckValid][1110] false rs end
INFO [HybridAStarPlan][2220] -------------------0-------------------
INFO [GenerateDpMap][194] map explored node: 2045
INFO [Plan][681] map time: 49ms
INFO [Plan][746] explored_node_num:22
INFO [Plan][747] heuristic time is 0.3830ms.
INFO [Plan][748] reed shepp time is 0.2970ms.
INFO [Plan][749] total time: 51ms
INFO [HybridAStarPlan][2243] 2_result: 1   (22)
INFO [HybridAStarPlan][2298] path send success 25
INFO [HybridAStarPlan][2315] traj: [0]	 x:1.282	 y:-4.935	 phi:90.000
INFO [HybridAStarPlan][2315] traj: [1]	 x:1.282	 y:-5.035	 phi:90.000
INFO [HybridAStarPlan][2315] traj: [2]	 x:1.327	 y:-5.686	 phi:99.337
INFO [HybridAStarPlan][2315] traj: [3]	 x:1.343	 y:-5.785	 phi:99.337
INFO [HybridAStarPlan][2315] traj: [4]	 x:1.295	 y:-5.489	 phi:101.421
INFO [HybridAStarPlan][2315] traj: [5]	 x:1.235	 y:-5.195	 phi:107.270
INFO [HybridAStarPlan][2315] traj: [6]	 x:1.146	 y:-4.908	 phi:106.598
INFO [HybridAStarPlan][2315] traj: [7]	 x:1.067	 y:-4.619	 phi:104.114
INFO [HybridAStarPlan][2315] traj: [8]	 x:1.000	 y:-4.327	 phi:101.631
INFO [HybridAStarPlan][2315] traj: [9]	 x:0.946	 y:-4.032	 phi:99.148
INFO [HybridAStarPlan][2315] traj: [10]	 x:0.904	 y:-3.735	 phi:96.664
INFO [HybridAStarPlan][2315] traj: [11]	 x:0.874	 y:-3.436	 phi:96.414
INFO [HybridAStarPlan][2315] traj: [12]	 x:0.901	 y:-3.735	 phi:93.931
INFO [HybridAStarPlan][2315] traj: [13]	 x:0.915	 y:-4.035	 phi:91.448
INFO [HybridAStarPlan][2315] traj: [14]	 x:0.916	 y:-4.335	 phi:88.964
INFO [HybridAStarPlan][2315] traj: [15]	 x:0.911	 y:-4.634	 phi:90.216
INFO [HybridAStarPlan][2315] traj: [16]	 x:0.917	 y:-4.335	 phi:87.732
INFO [HybridAStarPlan][2315] traj: [17]	 x:0.935	 y:-4.035	 phi:85.249
INFO [HybridAStarPlan][2315] traj: [18]	 x:0.966	 y:-3.737	 phi:82.766
INFO [HybridAStarPlan][2315] traj: [19]	 x:1.010	 y:-3.440	 phi:80.282
INFO [HybridAStarPlan][2315] traj: [20]	 x:1.067	 y:-3.146	 phi:77.799
INFO [HybridAStarPlan][2315] traj: [21]	 x:1.124	 y:-2.906	 phi:75.762

