Received data from command line argument, length: 965
<<<<<<<<<<<<<<<<  ID: 4e1112a8b469  <<<<<<<<<<<<<<<<
INFO [ParseReceivedData][1838] plan_cnt: 3
INFO [ParseReceivedData][1840] xybounds: xmin: -6  xmax: 3  ymin: -8  ymax: 8
INFO [ParseReceivedData][1841] radarnums: 4  sidenums:0
INFO [ParseReceivedData][1842] endpos_correct_flag: 0
INFO [ParseReceivedData][1875] oblslot[6]: -0.100, 3.200
INFO [ParseReceivedData][1875] oblslot[6]: -0.100, 1.200
INFO [ParseReceivedData][1875] oblslot[6]: 2.687, 1.200
INFO [ParseReceivedData][1875] oblslot[6]: 2.557, -6.603
INFO [ParseReceivedData][1875] oblslot[6]: 0.200, -6.603
INFO [ParseReceivedData][1875] oblslot[6]: 0.200, -8.603
INFO [ParseReceivedData][1889] oblradar[4]: 2.018, -6.564
INFO [ParseReceivedData][1889] oblradar[4]: 1.138, -6.936
INFO [ParseReceivedData][1889] oblradar[4]: 0.419, -6.967
INFO [ParseReceivedData][1889] oblradar[4]: -0.476, -6.675
INFO [ParseReceivedData][1990] slot_type: 1
INFO [ParseReceivedData][1991] target_dir: 3
INFO [ParseReceivedData][1992] start: 1.264 -4.982 1.549
INFO [ParseReceivedData][1993] end: 1.177 -4.638 1.625
INFO [HybridAStarPlan][2164] 0_start: 1.2640 -4.9817 1.5488
INFO [HybridAStarPlan][2212] 1_start: 1.2640 -4.9817 1.5488
INFO [HybridAStarPlan][2220] -------------------1-------------------
INFO [RSCurveQuickCalTraj][1197] RS cal time: 0.5040ms
INFO [HybridAStarPlan][2231] 1_result: 1   (17)
INFO [HybridAStarPlan][2298] path send success 21
INFO [HybridAStarPlan][2315] traj: [0]	 x:1.266	 y:-4.882	 phi:88.740
INFO [HybridAStarPlan][2315] traj: [1]	 x:1.264	 y:-4.982	 phi:88.740
INFO [HybridAStarPlan][2315] traj: [2]	 x:1.266	 y:-4.882	 phi:88.740
INFO [HybridAStarPlan][2315] traj: [3]	 x:1.264	 y:-4.982	 phi:88.740
INFO [HybridAStarPlan][2315] traj: [4]	 x:1.263	 y:-4.682	 phi:91.459
INFO [HybridAStarPlan][2315] traj: [5]	 x:1.249	 y:-4.382	 phi:94.178
INFO [HybridAStarPlan][2315] traj: [6]	 x:1.220	 y:-4.084	 phi:96.897
INFO [HybridAStarPlan][2315] traj: [7]	 x:1.181	 y:-3.786	 phi:97.506
INFO [HybridAStarPlan][2315] traj: [8]	 x:1.142	 y:-3.489	 phi:97.506
INFO [HybridAStarPlan][2315] traj: [9]	 x:1.105	 y:-3.191	 phi:95.843
INFO [HybridAStarPlan][2315] traj: [10]	 x:1.082	 y:-2.892	 phi:93.129
INFO [HybridAStarPlan][2315] traj: [11]	 x:1.098	 y:-3.192	 phi:93.129
INFO [HybridAStarPlan][2315] traj: [12]	 x:1.115	 y:-3.491	 phi:93.129
INFO [HybridAStarPlan][2315] traj: [13]	 x:1.131	 y:-3.791	 phi:93.129
INFO [HybridAStarPlan][2315] traj: [14]	 x:1.147	 y:-4.091	 phi:93.129
INFO [HybridAStarPlan][2315] traj: [15]	 x:1.164	 y:-4.390	 phi:93.129
INFO [HybridAStarPlan][2315] traj: [16]	 x:1.177	 y:-4.638	 phi:93.129

