Received data from command line argument, length: 460
<<<<<<<<<<<<<<<<  ID: cc6bc864cd32  <<<<<<<<<<<<<<<<
INFO [ParseReceivedData][1838] plan_cnt: 2
INFO [ParseReceivedData][1840] xybounds: xmin: -9  xmax: 5  ymin: -5  ymax: 9
INFO [ParseReceivedData][1841] radarnums: 0  sidenums:0
INFO [ParseReceivedData][1842] endpos_correct_flag: 0
INFO [ParseReceivedData][1875] oblslot[6]: -1.532, 1.454
INFO [ParseReceivedData][1875] oblslot[6]: -1.532, 0.454
INFO [ParseReceivedData][1875] oblslot[6]: 4.960, 0.454
INFO [ParseReceivedData][1875] oblslot[6]: 4.960, -3.493
INFO [ParseReceivedData][1875] oblslot[6]: 1.502, -3.493
INFO [ParseReceivedData][1875] oblslot[6]: 1.502, -3.993
INFO [ParseReceivedData][1990] slot_type: 2
INFO [ParseReceivedData][1991] target_dir: 1
INFO [ParseReceivedData][1992] start: 3.197 -1.177 3.143
INFO [ParseReceivedData][1993] end: -2.314 -0.209 2.802
INFO [KeyNodeCheckValid][1110] false rs end
INFO [HybridAStarPlan][2220] -------------------0-------------------
INFO [GenerateDpMap][194] map explored node: 3135
INFO [Plan][681] map time: 69ms
INFO [Plan][746] explored_node_num:44520
INFO [Plan][747] heuristic time is 743.738ms.
INFO [Plan][748] reed shepp time is 1478.400ms.
INFO [Plan][749] total time: 5459ms
INFO [Plan][753] false1
INFO [HybridAStarPlan][2243] 2_result: 0   (0)
INFO [HybridAStarPlan][2304] path cal fail
