ID: 96a26b88b7d1
# ATTACK_TYPE: slot_flip
LinePtNum: 3
LinePtCoord: 1612, 3726
LinePtCoord: 1598, 1338
LinePtCoord: 1635, 1154
LinePtNum: 3
LinePtCoord: 5858, 723
LinePtCoord: 5858, -144
LinePtCoord: 3916, -544
LinePtNum: 3
LinePtCoord: 4001, -1813
LinePtCoord: 5279, -2593
LinePtCoord: 2192, -1708
LinePtNum: 3
LinePtCoord: 2192, -4323
LinePtCoord: 2298, -5089
LinePtCoord: 2335, -5703
LinePtNum: 3
LinePtCoord: 1698, -6093
LinePtCoord: 1749, -8254
LinePtCoord: 1315, -8904
LinePtNum: 2
LinePtCoord: -7980, -8327
LinePtCoord: -7980, -8327
plan_cnt: 0
xybounds: -6, 3, -8, 8
radarnums: 0  sidenums: 0
endpos_correct_flag: 0
real_obl: 0, 0
expand_obl: 0, 0
oblslot: -0.100, 3.800
oblslot: -0.100, 1.800
oblslot: 1.892, 1.800
oblslot: 1.892, -8.593
oblslot: 0.200, -8.593
oblslot: 0.200, -10.593
slot_type: 0
target_dir: 0
start: 0.5157, -4.9230, 1.5708
end: -1.7013, -2.5710, 1.5580
ID_FINISHED
