ID: 63afe1b4d4ab
# ATTACK_TYPE: slot_flip
LinePtNum: 2
LinePtCoord: -5895, 4132
LinePtCoord: -3882, 3259
LinePtNum: 4
LinePtCoord: -3, 2921
LinePtCoord: 451, 1881
LinePtCoord: 1616, 1987
LinePtCoord: 2644, 2490
LinePtNum: 4
LinePtCoord: 1637, 1763
LinePtCoord: 3366, 3585
LinePtCoord: 3122, -1039
LinePtCoord: 3069, -1138
LinePtNum: 2
LinePtCoord: 3549, -1426
LinePtCoord: 3549, -1426
LinePtNum: 2
LinePtCoord: 3069, -1673
LinePtCoord: 3069, -1673
LinePtNum: 3
LinePtCoord: 3069, -1810
LinePtCoord: 3363, -4875
LinePtCoord: 3466, -5361
LinePtNum: 3
LinePtCoord: 3263, -5409
LinePtCoord: 3261, -5526
LinePtCoord: 3069, -5614
LinePtNum: 2
LinePtCoord: 3193, -6333
LinePtCoord: 3193, -6333
LinePtNum: 2
LinePtCoord: 3273, -6742
LinePtCoord: 3273, -6742
LinePtNum: 2
LinePtCoord: 3408, -7332
LinePtCoord: 3408, -7332
LinePtNum: 2
LinePtCoord: 3280, -7787
LinePtCoord: 3280, -7787
LinePtNum: 2
LinePtCoord: 3029, -8226
LinePtCoord: 3029, -8226
LinePtNum: 2
LinePtCoord: 3525, -10000
LinePtCoord: 3525, -10000
LinePtNum: 3
LinePtCoord: -4331, -8718
LinePtCoord: -4122, -7581
LinePtCoord: -6290, -10000
plan_cnt: 6
xybounds: -6, 3, -8, 8
radarnums: 0  sidenums: 0
endpos_correct_flag: 0
real_obl: 0, 0
expand_obl: 0, 0
oblslot: -0.100, 2.997
oblslot: -0.100, 0.997
oblslot: 2.521, 0.997
oblslot: 2.582, -8.818
oblslot: 0.200, -8.818
oblslot: 0.200, -10.818
slot_type: 0
target_dir: 3
start: 1.2820, -5.0350, 1.5809
end: 0.6427, -4.1348, 1.8718
ID_FINISHED
