ID: 5ffad15da1d5
# ATTACK_TYPE: slot_flip
LinePtNum: 5
LinePtCoord: -7547, 4736
LinePtCoord: -6102, 4909
LinePtCoord: -5708, 5848
LinePtCoord: -4682, 5744
LinePtCoord: -4769, 6000
LinePtNum: 3
LinePtCoord: 3199, 6000
LinePtCoord: 3175, 5744
LinePtCoord: 3158, 5514
LinePtNum: 6
LinePtCoord: 3137, 4215
LinePtCoord: 3766, -1838
LinePtCoord: 4450, -2904
LinePtCoord: 3526, -2914
LinePtCoord: 3624, -4171
LinePtCoord: 3513, -4718
LinePtNum: 3
LinePtCoord: 3131, -2300
LinePtCoord: 3360, -4918
LinePtCoord: 3041, -5101
LinePtNum: 2
LinePtCoord: 2315, -7070
LinePtCoord: 2315, -7070
LinePtNum: 6
LinePtCoord: -6235, -5601
LinePtCoord: -5363, -3696
LinePtCoord: -5774, -3718
LinePtCoord: -4482, -915
LinePtCoord: -6603, -1304
LinePtCoord: -7499, -1428
LinePtNum: 3
LinePtCoord: -7715, 5212
LinePtCoord: -5813, 5100
LinePtCoord: -5932, 5612
plan_cnt: 1
xybounds: -6, 3, -8, 8
radarnums: 0  sidenums: 0
endpos_correct_flag: 0
real_obl: 0, 0
expand_obl: 0, 0
oblslot: -0.100, 4.800
oblslot: -0.100, 2.800
oblslot: 2.661, 2.800
oblslot: 2.638, -7.103
oblslot: 5.200, -7.103
oblslot: 0.200, -9.103
slot_type: 0
target_dir: 1
start: 1.2700, -4.7777, 1.5670
end: -0.9319, -0.4273, 1.7799
ID_FINISHED
