Received data from command line argument, length: 1046
<<<<<<<<<<<<<<<<  ID: 468cb7b62df2  <<<<<<<<<<<<<<<<
INFO [ParseReceivedData][1838] plan_cnt: 1
INFO [ParseReceivedData][1840] xybounds: xmin: -5  xmax: 2  ymin: -7  ymax: 7
INFO [ParseReceivedData][1841] radarnums: 0  sidenums:0
INFO [ParseReceivedData][1842] endpos_correct_flag: 0
INFO [ParseReceivedData][1875] oblslot[6]: -0.100, 3.200
INFO [ParseReceivedData][1875] oblslot[6]: -0.100, 1.200
INFO [ParseReceivedData][1875] oblslot[6]: 2.755, 1.200
INFO [ParseReceivedData][1875] oblslot[6]: 2.567, -7.200
INFO [ParseReceivedData][1875] oblslot[6]: 0.200, -7.206
INFO [ParseReceivedData][1875] oblslot[6]: 0.200, -9.206
INFO [ParseReceivedData][1990] slot_type: 1
INFO [ParseReceivedData][1991] target_dir: 3
INFO [ParseReceivedData][1992] start: 1.274 -4.825 1.539
INFO [ParseReceivedData][1993] end: 1.592 -4.575 1.856
INFO [HybridAStarPlan][2164] 0_start: 1.2740 -4.8249 1.5394
INFO [OneNodeCheckValid][1070] false start
INFO [OneNodeCheckValid][1070] false start
INFO [HybridAStarPlan][2212] 1_start: 1.2456 -5.7306 1.5394
INFO [KeyNodeCheckValid][1110] false rs end
INFO [HybridAStarPlan][2220] -------------------0-------------------
INFO [GenerateDpMap][194] map explored node: 0
INFO [Plan][681] map time: 0ms
INFO [Plan][746] explored_node_num:0
INFO [Plan][747] heuristic time is 0.0000ms.
INFO [Plan][748] reed shepp time is 0.1410ms.
INFO [Plan][749] total time: 0ms
INFO [Plan][753] false1
INFO [HybridAStarPlan][2243] 2_result: 0   (0)
INFO [HybridAStarPlan][2304] path cal fail
