Received data from command line argument, length: 1296
<<<<<<<<<<<<<<<<  ID: 60bf64e63056  <<<<<<<<<<<<<<<<
INFO [ParseReceivedData][1838] plan_cnt: 1
INFO [ParseReceivedData][1840] xybounds: xmin: -5  xmax: 2  ymin: -7  ymax: 7
INFO [ParseReceivedData][1841] radarnums: 0  sidenums:0
INFO [ParseReceivedData][1842] endpos_correct_flag: 0
INFO [ParseReceivedData][1875] oblslot[6]: -0.100, 2.400
INFO [ParseReceivedData][1875] oblslot[6]: -0.100, 0.400
INFO [ParseReceivedData][1875] oblslot[6]: 2.651, 0.400
INFO [ParseReceivedData][1875] oblslot[6]: 2.560, -7.244
INFO [ParseReceivedData][1875] oblslot[6]: 0.200, -7.244
INFO [ParseReceivedData][1875] oblslot[6]: 0.200, -9.244
INFO [ParseReceivedData][1990] slot_type: 1
INFO [ParseReceivedData][1991] target_dir: 3
INFO [ParseReceivedData][1992] start: 1.267 -5.039 1.556
INFO [ParseReceivedData][1993] end: 1.210 -4.626 2.085
INFO [HybridAStarPlan][2164] 0_start: 1.2670 -5.0394 1.5558
INFO [OneNodeCheckValid][1070] false start
INFO [OneNodeCheckValid][1070] false start
INFO [HybridAStarPlan][2212] 1_start: 1.2561 -5.7689 1.5558
INFO [KeyNodeCheckValid][1105] false rs start
INFO [HybridAStarPlan][2220] -------------------0-------------------
INFO [GenerateDpMap][194] map explored node: 1176
INFO [Plan][681] map time: 23ms
INFO [Plan][746] explored_node_num:0
INFO [Plan][747] heuristic time is 0.0000ms.
INFO [Plan][748] reed shepp time is 0.1110ms.
INFO [Plan][749] total time: 23ms
INFO [Plan][753] false1
INFO [HybridAStarPlan][2243] 2_result: 0   (0)
INFO [HybridAStarPlan][2304] path cal fail
