Received data from command line argument, length: 781
<<<<<<<<<<<<<<<<  ID: 56aa2b31c11b  <<<<<<<<<<<<<<<<
INFO [ParseReceivedData][1838] plan_cnt: 2
INFO [ParseReceivedData][1840] xybounds: xmin: -8  xmax: 4  ymin: -4  ymax: 8
INFO [ParseReceivedData][1841] radarnums: 0  sidenums:0
INFO [ParseReceivedData][1842] endpos_correct_flag: 0
INFO [ParseReceivedData][1875] oblslot[6]: 1.151, 2.340
INFO [ParseReceivedData][1875] oblslot[6]: 1.151, 1.340
INFO [ParseReceivedData][1875] oblslot[6]: 4.960, 1.340
INFO [ParseReceivedData][1875] oblslot[6]: 4.960, -4.486
INFO [ParseReceivedData][1875] oblslot[6]: 1.495, -4.486
INFO [ParseReceivedData][1875] oblslot[6]: 1.495, -4.986
INFO [ParseReceivedData][1990] slot_type: 2
INFO [ParseReceivedData][1991] target_dir: 1
INFO [ParseReceivedData][1992] start: 3.197 -1.096 3.137
INFO [ParseReceivedData][1993] end: -3.326 -0.194 2.734
INFO [KeyNodeCheckValid][1105] false rs start
INFO [HybridAStarPlan][2220] -------------------0-------------------
INFO [GenerateDpMap][194] map explored node: 2115
INFO [Plan][681] map time: 44ms
INFO [Plan][746] explored_node_num:0
INFO [Plan][747] heuristic time is 0.000ms.
INFO [Plan][748] reed shepp time is 0.000ms.
INFO [Plan][749] total time: 45ms
INFO [HybridAStarPlan][2243] 2_result: 1   (24)
INFO [HybridAStarPlan][2298] path send success 24
INFO [HybridAStarPlan][2315] traj: [0]	 x:3.197	 y:-1.096	 phi:179.726
INFO [HybridAStarPlan][2315] traj: [1]	 x:2.897	 y:-1.085	 phi:176.006
INFO [HybridAStarPlan][2315] traj: [2]	 x:2.599	 y:-1.055	 phi:173.672
INFO [HybridAStarPlan][2315] traj: [3]	 x:2.300	 y:-1.022	 phi:173.672
INFO [HybridAStarPlan][2315] traj: [4]	 x:2.002	 y:-0.989	 phi:173.672
INFO [HybridAStarPlan][2315] traj: [5]	 x:1.704	 y:-0.956	 phi:173.672
INFO [HybridAStarPlan][2315] traj: [6]	 x:1.406	 y:-0.923	 phi:173.672
INFO [HybridAStarPlan][2315] traj: [7]	 x:1.108	 y:-0.890	 phi:173.672
INFO [HybridAStarPlan][2315] traj: [8]	 x:0.809	 y:-0.857	 phi:173.672
INFO [HybridAStarPlan][2315] traj: [9]	 x:0.511	 y:-0.824	 phi:173.672
INFO [HybridAStarPlan][2315] traj: [10]	 x:0.213	 y:-0.791	 phi:173.672
INFO [HybridAStarPlan][2315] traj: [11]	 x:-0.085	 y:-0.758	 phi:173.672
INFO [HybridAStarPlan][2315] traj: [12]	 x:-0.383	 y:-0.725	 phi:173.672
INFO [HybridAStarPlan][2315] traj: [13]	 x:-0.681	 y:-0.692	 phi:173.672
INFO [HybridAStarPlan][2315] traj: [14]	 x:-0.980	 y:-0.659	 phi:173.672
INFO [HybridAStarPlan][2315] traj: [15]	 x:-1.278	 y:-0.626	 phi:173.672
INFO [HybridAStarPlan][2315] traj: [16]	 x:-1.576	 y:-0.593	 phi:173.672
INFO [HybridAStarPlan][2315] traj: [17]	 x:-1.874	 y:-0.559	 phi:173.672
INFO [HybridAStarPlan][2315] traj: [18]	 x:-2.172	 y:-0.523	 phi:171.549
INFO [HybridAStarPlan][2315] traj: [19]	 x:-2.467	 y:-0.470	 phi:167.830
INFO [HybridAStarPlan][2315] traj: [20]	 x:-2.758	 y:-0.397	 phi:164.110
INFO [HybridAStarPlan][2315] traj: [21]	 x:-3.044	 y:-0.305	 phi:160.391
INFO [HybridAStarPlan][2315] traj: [22]	 x:-3.323	 y:-0.196	 phi:156.672
INFO [HybridAStarPlan][2315] traj: [23]	 x:-3.326	 y:-0.194	 phi:156.630

