Received data from command line argument, length: 1315
<<<<<<<<<<<<<<<<  ID: 9778a6dcc5ef  <<<<<<<<<<<<<<<<
INFO [ParseReceivedData][1838] plan_cnt: 8
INFO [ParseReceivedData][1840] xybounds: xmin: -8  xmax: 4  ymin: -4  ymax: 8
INFO [ParseReceivedData][1841] radarnums: 0  sidenums:0
INFO [ParseReceivedData][1842] endpos_correct_flag: 0
INFO [ParseReceivedData][1875] oblslot[6]: 0.440, 1.204
INFO [ParseReceivedData][1875] oblslot[6]: 0.440, 0.204
INFO [ParseReceivedData][1875] oblslot[6]: 4.960, 0.204
INFO [ParseReceivedData][1875] oblslot[6]: 4.960, -2.823
INFO [ParseReceivedData][1875] oblslot[6]: 0.504, -2.823
INFO [ParseReceivedData][1875] oblslot[6]: 0.504, -3.323
INFO [ParseReceivedData][1990] slot_type: 2
INFO [ParseReceivedData][1991] target_dir: 1
INFO [ParseReceivedData][1992] start: 3.197 -1.227 3.139
INFO [ParseReceivedData][1993] end: -2.137 -2.245 3.384
INFO [KeyNodeCheckValid][1105] false rs start
INFO [HybridAStarPlan][2220] -------------------0-------------------
INFO [GenerateDpMap][194] map explored node: 2115
INFO [Plan][681] map time: 45ms
INFO [Plan][746] explored_node_num:0
INFO [Plan][747] heuristic time is 0.000ms.
INFO [Plan][748] reed shepp time is 0.000ms.
INFO [Plan][749] total time: 45ms
INFO [HybridAStarPlan][2243] 2_result: 1   (20)
INFO [HybridAStarPlan][2298] path send success 20
INFO [HybridAStarPlan][2315] traj: [0]	 x:3.197	 y:-1.227	 phi:179.846
INFO [HybridAStarPlan][2315] traj: [1]	 x:2.897	 y:-1.226	 phi:179.846
INFO [HybridAStarPlan][2315] traj: [2]	 x:2.597	 y:-1.225	 phi:179.846
INFO [HybridAStarPlan][2315] traj: [3]	 x:2.297	 y:-1.232	 phi:-176.811
INFO [HybridAStarPlan][2315] traj: [4]	 x:1.998	 y:-1.258	 phi:-173.091
INFO [HybridAStarPlan][2315] traj: [5]	 x:1.702	 y:-1.304	 phi:-169.372
INFO [HybridAStarPlan][2315] traj: [6]	 x:1.409	 y:-1.369	 phi:-166.117
INFO [HybridAStarPlan][2315] traj: [7]	 x:1.118	 y:-1.441	 phi:-166.117
INFO [HybridAStarPlan][2315] traj: [8]	 x:0.826	 y:-1.513	 phi:-166.117
INFO [HybridAStarPlan][2315] traj: [9]	 x:0.535	 y:-1.585	 phi:-166.117
INFO [HybridAStarPlan][2315] traj: [10]	 x:0.244	 y:-1.657	 phi:-166.117
INFO [HybridAStarPlan][2315] traj: [11]	 x:-0.047	 y:-1.729	 phi:-166.117
INFO [HybridAStarPlan][2315] traj: [12]	 x:-0.339	 y:-1.801	 phi:-166.117
INFO [HybridAStarPlan][2315] traj: [13]	 x:-0.630	 y:-1.873	 phi:-166.117
INFO [HybridAStarPlan][2315] traj: [14]	 x:-0.921	 y:-1.945	 phi:-166.117
INFO [HybridAStarPlan][2315] traj: [15]	 x:-1.212	 y:-2.017	 phi:-166.117
INFO [HybridAStarPlan][2315] traj: [16]	 x:-1.504	 y:-2.089	 phi:-166.117
INFO [HybridAStarPlan][2315] traj: [17]	 x:-1.795	 y:-2.161	 phi:-166.117
INFO [HybridAStarPlan][2315] traj: [18]	 x:-2.086	 y:-2.233	 phi:-166.117
INFO [HybridAStarPlan][2315] traj: [19]	 x:-2.137	 y:-2.245	 phi:-166.117

