Received data from command line argument, length: 247
<<<<<<<<<<<<<<<<  ID: 64b994f5e6f6  <<<<<<<<<<<<<<<<
INFO [ParseReceivedData][1838] plan_cnt: 9
INFO [ParseReceivedData][1840] xybounds: xmin: -8  xmax: 4  ymin: -4  ymax: 8
INFO [ParseReceivedData][1841] radarnums: 0  sidenums:0
INFO [ParseReceivedData][1842] endpos_correct_flag: 0
INFO [ParseReceivedData][1875] oblslot[6]: 0.252, 1.151
INFO [ParseReceivedData][1875] oblslot[6]: 0.252, 0.151
INFO [ParseReceivedData][1875] oblslot[6]: 5.350, 0.151
INFO [ParseReceivedData][1875] oblslot[6]: 5.351, -2.475
INFO [ParseReceivedData][1875] oblslot[6]: 0.563, -2.475
INFO [ParseReceivedData][1875] oblslot[6]: 0.563, -2.975
INFO [ParseReceivedData][1990] slot_type: 2
INFO [ParseReceivedData][1991] target_dir: 1
INFO [ParseReceivedData][1992] start: 3.196 -1.147 3.142
INFO [ParseReceivedData][1993] end: 1.830 -1.169 3.041
INFO [KeyNodeCheckValid][1105] false rs start
INFO [HybridAStarPlan][2220] -------------------0-------------------
INFO [GenerateDpMap][194] map explored node: 2115
INFO [Plan][681] map time: 33ms
INFO [Plan][746] explored_node_num:6
INFO [Plan][747] heuristic time is 0.210ms.
INFO [Plan][748] reed shepp time is 0.158ms.
INFO [Plan][749] total time: 34ms
INFO [HybridAStarPlan][2243] 2_result: 1   (12)
INFO [HybridAStarPlan][2298] path send success 14
INFO [HybridAStarPlan][2315] traj: [0]	 x:3.196	 y:-1.147	 phi:180.012
INFO [HybridAStarPlan][2315] traj: [1]	 x:2.896	 y:-1.147	 phi:-174.138
INFO [HybridAStarPlan][2315] traj: [2]	 x:2.598	 y:-1.177	 phi:-177.858
INFO [HybridAStarPlan][2315] traj: [3]	 x:2.298	 y:-1.189	 phi:-178.530
INFO [HybridAStarPlan][2315] traj: [4]	 x:1.998	 y:-1.196	 phi:-178.530
INFO [HybridAStarPlan][2315] traj: [5]	 x:1.698	 y:-1.205	 phi:-177.370
INFO [HybridAStarPlan][2315] traj: [6]	 x:1.998	 y:-1.201	 phi:178.911
INFO [HybridAStarPlan][2315] traj: [7]	 x:2.298	 y:-1.216	 phi:175.192
INFO [HybridAStarPlan][2315] traj: [8]	 x:2.596	 y:-1.246	 phi:174.248
INFO [HybridAStarPlan][2315] traj: [9]	 x:2.298	 y:-1.216	 phi:174.248
INFO [HybridAStarPlan][2315] traj: [10]	 x:1.999	 y:-1.186	 phi:174.248
INFO [HybridAStarPlan][2315] traj: [11]	 x:1.830	 y:-1.169	 phi:174.248

