Received data from command line argument, length: 1207
<<<<<<<<<<<<<<<<  ID: 8621d08b9fa3  <<<<<<<<<<<<<<<<
INFO [ParseReceivedData][1838] plan_cnt: 3
INFO [ParseReceivedData][1840] xybounds: xmin: -8  xmax: 4  ymin: -4  ymax: 8
INFO [ParseReceivedData][1841] radarnums: 0  sidenums:0
INFO [ParseReceivedData][1842] endpos_correct_flag: 0
INFO [ParseReceivedData][1875] oblslot[6]: -0.579, 1.316
INFO [ParseReceivedData][1875] oblslot[6]: -0.579, 0.316
INFO [ParseReceivedData][1875] oblslot[6]: 4.960, 0.316
INFO [ParseReceivedData][1875] oblslot[6]: 4.960, -3.804
INFO [ParseReceivedData][1875] oblslot[6]: 0.693, -3.804
INFO [ParseReceivedData][1875] oblslot[6]: 0.693, -4.304
INFO [ParseReceivedData][1990] slot_type: 2
INFO [ParseReceivedData][1991] target_dir: 0
INFO [ParseReceivedData][1992] start: 3.696 -1.357 3.124
INFO [ParseReceivedData][1993] end: -0.500 -1.551 3.236
INFO [KeyNodeCheckValid][1105] false rs start
INFO [HybridAStarPlan][2220] -------------------0-------------------
INFO [GenerateDpMap][194] map explored node: 2115
INFO [Plan][681] map time: 47ms
INFO [Plan][746] explored_node_num:0
INFO [Plan][747] heuristic time is 0.000ms.
INFO [Plan][748] reed shepp time is 0.141ms.
INFO [Plan][749] total time: 48ms
INFO [Plan][753] false1
INFO [HybridAStarPlan][2243] 2_result: 0   (0)
INFO [HybridAStarPlan][2304] path cal fail
