Received data from command line argument, length: 887
<<<<<<<<<<<<<<<<  ID: 5b46356b6f96  <<<<<<<<<<<<<<<<
INFO [ParseReceivedData][1838] plan_cnt: 1
INFO [ParseReceivedData][1840] xybounds: xmin: -8  xmax: 4  ymin: -4  ymax: 8
INFO [ParseReceivedData][1841] radarnums: 0  sidenums:0
INFO [ParseReceivedData][1842] endpos_correct_flag: 0
INFO [ParseReceivedData][1875] oblslot[6]: -0.986, 1.499
INFO [ParseReceivedData][1875] oblslot[6]: -0.986, 0.499
INFO [ParseReceivedData][1875] oblslot[6]: 4.960, 0.499
INFO [ParseReceivedData][1875] oblslot[6]: 4.960, -3.671
INFO [ParseReceivedData][1875] oblslot[6]: 0.839, -3.671
INFO [ParseReceivedData][1875] oblslot[6]: 0.839, -4.171
INFO [ParseReceivedData][1990] slot_type: 2
INFO [ParseReceivedData][1991] target_dir: 0
INFO [ParseReceivedData][1992] start: 3.697 -1.218 3.137
INFO [ParseReceivedData][1993] end: -0.491 -1.247 3.109
INFO [KeyNodeCheckValid][1105] false rs start
INFO [HybridAStarPlan][2220] -------------------0-------------------
INFO [GenerateDpMap][194] map explored node: 2115
INFO [Plan][681] map time: 45ms
INFO [Plan][746] explored_node_num:0
INFO [Plan][747] heuristic time is 0.000ms.
INFO [Plan][748] reed shepp time is 0.180ms.
INFO [Plan][749] total time: 45ms
INFO [Plan][753] false1
INFO [HybridAStarPlan][2243] 2_result: 0   (0)
INFO [HybridAStarPlan][2304] path cal fail
