Received data from command line argument, length: 954
<<<<<<<<<<<<<<<<  ID: c56e8041d592  <<<<<<<<<<<<<<<<
INFO [ParseReceivedData][1838] plan_cnt: 1
INFO [ParseReceivedData][1840] xybounds: xmin: -5  xmax: 2  ymin: -7  ymax: 7
INFO [ParseReceivedData][1841] radarnums: 3  sidenums:0
INFO [ParseReceivedData][1842] endpos_correct_flag: 0
INFO [ParseReceivedData][1875] oblslot[6]: -0.100, 4.800
INFO [ParseReceivedData][1875] oblslot[6]: -0.100, 2.800
INFO [ParseReceivedData][1875] oblslot[6]: 2.658, 2.800
INFO [ParseReceivedData][1875] oblslot[6]: 2.580, -6.270
INFO [ParseReceivedData][1875] oblslot[6]: 0.200, -6.270
INFO [ParseReceivedData][1875] oblslot[6]: 0.200, -8.270
INFO [ParseReceivedData][1889] oblradar[3]: 2.040, -6.698
INFO [ParseReceivedData][1889] oblradar[3]: 1.259, -6.625
INFO [ParseReceivedData][1889] oblradar[3]: 0.406, -6.517
INFO [ParseReceivedData][1990] slot_type: 1
INFO [ParseReceivedData][1991] target_dir: 3
INFO [ParseReceivedData][1992] start: 1.249 -4.761 1.557
INFO [ParseReceivedData][1993] end: 1.084 -4.912 1.875
INFO [HybridAStarPlan][2164] 0_start: 1.2490 -4.7613 1.5574
INFO [OneNodeCheckValid][1070] false start
INFO [OneNodeCheckValid][1070] false start
INFO [HybridAStarPlan][2212] 1_start: 1.2485 -4.7950 1.5574
INFO [KeyNodeCheckValid][1105] false rs start
INFO [HybridAStarPlan][2220] -------------------0-------------------
INFO [GenerateDpMap][194] map explored node: 1175
INFO [Plan][681] map time: 21ms
INFO [Plan][746] explored_node_num:0
INFO [Plan][747] heuristic time is 0.0000ms.
INFO [Plan][748] reed shepp time is 0.1030ms.
INFO [Plan][749] total time: 22ms
INFO [Plan][753] false1
INFO [HybridAStarPlan][2243] 2_result: 0   (0)
INFO [HybridAStarPlan][2304] path cal fail
