ID: bc691367e765
# ATTACK_TYPE: bounds_shrink
LinePtNum: 3
LinePtCoord: 1647, 5383
LinePtCoord: 1683, 3940
LinePtCoord: 1458, 3226
LinePtNum: 4
LinePtCoord: 962, 4160
LinePtCoord: 1238, 595
LinePtCoord: 3668, 629
LinePtCoord: 4815, 546
LinePtNum: 4
LinePtCoord: 5015, -3726
LinePtCoord: 881, -3289
LinePtCoord: 703, -4523
LinePtCoord: 720, -4669
LinePtNum: 4
LinePtCoord: 5644, -6887
LinePtCoord: 4999, -8029
LinePtCoord: 5738, -9739
LinePtCoord: 5575, -10000
LinePtNum: 3
LinePtCoord: -7740, -9213
LinePtCoord: -7458, -6774
LinePtCoord: -7561, -6250
plan_cnt: 0
xybounds: -8, 4, -4, 8
radarnums: 0  sidenums: 0
endpos_correct_flag: 0
real_obl: 0, 0
expand_obl: 0, 0
oblslot: 0.200, 1.200
oblslot: 0.200, 0.200
oblslot: 4.960, 0.200
oblslot: 4.960, -3.888
oblslot: 0.073, -3.888
oblslot: 0.073, -4.388
slot_type: 2
target_dir: 0
start: 3.1970, -1.1560, 3.1416
end: -2.1964, -2.6515, 1.6089
ID_FINISHED
