ID: 3d1b443b872b
# ATTACK_TYPE: bounds_shrink
LinePtNum: 3
LinePtCoord: 5544, 3180
LinePtCoord: 4244, 4871
LinePtCoord: 4458, 6000
LinePtNum: 5
LinePtCoord: 4564, -10000
LinePtCoord: 4101, -6739
LinePtCoord: 4769, -6802
LinePtCoord: 3872, -5443
LinePtCoord: 3868, -5139
LinePtNum: 5
LinePtCoord: 4422, 2754
LinePtCoord: 5095, 3522
LinePtCoord: 4146, 3295
LinePtCoord: 4835, 5832
LinePtCoord: 4909, 6000
plan_cnt: 0
xybounds: -8, 4, -5, 8
radarnums: 0  sidenums: 0
endpos_correct_flag: 0
real_obl: 0, 0
expand_obl: 0, 0
oblslot: 0.200, 3.300
oblslot: 0.200, 2.300
oblslot: 4.960, 2.300
oblslot: 4.960, -4.642
oblslot: 0.200, -4.642
oblslot: 0.200, -5.142
slot_type: 2
target_dir: 0
start: 2.9975, -1.0700, 3.1416
end: -2.1220, -3.2900, 1.5200
ID_FINISHED
