ID: 6a1222e52df2
# ATTACK_TYPE: bounds_shrink
LinePtNum: 4
LinePtCoord: 2624, 4055
LinePtCoord: 227, 1837
LinePtCoord: 673, 1463
LinePtCoord: 740, 1208
LinePtNum: 5
LinePtCoord: 30, 918
LinePtCoord: 150, 415
LinePtCoord: 2102, 1560
LinePtCoord: 3059, 942
LinePtCoord: 4769, 1024
LinePtNum: 5
LinePtCoord: 3625, -3949
LinePtCoord: 1993, -3535
LinePtCoord: 2512, -4631
LinePtCoord: 1652, -4490
LinePtCoord: 1674, -5013
LinePtNum: 2
LinePtCoord: 1535, -4867
LinePtCoord: 1787, -5014
LinePtNum: 3
LinePtCoord: 4484, -8174
LinePtCoord: 4461, -8248
LinePtCoord: 4236, -8172
LinePtNum: 3
LinePtCoord: 2424, -8158
LinePtCoord: 2282, -9319
LinePtCoord: 2627, -10000
LinePtNum: 3
LinePtCoord: -5143, -8396
LinePtCoord: -6686, -6220
LinePtCoord: -6836, -6021
plan_cnt: 6
xybounds: -8, 4, -4, 8
radarnums: 0  sidenums: 0
endpos_correct_flag: 0
real_obl: 0, 0
expand_obl: 0, 0
oblslot: -0.663, 1.127
oblslot: -0.663, 0.127
oblslot: 4.960, 0.127
oblslot: 4.960, -3.070
oblslot: 1.340, -3.070
oblslot: 1.340, -3.570
slot_type: 2
target_dir: 1
start: 3.1938, -1.3167, 3.1060
end: -2.1071, -1.3762, 3.1245
ID_FINISHED
