ID: bc105394c992
# ATTACK_TYPE: bounds_shrink
LinePtNum: 3
LinePtCoord: -2678, 3889
LinePtCoord: -2335, 3487
LinePtCoord: -2071, 3766
LinePtNum: 5
LinePtCoord: -27, 3915
LinePtCoord: -329, 2311
LinePtCoord: -268, 1099
LinePtCoord: 28, 775
LinePtCoord: 582, 803
LinePtNum: 2
LinePtCoord: 2092, 1863
LinePtCoord: 2380, 861
LinePtNum: 1
LinePtCoord: 1519, -3887
LinePtNum: 1
LinePtCoord: 879, -3674
LinePtNum: 3
LinePtCoord: 4439, -8596
LinePtCoord: 1423, -8840
LinePtCoord: 741, -85858
LinePtNum: 3
LinePtCoord: -4251, -6874
LinePtCoord: -4504, -6661
LinePtCoord: -4855, -6682
LinePtNum: 1
LinePtCoord: 2661, -8174
plan_cnt: 3
xybounds: -8, 4, -4, 8
radarnums: 0  sidenums: 0
endpos_correct_flag: 0
real_obl: 0, 0
expand_obl: 0, 0
oblslot: -1.043, 1.737
oblslot: -1.043, 0.737
oblslot: 4.960, 0.737
oblslot: 4.960, -3.612
oblslot: 1.506, -3.612
oblslot: 1.506, -4.112
slot_type: 2
target_dir: 0
start: 3.6968, -1.0841, 3.1465
end: -0.4957, -1.1144, 3.0885
ID_FINISHED
