ID: 16dba8122956
# ATTACK_TYPE: bounds_shrink
LinePtNum: 3
LinePtCoord: -6712, -2233
LinePtCoord: -6982, -2034
LinePtCoord: -6986, -1660
LinePtNum: 3
LinePtCoord: -3824, 6000
LinePtCoord: -3606, 5697
LinePtCoord: -3523, 6000
LinePtNum: 3
LinePtCoord: -1581, 940
LinePtCoord: -1122, 414
LinePtCoord: 380, 846
LinePtNum: 2
LinePtCoord: 5973, -3158
LinePtCoord: 5973, -3158
LinePtNum: 4
LinePtCoord: 3624, -3982
LinePtCoord: 2783, -3822
LinePtCoord: 3371, -5312
LinePtCoord: 3188, -6138
LinePtNum: 4
LinePtCoord: 2356, -4745
LinePtCoord: 4674, -6791
LinePtCoord: 1944, -5774
LinePtCoord: 3175, -7340
plan_cnt: 2
xybounds: -8, 4, -4, 8
radarnums: 0  sidenums: 0
endpos_correct_flag: 0
real_obl: 0, 0
expand_obl: 0, 0
oblslot: -1.162, 1.194
oblslot: -1.162, 0.194
oblslot: 4.960, 0.194
oblslot: 4.960, -5.416
oblslot: -1.444, -5.416
oblslot: -1.444, -5.916
slot_type: 2
target_dir: 0
start: 3.6965, -1.2578, 3.1457
end: -0.4959, -1.1709, 3.0710
ID_FINISHED
