ID: 32bc9c6922c0
# ATTACK_TYPE: bounds_shrink
LinePtNum: 2
LinePtCoord: -6461, -2394
LinePtCoord: -6964, -2025
LinePtNum: 2
LinePtCoord: -1535, 579
LinePtCoord: -1073, 465
LinePtNum: 3
LinePtCoord: 3233, 6000
LinePtCoord: 5173, 3811
LinePtCoord: 5642, 3501
LinePtNum: 4
LinePtCoord: 3003, -6433
LinePtCoord: 2479, -6553
LinePtCoord: 2500, -6768
LinePtCoord: 2726, -7203
LinePtNum: 3
LinePtCoord: -2820, -9680
LinePtCoord: -3117, -9084
LinePtCoord: -3198, -9096
LinePtNum: 2
LinePtCoord: -7458, -2241
LinePtCoord: -7113, -2080
plan_cnt: 0
xybounds: -10, 4, -8, 8
radarnums: 0  sidenums: 0
endpos_correct_flag: 0
real_obl: 0, 0
expand_obl: 0, 0
oblslot: -1.000, 1.200
oblslot: -1.000, 0.200
oblslot: 4.960, 0.200
oblslot: 4.960, -3.471
oblslot: 1.500, -3.471
oblslot: 1.500, -3.971
slot_type: 2
target_dir: 0
start: 3.1970, -1.2350, 3.1416
end: 0.0374, -6.8585, 2.0712
ID_FINISHED
