ID: 5046e23a9f1f
# ATTACK_TYPE: bounds_shrink
LinePtNum: 2
LinePtCoord: -2592, 2547
LinePtCoord: -2592, 2547
LinePtNum: 2
LinePtCoord: -272, 2674
LinePtCoord: 338, 2545
LinePtNum: 6
LinePtCoord: -881, 6000
LinePtCoord: -488, 634
LinePtCoord: 1273, 1439
LinePtCoord: 2016, 421
LinePtCoord: 5539, 2203
LinePtCoord: 5208, 1370
LinePtNum: 3
LinePtCoord: 1073, -3515
LinePtCoord: 884, -3966
LinePtCoord: 1008, -4187
LinePtNum: 2
LinePtCoord: 4968, -9437
LinePtCoord: 5283, -10000
LinePtNum: 3
LinePtCoord: -4332, -6950
LinePtCoord: -4559, -6555
LinePtCoord: -4633, -6435
plan_cnt: 0
xybounds: -10, 4, -7, 8
radarnums: 0  sidenums: 0
endpos_correct_flag: 0
real_obl: 0, 0
expand_obl: 0, 0
oblslot: -1.000, 1.200
oblslot: -1.000, 0.200
oblslot: 4.960, 0.200
oblslot: 4.960, -2.679
oblslot: 0.200, -2.679
oblslot: 0.200, -3.179
slot_type: 2
target_dir: 0
start: 3.1970, -1.2390, 3.1416
end: -1.5718, -5.2249, 2.0009
ID_FINISHED
