Received data from command line argument, length: 813
<<<<<<<<<<<<<<<<  ID: b6eb9252bf4c  <<<<<<<<<<<<<<<<
INFO [ParseReceivedData][1838] plan_cnt: 2
INFO [ParseReceivedData][1840] xybounds: xmin: -9  xmax: 5  ymin: -5  ymax: 9
INFO [ParseReceivedData][1841] radarnums: 0  sidenums:0
INFO [ParseReceivedData][1842] endpos_correct_flag: 0
INFO [ParseReceivedData][1875] oblslot[6]: 3.005, 2.285
INFO [ParseReceivedData][1875] oblslot[6]: 3.005, 1.285
INFO [ParseReceivedData][1875] oblslot[6]: 4.960, 1.285
INFO [ParseReceivedData][1875] oblslot[6]: 4.960, -2.641
INFO [ParseReceivedData][1875] oblslot[6]: 0.771, -2.641
INFO [ParseReceivedData][1875] oblslot[6]: 0.771, -3.141
INFO [ParseReceivedData][1990] slot_type: 2
INFO [ParseReceivedData][1991] target_dir: 0
INFO [ParseReceivedData][1992] start: 3.497 -1.113 3.136
INFO [ParseReceivedData][1993] end: 1.643 -1.185 3.061
INFO [HybridAStarPlan][2220] -------------------1-------------------
INFO [RSCurveQuickCalTraj][1197] RS cal time: 0.856ms
INFO [HybridAStarPlan][2231] 1_result: 1   (15)
INFO [HybridAStarPlan][2298] path send success 16
INFO [HybridAStarPlan][2315] traj: [0]	 x:3.497	 y:-1.113	 phi:179.663
INFO [HybridAStarPlan][2315] traj: [1]	 x:3.198	 y:-1.113	 phi:-179.622
INFO [HybridAStarPlan][2315] traj: [2]	 x:2.898	 y:-1.117	 phi:-179.321
INFO [HybridAStarPlan][2315] traj: [3]	 x:2.598	 y:-1.120	 phi:-179.321
INFO [HybridAStarPlan][2315] traj: [4]	 x:2.298	 y:-1.124	 phi:-179.321
INFO [HybridAStarPlan][2315] traj: [5]	 x:1.998	 y:-1.127	 phi:-179.321
INFO [HybridAStarPlan][2315] traj: [6]	 x:1.698	 y:-1.131	 phi:-179.321
INFO [HybridAStarPlan][2315] traj: [7]	 x:1.398	 y:-1.133	 phi:-179.820
INFO [HybridAStarPlan][2315] traj: [8]	 x:1.098	 y:-1.132	 phi:179.464
INFO [HybridAStarPlan][2315] traj: [9]	 x:0.798	 y:-1.128	 phi:178.749
INFO [HybridAStarPlan][2315] traj: [10]	 x:0.498	 y:-1.119	 phi:178.034
INFO [HybridAStarPlan][2315] traj: [11]	 x:0.798	 y:-1.131	 phi:177.336
INFO [HybridAStarPlan][2315] traj: [12]	 x:1.098	 y:-1.147	 phi:176.638
INFO [HybridAStarPlan][2315] traj: [13]	 x:1.397	 y:-1.167	 phi:175.940
INFO [HybridAStarPlan][2315] traj: [14]	 x:1.643	 y:-1.185	 phi:175.365

