Received data from command line argument, length: 741
<<<<<<<<<<<<<<<<  ID: eca2d53da9aa  <<<<<<<<<<<<<<<<
INFO [ParseReceivedData][1838] plan_cnt: 5
INFO [ParseReceivedData][1840] xybounds: xmin: -9  xmax: 5  ymin: -5  ymax: 9
INFO [ParseReceivedData][1841] radarnums: 0  sidenums:0
INFO [ParseReceivedData][1842] endpos_correct_flag: 0
INFO [ParseReceivedData][1875] oblslot[6]: 2.942, 1.999
INFO [ParseReceivedData][1875] oblslot[6]: 2.942, 0.999
INFO [ParseReceivedData][1875] oblslot[6]: 4.960, 0.999
INFO [ParseReceivedData][1875] oblslot[6]: 4.960, -2.506
INFO [ParseReceivedData][1875] oblslot[6]: 0.771, -2.506
INFO [ParseReceivedData][1875] oblslot[6]: 0.771, -3.006
INFO [ParseReceivedData][1990] slot_type: 2
INFO [ParseReceivedData][1991] target_dir: 0
INFO [ParseReceivedData][1992] start: 3.495 -1.122 3.138
INFO [ParseReceivedData][1993] end: -0.493 -1.087 3.151
INFO [HybridAStarPlan][2220] -------------------1-------------------
INFO [RSCurveQuickCalTraj][1197] RS cal time: 1.088ms
INFO [HybridAStarPlan][2231] 1_result: 1   (15)
INFO [HybridAStarPlan][2298] path send success 15
INFO [HybridAStarPlan][2315] traj: [0]	 x:3.495	 y:-1.122	 phi:179.766
INFO [HybridAStarPlan][2315] traj: [1]	 x:3.195	 y:-1.120	 phi:179.410
INFO [HybridAStarPlan][2315] traj: [2]	 x:2.895	 y:-1.117	 phi:179.410
INFO [HybridAStarPlan][2315] traj: [3]	 x:2.595	 y:-1.114	 phi:179.410
INFO [HybridAStarPlan][2315] traj: [4]	 x:2.295	 y:-1.111	 phi:179.410
INFO [HybridAStarPlan][2315] traj: [5]	 x:1.995	 y:-1.107	 phi:179.410
INFO [HybridAStarPlan][2315] traj: [6]	 x:1.695	 y:-1.104	 phi:179.410
INFO [HybridAStarPlan][2315] traj: [7]	 x:1.395	 y:-1.101	 phi:179.410
INFO [HybridAStarPlan][2315] traj: [8]	 x:1.095	 y:-1.098	 phi:179.410
INFO [HybridAStarPlan][2315] traj: [9]	 x:0.795	 y:-1.095	 phi:179.410
INFO [HybridAStarPlan][2315] traj: [10]	 x:0.495	 y:-1.092	 phi:179.410
INFO [HybridAStarPlan][2315] traj: [11]	 x:0.195	 y:-1.089	 phi:179.410
INFO [HybridAStarPlan][2315] traj: [12]	 x:-0.105	 y:-1.086	 phi:179.641
INFO [HybridAStarPlan][2315] traj: [13]	 x:-0.405	 y:-1.086	 phi:-179.662
INFO [HybridAStarPlan][2315] traj: [14]	 x:-0.493	 y:-1.087	 phi:-179.455

