Received data from command line argument, length: 1443
<<<<<<<<<<<<<<<<  ID: 33523fdb3a5c  <<<<<<<<<<<<<<<<
INFO [ParseReceivedData][1838] plan_cnt: 1
INFO [ParseReceivedData][1840] xybounds: xmin: -9  xmax: 5  ymin: -5  ymax: 9
INFO [ParseReceivedData][1841] radarnums: 0  sidenums:0
INFO [ParseReceivedData][1842] endpos_correct_flag: 0
INFO [ParseReceivedData][1875] oblslot[6]: 0.009, 2.732
INFO [ParseReceivedData][1875] oblslot[6]: 0.009, 1.732
INFO [ParseReceivedData][1875] oblslot[6]: 4.960, 1.702
INFO [ParseReceivedData][1875] oblslot[6]: 4.960, -2.793
INFO [ParseReceivedData][1875] oblslot[6]: 0.477, -2.793
INFO [ParseReceivedData][1875] oblslot[6]: 0.477, -3.293
INFO [ParseReceivedData][1990] slot_type: 2
INFO [ParseReceivedData][1991] target_dir: 0
INFO [ParseReceivedData][1992] start: 3.498 -1.021 3.135
INFO [ParseReceivedData][1993] end: 0.571 -1.132 3.154
INFO [HybridAStarPlan][2220] -------------------1-------------------
INFO [RSCurveQuickCalTraj][1197] RS cal time: 1.295ms
INFO [HybridAStarPlan][2231] 1_result: 1   (11)
INFO [HybridAStarPlan][2298] path send success 11
INFO [HybridAStarPlan][2315] traj: [0]	 x:3.498	 y:-1.021	 phi:179.640
INFO [HybridAStarPlan][2315] traj: [1]	 x:3.198	 y:-1.022	 phi:-179.288
INFO [HybridAStarPlan][2315] traj: [2]	 x:2.898	 y:-1.028	 phi:-178.215
INFO [HybridAStarPlan][2315] traj: [3]	 x:2.599	 y:-1.040	 phi:-177.142
INFO [HybridAStarPlan][2315] traj: [4]	 x:2.299	 y:-1.056	 phi:-177.076
INFO [HybridAStarPlan][2315] traj: [5]	 x:1.999	 y:-1.071	 phi:-177.076
INFO [HybridAStarPlan][2315] traj: [6]	 x:1.700	 y:-1.086	 phi:-177.076
INFO [HybridAStarPlan][2315] traj: [7]	 x:1.400	 y:-1.102	 phi:-177.076
INFO [HybridAStarPlan][2315] traj: [8]	 x:1.101	 y:-1.117	 phi:-177.395
INFO [HybridAStarPlan][2315] traj: [9]	 x:0.801	 y:-1.128	 phi:-178.467
INFO [HybridAStarPlan][2315] traj: [10]	 x:0.571	 y:-1.132	 phi:-179.289

