Received data from command line argument, length: 882
<<<<<<<<<<<<<<<<  ID: b722c25837eb  <<<<<<<<<<<<<<<<
INFO [ParseReceivedData][1838] plan_cnt: 1
INFO [ParseReceivedData][1840] xybounds: xmin: -9  xmax: 5  ymin: -5  ymax: 9
INFO [ParseReceivedData][1841] radarnums: 0  sidenums:0
INFO [ParseReceivedData][1842] endpos_correct_flag: 0
INFO [ParseReceivedData][1875] oblslot[6]: -1.378, 1.906
INFO [ParseReceivedData][1875] oblslot[6]: -1.378, 0.906
INFO [ParseReceivedData][1875] oblslot[6]: 4.960, 0.906
INFO [ParseReceivedData][1875] oblslot[6]: 4.960, -5.462
INFO [ParseReceivedData][1875] oblslot[6]: 0.639, -5.462
INFO [ParseReceivedData][1875] oblslot[6]: 0.639, -5.962
INFO [ParseReceivedData][1990] slot_type: 2
INFO [ParseReceivedData][1991] target_dir: 0
INFO [ParseReceivedData][1992] start: 3.697 -1.112 3.138
INFO [ParseReceivedData][1993] end: -0.497 -1.186 3.025
INFO [HybridAStarPlan][2220] -------------------1-------------------
INFO [RSCurveQuickCalTraj][1197] RS cal time: 1.161ms
INFO [HybridAStarPlan][2231] 1_result: 1   (16)
INFO [HybridAStarPlan][2298] path send success 16
INFO [HybridAStarPlan][2315] traj: [0]	 x:3.697	 y:-1.112	 phi:179.777
INFO [HybridAStarPlan][2315] traj: [1]	 x:3.397	 y:-1.115	 phi:-178.605
INFO [HybridAStarPlan][2315] traj: [2]	 x:3.098	 y:-1.127	 phi:-176.987
INFO [HybridAStarPlan][2315] traj: [3]	 x:2.798	 y:-1.145	 phi:-176.259
INFO [HybridAStarPlan][2315] traj: [4]	 x:2.499	 y:-1.165	 phi:-176.259
INFO [HybridAStarPlan][2315] traj: [5]	 x:2.200	 y:-1.185	 phi:-176.259
INFO [HybridAStarPlan][2315] traj: [6]	 x:1.900	 y:-1.204	 phi:-176.259
INFO [HybridAStarPlan][2315] traj: [7]	 x:1.601	 y:-1.224	 phi:-176.259
INFO [HybridAStarPlan][2315] traj: [8]	 x:1.301	 y:-1.243	 phi:-176.951
INFO [HybridAStarPlan][2315] traj: [9]	 x:1.002	 y:-1.254	 phi:-178.570
INFO [HybridAStarPlan][2315] traj: [10]	 x:0.702	 y:-1.258	 phi:179.812
INFO [HybridAStarPlan][2315] traj: [11]	 x:0.402	 y:-1.252	 phi:178.194
INFO [HybridAStarPlan][2315] traj: [12]	 x:0.102	 y:-1.239	 phi:176.576
INFO [HybridAStarPlan][2315] traj: [13]	 x:-0.197	 y:-1.216	 phi:174.957
INFO [HybridAStarPlan][2315] traj: [14]	 x:-0.496	 y:-1.186	 phi:173.339
INFO [HybridAStarPlan][2315] traj: [15]	 x:-0.497	 y:-1.186	 phi:173.331

