Received data from command line argument, length: 507
<<<<<<<<<<<<<<<<  ID: 1485293d7743  <<<<<<<<<<<<<<<<
INFO [ParseReceivedData][1838] plan_cnt: 1
INFO [ParseReceivedData][1840] xybounds: xmin: -9  xmax: 5  ymin: -5  ymax: 9
INFO [ParseReceivedData][1841] radarnums: 0  sidenums:0
INFO [ParseReceivedData][1842] endpos_correct_flag: 0
INFO [ParseReceivedData][1875] oblslot[6]: -1.362, 1.343
INFO [ParseReceivedData][1875] oblslot[6]: -1.362, 0.343
INFO [ParseReceivedData][1875] oblslot[6]: 4.960, 0.343
INFO [ParseReceivedData][1875] oblslot[6]: 4.960, -3.389
INFO [ParseReceivedData][1875] oblslot[6]: 1.506, -3.389
INFO [ParseReceivedData][1875] oblslot[6]: 1.506, -3.889
INFO [ParseReceivedData][1990] slot_type: 2
INFO [ParseReceivedData][1991] target_dir: 0
INFO [ParseReceivedData][1992] start: 3.696 -1.133 3.147
INFO [ParseReceivedData][1993] end: -0.350 -1.189 2.993
INFO [HybridAStarPlan][2220] -------------------1-------------------
INFO [RSCurveQuickCalTraj][1197] RS cal time: 1.321ms
INFO [HybridAStarPlan][2231] 1_result: 1   (15)
INFO [HybridAStarPlan][2298] path send success 15
INFO [HybridAStarPlan][2315] traj: [0]	 x:3.696	 y:-1.133	 phi:-179.702
INFO [HybridAStarPlan][2315] traj: [1]	 x:3.396	 y:-1.141	 phi:-177.621
INFO [HybridAStarPlan][2315] traj: [2]	 x:3.097	 y:-1.153	 phi:-177.621
INFO [HybridAStarPlan][2315] traj: [3]	 x:2.797	 y:-1.166	 phi:-177.621
INFO [HybridAStarPlan][2315] traj: [4]	 x:2.497	 y:-1.178	 phi:-177.621
INFO [HybridAStarPlan][2315] traj: [5]	 x:2.197	 y:-1.191	 phi:-177.621
INFO [HybridAStarPlan][2315] traj: [6]	 x:1.898	 y:-1.203	 phi:-177.621
INFO [HybridAStarPlan][2315] traj: [7]	 x:1.598	 y:-1.216	 phi:-177.621
INFO [HybridAStarPlan][2315] traj: [8]	 x:1.298	 y:-1.228	 phi:-177.621
INFO [HybridAStarPlan][2315] traj: [9]	 x:0.999	 y:-1.241	 phi:-177.621
INFO [HybridAStarPlan][2315] traj: [10]	 x:0.699	 y:-1.252	 phi:-178.484
INFO [HybridAStarPlan][2315] traj: [11]	 x:0.399	 y:-1.253	 phi:178.662
INFO [HybridAStarPlan][2315] traj: [12]	 x:0.099	 y:-1.238	 phi:175.808
INFO [HybridAStarPlan][2315] traj: [13]	 x:-0.199	 y:-1.209	 phi:172.953
INFO [HybridAStarPlan][2315] traj: [14]	 x:-0.350	 y:-1.189	 phi:171.509

