ID: fbff7bcd26de
LinePtNum: 2
LinePtCoord: -7916, 567
LinePtCoord: -7916, 567
LinePtNum: 2
LinePtCoord: -7555, 4473
LinePtCoord: -7555, 4473
LinePtNum: 2
LinePtCoord: 5715, 1150
LinePtCoord: 2116, -221
LinePtNum: 2
LinePtCoord: 5245, -1059
LinePtCoord: 5245, -1059
LinePtNum: 3
LinePtCoord: 1715, -5499
LinePtCoord: 1572, -6983
LinePtCoord: 1616, -10000
LinePtNum: 3
LinePtCoord: -7997, -8183
LinePtCoord: -7051, -6050
LinePtCoord: -7740, -5954
plan_cnt: 1
xybounds: -6, 3, -8, 8
radarnums: 0  sidenums: 0
endpos_correct_flag: 0
real_obl: 0, 0
expand_obl: 0, 0
oblslot: -0.100, 3.200
oblslot: -0.100, 1.200
oblslot: 1.816, 1.200
oblslot: 1.816, -6.400
oblslot: 0.200, -6.400
oblslot: 0.200, -8.400
slot_type: 1
target_dir: 3
start: 0.5330, -4.4260, 1.5708
end: 0.1538, -3.0367, 2.0817
ID_FINISHED
