ID: 6dd1dd0db604
LinePtNum: 2
LinePtCoord: -7976, 285
LinePtCoord: -7976, 285
LinePtNum: 3
LinePtCoord: -2928, 3733
LinePtCoord: -2589, 3624
LinePtCoord: -2330, 3346
LinePtNum: 2
LinePtCoord: -1072, 2775
LinePtCoord: -1072, 2775
LinePtNum: 4
LinePtCoord: -249, 3040
LinePtCoord: -123, 388
LinePtCoord: 1966, 480
LinePtCoord: 2603, 336
LinePtNum: 3
LinePtCoord: 1344, -3520
LinePtCoord: 966, -3930
LinePtCoord: 1035, -4088
LinePtNum: 2
LinePtCoord: 3270, -9912
LinePtCoord: 3270, -9912
LinePtNum: 6
LinePtCoord: -4330, -7256
LinePtCoord: -4978, -6029
LinePtCoord: -5606, -7182
LinePtCoord: -5729, -5187
LinePtCoord: -6269, -4683
LinePtCoord: -6281, -4686
plan_cnt: 0
xybounds: -11, 5, -5, 9
radarnums: 0  sidenums: 0
endpos_correct_flag: 0
real_obl: 0, 0
expand_obl: 0, 0
oblslot: -1.000, 1.468
oblslot: -1.000, 0.468
oblslot: 4.960, 0.147
oblslot: 4.960, -2.710
oblslot: 1.500, -2.710
oblslot: 1.500, -3.210
slot_type: 2
target_dir: 20
start: 3.1970, -1.2540, 3.1416
end: -2.0368, -2.8464, 2.0769
ID_FINISHED
