ID: f74578e3b2e9
LinePtNum: 4
LinePtCoord: -2103, 4301
LinePtCoord: -2766, 3276
LinePtCoord: -2028, 3171
LinePtCoord: 1844, 4298
LinePtNum: 4
LinePtCoord: 1503, 2828
LinePtCoord: 3248, 2657
LinePtCoord: 781, 1664
LinePtCoord: -23, 1346
LinePtNum: 3
LinePtCoord: 1132, 1959
LinePtCoord: 218, 671
LinePtCoord: 1214, 484
LinePtNum: 3
LinePtCoord: -3407, -9641
LinePtCoord: -6138, -4775
LinePtCoord: -6250, -4670
LinePtNum: 3
LinePtCoord: -7068, -5104
LinePtCoord: -7457, -5706
LinePtCoord: -7773, -5548
plan_cnt: 1
xybounds: -9, 5, -5, 9
radarnums: 2  sidenums: 0
endpos_correct_flag: 0
real_obl: 0, 0
expand_obl: 0, 0
oblslot: -0.952, 1.517
oblslot: -0.952, 0.517
oblslot: 4.960, 0.517
oblslot: 4.960, -3.510
oblslot: 1.500, -3.510
oblslot: 1.500, -4.010
oblradar: -8.854, 1.325
oblradar: -8.854, 1.325
slot_type: 2
target_dir: 1
start: 3.1970, -1.2540, 3.1416
end: -4.4094, -0.2321, 2.5322
ID_FINISHED
