ID: 2eec58a9dd54
LinePtNum: 3
LinePtCoord: 2997, 6000
LinePtCoord: 4550, -1160
LinePtCoord: 4269, -1554
LinePtNum: 2
LinePtCoord: 2849, 374
LinePtCoord: 2888, 300
LinePtNum: 2
LinePtCoord: 3057, -3439
LinePtCoord: 3180, -4029
LinePtNum: 2
LinePtCoord: -5136, -1789
LinePtCoord: -5682, -1646
LinePtNum: 3
LinePtCoord: -4537, -1005
LinePtCoord: -5027, -1391
LinePtCoord: -5676, -2565
plan_cnt: 1
xybounds: -6, 3, -8, 8
radarnums: 3  sidenums: 0
endpos_correct_flag: 0
real_obl: 0, 0
expand_obl: 0, 0
oblslot: -0.100, 3.200
oblslot: -0.100, 1.200
oblslot: 2.757, 1.200
oblslot: 2.758, -7.309
oblslot: 0.200, -7.309
oblslot: 0.200, -9.309
oblradar: -2.285, 6.962
oblradar: -3.221, 7.116
oblradar: -4.736, 6.268
slot_type: 1
target_dir: 1
start: 1.2780, -5.0800, 1.5708
end: -2.3588, 2.2204, 1.8302
ID_FINISHED
