ID: be8aebfd0c35
LinePtNum: 2
LinePtCoord: 1163, 2213
LinePtCoord: 1813, 2781
LinePtNum: 3
LinePtCoord: 51, 2548
LinePtCoord: -209, 2758
LinePtCoord: 203, 3877
LinePtNum: 3
LinePtCoord: -6319, 3257
LinePtCoord: -6097, 2718
LinePtCoord: -6083, 2479
LinePtNum: 2
LinePtCoord: -7177, -4984
LinePtCoord: -7177, -4984
LinePtNum: 3
LinePtCoord: -6800, -5490
LinePtCoord: -6199, -5800
LinePtCoord: -6785, -7293
LinePtNum: 3
LinePtCoord: 702, -6037
LinePtCoord: 1265, -5921
LinePtCoord: 1295, -5524
LinePtNum: 4
LinePtCoord: 1155, -5888
LinePtCoord: 579, -2891
LinePtCoord: 750, -2498
LinePtCoord: 787, -2480
LinePtNum: 2
LinePtCoord: 1624, -2481
LinePtCoord: 1624, -2481
LinePtNum: 5
LinePtCoord: 4009, 506
LinePtCoord: 1201, 865
LinePtCoord: 1633, 1824
LinePtCoord: 1071, 1473
LinePtCoord: 1094, 1799
plan_cnt: 0
xybounds: -9, 5, -6, 9
radarnums: 0  sidenums: 0
endpos_correct_flag: 0
real_obl: 0, 0
expand_obl: 0, 0
oblslot: 0.200, 1.200
oblslot: 0.200, 0.200
oblslot: 4.960, 0.200
oblslot: 4.960, -2.380
oblslot: 0.200, -2.380
oblslot: 0.200, -2.880
slot_type: 2
target_dir: 0
start: 3.1970, -1.0890, 3.1416
end: -2.0155, -3.2381, 1.6195
ID_FINISHED
