ID: 8fde32fa0734
LinePtNum: 2
LinePtCoord: 296, 1642
LinePtCoord: 296, 1642
LinePtNum: 2
LinePtCoord: 4132, 5410
LinePtCoord: 4132, 5410
LinePtNum: 2
LinePtCoord: 34, 2314
LinePtCoord: -501, 2411
LinePtNum: 3
LinePtCoord: -6516, -5283
LinePtCoord: -6045, -5515
LinePtCoord: -6146, -5984
LinePtNum: 5
LinePtCoord: 626, -4940
LinePtCoord: 1127, -5067
LinePtCoord: 389, -3047
LinePtCoord: 674, -2587
LinePtCoord: 704, -2522
LinePtNum: 4
LinePtCoord: 5309, 705
LinePtCoord: 931, 578
LinePtCoord: 718, 1973
LinePtCoord: 1063, 3496
plan_cnt: 1
xybounds: -9, 5, -7, 9
radarnums: 0  sidenums: 0
endpos_correct_flag: 0
real_obl: 0, 0
expand_obl: 0, 0
oblslot: 0.200, 1.142
oblslot: 0.200, 0.142
oblslot: 4.960, 0.142
oblslot: 4.960, -2.404
oblslot: 0.200, -2.404
oblslot: 0.200, -2.904
slot_type: 2
target_dir: 3
start: 3.1963, -1.1758, 3.1274
end: -1.7624, -4.6712, 1.8661
ID_FINISHED
