ID: 3d6477aa830c
LinePtNum: 6
LinePtCoord: -7232, -5131
LinePtCoord: -6785, -4646
LinePtCoord: -7097, -8862
LinePtCoord: -5948, -5703
LinePtCoord: -5445, -9970
LinePtCoord: -5424, -10000
LinePtNum: 3
LinePtCoord: -4636, -9479
LinePtCoord: -3330, -9596
LinePtCoord: -2444, -8922
LinePtNum: 4
LinePtCoord: -124, -4910
LinePtCoord: 781, -4998
LinePtCoord: 1361, -3116
LinePtCoord: 1794, -2599
LinePtNum: 2
LinePtCoord: 3410, 1521
LinePtCoord: 4530, 3016
LinePtNum: 5
LinePtCoord: 1538, 337
LinePtCoord: 600, 1951
LinePtCoord: 2662, 2623
LinePtCoord: -277, 2919
LinePtCoord: 84, 3390
plan_cnt: 3
xybounds: -9, 5, -5, 9
radarnums: 2  sidenums: 0
endpos_correct_flag: 0
real_obl: 0, 0
expand_obl: 0, 0
oblslot: 0.622, 1.352
oblslot: 0.622, 0.352
oblslot: 4.960, 0.352
oblslot: 4.960, -2.401
oblslot: 0.200, -2.401
oblslot: 0.200, -2.901
oblradar: -7.302, 2.602
oblradar: -6.450, 2.888
slot_type: 2
target_dir: 1
start: 3.1952, -1.2120, 3.1174
end: -3.6706, -0.6202, 2.4996
ID_FINISHED
