ID: 1c2090bc4101
LinePtNum: 3
LinePtCoord: 117, 2580
LinePtCoord: -64, 2743
LinePtCoord: 36, 3244
LinePtNum: 2
LinePtCoord: -6106, 3131
LinePtCoord: -5938, 2761
LinePtNum: 4
LinePtCoord: -7326, -5267
LinePtCoord: -7804, -6408
LinePtCoord: -6675, -5588
LinePtCoord: -6854, -6501
LinePtNum: 3
LinePtCoord: 2372, -7200
LinePtCoord: 1004, -5640
LinePtCoord: 1424, -5418
LinePtNum: 4
LinePtCoord: 805, -5348
LinePtCoord: 582, -2736
LinePtCoord: 756, -2508
LinePtCoord: 826, -2464
LinePtNum: 2
LinePtCoord: 1765, -2692
LinePtCoord: 1765, -2692
LinePtNum: 2
LinePtCoord: 2139, -2704
LinePtCoord: 2139, -2704
LinePtNum: 2
LinePtCoord: 2288, -2520
LinePtCoord: 2288, -2520
LinePtNum: 2
LinePtCoord: 2738, -2476
LinePtCoord: 2738, -2476
LinePtNum: 2
LinePtCoord: 2759, -2464
LinePtCoord: 2759, -2464
plan_cnt: 0
xybounds: -9, 5, -5, 9
radarnums: 0  sidenums: 0
endpos_correct_flag: 0
real_obl: 0, 0
expand_obl: 0, 0
oblslot: 0.200, 3.300
oblslot: 0.200, 2.300
oblslot: 4.960, 2.300
oblslot: 4.960, -2.217
oblslot: 0.177, -2.217
oblslot: 0.177, -2.717
slot_type: 2
target_dir: 0
start: 3.1970, -0.6850, 3.1416
end: -1.9967, -2.6468, 1.5210
ID_FINISHED
