ID: f72a76038961
LinePtNum: 2
LinePtCoord: 5460, 4499
LinePtCoord: 5460, 4499
LinePtNum: 3
LinePtCoord: -237, 2621
LinePtCoord: -299, 2689
LinePtCoord: -207, 3243
LinePtNum: 2
LinePtCoord: -6206, 3107
LinePtCoord: -7053, 3002
LinePtNum: 2
LinePtCoord: -6138, 2898
LinePtCoord: -6128, 2615
LinePtNum: 2
LinePtCoord: -6617, 2346
LinePtCoord: -6709, 2371
LinePtNum: 2
LinePtCoord: -7065, -5112
LinePtCoord: -7065, -5112
LinePtNum: 3
LinePtCoord: -6783, -5824
LinePtCoord: -6498, -6024
LinePtCoord: -6215, -6146
LinePtNum: 3
LinePtCoord: 1798, -6640
LinePtCoord: 1388, -5841
LinePtCoord: 1394, -5387
LinePtNum: 2
LinePtCoord: 764, -4746
LinePtCoord: 957, -4906
LinePtNum: 2
LinePtCoord: 5174, -9875
LinePtCoord: 5873, -9829
LinePtNum: 2
LinePtCoord: 5589, 2251
LinePtCoord: 5589, 2251
plan_cnt: 0
xybounds: -9, 5, -5, 9
radarnums: 0  sidenums: 0
endpos_correct_flag: 0
real_obl: 0, 0
expand_obl: 0, 0
oblslot: 0.200, 3.300
oblslot: 0.200, 2.300
oblslot: 4.960, 2.300
oblslot: 4.960, -4.494
oblslot: 0.200, -4.494
oblslot: 0.200, -4.994
slot_type: 2
target_dir: 0
start: 3.1970, -0.9960, 3.1416
end: -2.2523, -2.9206, 1.6070
ID_FINISHED
