ID: d6a75be2cd63
LinePtNum: 3
LinePtCoord: -1350, 1118
LinePtCoord: -1283, 327
LinePtCoord: -1218, 299
LinePtNum: 5
LinePtCoord: 4494, -3600
LinePtCoord: 3025, -3931
LinePtCoord: 4383, -6511
LinePtCoord: 2063, -5801
LinePtCoord: 2645, -7554
LinePtNum: 2
LinePtCoord: -2791, -10000
LinePtCoord: -2832, -9935
LinePtNum: 2
LinePtCoord: -4091, -7901
LinePtCoord: -4430, -7172
LinePtNum: 3
LinePtCoord: -6796, -2541
LinePtCoord: -6881, -1928
LinePtCoord: -7088, -1904
plan_cnt: 1
xybounds: -9, 5, -5, 9
radarnums: 0  sidenums: 0
endpos_correct_flag: 0
real_obl: 0, 0
expand_obl: 0, 0
oblslot: -1.424, 1.319
oblslot: -1.424, 0.319
oblslot: 4.960, 0.319
oblslot: 4.960, -2.757
oblslot: 1.523, -2.757
oblslot: 1.523, -3.257
slot_type: 2
target_dir: 1
start: 3.1971, -1.2656, 3.1591
end: -2.9421, -1.3152, 2.2750
ID_FINISHED
