ID: b5e3e33ed1d4
LinePtNum: 2
LinePtCoord: -3293, 3393
LinePtCoord: -3293, 3393
LinePtNum: 3
LinePtCoord: 3813, 6000
LinePtCoord: 4383, 4658
LinePtCoord: 5109, 4400
LinePtNum: 3
LinePtCoord: 3647, 6000
LinePtCoord: 3034, -1612
LinePtCoord: 3029, -1629
LinePtNum: 2
LinePtCoord: 3042, -1915
LinePtCoord: 3042, -1915
LinePtNum: 2
LinePtCoord: 3050, -2030
LinePtCoord: 3050, -2030
LinePtNum: 2
LinePtCoord: 3146, -2143
LinePtCoord: 3146, -2143
LinePtNum: 2
LinePtCoord: 3258, -2284
LinePtCoord: 3258, -2284
LinePtNum: 2
LinePtCoord: 3300, -2409
LinePtCoord: 3300, -2409
LinePtNum: 2
LinePtCoord: 3270, -2521
LinePtCoord: 3270, -2521
LinePtNum: 2
LinePtCoord: 3321, -2677
LinePtCoord: 3321, -2677
LinePtNum: 2
LinePtCoord: 3330, -2810
LinePtCoord: 3330, -2810
LinePtNum: 2
LinePtCoord: 3301, -2932
LinePtCoord: 3301, -2932
LinePtNum: 2
LinePtCoord: 3452, -3188
LinePtCoord: 3452, -3188
LinePtNum: 2
LinePtCoord: 3247, -3187
LinePtCoord: 3247, -3187
LinePtNum: 2
LinePtCoord: 3148, -3278
LinePtCoord: 3148, -3278
LinePtNum: 3
LinePtCoord: 3350, -5217
LinePtCoord: 3068, -5800
LinePtCoord: 3030, -5817
LinePtNum: 3
LinePtCoord: 2846, -6336
LinePtCoord: 2872, -8780
LinePtCoord: 2680, -10000
LinePtNum: 5
LinePtCoord: 1713, -10000
LinePtCoord: 1417, -7940
LinePtCoord: 517, -8378
LinePtCoord: -213, -7988
LinePtCoord: -1188, -9067
LinePtNum: 3
LinePtCoord: -5496, -10000
LinePtCoord: -5230, -9173
LinePtCoord: -6475, -10000
LinePtNum: 2
LinePtCoord: -6717, -8544
LinePtCoord: -6717, -8544
plan_cnt: 1
xybounds: -6, 3, -8, 8
radarnums: 0  sidenums: 0
endpos_correct_flag: 0
real_obl: 0, 0
expand_obl: 0, 0
oblslot: -0.100, 3.272
oblslot: -0.100, 1.272
oblslot: 2.640, 1.272
oblslot: 2.501, -6.224
oblslot: 0.218, -6.224
oblslot: 0.218, -8.224
slot_type: 1
target_dir: 3
start: 1.1109, -4.8389, 1.5478
end: 1.2308, -4.0015, 1.8717
ID_FINISHED
