ID: 2307d741adb0
LinePtNum: 3
LinePtCoord: -1413, 349
LinePtCoord: -1394, 362
LinePtCoord: -1309, 299
LinePtNum: 3
LinePtCoord: -1178, 299
LinePtCoord: -914, 408
LinePtCoord: -785, 448
LinePtNum: 2
LinePtCoord: 1049, 5507
LinePtCoord: 1318, 6000
LinePtNum: 2
LinePtCoord: 3887, 6000
LinePtCoord: 3894, 5789
LinePtNum: 2
LinePtCoord: 5548, 3468
LinePtCoord: 5548, 3468
LinePtNum: 2
LinePtCoord: 5997, 725
LinePtCoord: 5997, 725
LinePtNum: 3
LinePtCoord: 5874, -3950
LinePtCoord: 2782, -3846
LinePtCoord: 2862, -4185
LinePtNum: 3
LinePtCoord: 3714, -4558
LinePtCoord: 3359, -4783
LinePtCoord: 3437, -5005
LinePtNum: 2
LinePtCoord: 2144, -6126
LinePtCoord: 2042, -6480
LinePtNum: 4
LinePtCoord: -2921, -10000
LinePtCoord: -3192, -9212
LinePtCoord: -3581, -9464
LinePtCoord: -3970, -10000
LinePtNum: 2
LinePtCoord: -4244, -7720
LinePtCoord: -4244, -7720
LinePtNum: 2
LinePtCoord: -4563, -7676
LinePtCoord: -4563, -7676
LinePtNum: 2
LinePtCoord: -4735, -7329
LinePtCoord: -4735, -7329
LinePtNum: 2
LinePtCoord: -5197, -7626
LinePtCoord: -5197, -7626
LinePtNum: 2
LinePtCoord: -5639, -7808
LinePtCoord: -5639, -7808
LinePtNum: 2
LinePtCoord: -5696, -7787
LinePtCoord: -5696, -7787
LinePtNum: 3
LinePtCoord: -7626, -2736
LinePtCoord: -7045, -2072
LinePtCoord: -7132, -1824
plan_cnt: 0
xybounds: -11, 5, -7, 9
radarnums: 0  sidenums: 0
endpos_correct_flag: 0
real_obl: 0, 0
expand_obl: 0, 0
oblslot: -1.000, 1.200
oblslot: -1.000, 0.200
oblslot: 5.076, 0.200
oblslot: 5.076, -2.530
oblslot: 1.204, -2.530
oblslot: 1.204, -3.030
slot_type: 2
target_dir: 0
start: 3.1970, -1.0980, 3.1416
end: -1.1910, -4.0028, 2.0788
ID_FINISHED
