ID: b086fde6f323
LinePtNum: 2
LinePtCoord: -6658, -2158
LinePtCoord: -6668, -1778
LinePtNum: 3
LinePtCoord: -1637, 958
LinePtCoord: -1331, 453
LinePtCoord: -1293, 394
LinePtNum: 2
LinePtCoord: 5994, -6872
LinePtCoord: 5994, -6872
LinePtNum: 2
LinePtCoord: 3124, -5681
LinePtCoord: 3124, -5681
LinePtNum: 3
LinePtCoord: 2437, -5825
LinePtCoord: 2355, -6237
LinePtCoord: 5258, -9540
LinePtNum: 3
LinePtCoord: -2883, -9565
LinePtCoord: -5073, -7543
LinePtCoord: -5607, -7782
plan_cnt: 2
xybounds: -9, 5, -5, 9
radarnums: 0  sidenums: 0
endpos_correct_flag: 0
real_obl: 0, 0
expand_obl: 0, 0
oblslot: -1.139, 1.251
oblslot: -1.139, 0.251
oblslot: 4.960, 0.251
oblslot: 4.960, -3.517
oblslot: 1.520, -3.517
oblslot: 1.520, -4.017
slot_type: 2
target_dir: 0
start: 3.6962, -1.2200, 3.1580
end: -0.4838, -1.2187, 2.9738
ID_FINISHED
