ID: 57124e9a82f9
LinePtNum: 3
LinePtCoord: -6749, -2491
LinePtCoord: -6732, -2073
LinePtCoord: -6941, -1811
LinePtNum: 3
LinePtCoord: -1461, 956
LinePtCoord: -1254, 525
LinePtCoord: -1201, 455
LinePtNum: 4
LinePtCoord: 5796, -3855
LinePtCoord: 3152, -3568
LinePtCoord: 3194, -6059
LinePtCoord: 4347, -8982
LinePtNum: 3
LinePtCoord: 4234, -6813
LinePtCoord: 2306, -5877
LinePtCoord: 3545, -7463
LinePtNum: 4
LinePtCoord: -2882, -10000
LinePtCoord: -4073, -7512
LinePtCoord: -5372, -7794
LinePtCoord: -5569, -7759
plan_cnt: 2
xybounds: -9, 5, -5, 9
radarnums: 0  sidenums: 0
endpos_correct_flag: 0
real_obl: 0, 0
expand_obl: 0, 0
oblslot: -1.215, 1.281
oblslot: -1.215, 0.281
oblslot: 5.006, 0.281
oblslot: 5.027, -3.595
oblslot: 1.616, -3.595
oblslot: 1.616, -4.095
slot_type: 2
target_dir: 0
start: 3.6964, -1.2093, 3.1502
end: -0.4787, -1.2385, 2.9688
ID_FINISHED
