ID: 5794134904d6
LinePtNum: 2
LinePtCoord: -7168, -5095
LinePtCoord: -7168, -5095
LinePtNum: 2
LinePtCoord: -6495, -5840
LinePtCoord: -6495, -5840
LinePtNum: 2
LinePtCoord: -6609, -4851
LinePtCoord: -6609, -4851
LinePtNum: 3
LinePtCoord: -6404, -5079
LinePtCoord: -5608, -5029
LinePtCoord: -5477, -5218
LinePtNum: 4
LinePtCoord: 3297, -8695
LinePtCoord: 532, -4996
LinePtCoord: 1691, -4819
LinePtCoord: 1270, -4295
LinePtNum: 5
LinePtCoord: 1361, -3270
LinePtCoord: 1261, -2529
LinePtCoord: 2663, -3143
LinePtCoord: 2823, -2781
LinePtCoord: 3237, -2558
LinePtNum: 4
LinePtCoord: 4485, 1017
LinePtCoord: 1499, 712
LinePtCoord: 1332, 1510
LinePtCoord: 1154, 1960
LinePtNum: 3
LinePtCoord: 985, 1794
LinePtCoord: 1027, 1939
LinePtCoord: 1590, 2604
LinePtNum: 3
LinePtCoord: 331, 2316
LinePtCoord: -11, 2605
LinePtCoord: -64, 2925
LinePtNum: 3
LinePtCoord: -6777, 3750
LinePtCoord: -6686, 2879
LinePtCoord: -7198, 2960
plan_cnt: 5
xybounds: -9, 5, -5, 9
radarnums: 0  sidenums: 0
endpos_correct_flag: 0
real_obl: 0, 0
expand_obl: 0, 0
oblslot: 0.331, 1.772
oblslot: 0.331, 0.772
oblslot: 4.960, 0.772
oblslot: 4.960, -2.614
oblslot: 0.286, -2.614
oblslot: 0.286, -3.114
slot_type: 2
target_dir: 0
start: 3.6934, -1.1755, 3.1361
end: -0.4954, -1.0847, 3.2237
ID_FINISHED
