ID: 338a6e181342
LinePtNum: 3
LinePtCoord: -5945, -5340
LinePtCoord: -5954, -4813
LinePtCoord: -5971, -4783
LinePtNum: 3
LinePtCoord: -6013, 2617
LinePtCoord: -5953, 2968
LinePtCoord: -5985, 3145
LinePtNum: 5
LinePtCoord: 587, 3166
LinePtCoord: 703, 2518
LinePtCoord: 2569, 3107
LinePtCoord: 1450, 1709
LinePtCoord: 1406, 1382
LinePtNum: 3
LinePtCoord: 1011, 1492
LinePtCoord: 1125, 325
LinePtCoord: 1214, 299
LinePtNum: 2
LinePtCoord: 2841, 722
LinePtCoord: 2841, 722
LinePtNum: 2
LinePtCoord: 3297, 501
LinePtCoord: 3297, 501
LinePtNum: 2
LinePtCoord: 3390, 299
LinePtCoord: 3390, 299
LinePtNum: 3
LinePtCoord: -248, -4899
LinePtCoord: -204, -5198
LinePtCoord: -138, -5402
LinePtNum: 6
LinePtCoord: -6881, -10000
LinePtCoord: -7311, -7964
LinePtCoord: -6588, -6263
LinePtCoord: -7181, -6079
LinePtCoord: -6509, -5242
LinePtCoord: -7254, -5464
plan_cnt: 2
xybounds: -9, 5, -5, 9
radarnums: 0  sidenums: 0
endpos_correct_flag: 0
real_obl: 0, 0
expand_obl: 0, 0
oblslot: 0.306, 1.280
oblslot: 0.306, 0.280
oblslot: 4.960, 0.280
oblslot: 4.960, -4.823
oblslot: 0.478, -4.823
oblslot: 0.478, -5.323
slot_type: 2
target_dir: 0
start: 3.6944, -1.1644, 3.1377
end: -0.4897, -1.3679, 3.2453
ID_FINISHED
