ID: ce33dd5b412e
LinePtNum: 2
LinePtCoord: -6626, -2139
LinePtCoord: -6294, -1921
LinePtNum: 2
LinePtCoord: -3686, 5984
LinePtCoord: -3686, 5984
LinePtNum: 3
LinePtCoord: -2200, 3824
LinePtCoord: -794, 2636
LinePtCoord: -1100, 1245
LinePtNum: 9
LinePtCoord: -1460, 641
LinePtCoord: -921, 375
LinePtCoord: 255, 3513
LinePtCoord: 1648, 3975
LinePtCoord: 2952, 5646
LinePtCoord: 3418, 4244
LinePtCoord: 4289, 4557
LinePtCoord: 4386, 3861
LinePtCoord: 5023, 3677
LinePtNum: 3
LinePtCoord: 1954, -3119
LinePtCoord: 2100, -4919
LinePtCoord: 2296, -5303
LinePtNum: 2
LinePtCoord: 2890, -6407
LinePtCoord: 2890, -6407
LinePtNum: 3
LinePtCoord: 3401, -6359
LinePtCoord: 2967, -6512
LinePtCoord: 2263, -6715
LinePtNum: 3
LinePtCoord: -2886, -9750
LinePtCoord: -3555, -8684
LinePtCoord: -3926, -10000
LinePtNum: 3
LinePtCoord: -6699, -2577
LinePtCoord: -6747, -1917
LinePtCoord: -6877, -1799
plan_cnt: 0
xybounds: -11, 5, -8, 9
radarnums: 0  sidenums: 0
endpos_correct_flag: 0
real_obl: 0, 0
expand_obl: 0, 0
oblslot: -1.000, 1.200
oblslot: -1.000, 0.200
oblslot: 4.960, 0.200
oblslot: 4.960, -2.710
oblslot: 0.200, -2.710
oblslot: 0.200, -3.210
slot_type: 2
target_dir: 0
start: 3.1970, -1.2540, 3.1416
end: -1.1418, -5.0048, 2.0954
ID_FINISHED
