ID: c56e8041d592
LinePtNum: 3
LinePtCoord: 3521, 5423
LinePtCoord: 4203, 3760
LinePtCoord: 5519, 4030
LinePtNum: 6
LinePtCoord: 3610, 6000
LinePtCoord: 3133, -1375
LinePtCoord: 3637, -1233
LinePtCoord: 3219, -1951
LinePtCoord: 3235, -4988
LinePtCoord: 3212, -5189
LinePtNum: 5
LinePtCoord: 3117, -6106
LinePtCoord: 2875, -8824
LinePtCoord: 1372, -7211
LinePtCoord: -247, -7698
LinePtCoord: -510, -7594
LinePtNum: 3
LinePtCoord: -5448, -9484
LinePtCoord: -4830, -8083
LinePtCoord: -5600, -8313
LinePtNum: 5
LinePtCoord: -7158, -7199
LinePtCoord: -5828, -5218
LinePtCoord: -7211, -4774
LinePtCoord: -6129, -3485
LinePtCoord: -6572, -3119
LinePtNum: 3
LinePtCoord: -5178, -1788
LinePtCoord: -4278, -1072
LinePtCoord: -4264, -1013
plan_cnt: 1
xybounds: -6, 3, -8, 8
radarnums: 3  sidenums: 0
endpos_correct_flag: 0
real_obl: 0, 0
expand_obl: 0, 0
oblslot: -0.100, 4.800
oblslot: -0.100, 2.800
oblslot: 2.658, 2.800
oblslot: 2.580, -6.270
oblslot: 0.200, -6.270
oblslot: 0.200, -8.270
oblradar: 2.040, -6.698
oblradar: 1.259, -6.625
oblradar: 0.406, -6.517
slot_type: 1
target_dir: 3
start: 1.2490, -4.7613, 1.5574
end: 1.0835, -4.9118, 1.8754
ID_FINISHED
