ID: acde3bf88482
LinePtNum: 3
LinePtCoord: -1679, 4545
LinePtCoord: -5893, 3063
LinePtCoord: -7067, 3383
LinePtNum: 4
LinePtCoord: -7068, 169
LinePtCoord: -5927, -625
LinePtCoord: -5909, -1267
LinePtCoord: -6184, -1767
LinePtNum: 4
LinePtCoord: -5946, -1426
LinePtCoord: -5835, -3122
LinePtCoord: -4312, -3464
LinePtCoord: -4533, -3828
LinePtNum: 6
LinePtCoord: 3536, -10000
LinePtCoord: 3240, -5310
LinePtCoord: 3623, -4182
LinePtCoord: 3247, -3149
LinePtCoord: 3859, -2022
LinePtCoord: 3735, -1704
LinePtNum: 4
LinePtCoord: 3388, -1761
LinePtCoord: 2971, 2613
LinePtCoord: 766, 2461
LinePtCoord: 729, 2451
LinePtNum: 4
LinePtCoord: -267, 6000
LinePtCoord: -753, 3977
LinePtCoord: -976, 5792
LinePtCoord: -1107, 6000
LinePtNum: 2
LinePtCoord: -1712, 3922
LinePtCoord: -1712, 3922
LinePtNum: 2
LinePtCoord: -1962, 3959
LinePtCoord: -1962, 3959
LinePtNum: 2
LinePtCoord: -2223, 4019
LinePtCoord: -2223, 4019
LinePtNum: 2
LinePtCoord: -2551, 4275
LinePtCoord: -2551, 4275
LinePtNum: 2
LinePtCoord: -3216, 5281
LinePtCoord: -3216, 5281
LinePtNum: 2
LinePtCoord: -2994, 4016
LinePtCoord: -2994, 4016
plan_cnt: 1
xybounds: -6, 3, -8, 8
radarnums: 0  sidenums: 0
endpos_correct_flag: 0
real_obl: 0, 0
expand_obl: 0, 0
oblslot: -0.100, 3.145
oblslot: -0.100, 1.145
oblslot: 2.581, 1.145
oblslot: 2.575, -7.108
oblslot: 0.200, -7.108
oblslot: 0.200, -9.108
slot_type: 1
target_dir: 0
start: 1.1890, -4.7800, 1.5708
end: 0.3985, -2.9391, 2.3812
ID_FINISHED
