ID: df90e9a84ec6
LinePtNum: 10
LinePtCoord: -6270, 5940
LinePtCoord: -5840, 5202
LinePtCoord: -6702, 4452
LinePtCoord: -6350, 3650
LinePtCoord: -6598, 3125
LinePtCoord: -5938, 2800
LinePtCoord: -6123, 2502
LinePtCoord: -4660, 2541
LinePtCoord: -4604, 2221
LinePtCoord: -6608, 349
LinePtNum: 2
LinePtCoord: 5822, -6435
LinePtCoord: 5822, -6435
LinePtNum: 4
LinePtCoord: 3320, -6338
LinePtCoord: 3097, -1047
LinePtCoord: 3792, -1335
LinePtCoord: 2904, 15
LinePtNum: 3
LinePtCoord: 2900, 1161
LinePtCoord: 3068, 2754
LinePtCoord: 2911, 2976
LinePtNum: 2
LinePtCoord: 3206, 3483
LinePtCoord: 3206, 3483
LinePtNum: 2
LinePtCoord: 3022, 3734
LinePtCoord: 3022, 3734
LinePtNum: 2
LinePtCoord: 3156, 3970
LinePtCoord: 3156, 3970
LinePtNum: 2
LinePtCoord: 3167, 4198
LinePtCoord: 3167, 4198
LinePtNum: 2
LinePtCoord: 3019, 4423
LinePtCoord: 3019, 4423
LinePtNum: 2
LinePtCoord: 3017, 4676
LinePtCoord: 3017, 4676
LinePtNum: 2
LinePtCoord: 2930, 4869
LinePtCoord: 2930, 4869
LinePtNum: 2
LinePtCoord: 3082, 5187
LinePtCoord: 3082, 5187
LinePtNum: 2
LinePtCoord: 3148, 5455
LinePtCoord: 3148, 5455
LinePtNum: 2
LinePtCoord: 3199, 5767
LinePtCoord: 3199, 5767
LinePtNum: 2
LinePtCoord: 3127, 6000
LinePtCoord: 3127, 6000
plan_cnt: 0
xybounds: -6, 3, -8, 8
radarnums: 0  sidenums: 0
endpos_correct_flag: 0
real_obl: 0, 0
expand_obl: 0, 0
oblslot: -0.100, 4.800
oblslot: -0.100, 2.800
oblslot: 2.603, 2.800
oblslot: 2.609, -7.107
oblslot: 0.200, -7.107
oblslot: 0.200, -9.107
slot_type: 1
target_dir: 0
start: 1.2010, -4.7800, 1.5708
end: -1.7480, 1.7261, 1.5484
ID_FINISHED
