ID: f2c2137823df
LinePtNum: 2
LinePtCoord: -7715, 5390
LinePtCoord: -5363, 4422
LinePtNum: 3
LinePtCoord: 2788, -5909
LinePtCoord: 273, -2566
LinePtCoord: 237, -2554
LinePtNum: 7
LinePtCoord: -5979, -9603
LinePtCoord: -6031, -7823
LinePtCoord: -6709, -8273
LinePtCoord: -6753, -5229
LinePtCoord: -5758, -2654
LinePtCoord: -6166, -2641
LinePtCoord: -7316, -3042
LinePtNum: 2
LinePtCoord: -6959, 6000
LinePtCoord: -6540, 5537
plan_cnt: 0
xybounds: -9, 5, -5, 9
radarnums: 0  sidenums: 0
endpos_correct_flag: 0
real_obl: 0, 0
expand_obl: 0, 0
oblslot: 0.200, 3.300
oblslot: 0.200, 2.300
oblslot: 5.057, 2.300
oblslot: 5.057, -2.454
oblslot: 0.206, -2.454
oblslot: 0.200, -2.954
slot_type: 2
target_dir: 0
start: 3.1970, -1.0260, 3.1416
end: -1.6720, -2.2558, 1.6457
ID_FINISHED
