ID: 8666dfa8378c
LinePtNum: 2
LinePtCoord: -6969, 2738
LinePtCoord: -6295, 2707
LinePtNum: 3
LinePtCoord: 886, 6000
LinePtCoord: 204, 3119
LinePtCoord: 545, 2932
LinePtNum: 2
LinePtCoord: 1131, 2061
LinePtCoord: 1131, 2061
LinePtNum: 3
LinePtCoord: 642, 1691
LinePtCoord: 758, 362
LinePtCoord: 794, 300
LinePtNum: 2
LinePtCoord: 931, -5749
LinePtCoord: 367, -4934
LinePtNum: 3
LinePtCoord: -55, -5110
LinePtCoord: -41, -5481
LinePtCoord: 39, -5859
LinePtNum: 3
LinePtCoord: -7173, -10000
LinePtCoord: -6004, -5002
LinePtCoord: -6347, -5011
LinePtNum: 3
LinePtCoord: -6763, 3011
LinePtCoord: -6944, 3743
LinePtCoord: -7457, 4950
plan_cnt: 1
xybounds: -9, 5, -6, 9
radarnums: 0  sidenums: 0
endpos_correct_flag: 0
real_obl: 0, 0
expand_obl: 0, 0
oblslot: 0.200, 1.172
oblslot: 0.200, 0.172
oblslot: 4.960, 0.172
oblslot: 4.960, -4.557
oblslot: 1.518, -4.557
oblslot: 1.518, -5.057
slot_type: 2
target_dir: 1
start: 3.1967, -1.0937, 3.1569
end: -1.8697, -3.2526, 1.5700
ID_FINISHED
