ID: b0bdcb65e38c
LinePtNum: 2
LinePtCoord: -7827, -5495
LinePtCoord: -7827, -5495
LinePtNum: 2
LinePtCoord: -7792, 3374
LinePtCoord: -7785, 3480
LinePtNum: 4
LinePtCoord: 293, 2523
LinePtCoord: 195, 1372
LinePtCoord: 576, 579
LinePtCoord: 801, 544
LinePtNum: 3
LinePtCoord: 2634, 1093
LinePtCoord: 3008, 543
LinePtCoord: 3754, 891
LinePtNum: 3
LinePtCoord: 5778, -8427
LinePtCoord: 4817, -8299
LinePtCoord: 4540, -8146
LinePtNum: 3
LinePtCoord: 2784, -8161
LinePtCoord: 3012, -9217
LinePtCoord: 3199, -10000
plan_cnt: 1
xybounds: -9, 5, -5, 9
radarnums: 0  sidenums: 0
endpos_correct_flag: 0
real_obl: 0, 0
expand_obl: 0, 0
oblslot: -0.076, 1.390
oblslot: -0.076, 0.390
oblslot: 5.061, 0.390
oblslot: 4.995, -3.963
oblslot: 1.471, -3.829
oblslot: 1.471, -4.329
slot_type: 2
target_dir: 0
start: 3.6974, -1.2052, 3.1149
end: 0.6155, -1.1358, 3.1318
ID_FINISHED
