ID: dee65cf2b799
LinePtNum: 2
LinePtCoord: 5021, 5155
LinePtCoord: 5756, 6000
LinePtNum: 2
LinePtCoord: 1469, -4907
LinePtCoord: 1321, -4445
LinePtNum: 4
LinePtCoord: 1249, -4630
LinePtCoord: 892, -2881
LinePtCoord: 3142, -2956
LinePtCoord: 3357, -2799
LinePtNum: 2
LinePtCoord: 5198, -2964
LinePtCoord: 5198, -2964
LinePtNum: 2
LinePtCoord: 5005, -2799
LinePtCoord: 5005, -2799
LinePtNum: 3
LinePtCoord: 5317, -700
LinePtCoord: 5736, -620
LinePtCoord: 5317, -462
LinePtNum: 3
LinePtCoord: 4615, 298
LinePtCoord: 4406, 1096
LinePtCoord: 4644, 1522
plan_cnt: 0
xybounds: -9, 5, -5, 9
radarnums: 0  sidenums: 0
endpos_correct_flag: 0
real_obl: 0, 0
expand_obl: 0, 0
oblslot: 0.200, 2.000
oblslot: 0.200, 1.000
oblslot: 4.960, 1.000
oblslot: 4.960, -2.661
oblslot: 0.052, -2.661
oblslot: 0.052, -3.161
slot_type: 2
target_dir: 0
start: 2.9970, -1.2480, 3.1416
end: -1.7345, -2.1319, 1.5912
ID_FINISHED
