ID: e102d521edcf
LinePtNum: 2
LinePtCoord: 3133, 5561
LinePtCoord: 3133, 5561
LinePtNum: 4
LinePtCoord: 4956, -4216
LinePtCoord: 1691, -4146
LinePtCoord: 1534, -4440
LinePtCoord: 1790, -5035
LinePtNum: 3
LinePtCoord: 1383, -3189
LinePtCoord: 1221, -4242
LinePtCoord: 2245, -5041
LinePtNum: 2
LinePtCoord: 2645, -8141
LinePtCoord: 2397, -8666
LinePtNum: 2
LinePtCoord: -7638, -5561
LinePtCoord: -7638, -5561
LinePtNum: 2
LinePtCoord: -7629, -3813
LinePtCoord: -7629, -3813
LinePtNum: 2
LinePtCoord: -7548, -3286
LinePtCoord: -7548, -3286
LinePtNum: 2
LinePtCoord: -6395, -1845
LinePtCoord: -6395, -1845
LinePtNum: 2
LinePtCoord: -7007, -2136
LinePtCoord: -7007, -2136
LinePtNum: 2
LinePtCoord: -7112, -1945
LinePtCoord: -7112, -1945
LinePtNum: 2
LinePtCoord: -7225, -1760
LinePtCoord: -7225, -1760
LinePtNum: 2
LinePtCoord: -7345, -1579
LinePtCoord: -7345, -1579
LinePtNum: 2
LinePtCoord: -7584, -1439
LinePtCoord: -7584, -1439
LinePtNum: 2
LinePtCoord: -7479, -1146
LinePtCoord: -7479, -1146
LinePtNum: 2
LinePtCoord: -7625, -969
LinePtCoord: -7625, -969
LinePtNum: 2
LinePtCoord: -7671, -765
LinePtCoord: -7671, -765
plan_cnt: 0
xybounds: -9, 5, -5, 9
radarnums: 0  sidenums: 0
endpos_correct_flag: 0
real_obl: 0, 0
expand_obl: 0, 0
oblslot: 0.200, 2.000
oblslot: 0.200, 1.000
oblslot: 5.037, 1.000
oblslot: 5.037, -2.578
oblslot: 0.467, -2.578
oblslot: 0.467, -3.078
slot_type: 2
target_dir: 0
start: 3.1970, -1.2140, 3.1416
end: -2.7905, -1.5767, 1.8430
ID_FINISHED
