ID: 9c12ace1e687
LinePtNum: 2
LinePtCoord: 5780, -5293
LinePtCoord: 5780, -5293
LinePtNum: 3
LinePtCoord: 5862, 1751
LinePtCoord: 4151, 1758
LinePtCoord: 4258, 2059
LinePtNum: 4
LinePtCoord: 5651, 4753
LinePtCoord: 5803, 5406
LinePtCoord: 4966, 5292
LinePtCoord: 5281, 6000
plan_cnt: 1
xybounds: -9, 5, -5, 9
radarnums: 0  sidenums: 0
endpos_correct_flag: 0
real_obl: 0, 0
expand_obl: 0, 0
oblslot: 0.072, 2.666
oblslot: 0.072, 1.666
oblslot: 4.960, 1.405
oblslot: 4.960, -3.231
oblslot: 0.204, -3.231
oblslot: 0.204, -3.731
slot_type: 2
target_dir: 0
start: 3.4923, -1.2213, 3.0870
end: 1.7947, -1.0063, 3.0248
ID_FINISHED
