ID: 32df0e5fa0a1
LinePtNum: 3
LinePtCoord: -6650, -6232
LinePtCoord: -7050, -5155
LinePtCoord: -7827, -5149
LinePtNum: 4
LinePtCoord: -1396, 5331
LinePtCoord: -555, 3072
LinePtCoord: 2557, 3804
LinePtCoord: 4572, 4915
LinePtNum: 3
LinePtCoord: 4211, 3005
LinePtCoord: 5287, 3300
LinePtCoord: 5388, 2472
LinePtNum: 2
LinePtCoord: 5931, 561
LinePtCoord: 5931, 561
LinePtNum: 4
LinePtCoord: 5477, -4023
LinePtCoord: 4069, -3705
LinePtCoord: 4106, -4424
LinePtCoord: 4060, -5018
LinePtNum: 2
LinePtCoord: 1893, -3184
LinePtCoord: 1893, -3184
LinePtNum: 2
LinePtCoord: 1804, -3603
LinePtCoord: 1804, -3603
LinePtNum: 3
LinePtCoord: 1829, -4029
LinePtCoord: 1692, -4631
LinePtCoord: 2013, -4995
LinePtNum: 4
LinePtCoord: 3507, -8099
LinePtCoord: 3505, -8848
LinePtCoord: 2778, -8799
LinePtCoord: 2834, -9752
LinePtNum: 2
LinePtCoord: -3431, -9846
LinePtCoord: -3668, -10000
LinePtNum: 6
LinePtCoord: -4586, -10000
LinePtCoord: -5560, -8776
LinePtCoord: -6431, -9394
LinePtCoord: -6260, -8257
LinePtCoord: -7643, -9418
LinePtCoord: -7747, -8752
LinePtNum: 3
LinePtCoord: -6184, -5136
LinePtCoord: -7567, -4668
LinePtCoord: -7492, -4347
plan_cnt: 1
xybounds: -9, 5, -5, 9
radarnums: 0  sidenums: 0
endpos_correct_flag: 0
real_obl: 0, 0
expand_obl: 0, 0
oblslot: 0.009, 2.578
oblslot: 0.009, 1.578
oblslot: 4.960, 1.547
oblslot: 4.960, -3.073
oblslot: -0.174, -3.073
oblslot: -0.174, -3.573
slot_type: 2
target_dir: 0
start: 3.6975, -1.1696, 3.1351
end: 0.0195, -1.1398, 3.0836
ID_FINISHED
