ID: 71b832b85135
LinePtNum: 3
LinePtCoord: -668, 6000
LinePtCoord: -739, 5517
LinePtCoord: -641, 4914
LinePtNum: 3
LinePtCoord: -1526, 5318
LinePtCoord: -881, 3190
LinePtCoord: -805, 3040
LinePtNum: 2
LinePtCoord: 140, 3526
LinePtCoord: 140, 3526
LinePtNum: 2
LinePtCoord: 751, 3765
LinePtCoord: 751, 3765
LinePtNum: 2
LinePtCoord: 1231, 3806
LinePtCoord: 1231, 3806
LinePtNum: 2
LinePtCoord: 1621, 3771
LinePtCoord: 1621, 3771
LinePtNum: 2
LinePtCoord: 2091, 3650
LinePtCoord: 2091, 3650
LinePtNum: 2
LinePtCoord: 2383, 3427
LinePtCoord: 2383, 3427
LinePtNum: 2
LinePtCoord: 5218, 4483
LinePtCoord: 5218, 4483
LinePtNum: 2
LinePtCoord: 5331, 3957
LinePtCoord: 5331, 3957
LinePtNum: 2
LinePtCoord: 4452, 3008
LinePtCoord: 4452, 3008
LinePtNum: 2
LinePtCoord: 5799, 2932
LinePtCoord: 5799, 2932
LinePtNum: 2
LinePtCoord: 5489, 2308
LinePtCoord: 5489, 2308
LinePtNum: 2
LinePtCoord: 5664, -349
LinePtCoord: 5664, -349
LinePtNum: 5
LinePtCoord: 5646, -3692
LinePtCoord: 4866, -4378
LinePtCoord: 1866, -3639
LinePtCoord: 1446, -4636
LinePtCoord: 1540, -4906
LinePtNum: 3
LinePtCoord: 3119, -3655
LinePtCoord: 948, -4351
LinePtCoord: 1659, -4908
LinePtNum: 2
LinePtCoord: 1896, -8086
LinePtCoord: 1834, -8204
LinePtNum: 4
LinePtCoord: -6641, -5587
LinePtCoord: -7106, -4267
LinePtCoord: -7441, -4192
LinePtCoord: -7723, -4104
plan_cnt: 0
xybounds: -9, 5, -5, 9
radarnums: 0  sidenums: 0
endpos_correct_flag: 0
real_obl: 0, 0
expand_obl: 0, 0
oblslot: -0.000, 3.300
oblslot: -0.000, 2.300
oblslot: 4.960, 2.299
oblslot: 4.960, -2.866
oblslot: 0.354, -2.866
oblslot: 0.354, -3.366
slot_type: 2
target_dir: 0
start: 3.1970, -1.1860, 3.1416
end: -2.9079, -1.8178, 1.8533
ID_FINISHED
