ID: f70673b7f1e1
LinePtNum: 2
LinePtCoord: -7412, 5073
LinePtCoord: -7833, 5805
LinePtNum: 3
LinePtCoord: 79, 3110
LinePtCoord: -66, 2742
LinePtCoord: 65, 2593
LinePtNum: 2
LinePtCoord: -124, -5174
LinePtCoord: -124, -5174
LinePtNum: 3
LinePtCoord: -6163, -5109
LinePtCoord: -6500, -5455
LinePtCoord: -6980, -6160
LinePtNum: 4
LinePtCoord: -6828, -3406
LinePtCoord: -7002, -1697
LinePtCoord: -7684, -1751
LinePtCoord: -7955, -1753
plan_cnt: 1
xybounds: -9, 5, -5, 9
radarnums: 2  sidenums: 0
endpos_correct_flag: 0
real_obl: 0, 0
expand_obl: 0, 0
oblslot: 0.200, 3.300
oblslot: 0.200, 2.300
oblslot: 5.086, 2.300
oblslot: 5.086, -4.651
oblslot: 0.200, -4.651
oblslot: 0.200, -5.151
oblradar: -6.463, 2.915
oblradar: -7.025, 2.265
slot_type: 2
target_dir: 1
start: 3.1970, -1.0740, 3.1416
end: -3.8592, -1.0478, 2.0683
ID_FINISHED
