ID: 1258e20c0d9d
LinePtNum: 2
LinePtCoord: -7276, 2835
LinePtCoord: -5574, 2555
LinePtNum: 3
LinePtCoord: 608, 4399
LinePtCoord: 449, 3344
LinePtCoord: 4614, 2790
LinePtNum: 3
LinePtCoord: 31, -5031
LinePtCoord: -31, -5500
LinePtCoord: 36, -5827
LinePtNum: 3
LinePtCoord: -6417, -6266
LinePtCoord: -5894, -4766
LinePtCoord: -7225, -5639
LinePtNum: 4
LinePtCoord: -7805, -3620
LinePtCoord: -6582, -1865
LinePtCoord: -6877, -1636
LinePtCoord: -7647, -1374
LinePtNum: 3
LinePtCoord: -6245, 2496
LinePtCoord: -6179, 2838
LinePtCoord: -6410, 3688
plan_cnt: 0
xybounds: -9, 5, -6, 9
radarnums: 0  sidenums: 0
endpos_correct_flag: 0
real_obl: 0, 0
expand_obl: 0, 0
oblslot: 0.200, 3.300
oblslot: 0.200, 2.300
oblslot: 4.960, 2.300
oblslot: 4.960, -4.599
oblslot: 0.200, -4.599
oblslot: 0.200, -5.099
slot_type: 2
target_dir: 0
start: 3.1970, -1.0490, 3.1416
end: -1.6652, -3.4840, 1.6739
ID_FINISHED
