ID: 9131e7926139
LinePtNum: 3
LinePtCoord: -2985, 3510
LinePtCoord: -2514, 2938
LinePtCoord: -2003, 3241
LinePtNum: 3
LinePtCoord: -255, 2191
LinePtCoord: -396, 428
LinePtCoord: -178, 299
LinePtNum: 2
LinePtCoord: 1197, -4206
LinePtCoord: 1197, -4206
LinePtNum: 2
LinePtCoord: 1032, -3746
LinePtCoord: 3223, -5725
LinePtNum: 2
LinePtCoord: -4820, -7349
LinePtCoord: -4820, -7349
plan_cnt: 0
xybounds: -11, 5, -5, 9
radarnums: 0  sidenums: 0
endpos_correct_flag: 0
real_obl: 0, 0
expand_obl: 0, 0
oblslot: -0.987, 1.277
oblslot: -0.987, 0.277
oblslot: 4.960, 0.277
oblslot: 4.960, -4.046
oblslot: 0.794, -4.046
oblslot: 0.794, -4.546
slot_type: 2
target_dir: 0
start: 3.1970, -1.2750, 3.1416
end: -3.9063, -0.7239, 1.9488
ID_FINISHED
