ID: 104cff86c5fa
LinePtNum: 2
LinePtCoord: -3987, 5891
LinePtCoord: -3987, 5891
LinePtNum: 3
LinePtCoord: -1469, 1132
LinePtCoord: -1486, 1100
LinePtCoord: -1018, 1129
LinePtNum: 3
LinePtCoord: -1400, 353
LinePtCoord: -1039, 333
LinePtCoord: -760, 577
LinePtNum: 3
LinePtCoord: 3825, 6000
LinePtCoord: 5232, 3242
LinePtCoord: 5743, 2945
LinePtNum: 4
LinePtCoord: 1862, -3151
LinePtCoord: 1482, -3998
LinePtCoord: 1702, -4380
LinePtCoord: 2490, -5097
LinePtNum: 2
LinePtCoord: 2929, -7025
LinePtCoord: 2479, -7067
LinePtNum: 3
LinePtCoord: 3677, -6574
LinePtCoord: 3726, -6899
LinePtCoord: 4388, -7742
LinePtNum: 3
LinePtCoord: -7247, -2486
LinePtCoord: -7139, -1905
LinePtCoord: -7195, -1777
plan_cnt: 0
xybounds: -11, 5, -7, 9
radarnums: 0  sidenums: 0
endpos_correct_flag: 0
real_obl: 0, 0
expand_obl: 0, 0
oblslot: 0.200, 1.200
oblslot: 0.200, 0.200
oblslot: 4.960, 0.200
oblslot: 4.960, -2.746
oblslot: 0.200, -2.746
oblslot: 0.200, -3.246
slot_type: 2
target_dir: 0
start: 3.1970, -1.2720, 3.1416
end: -2.3465, -4.7266, 1.8516
ID_FINISHED
