ID: ec9555a77d93
LinePtNum: 2
LinePtCoord: 5691, 2311
LinePtCoord: 5691, 2311
LinePtNum: 2
LinePtCoord: -5467, 1765
LinePtCoord: -5467, 1765
LinePtNum: 2
LinePtCoord: -6909, 3102
LinePtCoord: -6938, 3146
LinePtNum: 3
LinePtCoord: -7776, 1351
LinePtCoord: -6957, -548
LinePtCoord: -6982, -923
LinePtNum: 3
LinePtCoord: -6657, -5137
LinePtCoord: -5942, -5537
LinePtCoord: -6177, -5885
LinePtNum: 3
LinePtCoord: 161, -5551
LinePtCoord: 344, -4839
LinePtCoord: 651, -4808
LinePtNum: 3
LinePtCoord: 805, -4301
LinePtCoord: 639, -2663
LinePtCoord: 690, -2463
LinePtNum: 2
LinePtCoord: 4950, 1812
LinePtCoord: 5912, 2853
plan_cnt: 0
xybounds: -9, 5, -9, 9
radarnums: 0  sidenums: 0
endpos_correct_flag: 0
real_obl: 0, 0
expand_obl: 0, 0
oblslot: 0.200, 3.300
oblslot: 0.200, 2.300
oblslot: 4.960, 2.300
oblslot: 4.960, -2.364
oblslot: 0.118, -2.364
oblslot: 0.118, -2.864
slot_type: 2
target_dir: 0
start: 3.1970, -0.9810, 3.1416
end: -2.3502, -6.1700, 1.5509
ID_FINISHED
