ID: cefda7eeea36
LinePtNum: 3
LinePtCoord: -5988, 3025
LinePtCoord: -6188, 2827
LinePtCoord: -6371, 2681
LinePtNum: 3
LinePtCoord: -7801, 1588
LinePtCoord: -7159, 215
LinePtCoord: -7120, 32
LinePtNum: 3
LinePtCoord: -6295, -4827
LinePtCoord: -5837, -4522
LinePtCoord: -5838, -5381
LinePtNum: 6
LinePtCoord: 390, -5203
LinePtCoord: 1311, -5899
LinePtCoord: 573, -3764
LinePtCoord: 1134, -3814
LinePtCoord: 1470, -2535
LinePtCoord: 1957, -2467
LinePtNum: 3
LinePtCoord: 5315, 1705
LinePtCoord: 1702, 952
LinePtCoord: 2001, 1753
LinePtNum: 4
LinePtCoord: 1117, 874
LinePtCoord: 541, 1877
LinePtCoord: 1391, 2370
LinePtCoord: 5196, 3739
LinePtNum: 3
LinePtCoord: 998, 2764
LinePtCoord: -156, 3119
LinePtCoord: 2403, 5287
plan_cnt: 3
xybounds: -9, 5, -5, 9
radarnums: 2  sidenums: 0
endpos_correct_flag: 0
real_obl: 0, 0
expand_obl: 0, 0
oblslot: 0.182, 1.296
oblslot: 0.182, 0.296
oblslot: 4.960, 0.296
oblslot: 4.960, -2.853
oblslot: 0.178, -2.853
oblslot: 0.178, -3.353
oblradar: -6.735, -0.055
oblradar: -6.755, 0.840
slot_type: 2
target_dir: 1
start: 2.9885, -1.1224, 3.1161
end: -2.1758, -0.7589, 2.7206
ID_FINISHED
