ID: 1b064c5aac3c
LinePtNum: 3
LinePtCoord: -6835, -2405
LinePtCoord: -6715, -2248
LinePtCoord: -7403, -1784
LinePtNum: 3
LinePtCoord: -1546, 1203
LinePtCoord: -1160, 1011
LinePtCoord: -770, 866
LinePtNum: 2
LinePtCoord: -1478, 444
LinePtCoord: -1454, 300
LinePtNum: 2
LinePtCoord: 3365, 6000
LinePtCoord: 3437, 5829
LinePtNum: 4
LinePtCoord: 3094, -3536
LinePtCoord: 2719, -4102
LinePtCoord: 2954, -5321
LinePtCoord: 3950, -6072
LinePtNum: 3
LinePtCoord: 3883, -7222
LinePtCoord: 2472, -6979
LinePtCoord: 4407, -9199
LinePtNum: 2
LinePtCoord: 2182, -6672
LinePtCoord: 2055, -6842
LinePtNum: 2
LinePtCoord: -3242, -9202
LinePtCoord: -3315, -9079
LinePtNum: 2
LinePtCoord: -3793, -9325
LinePtCoord: -3953, -9719
LinePtNum: 3
LinePtCoord: -6437, -2506
LinePtCoord: -6521, -2267
LinePtCoord: -6526, -2208
plan_cnt: 0
xybounds: -11, 5, -8, 9
radarnums: 0  sidenums: 0
endpos_correct_flag: 0
real_obl: 0, 0
expand_obl: 0, 0
oblslot: -1.000, 1.200
oblslot: -1.000, 0.200
oblslot: 4.960, 0.200
oblslot: 4.960, -2.774
oblslot: 0.200, -2.774
oblslot: 0.200, -3.274
slot_type: 2
target_dir: 0
start: 3.1970, -1.2860, 3.1416
end: -1.6841, -5.7670, 2.0068
ID_FINISHED
