ID: 9973ed7cfac4
LinePtNum: 2
LinePtCoord: -3933, 3606
LinePtCoord: -3933, 3606
LinePtNum: 4
LinePtCoord: 261, 3501
LinePtCoord: 950, 3069
LinePtCoord: 1784, 3705
LinePtCoord: 2240, 2761
LinePtNum: 4
LinePtCoord: 3441, 2326
LinePtCoord: 4097, 2071
LinePtCoord: 3774, 335
LinePtCoord: 3938, -88
LinePtNum: 3
LinePtCoord: 3264, 482
LinePtCoord: 3113, -1211
LinePtCoord: 3069, -1450
LinePtNum: 3
LinePtCoord: 3069, -1956
LinePtCoord: 3113, -5754
LinePtCoord: 3069, -5743
LinePtNum: 2
LinePtCoord: 3173, -6552
LinePtCoord: 3173, -6552
LinePtNum: 2
LinePtCoord: 3161, -6847
LinePtCoord: 3161, -6847
LinePtNum: 2
LinePtCoord: 3089, -7103
LinePtCoord: 3089, -7103
LinePtNum: 2
LinePtCoord: 3011, -7330
LinePtCoord: 3011, -7330
LinePtNum: 2
LinePtCoord: 2938, -7358
LinePtCoord: 2938, -7358
LinePtNum: 3
LinePtCoord: 3282, -8192
LinePtCoord: 3089, -8251
LinePtCoord: 2928, -8254
LinePtNum: 3
LinePtCoord: -4760, -9158
LinePtCoord: -4498, -8074
LinePtCoord: -5415, -8496
plan_cnt: 2
xybounds: -6, 3, -8, 8
radarnums: 0  sidenums: 0
endpos_correct_flag: 0
real_obl: 0, 0
expand_obl: 0, 0
oblslot: -0.100, 3.200
oblslot: -0.100, 1.200
oblslot: 2.521, 1.200
oblslot: 2.582, -8.818
oblslot: 0.200, -8.818
oblslot: 0.200, -10.818
slot_type: 1
target_dir: 3
start: 1.2820, -5.0350, 1.5809
end: 0.3663, -6.0172, 1.6229
ID_FINISHED
