ID: 7ed4d2c008a5
LinePtNum: 2
LinePtCoord: -5183, 5988
LinePtCoord: -5142, 6000
LinePtNum: 3
LinePtCoord: 933, 6000
LinePtCoord: 579, 2967
LinePtCoord: 3368, 5561
LinePtNum: 3
LinePtCoord: 17, -5415
LinePtCoord: -48, -5583
LinePtCoord: -10, -5770
LinePtNum: 3
LinePtCoord: -7519, -7318
LinePtCoord: -5825, -4883
LinePtCoord: -6207, -4834
LinePtNum: 4
LinePtCoord: -7052, -2999
LinePtCoord: -6586, -1849
LinePtCoord: -7385, -1485
LinePtCoord: -7960, -1085
plan_cnt: 0
xybounds: -9, 5, -7, 9
radarnums: 0  sidenums: 0
endpos_correct_flag: 0
real_obl: 0, 0
expand_obl: 0, 0
oblslot: 0.200, 3.330
oblslot: 0.200, 2.300
oblslot: 4.960, 2.300
oblslot: 4.960, -4.609
oblslot: 0.200, -4.609
oblslot: 0.200, -5.109
slot_type: 2
target_dir: 0
start: 3.1970, -1.0540, 3.1416
end: -1.2179, -4.0164, 1.6605
ID_FINISHED
