ID: 3add37cfc738
LinePtNum: 2
LinePtCoord: -6532, -2065
LinePtCoord: -6803, -1906
LinePtNum: 2
LinePtCoord: -1523, 1140
LinePtCoord: -1382, 871
LinePtNum: 3
LinePtCoord: -1587, 521
LinePtCoord: -1550, 447
LinePtCoord: -1448, 300
LinePtNum: 2
LinePtCoord: -981, 300
LinePtCoord: -735, 783
LinePtNum: 2
LinePtCoord: 4231, 5187
LinePtCoord: 4231, 5187
LinePtNum: 5
LinePtCoord: 4274, -3307
LinePtCoord: 2444, -3683
LinePtCoord: 2529, -5034
LinePtCoord: 3180, -5701
LinePtCoord: 4842, -7144
LinePtNum: 2
LinePtCoord: 3402, -6977
LinePtCoord: 2541, -6660
LinePtNum: 3
LinePtCoord: 4257, -5957
LinePtCoord: 2904, -6386
LinePtCoord: 2615, -6767
LinePtNum: 3
LinePtCoord: -3041, -9542
LinePtCoord: -3443, -8773
LinePtCoord: -3704, -8741
LinePtNum: 4
LinePtCoord: -7040, -2495
LinePtCoord: -6617, -2247
LinePtCoord: -6952, -1871
LinePtCoord: -7073, -1782
plan_cnt: 0
xybounds: -11, 5, -8, 9
radarnums: 0  sidenums: 0
endpos_correct_flag: 0
real_obl: 0, 0
expand_obl: 0, 0
oblslot: -1.000, 1.200
oblslot: -1.000, 0.200
oblslot: 4.960, 0.200
oblslot: 4.960, -2.720
oblslot: 0.200, -2.720
oblslot: 0.200, -3.220
slot_type: 2
target_dir: 0
start: 3.1970, -1.2590, 3.1416
end: -1.4453, -5.1323, 2.0642
ID_FINISHED
