ID: 2e418668f34e
LinePtNum: 3
LinePtCoord: -6005, 2886
LinePtCoord: -6302, 2687
LinePtCoord: -6616, 2902
LinePtNum: 3
LinePtCoord: -7970, 1022
LinePtCoord: -7742, 283
LinePtCoord: -7738, 51
LinePtNum: 3
LinePtCoord: -6893, -5494
LinePtCoord: -5818, -4454
LinePtCoord: -5878, -5712
LinePtNum: 2
LinePtCoord: 686, -5280
LinePtCoord: 636, -4776
LinePtNum: 8
LinePtCoord: 445, -6281
LinePtCoord: 484, -5490
LinePtCoord: 1641, -6575
LinePtCoord: 515, -3549
LinePtCoord: 983, -3513
LinePtCoord: 1176, -2634
LinePtCoord: 1967, -2600
LinePtCoord: 2521, -2466
LinePtNum: 4
LinePtCoord: 4341, 687
LinePtCoord: 1375, 560
LinePtCoord: 2213, 2193
LinePtCoord: 992, 1545
LinePtNum: 5
LinePtCoord: 1021, 1382
LinePtCoord: 571, 1942
LinePtCoord: 5967, 4196
LinePtCoord: 175, 3114
LinePtCoord: -130, 3221
LinePtNum: 2
LinePtCoord: -5871, 3287
LinePtCoord: -5871, 3287
plan_cnt: 3
xybounds: -9, 5, -5, 9
radarnums: 2  sidenums: 0
endpos_correct_flag: 0
real_obl: 0, 0
expand_obl: 0, 0
oblslot: 0.127, 1.394
oblslot: 0.127, 0.394
oblslot: 4.960, 0.394
oblslot: 4.960, -2.474
oblslot: 1.509, -2.474
oblslot: 1.509, -2.974
oblradar: -6.753, -0.196
oblradar: -6.855, 0.656
slot_type: 2
target_dir: 1
start: 3.1962, -1.0009, 3.1502
end: -2.2377, -0.5173, 2.8076
ID_FINISHED
