ID: af02d3cfc7b4
# ATTACK_TYPE: goal_shift
LinePtNum: 2
LinePtCoord: -4910, -6693
LinePtCoord: -7871, -7349
LinePtNum: 2
LinePtCoord: -7937, 1819
LinePtCoord: -7660, 1800
LinePtNum: 4
LinePtCoord: -245, 1951
LinePtCoord: 8, 1217
LinePtCoord: 1566, 932
LinePtCoord: 2065, 10244
LinePtNum: 2
LinePtCoord: 2876, 1328
LinePtCoord: 4535, 2125
LinePtNum: 1
LinePtCoord: 5880, 649
LinePtNum: 2
LinePtCoord: 5531, -5628
LinePtCoord: 5531, -5628
LinePtNum: 4
LinePtCoord: 4768, -5586
LinePtCoord: 2649, -5591
LinePtCoord: 1928, -6012
LinePtCoord: 1899, -6431
LinePtNum: 6
LinePtCoord: -4256, -10000
LinePtCoord: -4128, -9015
LinePtCoord: -5409, -9463
LinePtCoord: -4774, -6895
LinePtCoord: -6706, -7337
LinePtCoord: -7065, -7094
LinePtNum: 1
LinePtCoord: 723, 695
LinePtNum: 1
LinePtCoord: 5880, 649
plan_cnt: 4
xybounds: -9, 5, -5, 9
radarnums: 0  sidenums: 0
endpos_correct_flag: 0
real_obl: 0, 0
expand_obl: 0, 0
oblslot: 0.053, 1.208
oblslot: 0.053, 0.208
oblslot: 5.016, 0.208
oblslot: 4.965, -3.961
oblslot: 1.476, -3.858
oblslot: 1.476, -4.358
slot_type: 2
target_dir: 1
start: 3.1947, -1.2891, 3.1210
end: 1.5073, -0.7654, 3.2859
ID_FINISHED
