ID: bf252538cf41
# ATTACK_TYPE: goal_shift
LinePtNum: 3
LinePtCoord: 2333, 6000
LinePtCoord: 2314, 4231
LinePtCoord: 2616, 3742
LinePtNum: 2
LinePtCoord: 1880, 4373
LinePtCoord: 1848, 4176
LinePtNum: 3
LinePtCoord: 2045, 2558
LinePtCoord: 1942, 324
LinePtCoord: 1933, 300
LinePtNum: 3
LinePtCoord: 2223, -481
LinePtCoord: 3245, -1098
LinePtCoord: 3665, -1414
LinePtNum: 4
LinePtCoord: 5511, -2935
LinePtCoord: 5821, -3496
LinePtCoord: 4988, -3614
LinePtCoord: 2223, -2518
plan_cnt: 0
xybounds: -6, 3, -8, 8
radarnums: 0  sidenums: 0
endpos_correct_flag: 0
real_obl: 0, 0
expand_obl: 0, 0
oblslot: -0.100, 2.664
oblslot: -0.100, 0.664
oblslot: 1.924, 0.664
oblslot: 1.924, -8.764
oblslot: 0.200, -8.764
oblslot: 0.200, -10.764
slot_type: 1
target_dir: 0
start: 0.4681, -5.0080, 1.5708
end: -1.3394, -2.4075, 1.5736
ID_FINISHED
