ID: 5dd37cb86b1c
# ATTACK_TYPE: goal_shift
LinePtNum: 3
LinePtCoord: 1340, 4545
LinePtCoord: 1478, 3285
LinePtCoord: 2830, 3412
LinePtNum: 4
LinePtCoord: 1071, 3827
LinePtCoord: 1016, 655
LinePtCoord: 3875, 840
LinePtCoord: 4092, 543
LinePtNum: 5
LinePtCoord: 4426, -3340
LinePtCoord: 1555, -3213
LinePtCoord: 868, -3200
LinePtCoord: 566, -4072
LinePtCoord: 701, -4675
LinePtNum: 3
LinePtCoord: 3727, -7618
LinePtCoord: 1519, -8221
LinePtCoord: 2360, -10000
plan_cnt: 0
xybounds: -9, 5, -5, 9
radarnums: 0  sidenums: 0
endpos_correct_flag: 0
real_obl: 0, 0
expand_obl: 0, 0
oblslot: 0.200, 1.320
oblslot: 0.200, 0.320
oblslot: 4.960, 0.320
oblslot: 4.960, -2.455
oblslot: -0.017, -2.455
oblslot: -0.017, -2.955
slot_type: 2
target_dir: 0
start: 3.1970, -1.0675, 3.1416
end: -1.9614, -2.4987, 1.5678
ID_FINISHED
