ID: e6290b950d2a
# ATTACK_TYPE: goal_shift
LinePtNum: 2
LinePtCoord: -7918, -2151
LinePtCoord: -7918, -2151
LinePtNum: 2
LinePtCoord: 5538, 3631
LinePtCoord: 5538, 3631
LinePtNum: 3
LinePtCoord: 5619, -3929
LinePtCoord: 3133, -3871
LinePtCoord: 2805, -3945
LinePtNum: 4
LinePtCoord: 1889, -3611
LinePtCoord: 1346, -3825
LinePtCoord: 1646, -4507
LinePtCoord: 2068, -5039
LinePtNum: 2
LinePtCoord: -7313, -5398
LinePtCoord: -7313, -5398
plan_cnt: 1
xybounds: -9, 5, -5, 9
radarnums: 0  sidenums: 0
endpos_correct_flag: 0
real_obl: 0, 0
expand_obl: 0, 0
oblslot: 0.355, 1.318
oblslot: 0.355, 0.318
oblslot: 4.960, 0.318
oblslot: 4.960, -3.007
oblslot: -0.572, -3.007
oblslot: -0.572, -3.507
slot_type: 2
target_dir: 0
start: 3.6915, -1.2830, 3.0792
end: 1.1978, -0.7181, 3.1558
ID_FINISHED
