ID: b1b01225f768
# ATTACK_TYPE: goal_shift
LinePtNum: 4
LinePtCoord: 3052, 6000
LinePtCoord: 3043, 5210
LinePtCoord: 3828, 5330
LinePtCoord: 3851, 4413
LinePtNum: 2
LinePtCoord: 5260, 2567
LinePtCoord: 5484, 2077
LinePtNum: 3
LinePtCoord: 1048, -3586
LinePtCoord: 975, -4045
LinePtCoord: 1049, -4244
LinePtNum: 2
LinePtCoord: 5290, -8163
LinePtCoord: 5491, -9084
LinePtNum: 3
LinePtCoord: -4290, -7103
LinePtCoord: -4709, -6654
LinePtCoord: -4950, -6671
plan_cnt: 0
xybounds: -9, 5, -8, 9
radarnums: 0  sidenums: 0
endpos_correct_flag: 0
real_obl: 0, 0
expand_obl: 0, 0
oblslot: -1.000, 2.000
oblslot: -1.000, 1.000
oblslot: 4.960, 1.000
oblslot: 4.960, -2.750
oblslot: 0.200, -2.750
oblslot: 0.200, -3.250
slot_type: 2
target_dir: 0
start: 3.1970, -1.2740, 3.1416
end: -0.8230, -4.8321, 2.0697
ID_FINISHED
