ID: 1675f5671c24
# ATTACK_TYPE: goal_shift
LinePtNum: 2
LinePtCoord: -2946, 2808
LinePtCoord: -2218, 3550
LinePtNum: 2
LinePtCoord: -296, 2986
LinePtCoord: 110, 2461
LinePtNum: 6
LinePtCoord: -1255, 2907
LinePtCoord: -333, 608
LinePtCoord: 1363, 1188
LinePtCoord: 2927, 937
LinePtCoord: 5146, 2502
LinePtCoord: 5399, 2027
LinePtNum: 3
LinePtCoord: 1033, -3601
LinePtCoord: 925, -4128
LinePtCoord: 1089, -4306
LinePtNum: 2
LinePtCoord: 5025, -9471
LinePtCoord: 5181, -10000
LinePtNum: 3
LinePtCoord: -4322, -7065
LinePtCoord: -4604, -6595
LinePtCoord: -4794, -6559
plan_cnt: 0
xybounds: -11, 5, -8, 9
radarnums: 0  sidenums: 0
endpos_correct_flag: 0
real_obl: 0, 0
expand_obl: 0, 0
oblslot: -1.000, 1.200
oblslot: -1.000, 0.200
oblslot: 4.960, 0.200
oblslot: 4.960, -2.743
oblslot: 0.200, -2.743
oblslot: 0.200, -3.243
slot_type: 2
target_dir: 0
start: 3.1970, -1.2710, 3.1416
end: -0.4428, -5.2844, 2.1308
ID_FINISHED
