ID: ade9cb4edd73
# ATTACK_TYPE: goal_shift
LinePtNum: 3
LinePtCoord: -5979, 2832
LinePtCoord: -6122, 2528
LinePtCoord: -6328, 2323
LinePtNum: 3
LinePtCoord: -7529, -285
LinePtCoord: -7252, -526
LinePtCoord: -7603, -1091
LinePtNum: 3
LinePtCoord: -6974, -5829
LinePtCoord: -6119, -5232
LinePtCoord: -5937, -5562
LinePtNum: 3
LinePtCoord: 1636, -7336
LinePtCoord: 738, -4744
LinePtCoord: 1151, -4701
LinePtNum: 4
LinePtCoord: 573, -7607
LinePtCoord: 1007, -2627
LinePtCoord: 3444, -3238
LinePtCoord: 3799, -2803
LinePtNum: 3
LinePtCoord: 4721, 661
LinePtCoord: 2662, 1174
LinePtCoord: 1658, 680
LinePtNum: 4
LinePtCoord: 563, 975
LinePtCoord: 775, 1817
LinePtCoord: 5906, 4354
LinePtCoord: 5053, 4248
LinePtNum: 4
LinePtCoord: 3256, 3868
LinePtCoord: 232, 2652
LinePtCoord: -89, 2922
LinePtCoord: -95, 3187
plan_cnt: 3
xybounds: -9, 5, -5, 9
radarnums: 0  sidenums: 0
endpos_correct_flag: 0
real_obl: 0, 0
expand_obl: 0, 0
oblslot: 0.399, 1.265
oblslot: 0.399, 0.265
oblslot: 4.960, 0.265
oblslot: 4.960, -5.517
oblslot: 0.052, -5.517
oblslot: 0.052, -6.017
slot_type: 2
target_dir: 0
start: 3.6965, -1.1598, 3.1329
end: 0.0126, -0.4440, 2.8905
ID_FINISHED
